Start testing: Jan 31 22:20 +06
----------------------------------------------------------
1/11 Testing: incorrect_solution_tests
1/11 Test: incorrect_solution_tests
Command: "/Users/ittehad/Documents/Coding/Python/Turing/Tester_cpp_codebench/tasks/307577/build/incorrect_solution_tests"
Directory: /Users/ittehad/Documents/Coding/Python/Turing/Tester_cpp_codebench/tasks/307577/build
"incorrect_solution_tests" start time: Jan 31 22:20 +06
Output:
----------------------------------------------------------
[==========] Running 12 tests from 1 test suite.
[----------] Global test environment set-up.
[----------] 12 tests from MatrixTest
[ RUN      ] MatrixTest.MatrixMultiplication
[       OK ] MatrixTest.MatrixMultiplication (0 ms)
[ RUN      ] MatrixTest.Determinant2x2
[       OK ] MatrixTest.Determinant2x2 (0 ms)
[ RUN      ] MatrixTest.Determinant3x3
[       OK ] MatrixTest.Determinant3x3 (0 ms)
[ RUN      ] MatrixTest.DeterminantMatrixSizeMoreThan3
[       OK ] MatrixTest.DeterminantMatrixSizeMoreThan3 (0 ms)
[ RUN      ] MatrixTest.IncompatibleMultiplication
[       OK ] MatrixTest.IncompatibleMultiplication (0 ms)
[ RUN      ] MatrixTest.NonSquareMatrixDeterminant
[       OK ] MatrixTest.NonSquareMatrixDeterminant (0 ms)
[ RUN      ] MatrixTest.ZeroSizedMatrix
/Users/ittehad/Documents/Coding/Python/Turing/Tester_cpp_codebench/tasks/307577/test.cpp:98: Failure
Expected: Matrix(0, 0) throws an exception of type std::invalid_argument.
  Actual: it throws nothing.

[  FAILED  ] MatrixTest.ZeroSizedMatrix (0 ms)
[ RUN      ] MatrixTest.Determinant1x1
[       OK ] MatrixTest.Determinant1x1 (0 ms)
[ RUN      ] MatrixTest.LargeMatrixMultiplication
[       OK ] MatrixTest.LargeMatrixMultiplication (0 ms)
[ RUN      ] MatrixTest.MultiplicationOverflow
[       OK ] MatrixTest.MultiplicationOverflow (0 ms)
[ RUN      ] MatrixTest.DeterminantOverflow
[       OK ] MatrixTest.DeterminantOverflow (0 ms)
[ RUN      ] MatrixTest.Determinant4x4Overflow
[       OK ] MatrixTest.Determinant4x4Overflow (0 ms)
[----------] 12 tests from MatrixTest (0 ms total)

[----------] Global test environment tear-down
[==========] 12 tests from 1 test suite ran. (0 ms total)
[  PASSED  ] 11 tests.
[  FAILED  ] 1 test, listed below:
[  FAILED  ] MatrixTest.ZeroSizedMatrix

 1 FAILED TEST
<end of output>
Test time =   0.01 sec
----------------------------------------------------------
Test Failed.
"incorrect_solution_tests" end time: Jan 31 22:20 +06
"incorrect_solution_tests" time elapsed: 00:00:00
----------------------------------------------------------

2/11 Testing: model1_tests
2/11 Test: model1_tests
Command: "/Users/ittehad/Documents/Coding/Python/Turing/Tester_cpp_codebench/tasks/307577/build/model1_tests"
Directory: /Users/ittehad/Documents/Coding/Python/Turing/Tester_cpp_codebench/tasks/307577/build
"model1_tests" start time: Jan 31 22:20 +06
Output:
----------------------------------------------------------
[==========] Running 12 tests from 1 test suite.
[----------] Global test environment set-up.
[----------] 12 tests from MatrixTest
[ RUN      ] MatrixTest.MatrixMultiplication
[       OK ] MatrixTest.MatrixMultiplication (0 ms)
[ RUN      ] MatrixTest.Determinant2x2
[       OK ] MatrixTest.Determinant2x2 (0 ms)
[ RUN      ] MatrixTest.Determinant3x3
[       OK ] MatrixTest.Determinant3x3 (0 ms)
[ RUN      ] MatrixTest.DeterminantMatrixSizeMoreThan3
[       OK ] MatrixTest.DeterminantMatrixSizeMoreThan3 (0 ms)
[ RUN      ] MatrixTest.IncompatibleMultiplication
[       OK ] MatrixTest.IncompatibleMultiplication (0 ms)
[ RUN      ] MatrixTest.NonSquareMatrixDeterminant
[       OK ] MatrixTest.NonSquareMatrixDeterminant (0 ms)
[ RUN      ] MatrixTest.ZeroSizedMatrix
[       OK ] MatrixTest.ZeroSizedMatrix (0 ms)
[ RUN      ] MatrixTest.Determinant1x1
[       OK ] MatrixTest.Determinant1x1 (0 ms)
[ RUN      ] MatrixTest.LargeMatrixMultiplication
[       OK ] MatrixTest.LargeMatrixMultiplication (0 ms)
[ RUN      ] MatrixTest.MultiplicationOverflow
[       OK ] MatrixTest.MultiplicationOverflow (0 ms)
[ RUN      ] MatrixTest.DeterminantOverflow
[       OK ] MatrixTest.DeterminantOverflow (0 ms)
[ RUN      ] MatrixTest.Determinant4x4Overflow
[       OK ] MatrixTest.Determinant4x4Overflow (0 ms)
[----------] 12 tests from MatrixTest (0 ms total)

[----------] Global test environment tear-down
[==========] 12 tests from 1 test suite ran. (0 ms total)
[  PASSED  ] 12 tests.
<end of output>
Test time =   0.01 sec
----------------------------------------------------------
Test Passed.
"model1_tests" end time: Jan 31 22:20 +06
"model1_tests" time elapsed: 00:00:00
----------------------------------------------------------

3/11 Testing: model10_tests
3/11 Test: model10_tests
Command: "/Users/ittehad/Documents/Coding/Python/Turing/Tester_cpp_codebench/tasks/307577/build/model10_tests"
Directory: /Users/ittehad/Documents/Coding/Python/Turing/Tester_cpp_codebench/tasks/307577/build
"model10_tests" start time: Jan 31 22:20 +06
Output:
----------------------------------------------------------
[==========] Running 12 tests from 1 test suite.
[----------] Global test environment set-up.
[----------] 12 tests from MatrixTest
[ RUN      ] MatrixTest.MatrixMultiplication
[       OK ] MatrixTest.MatrixMultiplication (0 ms)
[ RUN      ] MatrixTest.Determinant2x2
[       OK ] MatrixTest.Determinant2x2 (0 ms)
[ RUN      ] MatrixTest.Determinant3x3
[       OK ] MatrixTest.Determinant3x3 (0 ms)
[ RUN      ] MatrixTest.DeterminantMatrixSizeMoreThan3
[       OK ] MatrixTest.DeterminantMatrixSizeMoreThan3 (0 ms)
[ RUN      ] MatrixTest.IncompatibleMultiplication
[       OK ] MatrixTest.IncompatibleMultiplication (0 ms)
[ RUN      ] MatrixTest.NonSquareMatrixDeterminant
[       OK ] MatrixTest.NonSquareMatrixDeterminant (0 ms)
[ RUN      ] MatrixTest.ZeroSizedMatrix
[       OK ] MatrixTest.ZeroSizedMatrix (0 ms)
[ RUN      ] MatrixTest.Determinant1x1
[       OK ] MatrixTest.Determinant1x1 (0 ms)
[ RUN      ] MatrixTest.LargeMatrixMultiplication
[       OK ] MatrixTest.LargeMatrixMultiplication (0 ms)
[ RUN      ] MatrixTest.MultiplicationOverflow
[       OK ] MatrixTest.MultiplicationOverflow (0 ms)
[ RUN      ] MatrixTest.DeterminantOverflow
[       OK ] MatrixTest.DeterminantOverflow (0 ms)
[ RUN      ] MatrixTest.Determinant4x4Overflow
[       OK ] MatrixTest.Determinant4x4Overflow (0 ms)
[----------] 12 tests from MatrixTest (0 ms total)

[----------] Global test environment tear-down
[==========] 12 tests from 1 test suite ran. (0 ms total)
[  PASSED  ] 12 tests.
<end of output>
Test time =   0.01 sec
----------------------------------------------------------
Test Passed.
"model10_tests" end time: Jan 31 22:20 +06
"model10_tests" time elapsed: 00:00:00
----------------------------------------------------------

4/11 Testing: model2_tests
4/11 Test: model2_tests
Command: "/Users/ittehad/Documents/Coding/Python/Turing/Tester_cpp_codebench/tasks/307577/build/model2_tests"
Directory: /Users/ittehad/Documents/Coding/Python/Turing/Tester_cpp_codebench/tasks/307577/build
"model2_tests" start time: Jan 31 22:20 +06
Output:
----------------------------------------------------------
[==========] Running 12 tests from 1 test suite.
[----------] Global test environment set-up.
[----------] 12 tests from MatrixTest
[ RUN      ] MatrixTest.MatrixMultiplication
[       OK ] MatrixTest.MatrixMultiplication (0 ms)
[ RUN      ] MatrixTest.Determinant2x2
[       OK ] MatrixTest.Determinant2x2 (0 ms)
[ RUN      ] MatrixTest.Determinant3x3
[       OK ] MatrixTest.Determinant3x3 (0 ms)
[ RUN      ] MatrixTest.DeterminantMatrixSizeMoreThan3
[       OK ] MatrixTest.DeterminantMatrixSizeMoreThan3 (0 ms)
[ RUN      ] MatrixTest.IncompatibleMultiplication
[       OK ] MatrixTest.IncompatibleMultiplication (0 ms)
[ RUN      ] MatrixTest.NonSquareMatrixDeterminant
[       OK ] MatrixTest.NonSquareMatrixDeterminant (0 ms)
[ RUN      ] MatrixTest.ZeroSizedMatrix
[       OK ] MatrixTest.ZeroSizedMatrix (0 ms)
[ RUN      ] MatrixTest.Determinant1x1
[       OK ] MatrixTest.Determinant1x1 (0 ms)
[ RUN      ] MatrixTest.LargeMatrixMultiplication
[       OK ] MatrixTest.LargeMatrixMultiplication (0 ms)
[ RUN      ] MatrixTest.MultiplicationOverflow
[       OK ] MatrixTest.MultiplicationOverflow (0 ms)
[ RUN      ] MatrixTest.DeterminantOverflow
[       OK ] MatrixTest.DeterminantOverflow (0 ms)
[ RUN      ] MatrixTest.Determinant4x4Overflow
[       OK ] MatrixTest.Determinant4x4Overflow (0 ms)
[----------] 12 tests from MatrixTest (0 ms total)

[----------] Global test environment tear-down
[==========] 12 tests from 1 test suite ran. (0 ms total)
[  PASSED  ] 12 tests.
<end of output>
Test time =   0.01 sec
----------------------------------------------------------
Test Passed.
"model2_tests" end time: Jan 31 22:20 +06
"model2_tests" time elapsed: 00:00:00
----------------------------------------------------------

Unable to find executable: /Users/ittehad/Documents/Coding/Python/Turing/Tester_cpp_codebench/tasks/307577/build/model3_tests
5/11 Testing: model3_tests
5/11 Test: model3_tests
Command: ""
Directory: /Users/ittehad/Documents/Coding/Python/Turing/Tester_cpp_codebench/tasks/307577/build
"model3_tests" start time: 
Output:
----------------------------------------------------------
<end of output>
Test time =   0.00 sec
----------------------------------------------------------
Test Passed.
"model3_tests" end time: Jan 31 22:20 +06
"model3_tests" time elapsed: 00:00:00
----------------------------------------------------------

6/11 Testing: model4_tests
6/11 Test: model4_tests
Command: "/Users/ittehad/Documents/Coding/Python/Turing/Tester_cpp_codebench/tasks/307577/build/model4_tests"
Directory: /Users/ittehad/Documents/Coding/Python/Turing/Tester_cpp_codebench/tasks/307577/build
"model4_tests" start time: Jan 31 22:20 +06
Output:
----------------------------------------------------------
[==========] Running 12 tests from 1 test suite.
[----------] Global test environment set-up.
[----------] 12 tests from MatrixTest
[ RUN      ] MatrixTest.MatrixMultiplication
unknown file: Failure
C++ exception with description "Integer overflow in addition" thrown in the test body.

[  FAILED  ] MatrixTest.MatrixMultiplication (0 ms)
[ RUN      ] MatrixTest.Determinant2x2
[       OK ] MatrixTest.Determinant2x2 (0 ms)
[ RUN      ] MatrixTest.Determinant3x3
[       OK ] MatrixTest.Determinant3x3 (0 ms)
[ RUN      ] MatrixTest.DeterminantMatrixSizeMoreThan3
[       OK ] MatrixTest.DeterminantMatrixSizeMoreThan3 (0 ms)
[ RUN      ] MatrixTest.IncompatibleMultiplication
[       OK ] MatrixTest.IncompatibleMultiplication (0 ms)
[ RUN      ] MatrixTest.NonSquareMatrixDeterminant
[       OK ] MatrixTest.NonSquareMatrixDeterminant (0 ms)
[ RUN      ] MatrixTest.ZeroSizedMatrix
[       OK ] MatrixTest.ZeroSizedMatrix (0 ms)
[ RUN      ] MatrixTest.Determinant1x1
[       OK ] MatrixTest.Determinant1x1 (0 ms)
[ RUN      ] MatrixTest.LargeMatrixMultiplication
[       OK ] MatrixTest.LargeMatrixMultiplication (0 ms)
[ RUN      ] MatrixTest.MultiplicationOverflow
[       OK ] MatrixTest.MultiplicationOverflow (0 ms)
[ RUN      ] MatrixTest.DeterminantOverflow
[       OK ] MatrixTest.DeterminantOverflow (0 ms)
[ RUN      ] MatrixTest.Determinant4x4Overflow
[       OK ] MatrixTest.Determinant4x4Overflow (0 ms)
[----------] 12 tests from MatrixTest (0 ms total)

[----------] Global test environment tear-down
[==========] 12 tests from 1 test suite ran. (0 ms total)
[  PASSED  ] 11 tests.
[  FAILED  ] 1 test, listed below:
[  FAILED  ] MatrixTest.MatrixMultiplication

 1 FAILED TEST
<end of output>
Test time =   0.00 sec
----------------------------------------------------------
Test Failed.
"model4_tests" end time: Jan 31 22:20 +06
"model4_tests" time elapsed: 00:00:00
----------------------------------------------------------

7/11 Testing: model5_tests
7/11 Test: model5_tests
Command: "/Users/ittehad/Documents/Coding/Python/Turing/Tester_cpp_codebench/tasks/307577/build/model5_tests"
Directory: /Users/ittehad/Documents/Coding/Python/Turing/Tester_cpp_codebench/tasks/307577/build
"model5_tests" start time: Jan 31 22:20 +06
Output:
----------------------------------------------------------
[==========] Running 12 tests from 1 test suite.
[----------] Global test environment set-up.
[----------] 12 tests from MatrixTest
[ RUN      ] MatrixTest.MatrixMultiplication
[       OK ] MatrixTest.MatrixMultiplication (0 ms)
[ RUN      ] MatrixTest.Determinant2x2
[       OK ] MatrixTest.Determinant2x2 (0 ms)
[ RUN      ] MatrixTest.Determinant3x3
[       OK ] MatrixTest.Determinant3x3 (0 ms)
[ RUN      ] MatrixTest.DeterminantMatrixSizeMoreThan3
[       OK ] MatrixTest.DeterminantMatrixSizeMoreThan3 (0 ms)
[ RUN      ] MatrixTest.IncompatibleMultiplication
[       OK ] MatrixTest.IncompatibleMultiplication (0 ms)
[ RUN      ] MatrixTest.NonSquareMatrixDeterminant
[       OK ] MatrixTest.NonSquareMatrixDeterminant (0 ms)
[ RUN      ] MatrixTest.ZeroSizedMatrix
[       OK ] MatrixTest.ZeroSizedMatrix (0 ms)
[ RUN      ] MatrixTest.Determinant1x1
[       OK ] MatrixTest.Determinant1x1 (0 ms)
[ RUN      ] MatrixTest.LargeMatrixMultiplication
[       OK ] MatrixTest.LargeMatrixMultiplication (0 ms)
[ RUN      ] MatrixTest.MultiplicationOverflow
[       OK ] MatrixTest.MultiplicationOverflow (0 ms)
[ RUN      ] MatrixTest.DeterminantOverflow
[       OK ] MatrixTest.DeterminantOverflow (0 ms)
[ RUN      ] MatrixTest.Determinant4x4Overflow
[       OK ] MatrixTest.Determinant4x4Overflow (0 ms)
[----------] 12 tests from MatrixTest (0 ms total)

[----------] Global test environment tear-down
[==========] 12 tests from 1 test suite ran. (0 ms total)
[  PASSED  ] 12 tests.
<end of output>
Test time =   0.00 sec
----------------------------------------------------------
Test Passed.
"model5_tests" end time: Jan 31 22:20 +06
"model5_tests" time elapsed: 00:00:00
----------------------------------------------------------

8/11 Testing: model6_tests
8/11 Test: model6_tests
Command: "/Users/ittehad/Documents/Coding/Python/Turing/Tester_cpp_codebench/tasks/307577/build/model6_tests"
Directory: /Users/ittehad/Documents/Coding/Python/Turing/Tester_cpp_codebench/tasks/307577/build
"model6_tests" start time: Jan 31 22:20 +06
Output:
----------------------------------------------------------
[==========] Running 12 tests from 1 test suite.
[----------] Global test environment set-up.
[----------] 12 tests from MatrixTest
[ RUN      ] MatrixTest.MatrixMultiplication
[       OK ] MatrixTest.MatrixMultiplication (0 ms)
[ RUN      ] MatrixTest.Determinant2x2
[       OK ] MatrixTest.Determinant2x2 (0 ms)
[ RUN      ] MatrixTest.Determinant3x3
[       OK ] MatrixTest.Determinant3x3 (0 ms)
[ RUN      ] MatrixTest.DeterminantMatrixSizeMoreThan3
/Users/ittehad/Documents/Coding/Python/Turing/Tester_cpp_codebench/tasks/307577/test.cpp:80: Failure
Expected equality of these values:
  mat.determinant()
    Which is: 3640
  0

[  FAILED  ] MatrixTest.DeterminantMatrixSizeMoreThan3 (0 ms)
[ RUN      ] MatrixTest.IncompatibleMultiplication
[       OK ] MatrixTest.IncompatibleMultiplication (0 ms)
[ RUN      ] MatrixTest.NonSquareMatrixDeterminant
[       OK ] MatrixTest.NonSquareMatrixDeterminant (0 ms)
[ RUN      ] MatrixTest.ZeroSizedMatrix
[       OK ] MatrixTest.ZeroSizedMatrix (0 ms)
[ RUN      ] MatrixTest.Determinant1x1
[       OK ] MatrixTest.Determinant1x1 (0 ms)
[ RUN      ] MatrixTest.LargeMatrixMultiplication
[       OK ] MatrixTest.LargeMatrixMultiplication (0 ms)
[ RUN      ] MatrixTest.MultiplicationOverflow
/Users/ittehad/Documents/Coding/Python/Turing/Tester_cpp_codebench/tasks/307577/test.cpp:128: Failure
Expected: mat1.multiply(mat2) throws an exception of type std::overflow_error.
  Actual: it throws nothing.

[  FAILED  ] MatrixTest.MultiplicationOverflow (0 ms)
[ RUN      ] MatrixTest.DeterminantOverflow
/Users/ittehad/Documents/Coding/Python/Turing/Tester_cpp_codebench/tasks/307577/test.cpp:143: Failure
Expected: mat.determinant() throws an exception of type std::overflow_error.
  Actual: it throws nothing.

[  FAILED  ] MatrixTest.DeterminantOverflow (0 ms)
[ RUN      ] MatrixTest.Determinant4x4Overflow
/Users/ittehad/Documents/Coding/Python/Turing/Tester_cpp_codebench/tasks/307577/test.cpp:170: Failure
Expected: mat.determinant() throws an exception of type std::overflow_error.
  Actual: it throws nothing.

[  FAILED  ] MatrixTest.Determinant4x4Overflow (0 ms)
[----------] 12 tests from MatrixTest (0 ms total)

[----------] Global test environment tear-down
[==========] 12 tests from 1 test suite ran. (0 ms total)
[  PASSED  ] 8 tests.
[  FAILED  ] 4 tests, listed below:
[  FAILED  ] MatrixTest.DeterminantMatrixSizeMoreThan3
[  FAILED  ] MatrixTest.MultiplicationOverflow
[  FAILED  ] MatrixTest.DeterminantOverflow
[  FAILED  ] MatrixTest.Determinant4x4Overflow

 4 FAILED TESTS
<end of output>
Test time =   0.00 sec
----------------------------------------------------------
Test Failed.
"model6_tests" end time: Jan 31 22:20 +06
"model6_tests" time elapsed: 00:00:00
----------------------------------------------------------

9/11 Testing: model7_tests
9/11 Test: model7_tests
Command: "/Users/ittehad/Documents/Coding/Python/Turing/Tester_cpp_codebench/tasks/307577/build/model7_tests"
Directory: /Users/ittehad/Documents/Coding/Python/Turing/Tester_cpp_codebench/tasks/307577/build
"model7_tests" start time: Jan 31 22:20 +06
Output:
----------------------------------------------------------
[==========] Running 12 tests from 1 test suite.
[----------] Global test environment set-up.
[----------] 12 tests from MatrixTest
[ RUN      ] MatrixTest.MatrixMultiplication
[       OK ] MatrixTest.MatrixMultiplication (0 ms)
[ RUN      ] MatrixTest.Determinant2x2
[       OK ] MatrixTest.Determinant2x2 (0 ms)
[ RUN      ] MatrixTest.Determinant3x3
[       OK ] MatrixTest.Determinant3x3 (0 ms)
[ RUN      ] MatrixTest.DeterminantMatrixSizeMoreThan3
[       OK ] MatrixTest.DeterminantMatrixSizeMoreThan3 (0 ms)
[ RUN      ] MatrixTest.IncompatibleMultiplication
[       OK ] MatrixTest.IncompatibleMultiplication (0 ms)
[ RUN      ] MatrixTest.NonSquareMatrixDeterminant
[       OK ] MatrixTest.NonSquareMatrixDeterminant (0 ms)
[ RUN      ] MatrixTest.ZeroSizedMatrix
[       OK ] MatrixTest.ZeroSizedMatrix (0 ms)
[ RUN      ] MatrixTest.Determinant1x1
[       OK ] MatrixTest.Determinant1x1 (0 ms)
[ RUN      ] MatrixTest.LargeMatrixMultiplication
[       OK ] MatrixTest.LargeMatrixMultiplication (0 ms)
[ RUN      ] MatrixTest.MultiplicationOverflow
[       OK ] MatrixTest.MultiplicationOverflow (0 ms)
[ RUN      ] MatrixTest.DeterminantOverflow
/Users/ittehad/Documents/Coding/Python/Turing/Tester_cpp_codebench/tasks/307577/test.cpp:143: Failure
Expected: mat.determinant() throws an exception of type std::overflow_error.
  Actual: it throws nothing.

[  FAILED  ] MatrixTest.DeterminantOverflow (0 ms)
[ RUN      ] MatrixTest.Determinant4x4Overflow
/Users/ittehad/Documents/Coding/Python/Turing/Tester_cpp_codebench/tasks/307577/test.cpp:170: Failure
Expected: mat.determinant() throws an exception of type std::overflow_error.
  Actual: it throws nothing.

[  FAILED  ] MatrixTest.Determinant4x4Overflow (0 ms)
[----------] 12 tests from MatrixTest (0 ms total)

[----------] Global test environment tear-down
[==========] 12 tests from 1 test suite ran. (0 ms total)
[  PASSED  ] 10 tests.
[  FAILED  ] 2 tests, listed below:
[  FAILED  ] MatrixTest.DeterminantOverflow
[  FAILED  ] MatrixTest.Determinant4x4Overflow

 2 FAILED TESTS
<end of output>
Test time =   0.00 sec
----------------------------------------------------------
Test Failed.
"model7_tests" end time: Jan 31 22:20 +06
"model7_tests" time elapsed: 00:00:00
----------------------------------------------------------

10/11 Testing: model8_tests
10/11 Test: model8_tests
Command: "/Users/ittehad/Documents/Coding/Python/Turing/Tester_cpp_codebench/tasks/307577/build/model8_tests"
Directory: /Users/ittehad/Documents/Coding/Python/Turing/Tester_cpp_codebench/tasks/307577/build
"model8_tests" start time: Jan 31 22:20 +06
Output:
----------------------------------------------------------
[==========] Running 12 tests from 1 test suite.
[----------] Global test environment set-up.
[----------] 12 tests from MatrixTest
[ RUN      ] MatrixTest.MatrixMultiplication
[       OK ] MatrixTest.MatrixMultiplication (0 ms)
[ RUN      ] MatrixTest.Determinant2x2
[       OK ] MatrixTest.Determinant2x2 (0 ms)
[ RUN      ] MatrixTest.Determinant3x3
[       OK ] MatrixTest.Determinant3x3 (0 ms)
[ RUN      ] MatrixTest.DeterminantMatrixSizeMoreThan3
/Users/ittehad/Documents/Coding/Python/Turing/Tester_cpp_codebench/tasks/307577/test.cpp:80: Failure
Expected equality of these values:
  mat.determinant()
    Which is: 3640
  0

[  FAILED  ] MatrixTest.DeterminantMatrixSizeMoreThan3 (0 ms)
[ RUN      ] MatrixTest.IncompatibleMultiplication
[       OK ] MatrixTest.IncompatibleMultiplication (0 ms)
[ RUN      ] MatrixTest.NonSquareMatrixDeterminant
[       OK ] MatrixTest.NonSquareMatrixDeterminant (0 ms)
[ RUN      ] MatrixTest.ZeroSizedMatrix
[       OK ] MatrixTest.ZeroSizedMatrix (0 ms)
[ RUN      ] MatrixTest.Determinant1x1
[       OK ] MatrixTest.Determinant1x1 (0 ms)
[ RUN      ] MatrixTest.LargeMatrixMultiplication
[       OK ] MatrixTest.LargeMatrixMultiplication (0 ms)
[ RUN      ] MatrixTest.MultiplicationOverflow
[       OK ] MatrixTest.MultiplicationOverflow (0 ms)
[ RUN      ] MatrixTest.DeterminantOverflow
/Users/ittehad/Documents/Coding/Python/Turing/Tester_cpp_codebench/tasks/307577/test.cpp:143: Failure
Expected: mat.determinant() throws an exception of type std::overflow_error.
  Actual: it throws nothing.

[  FAILED  ] MatrixTest.DeterminantOverflow (0 ms)
[ RUN      ] MatrixTest.Determinant4x4Overflow
/Users/ittehad/Documents/Coding/Python/Turing/Tester_cpp_codebench/tasks/307577/test.cpp:170: Failure
Expected: mat.determinant() throws an exception of type std::overflow_error.
  Actual: it throws nothing.

[  FAILED  ] MatrixTest.Determinant4x4Overflow (0 ms)
[----------] 12 tests from MatrixTest (0 ms total)

[----------] Global test environment tear-down
[==========] 12 tests from 1 test suite ran. (0 ms total)
[  PASSED  ] 9 tests.
[  FAILED  ] 3 tests, listed below:
[  FAILED  ] MatrixTest.DeterminantMatrixSizeMoreThan3
[  FAILED  ] MatrixTest.DeterminantOverflow
[  FAILED  ] MatrixTest.Determinant4x4Overflow

 3 FAILED TESTS
<end of output>
Test time =   0.00 sec
----------------------------------------------------------
Test Failed.
"model8_tests" end time: Jan 31 22:20 +06
"model8_tests" time elapsed: 00:00:00
----------------------------------------------------------

Unable to find executable: /Users/ittehad/Documents/Coding/Python/Turing/Tester_cpp_codebench/tasks/307577/build/model9_tests
11/11 Testing: model9_tests
11/11 Test: model9_tests
Command: ""
Directory: /Users/ittehad/Documents/Coding/Python/Turing/Tester_cpp_codebench/tasks/307577/build
"model9_tests" start time: 
Output:
----------------------------------------------------------
<end of output>
Test time =   0.00 sec
----------------------------------------------------------
Test Passed.
"model9_tests" end time: Jan 31 22:20 +06
"model9_tests" time elapsed: 00:00:00
----------------------------------------------------------

End testing: Jan 31 22:20 +06
