Start testing: Jan 31 22:25 +06
----------------------------------------------------------
1/11 Testing: incorrect_solution_tests
1/11 Test: incorrect_solution_tests
Command: "/Users/ittehad/Documents/Coding/Python/Turing/Tester_cpp_codebench/tasks/473688/build/incorrect_solution_tests"
Directory: /Users/ittehad/Documents/Coding/Python/Turing/Tester_cpp_codebench/tasks/473688/build
"incorrect_solution_tests" start time: Jan 31 22:25 +06
Output:
----------------------------------------------------------
Running main() from /Users/ittehad/Documents/Coding/Python/Turing/Tester_cpp_codebench/tasks/473688/build/_deps/googletest-src/googletest/src/gtest_main.cc
[==========] Running 7 tests from 1 test suite.
[----------] Global test environment set-up.
[----------] 7 tests from CacheBufferTest
[ RUN      ] CacheBufferTest.BasicOperations
[       OK ] CacheBufferTest.BasicOperations (0 ms)
[ RUN      ] CacheBufferTest.EvictionPolicy
[       OK ] CacheBufferTest.EvictionPolicy (0 ms)
[ RUN      ] CacheBufferTest.DuplicateKeyHandling
[       OK ] CacheBufferTest.DuplicateKeyHandling (0 ms)
[ RUN      ] CacheBufferTest.BufferUnderLoad
[       OK ] CacheBufferTest.BufferUnderLoad (1 ms)
[ RUN      ] CacheBufferTest.MergeBuffers
[       OK ] CacheBufferTest.MergeBuffers (0 ms)
[ RUN      ] CacheBufferTest.BackupAndRestore
/Users/ittehad/Documents/Coding/Python/Turing/Tester_cpp_codebench/tasks/473688/test.cpp:104: Failure
Expected equality of these values:
  "one"
  buffer.get(1)
    Which is: "two"

/Users/ittehad/Documents/Coding/Python/Turing/Tester_cpp_codebench/tasks/473688/test.cpp:105: Failure
Expected equality of these values:
  "two"
  buffer.get(2)
    Which is: ""

unknown file: Failure
C++ exception with description "No backup data available" thrown in the test body.

[  FAILED  ] CacheBufferTest.BackupAndRestore (0 ms)
[ RUN      ] CacheBufferTest.RestoreWithoutBackup
[       OK ] CacheBufferTest.RestoreWithoutBackup (0 ms)
[----------] 7 tests from CacheBufferTest (2 ms total)

[----------] Global test environment tear-down
[==========] 7 tests from 1 test suite ran. (2 ms total)
[  PASSED  ] 6 tests.
[  FAILED  ] 1 test, listed below:
[  FAILED  ] CacheBufferTest.BackupAndRestore

 1 FAILED TEST
<end of output>
Test time =   0.01 sec
----------------------------------------------------------
Test Failed.
"incorrect_solution_tests" end time: Jan 31 22:25 +06
"incorrect_solution_tests" time elapsed: 00:00:00
----------------------------------------------------------

2/11 Testing: model1_tests
2/11 Test: model1_tests
Command: "/Users/ittehad/Documents/Coding/Python/Turing/Tester_cpp_codebench/tasks/473688/build/model1_tests"
Directory: /Users/ittehad/Documents/Coding/Python/Turing/Tester_cpp_codebench/tasks/473688/build
"model1_tests" start time: Jan 31 22:25 +06
Output:
----------------------------------------------------------
Running main() from /Users/ittehad/Documents/Coding/Python/Turing/Tester_cpp_codebench/tasks/473688/build/_deps/googletest-src/googletest/src/gtest_main.cc
[==========] Running 7 tests from 1 test suite.
[----------] Global test environment set-up.
[----------] 7 tests from CacheBufferTest
[ RUN      ] CacheBufferTest.BasicOperations
[       OK ] CacheBufferTest.BasicOperations (0 ms)
[ RUN      ] CacheBufferTest.EvictionPolicy
[       OK ] CacheBufferTest.EvictionPolicy (0 ms)
[ RUN      ] CacheBufferTest.DuplicateKeyHandling
[       OK ] CacheBufferTest.DuplicateKeyHandling (0 ms)
[ RUN      ] CacheBufferTest.BufferUnderLoad
[       OK ] CacheBufferTest.BufferUnderLoad (1 ms)
[ RUN      ] CacheBufferTest.MergeBuffers
[       OK ] CacheBufferTest.MergeBuffers (0 ms)
[ RUN      ] CacheBufferTest.BackupAndRestore
[       OK ] CacheBufferTest.BackupAndRestore (0 ms)
[ RUN      ] CacheBufferTest.RestoreWithoutBackup
[       OK ] CacheBufferTest.RestoreWithoutBackup (0 ms)
[----------] 7 tests from CacheBufferTest (1 ms total)

[----------] Global test environment tear-down
[==========] 7 tests from 1 test suite ran. (1 ms total)
[  PASSED  ] 7 tests.
<end of output>
Test time =   0.01 sec
----------------------------------------------------------
Test Passed.
"model1_tests" end time: Jan 31 22:25 +06
"model1_tests" time elapsed: 00:00:00
----------------------------------------------------------

3/11 Testing: model10_tests
3/11 Test: model10_tests
Command: "/Users/ittehad/Documents/Coding/Python/Turing/Tester_cpp_codebench/tasks/473688/build/model10_tests"
Directory: /Users/ittehad/Documents/Coding/Python/Turing/Tester_cpp_codebench/tasks/473688/build
"model10_tests" start time: Jan 31 22:25 +06
Output:
----------------------------------------------------------
Running main() from /Users/ittehad/Documents/Coding/Python/Turing/Tester_cpp_codebench/tasks/473688/build/_deps/googletest-src/googletest/src/gtest_main.cc
[==========] Running 7 tests from 1 test suite.
[----------] Global test environment set-up.
[----------] 7 tests from CacheBufferTest
[ RUN      ] CacheBufferTest.BasicOperations
[       OK ] CacheBufferTest.BasicOperations (0 ms)
[ RUN      ] CacheBufferTest.EvictionPolicy
[       OK ] CacheBufferTest.EvictionPolicy (0 ms)
[ RUN      ] CacheBufferTest.DuplicateKeyHandling
[       OK ] CacheBufferTest.DuplicateKeyHandling (0 ms)
[ RUN      ] CacheBufferTest.BufferUnderLoad
[       OK ] CacheBufferTest.BufferUnderLoad (1 ms)
[ RUN      ] CacheBufferTest.MergeBuffers
[       OK ] CacheBufferTest.MergeBuffers (0 ms)
[ RUN      ] CacheBufferTest.BackupAndRestore
/Users/ittehad/Documents/Coding/Python/Turing/Tester_cpp_codebench/tasks/473688/test.cpp:104: Failure
Expected equality of these values:
  "one"
  buffer.get(1)
    Which is: "two"

/Users/ittehad/Documents/Coding/Python/Turing/Tester_cpp_codebench/tasks/473688/test.cpp:105: Failure
Expected equality of these values:
  "two"
  buffer.get(2)
    Which is: ""

unknown file: Failure
C++ exception with description "No backup data available" thrown in the test body.

[  FAILED  ] CacheBufferTest.BackupAndRestore (0 ms)
[ RUN      ] CacheBufferTest.RestoreWithoutBackup
[       OK ] CacheBufferTest.RestoreWithoutBackup (0 ms)
[----------] 7 tests from CacheBufferTest (1 ms total)

[----------] Global test environment tear-down
[==========] 7 tests from 1 test suite ran. (1 ms total)
[  PASSED  ] 6 tests.
[  FAILED  ] 1 test, listed below:
[  FAILED  ] CacheBufferTest.BackupAndRestore

 1 FAILED TEST
<end of output>
Test time =   0.01 sec
----------------------------------------------------------
Test Failed.
"model10_tests" end time: Jan 31 22:25 +06
"model10_tests" time elapsed: 00:00:00
----------------------------------------------------------

4/11 Testing: model2_tests
4/11 Test: model2_tests
Command: "/Users/ittehad/Documents/Coding/Python/Turing/Tester_cpp_codebench/tasks/473688/build/model2_tests"
Directory: /Users/ittehad/Documents/Coding/Python/Turing/Tester_cpp_codebench/tasks/473688/build
"model2_tests" start time: Jan 31 22:25 +06
Output:
----------------------------------------------------------
Running main() from /Users/ittehad/Documents/Coding/Python/Turing/Tester_cpp_codebench/tasks/473688/build/_deps/googletest-src/googletest/src/gtest_main.cc
[==========] Running 7 tests from 1 test suite.
[----------] Global test environment set-up.
[----------] 7 tests from CacheBufferTest
[ RUN      ] CacheBufferTest.BasicOperations
[       OK ] CacheBufferTest.BasicOperations (0 ms)
[ RUN      ] CacheBufferTest.EvictionPolicy
[       OK ] CacheBufferTest.EvictionPolicy (0 ms)
[ RUN      ] CacheBufferTest.DuplicateKeyHandling
[       OK ] CacheBufferTest.DuplicateKeyHandling (0 ms)
[ RUN      ] CacheBufferTest.BufferUnderLoad
[       OK ] CacheBufferTest.BufferUnderLoad (1 ms)
[ RUN      ] CacheBufferTest.MergeBuffers
[       OK ] CacheBufferTest.MergeBuffers (0 ms)
[ RUN      ] CacheBufferTest.BackupAndRestore
[       OK ] CacheBufferTest.BackupAndRestore (0 ms)
[ RUN      ] CacheBufferTest.RestoreWithoutBackup
[       OK ] CacheBufferTest.RestoreWithoutBackup (0 ms)
[----------] 7 tests from CacheBufferTest (1 ms total)

[----------] Global test environment tear-down
[==========] 7 tests from 1 test suite ran. (1 ms total)
[  PASSED  ] 7 tests.
<end of output>
Test time =   0.01 sec
----------------------------------------------------------
Test Passed.
"model2_tests" end time: Jan 31 22:25 +06
"model2_tests" time elapsed: 00:00:00
----------------------------------------------------------

5/11 Testing: model3_tests
5/11 Test: model3_tests
Command: "/Users/ittehad/Documents/Coding/Python/Turing/Tester_cpp_codebench/tasks/473688/build/model3_tests"
Directory: /Users/ittehad/Documents/Coding/Python/Turing/Tester_cpp_codebench/tasks/473688/build
"model3_tests" start time: Jan 31 22:25 +06
Output:
----------------------------------------------------------
Running main() from /Users/ittehad/Documents/Coding/Python/Turing/Tester_cpp_codebench/tasks/473688/build/_deps/googletest-src/googletest/src/gtest_main.cc
[==========] Running 7 tests from 1 test suite.
[----------] Global test environment set-up.
[----------] 7 tests from CacheBufferTest
[ RUN      ] CacheBufferTest.BasicOperations
[       OK ] CacheBufferTest.BasicOperations (0 ms)
[ RUN      ] CacheBufferTest.EvictionPolicy
[       OK ] CacheBufferTest.EvictionPolicy (0 ms)
[ RUN      ] CacheBufferTest.DuplicateKeyHandling
[       OK ] CacheBufferTest.DuplicateKeyHandling (0 ms)
[ RUN      ] CacheBufferTest.BufferUnderLoad
[       OK ] CacheBufferTest.BufferUnderLoad (1 ms)
[ RUN      ] CacheBufferTest.MergeBuffers
[       OK ] CacheBufferTest.MergeBuffers (0 ms)
[ RUN      ] CacheBufferTest.BackupAndRestore
[       OK ] CacheBufferTest.BackupAndRestore (0 ms)
[ RUN      ] CacheBufferTest.RestoreWithoutBackup
[       OK ] CacheBufferTest.RestoreWithoutBackup (0 ms)
[----------] 7 tests from CacheBufferTest (1 ms total)

[----------] Global test environment tear-down
[==========] 7 tests from 1 test suite ran. (1 ms total)
[  PASSED  ] 7 tests.
<end of output>
Test time =   0.01 sec
----------------------------------------------------------
Test Passed.
"model3_tests" end time: Jan 31 22:25 +06
"model3_tests" time elapsed: 00:00:00
----------------------------------------------------------

6/11 Testing: model4_tests
6/11 Test: model4_tests
Command: "/Users/ittehad/Documents/Coding/Python/Turing/Tester_cpp_codebench/tasks/473688/build/model4_tests"
Directory: /Users/ittehad/Documents/Coding/Python/Turing/Tester_cpp_codebench/tasks/473688/build
"model4_tests" start time: Jan 31 22:25 +06
Output:
----------------------------------------------------------
Running main() from /Users/ittehad/Documents/Coding/Python/Turing/Tester_cpp_codebench/tasks/473688/build/_deps/googletest-src/googletest/src/gtest_main.cc
[==========] Running 7 tests from 1 test suite.
[----------] Global test environment set-up.
[----------] 7 tests from CacheBufferTest
[ RUN      ] CacheBufferTest.BasicOperations
[       OK ] CacheBufferTest.BasicOperations (0 ms)
[ RUN      ] CacheBufferTest.EvictionPolicy
[       OK ] CacheBufferTest.EvictionPolicy (0 ms)
[ RUN      ] CacheBufferTest.DuplicateKeyHandling
[       OK ] CacheBufferTest.DuplicateKeyHandling (0 ms)
[ RUN      ] CacheBufferTest.BufferUnderLoad
[       OK ] CacheBufferTest.BufferUnderLoad (1 ms)
[ RUN      ] CacheBufferTest.MergeBuffers
[       OK ] CacheBufferTest.MergeBuffers (0 ms)
[ RUN      ] CacheBufferTest.BackupAndRestore
[       OK ] CacheBufferTest.BackupAndRestore (0 ms)
[ RUN      ] CacheBufferTest.RestoreWithoutBackup
[       OK ] CacheBufferTest.RestoreWithoutBackup (0 ms)
[----------] 7 tests from CacheBufferTest (1 ms total)

[----------] Global test environment tear-down
[==========] 7 tests from 1 test suite ran. (1 ms total)
[  PASSED  ] 7 tests.
<end of output>
Test time =   0.01 sec
----------------------------------------------------------
Test Passed.
"model4_tests" end time: Jan 31 22:25 +06
"model4_tests" time elapsed: 00:00:00
----------------------------------------------------------

7/11 Testing: model5_tests
7/11 Test: model5_tests
Command: "/Users/ittehad/Documents/Coding/Python/Turing/Tester_cpp_codebench/tasks/473688/build/model5_tests"
Directory: /Users/ittehad/Documents/Coding/Python/Turing/Tester_cpp_codebench/tasks/473688/build
"model5_tests" start time: Jan 31 22:25 +06
Output:
----------------------------------------------------------
Running main() from /Users/ittehad/Documents/Coding/Python/Turing/Tester_cpp_codebench/tasks/473688/build/_deps/googletest-src/googletest/src/gtest_main.cc
[==========] Running 7 tests from 1 test suite.
[----------] Global test environment set-up.
[----------] 7 tests from CacheBufferTest
[ RUN      ] CacheBufferTest.BasicOperations
[       OK ] CacheBufferTest.BasicOperations (0 ms)
[ RUN      ] CacheBufferTest.EvictionPolicy
[       OK ] CacheBufferTest.EvictionPolicy (0 ms)
[ RUN      ] CacheBufferTest.DuplicateKeyHandling
[       OK ] CacheBufferTest.DuplicateKeyHandling (0 ms)
[ RUN      ] CacheBufferTest.BufferUnderLoad
[       OK ] CacheBufferTest.BufferUnderLoad (1 ms)
[ RUN      ] CacheBufferTest.MergeBuffers
[       OK ] CacheBufferTest.MergeBuffers (0 ms)
[ RUN      ] CacheBufferTest.BackupAndRestore
[       OK ] CacheBufferTest.BackupAndRestore (0 ms)
[ RUN      ] CacheBufferTest.RestoreWithoutBackup
[       OK ] CacheBufferTest.RestoreWithoutBackup (0 ms)
[----------] 7 tests from CacheBufferTest (1 ms total)

[----------] Global test environment tear-down
[==========] 7 tests from 1 test suite ran. (1 ms total)
[  PASSED  ] 7 tests.
<end of output>
Test time =   0.01 sec
----------------------------------------------------------
Test Passed.
"model5_tests" end time: Jan 31 22:25 +06
"model5_tests" time elapsed: 00:00:00
----------------------------------------------------------

Unable to find executable: /Users/ittehad/Documents/Coding/Python/Turing/Tester_cpp_codebench/tasks/473688/build/model6_tests
8/11 Testing: model6_tests
8/11 Test: model6_tests
Command: ""
Directory: /Users/ittehad/Documents/Coding/Python/Turing/Tester_cpp_codebench/tasks/473688/build
"model6_tests" start time: 
Output:
----------------------------------------------------------
<end of output>
Test time =   0.00 sec
----------------------------------------------------------
Test Passed.
"model6_tests" end time: Jan 31 22:25 +06
"model6_tests" time elapsed: 00:00:00
----------------------------------------------------------

9/11 Testing: model7_tests
9/11 Test: model7_tests
Command: "/Users/ittehad/Documents/Coding/Python/Turing/Tester_cpp_codebench/tasks/473688/build/model7_tests"
Directory: /Users/ittehad/Documents/Coding/Python/Turing/Tester_cpp_codebench/tasks/473688/build
"model7_tests" start time: Jan 31 22:25 +06
Output:
----------------------------------------------------------
Running main() from /Users/ittehad/Documents/Coding/Python/Turing/Tester_cpp_codebench/tasks/473688/build/_deps/googletest-src/googletest/src/gtest_main.cc
[==========] Running 7 tests from 1 test suite.
[----------] Global test environment set-up.
[----------] 7 tests from CacheBufferTest
[ RUN      ] CacheBufferTest.BasicOperations
[       OK ] CacheBufferTest.BasicOperations (0 ms)
[ RUN      ] CacheBufferTest.EvictionPolicy
[       OK ] CacheBufferTest.EvictionPolicy (0 ms)
[ RUN      ] CacheBufferTest.DuplicateKeyHandling
[       OK ] CacheBufferTest.DuplicateKeyHandling (0 ms)
[ RUN      ] CacheBufferTest.BufferUnderLoad
[       OK ] CacheBufferTest.BufferUnderLoad (1 ms)
[ RUN      ] CacheBufferTest.MergeBuffers
unknown file: Failure
C++ exception with description "Key not found in CacheBuffer" thrown in the test body.

[  FAILED  ] CacheBufferTest.MergeBuffers (0 ms)
[ RUN      ] CacheBufferTest.BackupAndRestore
/Users/ittehad/Documents/Coding/Python/Turing/Tester_cpp_codebench/tasks/473688/test.cpp:104: Failure
Expected equality of these values:
  "one"
  buffer.get(1)
    Which is: "two"

/Users/ittehad/Documents/Coding/Python/Turing/Tester_cpp_codebench/tasks/473688/test.cpp:105: Failure
Expected equality of these values:
  "two"
  buffer.get(2)
    Which is: ""

[  FAILED  ] CacheBufferTest.BackupAndRestore (0 ms)
[ RUN      ] CacheBufferTest.RestoreWithoutBackup
[       OK ] CacheBufferTest.RestoreWithoutBackup (0 ms)
[----------] 7 tests from CacheBufferTest (1 ms total)

[----------] Global test environment tear-down
[==========] 7 tests from 1 test suite ran. (1 ms total)
[  PASSED  ] 5 tests.
[  FAILED  ] 2 tests, listed below:
[  FAILED  ] CacheBufferTest.MergeBuffers
[  FAILED  ] CacheBufferTest.BackupAndRestore

 2 FAILED TESTS
<end of output>
Test time =   0.01 sec
----------------------------------------------------------
Test Failed.
"model7_tests" end time: Jan 31 22:25 +06
"model7_tests" time elapsed: 00:00:00
----------------------------------------------------------

10/11 Testing: model8_tests
10/11 Test: model8_tests
Command: "/Users/ittehad/Documents/Coding/Python/Turing/Tester_cpp_codebench/tasks/473688/build/model8_tests"
Directory: /Users/ittehad/Documents/Coding/Python/Turing/Tester_cpp_codebench/tasks/473688/build
"model8_tests" start time: Jan 31 22:25 +06
Output:
----------------------------------------------------------
Running main() from /Users/ittehad/Documents/Coding/Python/Turing/Tester_cpp_codebench/tasks/473688/build/_deps/googletest-src/googletest/src/gtest_main.cc
[==========] Running 7 tests from 1 test suite.
[----------] Global test environment set-up.
[----------] 7 tests from CacheBufferTest
[ RUN      ] CacheBufferTest.BasicOperations
[       OK ] CacheBufferTest.BasicOperations (0 ms)
[ RUN      ] CacheBufferTest.EvictionPolicy
[       OK ] CacheBufferTest.EvictionPolicy (0 ms)
[ RUN      ] CacheBufferTest.DuplicateKeyHandling
[       OK ] CacheBufferTest.DuplicateKeyHandling (0 ms)
[ RUN      ] CacheBufferTest.BufferUnderLoad
[       OK ] CacheBufferTest.BufferUnderLoad (1 ms)
[ RUN      ] CacheBufferTest.MergeBuffers
/Users/ittehad/Documents/Coding/Python/Turing/Tester_cpp_codebench/tasks/473688/test.cpp:73: Failure
Expected equality of these values:
  "one"
  merged.get(1)
    Which is: "four"

/Users/ittehad/Documents/Coding/Python/Turing/Tester_cpp_codebench/tasks/473688/test.cpp:74: Failure
Expected equality of these values:
  "two"
  merged.get(2)
    Which is: "four"

/Users/ittehad/Documents/Coding/Python/Turing/Tester_cpp_codebench/tasks/473688/test.cpp:75: Failure
Expected equality of these values:
  "three"
  merged.get(3)
    Which is: "four"

/Users/ittehad/Documents/Coding/Python/Turing/Tester_cpp_codebench/tasks/473688/test.cpp:77: Failure
Expected equality of these values:
  "five"
  merged.get(5)
    Which is: "four"

/Users/ittehad/Documents/Coding/Python/Turing/Tester_cpp_codebench/tasks/473688/test.cpp:86: Failure
Expected equality of these values:
  "two"
  smallerMerged.get(2)
    Which is: ""

[  FAILED  ] CacheBufferTest.MergeBuffers (0 ms)
[ RUN      ] CacheBufferTest.BackupAndRestore
/Users/ittehad/Documents/Coding/Python/Turing/Tester_cpp_codebench/tasks/473688/test.cpp:104: Failure
Expected equality of these values:
  "one"
  buffer.get(1)
    Which is: "two"

/Users/ittehad/Documents/Coding/Python/Turing/Tester_cpp_codebench/tasks/473688/test.cpp:105: Failure
Expected equality of these values:
  "two"
  buffer.get(2)
    Which is: ""

[  FAILED  ] CacheBufferTest.BackupAndRestore (0 ms)
[ RUN      ] CacheBufferTest.RestoreWithoutBackup
[       OK ] CacheBufferTest.RestoreWithoutBackup (0 ms)
[----------] 7 tests from CacheBufferTest (1 ms total)

[----------] Global test environment tear-down
[==========] 7 tests from 1 test suite ran. (1 ms total)
[  PASSED  ] 5 tests.
[  FAILED  ] 2 tests, listed below:
[  FAILED  ] CacheBufferTest.MergeBuffers
[  FAILED  ] CacheBufferTest.BackupAndRestore

 2 FAILED TESTS
<end of output>
Test time =   0.01 sec
----------------------------------------------------------
Test Failed.
"model8_tests" end time: Jan 31 22:25 +06
"model8_tests" time elapsed: 00:00:00
----------------------------------------------------------

Unable to find executable: /Users/ittehad/Documents/Coding/Python/Turing/Tester_cpp_codebench/tasks/473688/build/model9_tests
11/11 Testing: model9_tests
11/11 Test: model9_tests
Command: ""
Directory: /Users/ittehad/Documents/Coding/Python/Turing/Tester_cpp_codebench/tasks/473688/build
"model9_tests" start time: 
Output:
----------------------------------------------------------
<end of output>
Test time =   0.00 sec
----------------------------------------------------------
Test Passed.
"model9_tests" end time: Jan 31 22:25 +06
"model9_tests" time elapsed: 00:00:00
----------------------------------------------------------

End testing: Jan 31 22:25 +06
