Start testing: Jan 31 22:23 +06
----------------------------------------------------------
1/11 Testing: incorrect_solution_tests
1/11 Test: incorrect_solution_tests
Command: "/Users/ittehad/Documents/Coding/Python/Turing/Tester_cpp_codebench/tasks/473657/build/incorrect_solution_tests"
Directory: /Users/ittehad/Documents/Coding/Python/Turing/Tester_cpp_codebench/tasks/473657/build
"incorrect_solution_tests" start time: Jan 31 22:23 +06
Output:
----------------------------------------------------------
[==========] Running 10 tests from 1 test suite.
[----------] Global test environment set-up.
[----------] 10 tests from SequenceAlignmentTest
[ RUN      ] SequenceAlignmentTest.ValidSequencesWithCommonLCS
[       OK ] SequenceAlignmentTest.ValidSequencesWithCommonLCS (0 ms)
[ RUN      ] SequenceAlignmentTest.MultiplePossibleSequences
/Users/ittehad/Documents/Coding/Python/Turing/Tester_cpp_codebench/tasks/473657/test.cpp:17: Failure
Expected equality of these values:
  SequenceAllignment(dna1, dna2)
    Which is: "GACGT"
  "ACGTG"

[  FAILED  ] SequenceAlignmentTest.MultiplePossibleSequences (0 ms)
[ RUN      ] SequenceAlignmentTest.OneEmptySequence
[       OK ] SequenceAlignmentTest.OneEmptySequence (0 ms)
[ RUN      ] SequenceAlignmentTest.BothEmptySequences
[       OK ] SequenceAlignmentTest.BothEmptySequences (0 ms)
[ RUN      ] SequenceAlignmentTest.CaseInsensitiveAlignment
/Users/ittehad/Documents/Coding/Python/Turing/Tester_cpp_codebench/tasks/473657/test.cpp:38: Failure
Expected equality of these values:
  SequenceAllignment(dna1, dna2)
    Which is: "GACGT"
  "ACGTG"

[  FAILED  ] SequenceAlignmentTest.CaseInsensitiveAlignment (0 ms)
[ RUN      ] SequenceAlignmentTest.InvalidCharactersIgnored
[       OK ] SequenceAlignmentTest.InvalidCharactersIgnored (0 ms)
[ RUN      ] SequenceAlignmentTest.NoCommonSubsequence
[       OK ] SequenceAlignmentTest.NoCommonSubsequence (0 ms)
[ RUN      ] SequenceAlignmentTest.IdenticalSequences
[       OK ] SequenceAlignmentTest.IdenticalSequences (0 ms)
[ RUN      ] SequenceAlignmentTest.SubsequenceCase
[       OK ] SequenceAlignmentTest.SubsequenceCase (0 ms)
[ RUN      ] SequenceAlignmentTest.MultiplePossibleSubsequencesAtSameIndex
/Users/ittehad/Documents/Coding/Python/Turing/Tester_cpp_codebench/tasks/473657/test.cpp:73: Failure
Expected equality of these values:
  SequenceAllignment(dna1, dna2)
    Which is: "ACGTA"
  "ACGTC"

[  FAILED  ] SequenceAlignmentTest.MultiplePossibleSubsequencesAtSameIndex (0 ms)
[----------] 10 tests from SequenceAlignmentTest (0 ms total)

[----------] Global test environment tear-down
[==========] 10 tests from 1 test suite ran. (0 ms total)
[  PASSED  ] 7 tests.
[  FAILED  ] 3 tests, listed below:
[  FAILED  ] SequenceAlignmentTest.MultiplePossibleSequences
[  FAILED  ] SequenceAlignmentTest.CaseInsensitiveAlignment
[  FAILED  ] SequenceAlignmentTest.MultiplePossibleSubsequencesAtSameIndex

 3 FAILED TESTS
<end of output>
Test time =   0.01 sec
----------------------------------------------------------
Test Failed.
"incorrect_solution_tests" end time: Jan 31 22:23 +06
"incorrect_solution_tests" time elapsed: 00:00:00
----------------------------------------------------------

2/11 Testing: model1_tests
2/11 Test: model1_tests
Command: "/Users/ittehad/Documents/Coding/Python/Turing/Tester_cpp_codebench/tasks/473657/build/model1_tests"
Directory: /Users/ittehad/Documents/Coding/Python/Turing/Tester_cpp_codebench/tasks/473657/build
"model1_tests" start time: Jan 31 22:23 +06
Output:
----------------------------------------------------------
[==========] Running 10 tests from 1 test suite.
[----------] Global test environment set-up.
[----------] 10 tests from SequenceAlignmentTest
[ RUN      ] SequenceAlignmentTest.ValidSequencesWithCommonLCS
[       OK ] SequenceAlignmentTest.ValidSequencesWithCommonLCS (0 ms)
[ RUN      ] SequenceAlignmentTest.MultiplePossibleSequences
[       OK ] SequenceAlignmentTest.MultiplePossibleSequences (0 ms)
[ RUN      ] SequenceAlignmentTest.OneEmptySequence
[       OK ] SequenceAlignmentTest.OneEmptySequence (0 ms)
[ RUN      ] SequenceAlignmentTest.BothEmptySequences
[       OK ] SequenceAlignmentTest.BothEmptySequences (0 ms)
[ RUN      ] SequenceAlignmentTest.CaseInsensitiveAlignment
[       OK ] SequenceAlignmentTest.CaseInsensitiveAlignment (0 ms)
[ RUN      ] SequenceAlignmentTest.InvalidCharactersIgnored
[       OK ] SequenceAlignmentTest.InvalidCharactersIgnored (0 ms)
[ RUN      ] SequenceAlignmentTest.NoCommonSubsequence
[       OK ] SequenceAlignmentTest.NoCommonSubsequence (0 ms)
[ RUN      ] SequenceAlignmentTest.IdenticalSequences
[       OK ] SequenceAlignmentTest.IdenticalSequences (0 ms)
[ RUN      ] SequenceAlignmentTest.SubsequenceCase
[       OK ] SequenceAlignmentTest.SubsequenceCase (0 ms)
[ RUN      ] SequenceAlignmentTest.MultiplePossibleSubsequencesAtSameIndex
[       OK ] SequenceAlignmentTest.MultiplePossibleSubsequencesAtSameIndex (0 ms)
[----------] 10 tests from SequenceAlignmentTest (0 ms total)

[----------] Global test environment tear-down
[==========] 10 tests from 1 test suite ran. (0 ms total)
[  PASSED  ] 10 tests.
<end of output>
Test time =   0.01 sec
----------------------------------------------------------
Test Passed.
"model1_tests" end time: Jan 31 22:23 +06
"model1_tests" time elapsed: 00:00:00
----------------------------------------------------------

3/11 Testing: model10_tests
3/11 Test: model10_tests
Command: "/Users/ittehad/Documents/Coding/Python/Turing/Tester_cpp_codebench/tasks/473657/build/model10_tests"
Directory: /Users/ittehad/Documents/Coding/Python/Turing/Tester_cpp_codebench/tasks/473657/build
"model10_tests" start time: Jan 31 22:23 +06
Output:
----------------------------------------------------------
[==========] Running 10 tests from 1 test suite.
[----------] Global test environment set-up.
[----------] 10 tests from SequenceAlignmentTest
[ RUN      ] SequenceAlignmentTest.ValidSequencesWithCommonLCS
[       OK ] SequenceAlignmentTest.ValidSequencesWithCommonLCS (0 ms)
[ RUN      ] SequenceAlignmentTest.MultiplePossibleSequences
/Users/ittehad/Documents/Coding/Python/Turing/Tester_cpp_codebench/tasks/473657/test.cpp:17: Failure
Expected equality of these values:
  SequenceAllignment(dna1, dna2)
    Which is: "GACGT"
  "ACGTG"

[  FAILED  ] SequenceAlignmentTest.MultiplePossibleSequences (0 ms)
[ RUN      ] SequenceAlignmentTest.OneEmptySequence
[       OK ] SequenceAlignmentTest.OneEmptySequence (0 ms)
[ RUN      ] SequenceAlignmentTest.BothEmptySequences
[       OK ] SequenceAlignmentTest.BothEmptySequences (0 ms)
[ RUN      ] SequenceAlignmentTest.CaseInsensitiveAlignment
/Users/ittehad/Documents/Coding/Python/Turing/Tester_cpp_codebench/tasks/473657/test.cpp:38: Failure
Expected equality of these values:
  SequenceAllignment(dna1, dna2)
    Which is: "GACGT"
  "ACGTG"

[  FAILED  ] SequenceAlignmentTest.CaseInsensitiveAlignment (0 ms)
[ RUN      ] SequenceAlignmentTest.InvalidCharactersIgnored
[       OK ] SequenceAlignmentTest.InvalidCharactersIgnored (0 ms)
[ RUN      ] SequenceAlignmentTest.NoCommonSubsequence
[       OK ] SequenceAlignmentTest.NoCommonSubsequence (0 ms)
[ RUN      ] SequenceAlignmentTest.IdenticalSequences
[       OK ] SequenceAlignmentTest.IdenticalSequences (0 ms)
[ RUN      ] SequenceAlignmentTest.SubsequenceCase
[       OK ] SequenceAlignmentTest.SubsequenceCase (0 ms)
[ RUN      ] SequenceAlignmentTest.MultiplePossibleSubsequencesAtSameIndex
/Users/ittehad/Documents/Coding/Python/Turing/Tester_cpp_codebench/tasks/473657/test.cpp:73: Failure
Expected equality of these values:
  SequenceAllignment(dna1, dna2)
    Which is: "ACGTA"
  "ACGTC"

[  FAILED  ] SequenceAlignmentTest.MultiplePossibleSubsequencesAtSameIndex (0 ms)
[----------] 10 tests from SequenceAlignmentTest (0 ms total)

[----------] Global test environment tear-down
[==========] 10 tests from 1 test suite ran. (0 ms total)
[  PASSED  ] 7 tests.
[  FAILED  ] 3 tests, listed below:
[  FAILED  ] SequenceAlignmentTest.MultiplePossibleSequences
[  FAILED  ] SequenceAlignmentTest.CaseInsensitiveAlignment
[  FAILED  ] SequenceAlignmentTest.MultiplePossibleSubsequencesAtSameIndex

 3 FAILED TESTS
<end of output>
Test time =   0.01 sec
----------------------------------------------------------
Test Failed.
"model10_tests" end time: Jan 31 22:23 +06
"model10_tests" time elapsed: 00:00:00
----------------------------------------------------------

4/11 Testing: model2_tests
4/11 Test: model2_tests
Command: "/Users/ittehad/Documents/Coding/Python/Turing/Tester_cpp_codebench/tasks/473657/build/model2_tests"
Directory: /Users/ittehad/Documents/Coding/Python/Turing/Tester_cpp_codebench/tasks/473657/build
"model2_tests" start time: Jan 31 22:23 +06
Output:
----------------------------------------------------------
[==========] Running 10 tests from 1 test suite.
[----------] Global test environment set-up.
[----------] 10 tests from SequenceAlignmentTest
[ RUN      ] SequenceAlignmentTest.ValidSequencesWithCommonLCS
[       OK ] SequenceAlignmentTest.ValidSequencesWithCommonLCS (0 ms)
[ RUN      ] SequenceAlignmentTest.MultiplePossibleSequences
[       OK ] SequenceAlignmentTest.MultiplePossibleSequences (0 ms)
[ RUN      ] SequenceAlignmentTest.OneEmptySequence
[       OK ] SequenceAlignmentTest.OneEmptySequence (0 ms)
[ RUN      ] SequenceAlignmentTest.BothEmptySequences
[       OK ] SequenceAlignmentTest.BothEmptySequences (0 ms)
[ RUN      ] SequenceAlignmentTest.CaseInsensitiveAlignment
[       OK ] SequenceAlignmentTest.CaseInsensitiveAlignment (0 ms)
[ RUN      ] SequenceAlignmentTest.InvalidCharactersIgnored
[       OK ] SequenceAlignmentTest.InvalidCharactersIgnored (0 ms)
[ RUN      ] SequenceAlignmentTest.NoCommonSubsequence
[       OK ] SequenceAlignmentTest.NoCommonSubsequence (0 ms)
[ RUN      ] SequenceAlignmentTest.IdenticalSequences
[       OK ] SequenceAlignmentTest.IdenticalSequences (0 ms)
[ RUN      ] SequenceAlignmentTest.SubsequenceCase
[       OK ] SequenceAlignmentTest.SubsequenceCase (0 ms)
[ RUN      ] SequenceAlignmentTest.MultiplePossibleSubsequencesAtSameIndex
[       OK ] SequenceAlignmentTest.MultiplePossibleSubsequencesAtSameIndex (0 ms)
[----------] 10 tests from SequenceAlignmentTest (0 ms total)

[----------] Global test environment tear-down
[==========] 10 tests from 1 test suite ran. (0 ms total)
[  PASSED  ] 10 tests.
<end of output>
Test time =   0.00 sec
----------------------------------------------------------
Test Passed.
"model2_tests" end time: Jan 31 22:23 +06
"model2_tests" time elapsed: 00:00:00
----------------------------------------------------------

5/11 Testing: model3_tests
5/11 Test: model3_tests
Command: "/Users/ittehad/Documents/Coding/Python/Turing/Tester_cpp_codebench/tasks/473657/build/model3_tests"
Directory: /Users/ittehad/Documents/Coding/Python/Turing/Tester_cpp_codebench/tasks/473657/build
"model3_tests" start time: Jan 31 22:23 +06
Output:
----------------------------------------------------------
[==========] Running 10 tests from 1 test suite.
[----------] Global test environment set-up.
[----------] 10 tests from SequenceAlignmentTest
[ RUN      ] SequenceAlignmentTest.ValidSequencesWithCommonLCS
[       OK ] SequenceAlignmentTest.ValidSequencesWithCommonLCS (0 ms)
[ RUN      ] SequenceAlignmentTest.MultiplePossibleSequences
[       OK ] SequenceAlignmentTest.MultiplePossibleSequences (0 ms)
[ RUN      ] SequenceAlignmentTest.OneEmptySequence
[       OK ] SequenceAlignmentTest.OneEmptySequence (0 ms)
[ RUN      ] SequenceAlignmentTest.BothEmptySequences
[       OK ] SequenceAlignmentTest.BothEmptySequences (0 ms)
[ RUN      ] SequenceAlignmentTest.CaseInsensitiveAlignment
[       OK ] SequenceAlignmentTest.CaseInsensitiveAlignment (0 ms)
[ RUN      ] SequenceAlignmentTest.InvalidCharactersIgnored
[       OK ] SequenceAlignmentTest.InvalidCharactersIgnored (0 ms)
[ RUN      ] SequenceAlignmentTest.NoCommonSubsequence
[       OK ] SequenceAlignmentTest.NoCommonSubsequence (0 ms)
[ RUN      ] SequenceAlignmentTest.IdenticalSequences
[       OK ] SequenceAlignmentTest.IdenticalSequences (0 ms)
[ RUN      ] SequenceAlignmentTest.SubsequenceCase
[       OK ] SequenceAlignmentTest.SubsequenceCase (0 ms)
[ RUN      ] SequenceAlignmentTest.MultiplePossibleSubsequencesAtSameIndex
[       OK ] SequenceAlignmentTest.MultiplePossibleSubsequencesAtSameIndex (0 ms)
[----------] 10 tests from SequenceAlignmentTest (0 ms total)

[----------] Global test environment tear-down
[==========] 10 tests from 1 test suite ran. (0 ms total)
[  PASSED  ] 10 tests.
<end of output>
Test time =   0.00 sec
----------------------------------------------------------
Test Passed.
"model3_tests" end time: Jan 31 22:23 +06
"model3_tests" time elapsed: 00:00:00
----------------------------------------------------------

6/11 Testing: model4_tests
6/11 Test: model4_tests
Command: "/Users/ittehad/Documents/Coding/Python/Turing/Tester_cpp_codebench/tasks/473657/build/model4_tests"
Directory: /Users/ittehad/Documents/Coding/Python/Turing/Tester_cpp_codebench/tasks/473657/build
"model4_tests" start time: Jan 31 22:23 +06
Output:
----------------------------------------------------------
[==========] Running 10 tests from 1 test suite.
[----------] Global test environment set-up.
[----------] 10 tests from SequenceAlignmentTest
[ RUN      ] SequenceAlignmentTest.ValidSequencesWithCommonLCS
[       OK ] SequenceAlignmentTest.ValidSequencesWithCommonLCS (0 ms)
[ RUN      ] SequenceAlignmentTest.MultiplePossibleSequences
/Users/ittehad/Documents/Coding/Python/Turing/Tester_cpp_codebench/tasks/473657/test.cpp:17: Failure
Expected equality of these values:
  SequenceAllignment(dna1, dna2)
    Which is: "GACGT"
  "ACGTG"

[  FAILED  ] SequenceAlignmentTest.MultiplePossibleSequences (0 ms)
[ RUN      ] SequenceAlignmentTest.OneEmptySequence
[       OK ] SequenceAlignmentTest.OneEmptySequence (0 ms)
[ RUN      ] SequenceAlignmentTest.BothEmptySequences
[       OK ] SequenceAlignmentTest.BothEmptySequences (0 ms)
[ RUN      ] SequenceAlignmentTest.CaseInsensitiveAlignment
/Users/ittehad/Documents/Coding/Python/Turing/Tester_cpp_codebench/tasks/473657/test.cpp:38: Failure
Expected equality of these values:
  SequenceAllignment(dna1, dna2)
    Which is: "GACGT"
  "ACGTG"

[  FAILED  ] SequenceAlignmentTest.CaseInsensitiveAlignment (0 ms)
[ RUN      ] SequenceAlignmentTest.InvalidCharactersIgnored
[       OK ] SequenceAlignmentTest.InvalidCharactersIgnored (0 ms)
[ RUN      ] SequenceAlignmentTest.NoCommonSubsequence
[       OK ] SequenceAlignmentTest.NoCommonSubsequence (0 ms)
[ RUN      ] SequenceAlignmentTest.IdenticalSequences
[       OK ] SequenceAlignmentTest.IdenticalSequences (0 ms)
[ RUN      ] SequenceAlignmentTest.SubsequenceCase
[       OK ] SequenceAlignmentTest.SubsequenceCase (0 ms)
[ RUN      ] SequenceAlignmentTest.MultiplePossibleSubsequencesAtSameIndex
/Users/ittehad/Documents/Coding/Python/Turing/Tester_cpp_codebench/tasks/473657/test.cpp:73: Failure
Expected equality of these values:
  SequenceAllignment(dna1, dna2)
    Which is: "ACGTA"
  "ACGTC"

[  FAILED  ] SequenceAlignmentTest.MultiplePossibleSubsequencesAtSameIndex (0 ms)
[----------] 10 tests from SequenceAlignmentTest (0 ms total)

[----------] Global test environment tear-down
[==========] 10 tests from 1 test suite ran. (0 ms total)
[  PASSED  ] 7 tests.
[  FAILED  ] 3 tests, listed below:
[  FAILED  ] SequenceAlignmentTest.MultiplePossibleSequences
[  FAILED  ] SequenceAlignmentTest.CaseInsensitiveAlignment
[  FAILED  ] SequenceAlignmentTest.MultiplePossibleSubsequencesAtSameIndex

 3 FAILED TESTS
<end of output>
Test time =   0.00 sec
----------------------------------------------------------
Test Failed.
"model4_tests" end time: Jan 31 22:23 +06
"model4_tests" time elapsed: 00:00:00
----------------------------------------------------------

7/11 Testing: model5_tests
7/11 Test: model5_tests
Command: "/Users/ittehad/Documents/Coding/Python/Turing/Tester_cpp_codebench/tasks/473657/build/model5_tests"
Directory: /Users/ittehad/Documents/Coding/Python/Turing/Tester_cpp_codebench/tasks/473657/build
"model5_tests" start time: Jan 31 22:23 +06
Output:
----------------------------------------------------------
[==========] Running 10 tests from 1 test suite.
[----------] Global test environment set-up.
[----------] 10 tests from SequenceAlignmentTest
[ RUN      ] SequenceAlignmentTest.ValidSequencesWithCommonLCS
[       OK ] SequenceAlignmentTest.ValidSequencesWithCommonLCS (0 ms)
[ RUN      ] SequenceAlignmentTest.MultiplePossibleSequences
/Users/ittehad/Documents/Coding/Python/Turing/Tester_cpp_codebench/tasks/473657/test.cpp:17: Failure
Expected equality of these values:
  SequenceAllignment(dna1, dna2)
    Which is: "GACGT"
  "ACGTG"

[  FAILED  ] SequenceAlignmentTest.MultiplePossibleSequences (0 ms)
[ RUN      ] SequenceAlignmentTest.OneEmptySequence
[       OK ] SequenceAlignmentTest.OneEmptySequence (0 ms)
[ RUN      ] SequenceAlignmentTest.BothEmptySequences
[       OK ] SequenceAlignmentTest.BothEmptySequences (0 ms)
[ RUN      ] SequenceAlignmentTest.CaseInsensitiveAlignment
/Users/ittehad/Documents/Coding/Python/Turing/Tester_cpp_codebench/tasks/473657/test.cpp:38: Failure
Expected equality of these values:
  SequenceAllignment(dna1, dna2)
    Which is: "GACGT"
  "ACGTG"

[  FAILED  ] SequenceAlignmentTest.CaseInsensitiveAlignment (0 ms)
[ RUN      ] SequenceAlignmentTest.InvalidCharactersIgnored
[       OK ] SequenceAlignmentTest.InvalidCharactersIgnored (0 ms)
[ RUN      ] SequenceAlignmentTest.NoCommonSubsequence
[       OK ] SequenceAlignmentTest.NoCommonSubsequence (0 ms)
[ RUN      ] SequenceAlignmentTest.IdenticalSequences
[       OK ] SequenceAlignmentTest.IdenticalSequences (0 ms)
[ RUN      ] SequenceAlignmentTest.SubsequenceCase
[       OK ] SequenceAlignmentTest.SubsequenceCase (0 ms)
[ RUN      ] SequenceAlignmentTest.MultiplePossibleSubsequencesAtSameIndex
/Users/ittehad/Documents/Coding/Python/Turing/Tester_cpp_codebench/tasks/473657/test.cpp:73: Failure
Expected equality of these values:
  SequenceAllignment(dna1, dna2)
    Which is: "ACGTA"
  "ACGTC"

[  FAILED  ] SequenceAlignmentTest.MultiplePossibleSubsequencesAtSameIndex (0 ms)
[----------] 10 tests from SequenceAlignmentTest (0 ms total)

[----------] Global test environment tear-down
[==========] 10 tests from 1 test suite ran. (0 ms total)
[  PASSED  ] 7 tests.
[  FAILED  ] 3 tests, listed below:
[  FAILED  ] SequenceAlignmentTest.MultiplePossibleSequences
[  FAILED  ] SequenceAlignmentTest.CaseInsensitiveAlignment
[  FAILED  ] SequenceAlignmentTest.MultiplePossibleSubsequencesAtSameIndex

 3 FAILED TESTS
<end of output>
Test time =   0.00 sec
----------------------------------------------------------
Test Failed.
"model5_tests" end time: Jan 31 22:23 +06
"model5_tests" time elapsed: 00:00:00
----------------------------------------------------------

8/11 Testing: model6_tests
8/11 Test: model6_tests
Command: "/Users/ittehad/Documents/Coding/Python/Turing/Tester_cpp_codebench/tasks/473657/build/model6_tests"
Directory: /Users/ittehad/Documents/Coding/Python/Turing/Tester_cpp_codebench/tasks/473657/build
"model6_tests" start time: Jan 31 22:23 +06
Output:
----------------------------------------------------------
[==========] Running 10 tests from 1 test suite.
[----------] Global test environment set-up.
[----------] 10 tests from SequenceAlignmentTest
[ RUN      ] SequenceAlignmentTest.ValidSequencesWithCommonLCS
[       OK ] SequenceAlignmentTest.ValidSequencesWithCommonLCS (0 ms)
[ RUN      ] SequenceAlignmentTest.MultiplePossibleSequences
/Users/ittehad/Documents/Coding/Python/Turing/Tester_cpp_codebench/tasks/473657/test.cpp:17: Failure
Expected equality of these values:
  SequenceAllignment(dna1, dna2)
    Which is: "GACGT"
  "ACGTG"

[  FAILED  ] SequenceAlignmentTest.MultiplePossibleSequences (0 ms)
[ RUN      ] SequenceAlignmentTest.OneEmptySequence
[       OK ] SequenceAlignmentTest.OneEmptySequence (0 ms)
[ RUN      ] SequenceAlignmentTest.BothEmptySequences
[       OK ] SequenceAlignmentTest.BothEmptySequences (0 ms)
[ RUN      ] SequenceAlignmentTest.CaseInsensitiveAlignment
/Users/ittehad/Documents/Coding/Python/Turing/Tester_cpp_codebench/tasks/473657/test.cpp:38: Failure
Expected equality of these values:
  SequenceAllignment(dna1, dna2)
    Which is: "GACGT"
  "ACGTG"

[  FAILED  ] SequenceAlignmentTest.CaseInsensitiveAlignment (0 ms)
[ RUN      ] SequenceAlignmentTest.InvalidCharactersIgnored
[       OK ] SequenceAlignmentTest.InvalidCharactersIgnored (0 ms)
[ RUN      ] SequenceAlignmentTest.NoCommonSubsequence
[       OK ] SequenceAlignmentTest.NoCommonSubsequence (0 ms)
[ RUN      ] SequenceAlignmentTest.IdenticalSequences
[       OK ] SequenceAlignmentTest.IdenticalSequences (0 ms)
[ RUN      ] SequenceAlignmentTest.SubsequenceCase
[       OK ] SequenceAlignmentTest.SubsequenceCase (0 ms)
[ RUN      ] SequenceAlignmentTest.MultiplePossibleSubsequencesAtSameIndex
/Users/ittehad/Documents/Coding/Python/Turing/Tester_cpp_codebench/tasks/473657/test.cpp:73: Failure
Expected equality of these values:
  SequenceAllignment(dna1, dna2)
    Which is: "ACGTA"
  "ACGTC"

[  FAILED  ] SequenceAlignmentTest.MultiplePossibleSubsequencesAtSameIndex (0 ms)
[----------] 10 tests from SequenceAlignmentTest (0 ms total)

[----------] Global test environment tear-down
[==========] 10 tests from 1 test suite ran. (0 ms total)
[  PASSED  ] 7 tests.
[  FAILED  ] 3 tests, listed below:
[  FAILED  ] SequenceAlignmentTest.MultiplePossibleSequences
[  FAILED  ] SequenceAlignmentTest.CaseInsensitiveAlignment
[  FAILED  ] SequenceAlignmentTest.MultiplePossibleSubsequencesAtSameIndex

 3 FAILED TESTS
<end of output>
Test time =   0.00 sec
----------------------------------------------------------
Test Failed.
"model6_tests" end time: Jan 31 22:23 +06
"model6_tests" time elapsed: 00:00:00
----------------------------------------------------------

9/11 Testing: model7_tests
9/11 Test: model7_tests
Command: "/Users/ittehad/Documents/Coding/Python/Turing/Tester_cpp_codebench/tasks/473657/build/model7_tests"
Directory: /Users/ittehad/Documents/Coding/Python/Turing/Tester_cpp_codebench/tasks/473657/build
"model7_tests" start time: Jan 31 22:23 +06
Output:
----------------------------------------------------------
[==========] Running 10 tests from 1 test suite.
[----------] Global test environment set-up.
[----------] 10 tests from SequenceAlignmentTest
[ RUN      ] SequenceAlignmentTest.ValidSequencesWithCommonLCS
[       OK ] SequenceAlignmentTest.ValidSequencesWithCommonLCS (0 ms)
[ RUN      ] SequenceAlignmentTest.MultiplePossibleSequences
/Users/ittehad/Documents/Coding/Python/Turing/Tester_cpp_codebench/tasks/473657/test.cpp:17: Failure
Expected equality of these values:
  SequenceAllignment(dna1, dna2)
    Which is: "GACGT"
  "ACGTG"

[  FAILED  ] SequenceAlignmentTest.MultiplePossibleSequences (0 ms)
[ RUN      ] SequenceAlignmentTest.OneEmptySequence
[       OK ] SequenceAlignmentTest.OneEmptySequence (0 ms)
[ RUN      ] SequenceAlignmentTest.BothEmptySequences
[       OK ] SequenceAlignmentTest.BothEmptySequences (0 ms)
[ RUN      ] SequenceAlignmentTest.CaseInsensitiveAlignment
/Users/ittehad/Documents/Coding/Python/Turing/Tester_cpp_codebench/tasks/473657/test.cpp:38: Failure
Expected equality of these values:
  SequenceAllignment(dna1, dna2)
    Which is: "GACGT"
  "ACGTG"

[  FAILED  ] SequenceAlignmentTest.CaseInsensitiveAlignment (0 ms)
[ RUN      ] SequenceAlignmentTest.InvalidCharactersIgnored
[       OK ] SequenceAlignmentTest.InvalidCharactersIgnored (0 ms)
[ RUN      ] SequenceAlignmentTest.NoCommonSubsequence
[       OK ] SequenceAlignmentTest.NoCommonSubsequence (0 ms)
[ RUN      ] SequenceAlignmentTest.IdenticalSequences
[       OK ] SequenceAlignmentTest.IdenticalSequences (0 ms)
[ RUN      ] SequenceAlignmentTest.SubsequenceCase
[       OK ] SequenceAlignmentTest.SubsequenceCase (0 ms)
[ RUN      ] SequenceAlignmentTest.MultiplePossibleSubsequencesAtSameIndex
/Users/ittehad/Documents/Coding/Python/Turing/Tester_cpp_codebench/tasks/473657/test.cpp:73: Failure
Expected equality of these values:
  SequenceAllignment(dna1, dna2)
    Which is: "ACGTA"
  "ACGTC"

[  FAILED  ] SequenceAlignmentTest.MultiplePossibleSubsequencesAtSameIndex (0 ms)
[----------] 10 tests from SequenceAlignmentTest (0 ms total)

[----------] Global test environment tear-down
[==========] 10 tests from 1 test suite ran. (0 ms total)
[  PASSED  ] 7 tests.
[  FAILED  ] 3 tests, listed below:
[  FAILED  ] SequenceAlignmentTest.MultiplePossibleSequences
[  FAILED  ] SequenceAlignmentTest.CaseInsensitiveAlignment
[  FAILED  ] SequenceAlignmentTest.MultiplePossibleSubsequencesAtSameIndex

 3 FAILED TESTS
<end of output>
Test time =   0.00 sec
----------------------------------------------------------
Test Failed.
"model7_tests" end time: Jan 31 22:23 +06
"model7_tests" time elapsed: 00:00:00
----------------------------------------------------------

10/11 Testing: model8_tests
10/11 Test: model8_tests
Command: "/Users/ittehad/Documents/Coding/Python/Turing/Tester_cpp_codebench/tasks/473657/build/model8_tests"
Directory: /Users/ittehad/Documents/Coding/Python/Turing/Tester_cpp_codebench/tasks/473657/build
"model8_tests" start time: Jan 31 22:23 +06
Output:
----------------------------------------------------------
[==========] Running 10 tests from 1 test suite.
[----------] Global test environment set-up.
[----------] 10 tests from SequenceAlignmentTest
[ RUN      ] SequenceAlignmentTest.ValidSequencesWithCommonLCS
[       OK ] SequenceAlignmentTest.ValidSequencesWithCommonLCS (0 ms)
[ RUN      ] SequenceAlignmentTest.MultiplePossibleSequences
/Users/ittehad/Documents/Coding/Python/Turing/Tester_cpp_codebench/tasks/473657/test.cpp:17: Failure
Expected equality of these values:
  SequenceAllignment(dna1, dna2)
    Which is: "GACGT"
  "ACGTG"

[  FAILED  ] SequenceAlignmentTest.MultiplePossibleSequences (0 ms)
[ RUN      ] SequenceAlignmentTest.OneEmptySequence
[       OK ] SequenceAlignmentTest.OneEmptySequence (0 ms)
[ RUN      ] SequenceAlignmentTest.BothEmptySequences
[       OK ] SequenceAlignmentTest.BothEmptySequences (0 ms)
[ RUN      ] SequenceAlignmentTest.CaseInsensitiveAlignment
/Users/ittehad/Documents/Coding/Python/Turing/Tester_cpp_codebench/tasks/473657/test.cpp:38: Failure
Expected equality of these values:
  SequenceAllignment(dna1, dna2)
    Which is: "GACGT"
  "ACGTG"

[  FAILED  ] SequenceAlignmentTest.CaseInsensitiveAlignment (0 ms)
[ RUN      ] SequenceAlignmentTest.InvalidCharactersIgnored
[       OK ] SequenceAlignmentTest.InvalidCharactersIgnored (0 ms)
[ RUN      ] SequenceAlignmentTest.NoCommonSubsequence
[       OK ] SequenceAlignmentTest.NoCommonSubsequence (0 ms)
[ RUN      ] SequenceAlignmentTest.IdenticalSequences
[       OK ] SequenceAlignmentTest.IdenticalSequences (0 ms)
[ RUN      ] SequenceAlignmentTest.SubsequenceCase
[       OK ] SequenceAlignmentTest.SubsequenceCase (0 ms)
[ RUN      ] SequenceAlignmentTest.MultiplePossibleSubsequencesAtSameIndex
/Users/ittehad/Documents/Coding/Python/Turing/Tester_cpp_codebench/tasks/473657/test.cpp:73: Failure
Expected equality of these values:
  SequenceAllignment(dna1, dna2)
    Which is: "ACGTA"
  "ACGTC"

[  FAILED  ] SequenceAlignmentTest.MultiplePossibleSubsequencesAtSameIndex (0 ms)
[----------] 10 tests from SequenceAlignmentTest (0 ms total)

[----------] Global test environment tear-down
[==========] 10 tests from 1 test suite ran. (0 ms total)
[  PASSED  ] 7 tests.
[  FAILED  ] 3 tests, listed below:
[  FAILED  ] SequenceAlignmentTest.MultiplePossibleSequences
[  FAILED  ] SequenceAlignmentTest.CaseInsensitiveAlignment
[  FAILED  ] SequenceAlignmentTest.MultiplePossibleSubsequencesAtSameIndex

 3 FAILED TESTS
<end of output>
Test time =   0.00 sec
----------------------------------------------------------
Test Failed.
"model8_tests" end time: Jan 31 22:23 +06
"model8_tests" time elapsed: 00:00:00
----------------------------------------------------------

11/11 Testing: model9_tests
11/11 Test: model9_tests
Command: "/Users/ittehad/Documents/Coding/Python/Turing/Tester_cpp_codebench/tasks/473657/build/model9_tests"
Directory: /Users/ittehad/Documents/Coding/Python/Turing/Tester_cpp_codebench/tasks/473657/build
"model9_tests" start time: Jan 31 22:23 +06
Output:
----------------------------------------------------------
[==========] Running 10 tests from 1 test suite.
[----------] Global test environment set-up.
[----------] 10 tests from SequenceAlignmentTest
[ RUN      ] SequenceAlignmentTest.ValidSequencesWithCommonLCS
[       OK ] SequenceAlignmentTest.ValidSequencesWithCommonLCS (0 ms)
[ RUN      ] SequenceAlignmentTest.MultiplePossibleSequences
/Users/ittehad/Documents/Coding/Python/Turing/Tester_cpp_codebench/tasks/473657/test.cpp:17: Failure
Expected equality of these values:
  SequenceAllignment(dna1, dna2)
    Which is: "GACGT"
  "ACGTG"

[  FAILED  ] SequenceAlignmentTest.MultiplePossibleSequences (0 ms)
[ RUN      ] SequenceAlignmentTest.OneEmptySequence
[       OK ] SequenceAlignmentTest.OneEmptySequence (0 ms)
[ RUN      ] SequenceAlignmentTest.BothEmptySequences
[       OK ] SequenceAlignmentTest.BothEmptySequences (0 ms)
[ RUN      ] SequenceAlignmentTest.CaseInsensitiveAlignment
/Users/ittehad/Documents/Coding/Python/Turing/Tester_cpp_codebench/tasks/473657/test.cpp:38: Failure
Expected equality of these values:
  SequenceAllignment(dna1, dna2)
    Which is: "GACGT"
  "ACGTG"

[  FAILED  ] SequenceAlignmentTest.CaseInsensitiveAlignment (0 ms)
[ RUN      ] SequenceAlignmentTest.InvalidCharactersIgnored
[       OK ] SequenceAlignmentTest.InvalidCharactersIgnored (0 ms)
[ RUN      ] SequenceAlignmentTest.NoCommonSubsequence
[       OK ] SequenceAlignmentTest.NoCommonSubsequence (0 ms)
[ RUN      ] SequenceAlignmentTest.IdenticalSequences
[       OK ] SequenceAlignmentTest.IdenticalSequences (0 ms)
[ RUN      ] SequenceAlignmentTest.SubsequenceCase
[       OK ] SequenceAlignmentTest.SubsequenceCase (0 ms)
[ RUN      ] SequenceAlignmentTest.MultiplePossibleSubsequencesAtSameIndex
/Users/ittehad/Documents/Coding/Python/Turing/Tester_cpp_codebench/tasks/473657/test.cpp:73: Failure
Expected equality of these values:
  SequenceAllignment(dna1, dna2)
    Which is: "ACGTA"
  "ACGTC"

[  FAILED  ] SequenceAlignmentTest.MultiplePossibleSubsequencesAtSameIndex (0 ms)
[----------] 10 tests from SequenceAlignmentTest (0 ms total)

[----------] Global test environment tear-down
[==========] 10 tests from 1 test suite ran. (0 ms total)
[  PASSED  ] 7 tests.
[  FAILED  ] 3 tests, listed below:
[  FAILED  ] SequenceAlignmentTest.MultiplePossibleSequences
[  FAILED  ] SequenceAlignmentTest.CaseInsensitiveAlignment
[  FAILED  ] SequenceAlignmentTest.MultiplePossibleSubsequencesAtSameIndex

 3 FAILED TESTS
<end of output>
Test time =   0.00 sec
----------------------------------------------------------
Test Failed.
"model9_tests" end time: Jan 31 22:23 +06
"model9_tests" time elapsed: 00:00:00
----------------------------------------------------------

End testing: Jan 31 22:23 +06
