Start testing: Jan 31 22:27 +06
----------------------------------------------------------
Unable to find executable: /Users/ittehad/Documents/Coding/Python/Turing/Tester_cpp_codebench/tasks/621205/build/incorrect_solution_tests
1/11 Testing: incorrect_solution_tests
1/11 Test: incorrect_solution_tests
Command: ""
Directory: /Users/ittehad/Documents/Coding/Python/Turing/Tester_cpp_codebench/tasks/621205/build
"incorrect_solution_tests" start time: 
Output:
----------------------------------------------------------
<end of output>
Test time =   0.00 sec
----------------------------------------------------------
Test Passed.
"incorrect_solution_tests" end time: Jan 31 22:27 +06
"incorrect_solution_tests" time elapsed: 00:00:00
----------------------------------------------------------

2/11 Testing: model1_tests
2/11 Test: model1_tests
Command: "/Users/ittehad/Documents/Coding/Python/Turing/Tester_cpp_codebench/tasks/621205/build/model1_tests"
Directory: /Users/ittehad/Documents/Coding/Python/Turing/Tester_cpp_codebench/tasks/621205/build
"model1_tests" start time: Jan 31 22:27 +06
Output:
----------------------------------------------------------
Running main() from /Users/ittehad/Documents/Coding/Python/Turing/Tester_cpp_codebench/tasks/621205/build/_deps/googletest-src/googletest/src/gtest_main.cc
[==========] Running 17 tests from 1 test suite.
[----------] Global test environment set-up.
[----------] 17 tests from LongestUniqueWeightedSubstrTest
[ RUN      ] LongestUniqueWeightedSubstrTest.SimpleUniqueCharacters
[       OK ] LongestUniqueWeightedSubstrTest.SimpleUniqueCharacters (0 ms)
[ RUN      ] LongestUniqueWeightedSubstrTest.AllCharactersSame
[       OK ] LongestUniqueWeightedSubstrTest.AllCharactersSame (0 ms)
[ RUN      ] LongestUniqueWeightedSubstrTest.MixedCaseCharacters
[       OK ] LongestUniqueWeightedSubstrTest.MixedCaseCharacters (0 ms)
[ RUN      ] LongestUniqueWeightedSubstrTest.NonAlphanumericIgnored
[       OK ] LongestUniqueWeightedSubstrTest.NonAlphanumericIgnored (0 ms)
[ RUN      ] LongestUniqueWeightedSubstrTest.AllUniqueAlphabet
[       OK ] LongestUniqueWeightedSubstrTest.AllUniqueAlphabet (0 ms)
[ RUN      ] LongestUniqueWeightedSubstrTest.RepeatedBlocksOfCharacters
[       OK ] LongestUniqueWeightedSubstrTest.RepeatedBlocksOfCharacters (0 ms)
[ RUN      ] LongestUniqueWeightedSubstrTest.IncreasingWeightsWithUniqueCharacters
[       OK ] LongestUniqueWeightedSubstrTest.IncreasingWeightsWithUniqueCharacters (0 ms)
[ RUN      ] LongestUniqueWeightedSubstrTest.AlphanumericCharactersWithWeights
[       OK ] LongestUniqueWeightedSubstrTest.AlphanumericCharactersWithWeights (0 ms)
[ RUN      ] LongestUniqueWeightedSubstrTest.MixedCharactersWithWeights
[       OK ] LongestUniqueWeightedSubstrTest.MixedCharactersWithWeights (0 ms)
[ RUN      ] LongestUniqueWeightedSubstrTest.RepeatedCharactersIgnored
[       OK ] LongestUniqueWeightedSubstrTest.RepeatedCharactersIgnored (0 ms)
[ RUN      ] LongestUniqueWeightedSubstrTest.EmptyString
[       OK ] LongestUniqueWeightedSubstrTest.EmptyString (0 ms)
[ RUN      ] LongestUniqueWeightedSubstrTest.UniqueCharactersEqualWeights
[       OK ] LongestUniqueWeightedSubstrTest.UniqueCharactersEqualWeights (0 ms)
[ RUN      ] LongestUniqueWeightedSubstrTest.RepeatingPattern
[       OK ] LongestUniqueWeightedSubstrTest.RepeatingPattern (0 ms)
[ RUN      ] LongestUniqueWeightedSubstrTest.SingleCharacterZeroWeight
[       OK ] LongestUniqueWeightedSubstrTest.SingleCharacterZeroWeight (0 ms)
[ RUN      ] LongestUniqueWeightedSubstrTest.SingleCharacterNonZeroWeight
[       OK ] LongestUniqueWeightedSubstrTest.SingleCharacterNonZeroWeight (0 ms)
[ RUN      ] LongestUniqueWeightedSubstrTest.ExtraWeightsNonExistentCharacters
[       OK ] LongestUniqueWeightedSubstrTest.ExtraWeightsNonExistentCharacters (0 ms)
[ RUN      ] LongestUniqueWeightedSubstrTest.InvalidWeightNonAlphanumeric
[       OK ] LongestUniqueWeightedSubstrTest.InvalidWeightNonAlphanumeric (0 ms)
[----------] 17 tests from LongestUniqueWeightedSubstrTest (0 ms total)

[----------] Global test environment tear-down
[==========] 17 tests from 1 test suite ran. (0 ms total)
[  PASSED  ] 17 tests.
<end of output>
Test time =   0.00 sec
----------------------------------------------------------
Test Passed.
"model1_tests" end time: Jan 31 22:27 +06
"model1_tests" time elapsed: 00:00:00
----------------------------------------------------------

3/11 Testing: model10_tests
3/11 Test: model10_tests
Command: "/Users/ittehad/Documents/Coding/Python/Turing/Tester_cpp_codebench/tasks/621205/build/model10_tests"
Directory: /Users/ittehad/Documents/Coding/Python/Turing/Tester_cpp_codebench/tasks/621205/build
"model10_tests" start time: Jan 31 22:27 +06
Output:
----------------------------------------------------------
Running main() from /Users/ittehad/Documents/Coding/Python/Turing/Tester_cpp_codebench/tasks/621205/build/_deps/googletest-src/googletest/src/gtest_main.cc
[==========] Running 17 tests from 1 test suite.
[----------] Global test environment set-up.
[----------] 17 tests from LongestUniqueWeightedSubstrTest
[ RUN      ] LongestUniqueWeightedSubstrTest.SimpleUniqueCharacters
[       OK ] LongestUniqueWeightedSubstrTest.SimpleUniqueCharacters (0 ms)
[ RUN      ] LongestUniqueWeightedSubstrTest.AllCharactersSame
[       OK ] LongestUniqueWeightedSubstrTest.AllCharactersSame (0 ms)
[ RUN      ] LongestUniqueWeightedSubstrTest.MixedCaseCharacters
[       OK ] LongestUniqueWeightedSubstrTest.MixedCaseCharacters (0 ms)
[ RUN      ] LongestUniqueWeightedSubstrTest.NonAlphanumericIgnored
[       OK ] LongestUniqueWeightedSubstrTest.NonAlphanumericIgnored (0 ms)
[ RUN      ] LongestUniqueWeightedSubstrTest.AllUniqueAlphabet
[       OK ] LongestUniqueWeightedSubstrTest.AllUniqueAlphabet (0 ms)
[ RUN      ] LongestUniqueWeightedSubstrTest.RepeatedBlocksOfCharacters
[       OK ] LongestUniqueWeightedSubstrTest.RepeatedBlocksOfCharacters (0 ms)
[ RUN      ] LongestUniqueWeightedSubstrTest.IncreasingWeightsWithUniqueCharacters
[       OK ] LongestUniqueWeightedSubstrTest.IncreasingWeightsWithUniqueCharacters (0 ms)
[ RUN      ] LongestUniqueWeightedSubstrTest.AlphanumericCharactersWithWeights
[       OK ] LongestUniqueWeightedSubstrTest.AlphanumericCharactersWithWeights (0 ms)
[ RUN      ] LongestUniqueWeightedSubstrTest.MixedCharactersWithWeights
[       OK ] LongestUniqueWeightedSubstrTest.MixedCharactersWithWeights (0 ms)
[ RUN      ] LongestUniqueWeightedSubstrTest.RepeatedCharactersIgnored
[       OK ] LongestUniqueWeightedSubstrTest.RepeatedCharactersIgnored (0 ms)
[ RUN      ] LongestUniqueWeightedSubstrTest.EmptyString
[       OK ] LongestUniqueWeightedSubstrTest.EmptyString (0 ms)
[ RUN      ] LongestUniqueWeightedSubstrTest.UniqueCharactersEqualWeights
[       OK ] LongestUniqueWeightedSubstrTest.UniqueCharactersEqualWeights (0 ms)
[ RUN      ] LongestUniqueWeightedSubstrTest.RepeatingPattern
[       OK ] LongestUniqueWeightedSubstrTest.RepeatingPattern (0 ms)
[ RUN      ] LongestUniqueWeightedSubstrTest.SingleCharacterZeroWeight
[       OK ] LongestUniqueWeightedSubstrTest.SingleCharacterZeroWeight (0 ms)
[ RUN      ] LongestUniqueWeightedSubstrTest.SingleCharacterNonZeroWeight
[       OK ] LongestUniqueWeightedSubstrTest.SingleCharacterNonZeroWeight (0 ms)
[ RUN      ] LongestUniqueWeightedSubstrTest.ExtraWeightsNonExistentCharacters
[       OK ] LongestUniqueWeightedSubstrTest.ExtraWeightsNonExistentCharacters (0 ms)
[ RUN      ] LongestUniqueWeightedSubstrTest.InvalidWeightNonAlphanumeric
[       OK ] LongestUniqueWeightedSubstrTest.InvalidWeightNonAlphanumeric (0 ms)
[----------] 17 tests from LongestUniqueWeightedSubstrTest (0 ms total)

[----------] Global test environment tear-down
[==========] 17 tests from 1 test suite ran. (0 ms total)
[  PASSED  ] 17 tests.
<end of output>
Test time =   0.00 sec
----------------------------------------------------------
Test Passed.
"model10_tests" end time: Jan 31 22:27 +06
"model10_tests" time elapsed: 00:00:00
----------------------------------------------------------

4/11 Testing: model2_tests
4/11 Test: model2_tests
Command: "/Users/ittehad/Documents/Coding/Python/Turing/Tester_cpp_codebench/tasks/621205/build/model2_tests"
Directory: /Users/ittehad/Documents/Coding/Python/Turing/Tester_cpp_codebench/tasks/621205/build
"model2_tests" start time: Jan 31 22:27 +06
Output:
----------------------------------------------------------
Running main() from /Users/ittehad/Documents/Coding/Python/Turing/Tester_cpp_codebench/tasks/621205/build/_deps/googletest-src/googletest/src/gtest_main.cc
[==========] Running 17 tests from 1 test suite.
[----------] Global test environment set-up.
[----------] 17 tests from LongestUniqueWeightedSubstrTest
[ RUN      ] LongestUniqueWeightedSubstrTest.SimpleUniqueCharacters
[       OK ] LongestUniqueWeightedSubstrTest.SimpleUniqueCharacters (0 ms)
[ RUN      ] LongestUniqueWeightedSubstrTest.AllCharactersSame
[       OK ] LongestUniqueWeightedSubstrTest.AllCharactersSame (0 ms)
[ RUN      ] LongestUniqueWeightedSubstrTest.MixedCaseCharacters
[       OK ] LongestUniqueWeightedSubstrTest.MixedCaseCharacters (0 ms)
[ RUN      ] LongestUniqueWeightedSubstrTest.NonAlphanumericIgnored
[       OK ] LongestUniqueWeightedSubstrTest.NonAlphanumericIgnored (0 ms)
[ RUN      ] LongestUniqueWeightedSubstrTest.AllUniqueAlphabet
[       OK ] LongestUniqueWeightedSubstrTest.AllUniqueAlphabet (0 ms)
[ RUN      ] LongestUniqueWeightedSubstrTest.RepeatedBlocksOfCharacters
[       OK ] LongestUniqueWeightedSubstrTest.RepeatedBlocksOfCharacters (0 ms)
[ RUN      ] LongestUniqueWeightedSubstrTest.IncreasingWeightsWithUniqueCharacters
[       OK ] LongestUniqueWeightedSubstrTest.IncreasingWeightsWithUniqueCharacters (0 ms)
[ RUN      ] LongestUniqueWeightedSubstrTest.AlphanumericCharactersWithWeights
[       OK ] LongestUniqueWeightedSubstrTest.AlphanumericCharactersWithWeights (0 ms)
[ RUN      ] LongestUniqueWeightedSubstrTest.MixedCharactersWithWeights
[       OK ] LongestUniqueWeightedSubstrTest.MixedCharactersWithWeights (0 ms)
[ RUN      ] LongestUniqueWeightedSubstrTest.RepeatedCharactersIgnored
[       OK ] LongestUniqueWeightedSubstrTest.RepeatedCharactersIgnored (0 ms)
[ RUN      ] LongestUniqueWeightedSubstrTest.EmptyString
[       OK ] LongestUniqueWeightedSubstrTest.EmptyString (0 ms)
[ RUN      ] LongestUniqueWeightedSubstrTest.UniqueCharactersEqualWeights
[       OK ] LongestUniqueWeightedSubstrTest.UniqueCharactersEqualWeights (0 ms)
[ RUN      ] LongestUniqueWeightedSubstrTest.RepeatingPattern
[       OK ] LongestUniqueWeightedSubstrTest.RepeatingPattern (0 ms)
[ RUN      ] LongestUniqueWeightedSubstrTest.SingleCharacterZeroWeight
[       OK ] LongestUniqueWeightedSubstrTest.SingleCharacterZeroWeight (0 ms)
[ RUN      ] LongestUniqueWeightedSubstrTest.SingleCharacterNonZeroWeight
[       OK ] LongestUniqueWeightedSubstrTest.SingleCharacterNonZeroWeight (0 ms)
[ RUN      ] LongestUniqueWeightedSubstrTest.ExtraWeightsNonExistentCharacters
[       OK ] LongestUniqueWeightedSubstrTest.ExtraWeightsNonExistentCharacters (0 ms)
[ RUN      ] LongestUniqueWeightedSubstrTest.InvalidWeightNonAlphanumeric
/Users/ittehad/Documents/Coding/Python/Turing/Tester_cpp_codebench/tasks/621205/test.cpp:129: Failure
Expected equality of these values:
  longestUniqueSubstr(input, weights)
    Which is: 1
  expected
    Which is: 0

[  FAILED  ] LongestUniqueWeightedSubstrTest.InvalidWeightNonAlphanumeric (0 ms)
[----------] 17 tests from LongestUniqueWeightedSubstrTest (0 ms total)

[----------] Global test environment tear-down
[==========] 17 tests from 1 test suite ran. (0 ms total)
[  PASSED  ] 16 tests.
[  FAILED  ] 1 test, listed below:
[  FAILED  ] LongestUniqueWeightedSubstrTest.InvalidWeightNonAlphanumeric

 1 FAILED TEST
<end of output>
Test time =   0.00 sec
----------------------------------------------------------
Test Failed.
"model2_tests" end time: Jan 31 22:27 +06
"model2_tests" time elapsed: 00:00:00
----------------------------------------------------------

5/11 Testing: model3_tests
5/11 Test: model3_tests
Command: "/Users/ittehad/Documents/Coding/Python/Turing/Tester_cpp_codebench/tasks/621205/build/model3_tests"
Directory: /Users/ittehad/Documents/Coding/Python/Turing/Tester_cpp_codebench/tasks/621205/build
"model3_tests" start time: Jan 31 22:27 +06
Output:
----------------------------------------------------------
Running main() from /Users/ittehad/Documents/Coding/Python/Turing/Tester_cpp_codebench/tasks/621205/build/_deps/googletest-src/googletest/src/gtest_main.cc
[==========] Running 17 tests from 1 test suite.
[----------] Global test environment set-up.
[----------] 17 tests from LongestUniqueWeightedSubstrTest
[ RUN      ] LongestUniqueWeightedSubstrTest.SimpleUniqueCharacters
[       OK ] LongestUniqueWeightedSubstrTest.SimpleUniqueCharacters (0 ms)
[ RUN      ] LongestUniqueWeightedSubstrTest.AllCharactersSame
[       OK ] LongestUniqueWeightedSubstrTest.AllCharactersSame (0 ms)
[ RUN      ] LongestUniqueWeightedSubstrTest.MixedCaseCharacters
[       OK ] LongestUniqueWeightedSubstrTest.MixedCaseCharacters (0 ms)
[ RUN      ] LongestUniqueWeightedSubstrTest.NonAlphanumericIgnored
[       OK ] LongestUniqueWeightedSubstrTest.NonAlphanumericIgnored (0 ms)
[ RUN      ] LongestUniqueWeightedSubstrTest.AllUniqueAlphabet
[       OK ] LongestUniqueWeightedSubstrTest.AllUniqueAlphabet (0 ms)
[ RUN      ] LongestUniqueWeightedSubstrTest.RepeatedBlocksOfCharacters
[       OK ] LongestUniqueWeightedSubstrTest.RepeatedBlocksOfCharacters (0 ms)
[ RUN      ] LongestUniqueWeightedSubstrTest.IncreasingWeightsWithUniqueCharacters
[       OK ] LongestUniqueWeightedSubstrTest.IncreasingWeightsWithUniqueCharacters (0 ms)
[ RUN      ] LongestUniqueWeightedSubstrTest.AlphanumericCharactersWithWeights
[       OK ] LongestUniqueWeightedSubstrTest.AlphanumericCharactersWithWeights (0 ms)
[ RUN      ] LongestUniqueWeightedSubstrTest.MixedCharactersWithWeights
[       OK ] LongestUniqueWeightedSubstrTest.MixedCharactersWithWeights (0 ms)
[ RUN      ] LongestUniqueWeightedSubstrTest.RepeatedCharactersIgnored
[       OK ] LongestUniqueWeightedSubstrTest.RepeatedCharactersIgnored (0 ms)
[ RUN      ] LongestUniqueWeightedSubstrTest.EmptyString
[       OK ] LongestUniqueWeightedSubstrTest.EmptyString (0 ms)
[ RUN      ] LongestUniqueWeightedSubstrTest.UniqueCharactersEqualWeights
[       OK ] LongestUniqueWeightedSubstrTest.UniqueCharactersEqualWeights (0 ms)
[ RUN      ] LongestUniqueWeightedSubstrTest.RepeatingPattern
[       OK ] LongestUniqueWeightedSubstrTest.RepeatingPattern (0 ms)
[ RUN      ] LongestUniqueWeightedSubstrTest.SingleCharacterZeroWeight
[       OK ] LongestUniqueWeightedSubstrTest.SingleCharacterZeroWeight (0 ms)
[ RUN      ] LongestUniqueWeightedSubstrTest.SingleCharacterNonZeroWeight
[       OK ] LongestUniqueWeightedSubstrTest.SingleCharacterNonZeroWeight (0 ms)
[ RUN      ] LongestUniqueWeightedSubstrTest.ExtraWeightsNonExistentCharacters
[       OK ] LongestUniqueWeightedSubstrTest.ExtraWeightsNonExistentCharacters (0 ms)
[ RUN      ] LongestUniqueWeightedSubstrTest.InvalidWeightNonAlphanumeric
/Users/ittehad/Documents/Coding/Python/Turing/Tester_cpp_codebench/tasks/621205/test.cpp:129: Failure
Expected equality of these values:
  longestUniqueSubstr(input, weights)
    Which is: 1
  expected
    Which is: 0

[  FAILED  ] LongestUniqueWeightedSubstrTest.InvalidWeightNonAlphanumeric (0 ms)
[----------] 17 tests from LongestUniqueWeightedSubstrTest (0 ms total)

[----------] Global test environment tear-down
[==========] 17 tests from 1 test suite ran. (0 ms total)
[  PASSED  ] 16 tests.
[  FAILED  ] 1 test, listed below:
[  FAILED  ] LongestUniqueWeightedSubstrTest.InvalidWeightNonAlphanumeric

 1 FAILED TEST
<end of output>
Test time =   0.00 sec
----------------------------------------------------------
Test Failed.
"model3_tests" end time: Jan 31 22:27 +06
"model3_tests" time elapsed: 00:00:00
----------------------------------------------------------

6/11 Testing: model4_tests
6/11 Test: model4_tests
Command: "/Users/ittehad/Documents/Coding/Python/Turing/Tester_cpp_codebench/tasks/621205/build/model4_tests"
Directory: /Users/ittehad/Documents/Coding/Python/Turing/Tester_cpp_codebench/tasks/621205/build
"model4_tests" start time: Jan 31 22:27 +06
Output:
----------------------------------------------------------
Running main() from /Users/ittehad/Documents/Coding/Python/Turing/Tester_cpp_codebench/tasks/621205/build/_deps/googletest-src/googletest/src/gtest_main.cc
[==========] Running 17 tests from 1 test suite.
[----------] Global test environment set-up.
[----------] 17 tests from LongestUniqueWeightedSubstrTest
[ RUN      ] LongestUniqueWeightedSubstrTest.SimpleUniqueCharacters
[       OK ] LongestUniqueWeightedSubstrTest.SimpleUniqueCharacters (0 ms)
[ RUN      ] LongestUniqueWeightedSubstrTest.AllCharactersSame
[       OK ] LongestUniqueWeightedSubstrTest.AllCharactersSame (0 ms)
[ RUN      ] LongestUniqueWeightedSubstrTest.MixedCaseCharacters
[       OK ] LongestUniqueWeightedSubstrTest.MixedCaseCharacters (0 ms)
[ RUN      ] LongestUniqueWeightedSubstrTest.NonAlphanumericIgnored
/Users/ittehad/Documents/Coding/Python/Turing/Tester_cpp_codebench/tasks/621205/test.cpp:33: Failure
Expected equality of these values:
  longestUniqueSubstr(input, weights)
    Which is: 11
  expected
    Which is: 7

[  FAILED  ] LongestUniqueWeightedSubstrTest.NonAlphanumericIgnored (0 ms)
[ RUN      ] LongestUniqueWeightedSubstrTest.AllUniqueAlphabet
[       OK ] LongestUniqueWeightedSubstrTest.AllUniqueAlphabet (0 ms)
[ RUN      ] LongestUniqueWeightedSubstrTest.RepeatedBlocksOfCharacters
[       OK ] LongestUniqueWeightedSubstrTest.RepeatedBlocksOfCharacters (0 ms)
[ RUN      ] LongestUniqueWeightedSubstrTest.IncreasingWeightsWithUniqueCharacters
[       OK ] LongestUniqueWeightedSubstrTest.IncreasingWeightsWithUniqueCharacters (0 ms)
[ RUN      ] LongestUniqueWeightedSubstrTest.AlphanumericCharactersWithWeights
[       OK ] LongestUniqueWeightedSubstrTest.AlphanumericCharactersWithWeights (0 ms)
[ RUN      ] LongestUniqueWeightedSubstrTest.MixedCharactersWithWeights
/Users/ittehad/Documents/Coding/Python/Turing/Tester_cpp_codebench/tasks/621205/test.cpp:73: Failure
Expected equality of these values:
  longestUniqueSubstr(input, weights)
    Which is: 19
  expected
    Which is: 14

[  FAILED  ] LongestUniqueWeightedSubstrTest.MixedCharactersWithWeights (0 ms)
[ RUN      ] LongestUniqueWeightedSubstrTest.RepeatedCharactersIgnored
/Users/ittehad/Documents/Coding/Python/Turing/Tester_cpp_codebench/tasks/621205/test.cpp:80: Failure
Expected equality of these values:
  longestUniqueSubstr(input, weights)
    Which is: 9
  expected
    Which is: 6

[  FAILED  ] LongestUniqueWeightedSubstrTest.RepeatedCharactersIgnored (0 ms)
[ RUN      ] LongestUniqueWeightedSubstrTest.EmptyString
[       OK ] LongestUniqueWeightedSubstrTest.EmptyString (0 ms)
[ RUN      ] LongestUniqueWeightedSubstrTest.UniqueCharactersEqualWeights
[       OK ] LongestUniqueWeightedSubstrTest.UniqueCharactersEqualWeights (0 ms)
[ RUN      ] LongestUniqueWeightedSubstrTest.RepeatingPattern
[       OK ] LongestUniqueWeightedSubstrTest.RepeatingPattern (0 ms)
[ RUN      ] LongestUniqueWeightedSubstrTest.SingleCharacterZeroWeight
[       OK ] LongestUniqueWeightedSubstrTest.SingleCharacterZeroWeight (0 ms)
[ RUN      ] LongestUniqueWeightedSubstrTest.SingleCharacterNonZeroWeight
[       OK ] LongestUniqueWeightedSubstrTest.SingleCharacterNonZeroWeight (0 ms)
[ RUN      ] LongestUniqueWeightedSubstrTest.ExtraWeightsNonExistentCharacters
[       OK ] LongestUniqueWeightedSubstrTest.ExtraWeightsNonExistentCharacters (0 ms)
[ RUN      ] LongestUniqueWeightedSubstrTest.InvalidWeightNonAlphanumeric
/Users/ittehad/Documents/Coding/Python/Turing/Tester_cpp_codebench/tasks/621205/test.cpp:129: Failure
Expected equality of these values:
  longestUniqueSubstr(input, weights)
    Which is: 1
  expected
    Which is: 0

[  FAILED  ] LongestUniqueWeightedSubstrTest.InvalidWeightNonAlphanumeric (0 ms)
[----------] 17 tests from LongestUniqueWeightedSubstrTest (0 ms total)

[----------] Global test environment tear-down
[==========] 17 tests from 1 test suite ran. (0 ms total)
[  PASSED  ] 13 tests.
[  FAILED  ] 4 tests, listed below:
[  FAILED  ] LongestUniqueWeightedSubstrTest.NonAlphanumericIgnored
[  FAILED  ] LongestUniqueWeightedSubstrTest.MixedCharactersWithWeights
[  FAILED  ] LongestUniqueWeightedSubstrTest.RepeatedCharactersIgnored
[  FAILED  ] LongestUniqueWeightedSubstrTest.InvalidWeightNonAlphanumeric

 4 FAILED TESTS
<end of output>
Test time =   0.00 sec
----------------------------------------------------------
Test Failed.
"model4_tests" end time: Jan 31 22:27 +06
"model4_tests" time elapsed: 00:00:00
----------------------------------------------------------

7/11 Testing: model5_tests
7/11 Test: model5_tests
Command: "/Users/ittehad/Documents/Coding/Python/Turing/Tester_cpp_codebench/tasks/621205/build/model5_tests"
Directory: /Users/ittehad/Documents/Coding/Python/Turing/Tester_cpp_codebench/tasks/621205/build
"model5_tests" start time: Jan 31 22:27 +06
Output:
----------------------------------------------------------
Running main() from /Users/ittehad/Documents/Coding/Python/Turing/Tester_cpp_codebench/tasks/621205/build/_deps/googletest-src/googletest/src/gtest_main.cc
[==========] Running 17 tests from 1 test suite.
[----------] Global test environment set-up.
[----------] 17 tests from LongestUniqueWeightedSubstrTest
[ RUN      ] LongestUniqueWeightedSubstrTest.SimpleUniqueCharacters
[       OK ] LongestUniqueWeightedSubstrTest.SimpleUniqueCharacters (0 ms)
[ RUN      ] LongestUniqueWeightedSubstrTest.AllCharactersSame
[       OK ] LongestUniqueWeightedSubstrTest.AllCharactersSame (0 ms)
[ RUN      ] LongestUniqueWeightedSubstrTest.MixedCaseCharacters
[       OK ] LongestUniqueWeightedSubstrTest.MixedCaseCharacters (0 ms)
[ RUN      ] LongestUniqueWeightedSubstrTest.NonAlphanumericIgnored
[       OK ] LongestUniqueWeightedSubstrTest.NonAlphanumericIgnored (0 ms)
[ RUN      ] LongestUniqueWeightedSubstrTest.AllUniqueAlphabet
[       OK ] LongestUniqueWeightedSubstrTest.AllUniqueAlphabet (0 ms)
[ RUN      ] LongestUniqueWeightedSubstrTest.RepeatedBlocksOfCharacters
[       OK ] LongestUniqueWeightedSubstrTest.RepeatedBlocksOfCharacters (0 ms)
[ RUN      ] LongestUniqueWeightedSubstrTest.IncreasingWeightsWithUniqueCharacters
[       OK ] LongestUniqueWeightedSubstrTest.IncreasingWeightsWithUniqueCharacters (0 ms)
[ RUN      ] LongestUniqueWeightedSubstrTest.AlphanumericCharactersWithWeights
[       OK ] LongestUniqueWeightedSubstrTest.AlphanumericCharactersWithWeights (0 ms)
[ RUN      ] LongestUniqueWeightedSubstrTest.MixedCharactersWithWeights
[       OK ] LongestUniqueWeightedSubstrTest.MixedCharactersWithWeights (0 ms)
[ RUN      ] LongestUniqueWeightedSubstrTest.RepeatedCharactersIgnored
[       OK ] LongestUniqueWeightedSubstrTest.RepeatedCharactersIgnored (0 ms)
[ RUN      ] LongestUniqueWeightedSubstrTest.EmptyString
[       OK ] LongestUniqueWeightedSubstrTest.EmptyString (0 ms)
[ RUN      ] LongestUniqueWeightedSubstrTest.UniqueCharactersEqualWeights
[       OK ] LongestUniqueWeightedSubstrTest.UniqueCharactersEqualWeights (0 ms)
[ RUN      ] LongestUniqueWeightedSubstrTest.RepeatingPattern
[       OK ] LongestUniqueWeightedSubstrTest.RepeatingPattern (0 ms)
[ RUN      ] LongestUniqueWeightedSubstrTest.SingleCharacterZeroWeight
[       OK ] LongestUniqueWeightedSubstrTest.SingleCharacterZeroWeight (0 ms)
[ RUN      ] LongestUniqueWeightedSubstrTest.SingleCharacterNonZeroWeight
[       OK ] LongestUniqueWeightedSubstrTest.SingleCharacterNonZeroWeight (0 ms)
[ RUN      ] LongestUniqueWeightedSubstrTest.ExtraWeightsNonExistentCharacters
[       OK ] LongestUniqueWeightedSubstrTest.ExtraWeightsNonExistentCharacters (0 ms)
[ RUN      ] LongestUniqueWeightedSubstrTest.InvalidWeightNonAlphanumeric
/Users/ittehad/Documents/Coding/Python/Turing/Tester_cpp_codebench/tasks/621205/test.cpp:129: Failure
Expected equality of these values:
  longestUniqueSubstr(input, weights)
    Which is: 1
  expected
    Which is: 0

[  FAILED  ] LongestUniqueWeightedSubstrTest.InvalidWeightNonAlphanumeric (0 ms)
[----------] 17 tests from LongestUniqueWeightedSubstrTest (0 ms total)

[----------] Global test environment tear-down
[==========] 17 tests from 1 test suite ran. (0 ms total)
[  PASSED  ] 16 tests.
[  FAILED  ] 1 test, listed below:
[  FAILED  ] LongestUniqueWeightedSubstrTest.InvalidWeightNonAlphanumeric

 1 FAILED TEST
<end of output>
Test time =   0.00 sec
----------------------------------------------------------
Test Failed.
"model5_tests" end time: Jan 31 22:27 +06
"model5_tests" time elapsed: 00:00:00
----------------------------------------------------------

8/11 Testing: model6_tests
8/11 Test: model6_tests
Command: "/Users/ittehad/Documents/Coding/Python/Turing/Tester_cpp_codebench/tasks/621205/build/model6_tests"
Directory: /Users/ittehad/Documents/Coding/Python/Turing/Tester_cpp_codebench/tasks/621205/build
"model6_tests" start time: Jan 31 22:27 +06
Output:
----------------------------------------------------------
Running main() from /Users/ittehad/Documents/Coding/Python/Turing/Tester_cpp_codebench/tasks/621205/build/_deps/googletest-src/googletest/src/gtest_main.cc
[==========] Running 17 tests from 1 test suite.
[----------] Global test environment set-up.
[----------] 17 tests from LongestUniqueWeightedSubstrTest
[ RUN      ] LongestUniqueWeightedSubstrTest.SimpleUniqueCharacters
[       OK ] LongestUniqueWeightedSubstrTest.SimpleUniqueCharacters (0 ms)
[ RUN      ] LongestUniqueWeightedSubstrTest.AllCharactersSame
[       OK ] LongestUniqueWeightedSubstrTest.AllCharactersSame (0 ms)
[ RUN      ] LongestUniqueWeightedSubstrTest.MixedCaseCharacters
[       OK ] LongestUniqueWeightedSubstrTest.MixedCaseCharacters (0 ms)
[ RUN      ] LongestUniqueWeightedSubstrTest.NonAlphanumericIgnored
[       OK ] LongestUniqueWeightedSubstrTest.NonAlphanumericIgnored (0 ms)
[ RUN      ] LongestUniqueWeightedSubstrTest.AllUniqueAlphabet
[       OK ] LongestUniqueWeightedSubstrTest.AllUniqueAlphabet (0 ms)
[ RUN      ] LongestUniqueWeightedSubstrTest.RepeatedBlocksOfCharacters
[       OK ] LongestUniqueWeightedSubstrTest.RepeatedBlocksOfCharacters (0 ms)
[ RUN      ] LongestUniqueWeightedSubstrTest.IncreasingWeightsWithUniqueCharacters
[       OK ] LongestUniqueWeightedSubstrTest.IncreasingWeightsWithUniqueCharacters (0 ms)
[ RUN      ] LongestUniqueWeightedSubstrTest.AlphanumericCharactersWithWeights
[       OK ] LongestUniqueWeightedSubstrTest.AlphanumericCharactersWithWeights (0 ms)
[ RUN      ] LongestUniqueWeightedSubstrTest.MixedCharactersWithWeights
[       OK ] LongestUniqueWeightedSubstrTest.MixedCharactersWithWeights (0 ms)
[ RUN      ] LongestUniqueWeightedSubstrTest.RepeatedCharactersIgnored
[       OK ] LongestUniqueWeightedSubstrTest.RepeatedCharactersIgnored (0 ms)
[ RUN      ] LongestUniqueWeightedSubstrTest.EmptyString
[       OK ] LongestUniqueWeightedSubstrTest.EmptyString (0 ms)
[ RUN      ] LongestUniqueWeightedSubstrTest.UniqueCharactersEqualWeights
[       OK ] LongestUniqueWeightedSubstrTest.UniqueCharactersEqualWeights (0 ms)
[ RUN      ] LongestUniqueWeightedSubstrTest.RepeatingPattern
[       OK ] LongestUniqueWeightedSubstrTest.RepeatingPattern (0 ms)
[ RUN      ] LongestUniqueWeightedSubstrTest.SingleCharacterZeroWeight
[       OK ] LongestUniqueWeightedSubstrTest.SingleCharacterZeroWeight (0 ms)
[ RUN      ] LongestUniqueWeightedSubstrTest.SingleCharacterNonZeroWeight
[       OK ] LongestUniqueWeightedSubstrTest.SingleCharacterNonZeroWeight (0 ms)
[ RUN      ] LongestUniqueWeightedSubstrTest.ExtraWeightsNonExistentCharacters
[       OK ] LongestUniqueWeightedSubstrTest.ExtraWeightsNonExistentCharacters (0 ms)
[ RUN      ] LongestUniqueWeightedSubstrTest.InvalidWeightNonAlphanumeric
/Users/ittehad/Documents/Coding/Python/Turing/Tester_cpp_codebench/tasks/621205/test.cpp:129: Failure
Expected equality of these values:
  longestUniqueSubstr(input, weights)
    Which is: 1
  expected
    Which is: 0

[  FAILED  ] LongestUniqueWeightedSubstrTest.InvalidWeightNonAlphanumeric (0 ms)
[----------] 17 tests from LongestUniqueWeightedSubstrTest (0 ms total)

[----------] Global test environment tear-down
[==========] 17 tests from 1 test suite ran. (0 ms total)
[  PASSED  ] 16 tests.
[  FAILED  ] 1 test, listed below:
[  FAILED  ] LongestUniqueWeightedSubstrTest.InvalidWeightNonAlphanumeric

 1 FAILED TEST
<end of output>
Test time =   0.00 sec
----------------------------------------------------------
Test Failed.
"model6_tests" end time: Jan 31 22:27 +06
"model6_tests" time elapsed: 00:00:00
----------------------------------------------------------

9/11 Testing: model7_tests
9/11 Test: model7_tests
Command: "/Users/ittehad/Documents/Coding/Python/Turing/Tester_cpp_codebench/tasks/621205/build/model7_tests"
Directory: /Users/ittehad/Documents/Coding/Python/Turing/Tester_cpp_codebench/tasks/621205/build
"model7_tests" start time: Jan 31 22:27 +06
Output:
----------------------------------------------------------
Running main() from /Users/ittehad/Documents/Coding/Python/Turing/Tester_cpp_codebench/tasks/621205/build/_deps/googletest-src/googletest/src/gtest_main.cc
[==========] Running 17 tests from 1 test suite.
[----------] Global test environment set-up.
[----------] 17 tests from LongestUniqueWeightedSubstrTest
[ RUN      ] LongestUniqueWeightedSubstrTest.SimpleUniqueCharacters
[       OK ] LongestUniqueWeightedSubstrTest.SimpleUniqueCharacters (0 ms)
[ RUN      ] LongestUniqueWeightedSubstrTest.AllCharactersSame
[       OK ] LongestUniqueWeightedSubstrTest.AllCharactersSame (0 ms)
[ RUN      ] LongestUniqueWeightedSubstrTest.MixedCaseCharacters
/Users/ittehad/Documents/Coding/Python/Turing/Tester_cpp_codebench/tasks/621205/test.cpp:26: Failure
Expected equality of these values:
  longestUniqueSubstr(input, weights)
    Which is: 6
  expected
    Which is: 9

[  FAILED  ] LongestUniqueWeightedSubstrTest.MixedCaseCharacters (0 ms)
[ RUN      ] LongestUniqueWeightedSubstrTest.NonAlphanumericIgnored
[       OK ] LongestUniqueWeightedSubstrTest.NonAlphanumericIgnored (0 ms)
[ RUN      ] LongestUniqueWeightedSubstrTest.AllUniqueAlphabet
[       OK ] LongestUniqueWeightedSubstrTest.AllUniqueAlphabet (0 ms)
[ RUN      ] LongestUniqueWeightedSubstrTest.RepeatedBlocksOfCharacters
[       OK ] LongestUniqueWeightedSubstrTest.RepeatedBlocksOfCharacters (0 ms)
[ RUN      ] LongestUniqueWeightedSubstrTest.IncreasingWeightsWithUniqueCharacters
[       OK ] LongestUniqueWeightedSubstrTest.IncreasingWeightsWithUniqueCharacters (0 ms)
[ RUN      ] LongestUniqueWeightedSubstrTest.AlphanumericCharactersWithWeights
[       OK ] LongestUniqueWeightedSubstrTest.AlphanumericCharactersWithWeights (0 ms)
[ RUN      ] LongestUniqueWeightedSubstrTest.MixedCharactersWithWeights
[       OK ] LongestUniqueWeightedSubstrTest.MixedCharactersWithWeights (0 ms)
[ RUN      ] LongestUniqueWeightedSubstrTest.RepeatedCharactersIgnored
[       OK ] LongestUniqueWeightedSubstrTest.RepeatedCharactersIgnored (0 ms)
[ RUN      ] LongestUniqueWeightedSubstrTest.EmptyString
[       OK ] LongestUniqueWeightedSubstrTest.EmptyString (0 ms)
[ RUN      ] LongestUniqueWeightedSubstrTest.UniqueCharactersEqualWeights
[       OK ] LongestUniqueWeightedSubstrTest.UniqueCharactersEqualWeights (0 ms)
[ RUN      ] LongestUniqueWeightedSubstrTest.RepeatingPattern
[       OK ] LongestUniqueWeightedSubstrTest.RepeatingPattern (0 ms)
[ RUN      ] LongestUniqueWeightedSubstrTest.SingleCharacterZeroWeight
[       OK ] LongestUniqueWeightedSubstrTest.SingleCharacterZeroWeight (0 ms)
[ RUN      ] LongestUniqueWeightedSubstrTest.SingleCharacterNonZeroWeight
[       OK ] LongestUniqueWeightedSubstrTest.SingleCharacterNonZeroWeight (0 ms)
[ RUN      ] LongestUniqueWeightedSubstrTest.ExtraWeightsNonExistentCharacters
[       OK ] LongestUniqueWeightedSubstrTest.ExtraWeightsNonExistentCharacters (0 ms)
[ RUN      ] LongestUniqueWeightedSubstrTest.InvalidWeightNonAlphanumeric
/Users/ittehad/Documents/Coding/Python/Turing/Tester_cpp_codebench/tasks/621205/test.cpp:129: Failure
Expected equality of these values:
  longestUniqueSubstr(input, weights)
    Which is: 1
  expected
    Which is: 0

[  FAILED  ] LongestUniqueWeightedSubstrTest.InvalidWeightNonAlphanumeric (0 ms)
[----------] 17 tests from LongestUniqueWeightedSubstrTest (0 ms total)

[----------] Global test environment tear-down
[==========] 17 tests from 1 test suite ran. (0 ms total)
[  PASSED  ] 15 tests.
[  FAILED  ] 2 tests, listed below:
[  FAILED  ] LongestUniqueWeightedSubstrTest.MixedCaseCharacters
[  FAILED  ] LongestUniqueWeightedSubstrTest.InvalidWeightNonAlphanumeric

 2 FAILED TESTS
<end of output>
Test time =   0.00 sec
----------------------------------------------------------
Test Failed.
"model7_tests" end time: Jan 31 22:27 +06
"model7_tests" time elapsed: 00:00:00
----------------------------------------------------------

10/11 Testing: model8_tests
10/11 Test: model8_tests
Command: "/Users/ittehad/Documents/Coding/Python/Turing/Tester_cpp_codebench/tasks/621205/build/model8_tests"
Directory: /Users/ittehad/Documents/Coding/Python/Turing/Tester_cpp_codebench/tasks/621205/build
"model8_tests" start time: Jan 31 22:27 +06
Output:
----------------------------------------------------------
Running main() from /Users/ittehad/Documents/Coding/Python/Turing/Tester_cpp_codebench/tasks/621205/build/_deps/googletest-src/googletest/src/gtest_main.cc
[==========] Running 17 tests from 1 test suite.
[----------] Global test environment set-up.
[----------] 17 tests from LongestUniqueWeightedSubstrTest
[ RUN      ] LongestUniqueWeightedSubstrTest.SimpleUniqueCharacters
[       OK ] LongestUniqueWeightedSubstrTest.SimpleUniqueCharacters (0 ms)
[ RUN      ] LongestUniqueWeightedSubstrTest.AllCharactersSame
[       OK ] LongestUniqueWeightedSubstrTest.AllCharactersSame (0 ms)
[ RUN      ] LongestUniqueWeightedSubstrTest.MixedCaseCharacters
[       OK ] LongestUniqueWeightedSubstrTest.MixedCaseCharacters (0 ms)
[ RUN      ] LongestUniqueWeightedSubstrTest.NonAlphanumericIgnored
[       OK ] LongestUniqueWeightedSubstrTest.NonAlphanumericIgnored (0 ms)
[ RUN      ] LongestUniqueWeightedSubstrTest.AllUniqueAlphabet
[       OK ] LongestUniqueWeightedSubstrTest.AllUniqueAlphabet (0 ms)
[ RUN      ] LongestUniqueWeightedSubstrTest.RepeatedBlocksOfCharacters
[       OK ] LongestUniqueWeightedSubstrTest.RepeatedBlocksOfCharacters (0 ms)
[ RUN      ] LongestUniqueWeightedSubstrTest.IncreasingWeightsWithUniqueCharacters
[       OK ] LongestUniqueWeightedSubstrTest.IncreasingWeightsWithUniqueCharacters (0 ms)
[ RUN      ] LongestUniqueWeightedSubstrTest.AlphanumericCharactersWithWeights
[       OK ] LongestUniqueWeightedSubstrTest.AlphanumericCharactersWithWeights (0 ms)
[ RUN      ] LongestUniqueWeightedSubstrTest.MixedCharactersWithWeights
[       OK ] LongestUniqueWeightedSubstrTest.MixedCharactersWithWeights (0 ms)
[ RUN      ] LongestUniqueWeightedSubstrTest.RepeatedCharactersIgnored
[       OK ] LongestUniqueWeightedSubstrTest.RepeatedCharactersIgnored (0 ms)
[ RUN      ] LongestUniqueWeightedSubstrTest.EmptyString
[       OK ] LongestUniqueWeightedSubstrTest.EmptyString (0 ms)
[ RUN      ] LongestUniqueWeightedSubstrTest.UniqueCharactersEqualWeights
[       OK ] LongestUniqueWeightedSubstrTest.UniqueCharactersEqualWeights (0 ms)
[ RUN      ] LongestUniqueWeightedSubstrTest.RepeatingPattern
[       OK ] LongestUniqueWeightedSubstrTest.RepeatingPattern (0 ms)
[ RUN      ] LongestUniqueWeightedSubstrTest.SingleCharacterZeroWeight
[       OK ] LongestUniqueWeightedSubstrTest.SingleCharacterZeroWeight (0 ms)
[ RUN      ] LongestUniqueWeightedSubstrTest.SingleCharacterNonZeroWeight
[       OK ] LongestUniqueWeightedSubstrTest.SingleCharacterNonZeroWeight (0 ms)
[ RUN      ] LongestUniqueWeightedSubstrTest.ExtraWeightsNonExistentCharacters
[       OK ] LongestUniqueWeightedSubstrTest.ExtraWeightsNonExistentCharacters (0 ms)
[ RUN      ] LongestUniqueWeightedSubstrTest.InvalidWeightNonAlphanumeric
/Users/ittehad/Documents/Coding/Python/Turing/Tester_cpp_codebench/tasks/621205/test.cpp:129: Failure
Expected equality of these values:
  longestUniqueSubstr(input, weights)
    Which is: 1
  expected
    Which is: 0

[  FAILED  ] LongestUniqueWeightedSubstrTest.InvalidWeightNonAlphanumeric (0 ms)
[----------] 17 tests from LongestUniqueWeightedSubstrTest (0 ms total)

[----------] Global test environment tear-down
[==========] 17 tests from 1 test suite ran. (0 ms total)
[  PASSED  ] 16 tests.
[  FAILED  ] 1 test, listed below:
[  FAILED  ] LongestUniqueWeightedSubstrTest.InvalidWeightNonAlphanumeric

 1 FAILED TEST
<end of output>
Test time =   0.00 sec
----------------------------------------------------------
Test Failed.
"model8_tests" end time: Jan 31 22:27 +06
"model8_tests" time elapsed: 00:00:00
----------------------------------------------------------

11/11 Testing: model9_tests
11/11 Test: model9_tests
Command: "/Users/ittehad/Documents/Coding/Python/Turing/Tester_cpp_codebench/tasks/621205/build/model9_tests"
Directory: /Users/ittehad/Documents/Coding/Python/Turing/Tester_cpp_codebench/tasks/621205/build
"model9_tests" start time: Jan 31 22:27 +06
Output:
----------------------------------------------------------
Running main() from /Users/ittehad/Documents/Coding/Python/Turing/Tester_cpp_codebench/tasks/621205/build/_deps/googletest-src/googletest/src/gtest_main.cc
[==========] Running 17 tests from 1 test suite.
[----------] Global test environment set-up.
[----------] 17 tests from LongestUniqueWeightedSubstrTest
[ RUN      ] LongestUniqueWeightedSubstrTest.SimpleUniqueCharacters
[       OK ] LongestUniqueWeightedSubstrTest.SimpleUniqueCharacters (0 ms)
[ RUN      ] LongestUniqueWeightedSubstrTest.AllCharactersSame
[       OK ] LongestUniqueWeightedSubstrTest.AllCharactersSame (0 ms)
[ RUN      ] LongestUniqueWeightedSubstrTest.MixedCaseCharacters
[       OK ] LongestUniqueWeightedSubstrTest.MixedCaseCharacters (0 ms)
[ RUN      ] LongestUniqueWeightedSubstrTest.NonAlphanumericIgnored
[       OK ] LongestUniqueWeightedSubstrTest.NonAlphanumericIgnored (0 ms)
[ RUN      ] LongestUniqueWeightedSubstrTest.AllUniqueAlphabet
[       OK ] LongestUniqueWeightedSubstrTest.AllUniqueAlphabet (0 ms)
[ RUN      ] LongestUniqueWeightedSubstrTest.RepeatedBlocksOfCharacters
[       OK ] LongestUniqueWeightedSubstrTest.RepeatedBlocksOfCharacters (0 ms)
[ RUN      ] LongestUniqueWeightedSubstrTest.IncreasingWeightsWithUniqueCharacters
[       OK ] LongestUniqueWeightedSubstrTest.IncreasingWeightsWithUniqueCharacters (0 ms)
[ RUN      ] LongestUniqueWeightedSubstrTest.AlphanumericCharactersWithWeights
[       OK ] LongestUniqueWeightedSubstrTest.AlphanumericCharactersWithWeights (0 ms)
[ RUN      ] LongestUniqueWeightedSubstrTest.MixedCharactersWithWeights
[       OK ] LongestUniqueWeightedSubstrTest.MixedCharactersWithWeights (0 ms)
[ RUN      ] LongestUniqueWeightedSubstrTest.RepeatedCharactersIgnored
[       OK ] LongestUniqueWeightedSubstrTest.RepeatedCharactersIgnored (0 ms)
[ RUN      ] LongestUniqueWeightedSubstrTest.EmptyString
[       OK ] LongestUniqueWeightedSubstrTest.EmptyString (0 ms)
[ RUN      ] LongestUniqueWeightedSubstrTest.UniqueCharactersEqualWeights
[       OK ] LongestUniqueWeightedSubstrTest.UniqueCharactersEqualWeights (0 ms)
[ RUN      ] LongestUniqueWeightedSubstrTest.RepeatingPattern
[       OK ] LongestUniqueWeightedSubstrTest.RepeatingPattern (0 ms)
[ RUN      ] LongestUniqueWeightedSubstrTest.SingleCharacterZeroWeight
[       OK ] LongestUniqueWeightedSubstrTest.SingleCharacterZeroWeight (0 ms)
[ RUN      ] LongestUniqueWeightedSubstrTest.SingleCharacterNonZeroWeight
[       OK ] LongestUniqueWeightedSubstrTest.SingleCharacterNonZeroWeight (0 ms)
[ RUN      ] LongestUniqueWeightedSubstrTest.ExtraWeightsNonExistentCharacters
[       OK ] LongestUniqueWeightedSubstrTest.ExtraWeightsNonExistentCharacters (0 ms)
[ RUN      ] LongestUniqueWeightedSubstrTest.InvalidWeightNonAlphanumeric
[       OK ] LongestUniqueWeightedSubstrTest.InvalidWeightNonAlphanumeric (0 ms)
[----------] 17 tests from LongestUniqueWeightedSubstrTest (0 ms total)

[----------] Global test environment tear-down
[==========] 17 tests from 1 test suite ran. (0 ms total)
[  PASSED  ] 17 tests.
<end of output>
Test time =   0.00 sec
----------------------------------------------------------
Test Passed.
"model9_tests" end time: Jan 31 22:27 +06
"model9_tests" time elapsed: 00:00:00
----------------------------------------------------------

End testing: Jan 31 22:27 +06
