Start testing: Feb 07 23:31 +06
----------------------------------------------------------
Unable to find executable: /Users/ittehad/Documents/Coding/Python/Turing/Tester_cpp_codebench/tasks/473609/build/incorrect_solution_tests
1/11 Testing: incorrect_solution_tests
1/11 Test: incorrect_solution_tests
Command: ""
Directory: /Users/ittehad/Documents/Coding/Python/Turing/Tester_cpp_codebench/tasks/473609/build
"incorrect_solution_tests" start time: 
Output:
----------------------------------------------------------
<end of output>
Test time =   0.00 sec
----------------------------------------------------------
Test Passed.
"incorrect_solution_tests" end time: Feb 07 23:31 +06
"incorrect_solution_tests" time elapsed: 00:00:00
----------------------------------------------------------

2/11 Testing: model1_tests
2/11 Test: model1_tests
Command: "/Users/ittehad/Documents/Coding/Python/Turing/Tester_cpp_codebench/tasks/473609/build/model1_tests"
Directory: /Users/ittehad/Documents/Coding/Python/Turing/Tester_cpp_codebench/tasks/473609/build
"model1_tests" start time: Feb 07 23:31 +06
Output:
----------------------------------------------------------
Running main() from /Users/ittehad/Documents/Coding/Python/Turing/Tester_cpp_codebench/tasks/473609/build/_deps/googletest-src/googletest/src/gtest_main.cc
[==========] Running 6 tests from 1 test suite.
[----------] Global test environment set-up.
[----------] 6 tests from DijkstraTest
[ RUN      ] DijkstraTest.PositiveNoNegativeEdges
[       OK ] DijkstraTest.PositiveNoNegativeEdges (0 ms)
[ RUN      ] DijkstraTest.NegativeEdgeWeightsNoCycle
[       OK ] DijkstraTest.NegativeEdgeWeightsNoCycle (0 ms)
[ RUN      ] DijkstraTest.NegativeCycleDetection
[       OK ] DijkstraTest.NegativeCycleDetection (0 ms)
[ RUN      ] DijkstraTest.UnreachableNodes
[       OK ] DijkstraTest.UnreachableNodes (0 ms)
[ RUN      ] DijkstraTest.EmptyGraph
[       OK ] DijkstraTest.EmptyGraph (0 ms)
[ RUN      ] DijkstraTest.WrongInput
[       OK ] DijkstraTest.WrongInput (0 ms)
[----------] 6 tests from DijkstraTest (0 ms total)

[----------] Global test environment tear-down
[==========] 6 tests from 1 test suite ran. (0 ms total)
[  PASSED  ] 6 tests.
<end of output>
Test time =   0.02 sec
----------------------------------------------------------
Test Passed.
"model1_tests" end time: Feb 07 23:31 +06
"model1_tests" time elapsed: 00:00:00
----------------------------------------------------------

3/11 Testing: model10_tests
3/11 Test: model10_tests
Command: "/Users/ittehad/Documents/Coding/Python/Turing/Tester_cpp_codebench/tasks/473609/build/model10_tests"
Directory: /Users/ittehad/Documents/Coding/Python/Turing/Tester_cpp_codebench/tasks/473609/build
"model10_tests" start time: Feb 07 23:31 +06
Output:
----------------------------------------------------------
Running main() from /Users/ittehad/Documents/Coding/Python/Turing/Tester_cpp_codebench/tasks/473609/build/_deps/googletest-src/googletest/src/gtest_main.cc
[==========] Running 6 tests from 1 test suite.
[----------] Global test environment set-up.
[----------] 6 tests from DijkstraTest
[ RUN      ] DijkstraTest.PositiveNoNegativeEdges
[       OK ] DijkstraTest.PositiveNoNegativeEdges (0 ms)
[ RUN      ] DijkstraTest.NegativeEdgeWeightsNoCycle
[       OK ] DijkstraTest.NegativeEdgeWeightsNoCycle (0 ms)
[ RUN      ] DijkstraTest.NegativeCycleDetection
/Users/ittehad/Documents/Coding/Python/Turing/Tester_cpp_codebench/tasks/473609/test.cpp:57: Failure
Expected equality of these values:
  distances[0]
    Which is: -10
  0

/Users/ittehad/Documents/Coding/Python/Turing/Tester_cpp_codebench/tasks/473609/test.cpp:59: Failure
Expected equality of these values:
  distances[2]
    Which is: -6
  0

[  FAILED  ] DijkstraTest.NegativeCycleDetection (0 ms)
[ RUN      ] DijkstraTest.UnreachableNodes
[       OK ] DijkstraTest.UnreachableNodes (0 ms)
[ RUN      ] DijkstraTest.EmptyGraph
[       OK ] DijkstraTest.EmptyGraph (0 ms)
[ RUN      ] DijkstraTest.WrongInput
[       OK ] DijkstraTest.WrongInput (0 ms)
[----------] 6 tests from DijkstraTest (0 ms total)

[----------] Global test environment tear-down
[==========] 6 tests from 1 test suite ran. (0 ms total)
[  PASSED  ] 5 tests.
[  FAILED  ] 1 test, listed below:
[  FAILED  ] DijkstraTest.NegativeCycleDetection

 1 FAILED TEST
<end of output>
Test time =   0.02 sec
----------------------------------------------------------
Test Failed.
"model10_tests" end time: Feb 07 23:31 +06
"model10_tests" time elapsed: 00:00:00
----------------------------------------------------------

4/11 Testing: model2_tests
4/11 Test: model2_tests
Command: "/Users/ittehad/Documents/Coding/Python/Turing/Tester_cpp_codebench/tasks/473609/build/model2_tests"
Directory: /Users/ittehad/Documents/Coding/Python/Turing/Tester_cpp_codebench/tasks/473609/build
"model2_tests" start time: Feb 07 23:31 +06
Output:
----------------------------------------------------------
Running main() from /Users/ittehad/Documents/Coding/Python/Turing/Tester_cpp_codebench/tasks/473609/build/_deps/googletest-src/googletest/src/gtest_main.cc
[==========] Running 6 tests from 1 test suite.
[----------] Global test environment set-up.
[----------] 6 tests from DijkstraTest
[ RUN      ] DijkstraTest.PositiveNoNegativeEdges
[       OK ] DijkstraTest.PositiveNoNegativeEdges (0 ms)
[ RUN      ] DijkstraTest.NegativeEdgeWeightsNoCycle
[       OK ] DijkstraTest.NegativeEdgeWeightsNoCycle (0 ms)
[ RUN      ] DijkstraTest.NegativeCycleDetection
[       OK ] DijkstraTest.NegativeCycleDetection (0 ms)
[ RUN      ] DijkstraTest.UnreachableNodes
[       OK ] DijkstraTest.UnreachableNodes (0 ms)
[ RUN      ] DijkstraTest.EmptyGraph
[       OK ] DijkstraTest.EmptyGraph (0 ms)
[ RUN      ] DijkstraTest.WrongInput
[       OK ] DijkstraTest.WrongInput (0 ms)
[----------] 6 tests from DijkstraTest (0 ms total)

[----------] Global test environment tear-down
[==========] 6 tests from 1 test suite ran. (0 ms total)
[  PASSED  ] 6 tests.
<end of output>
Test time =   0.02 sec
----------------------------------------------------------
Test Passed.
"model2_tests" end time: Feb 07 23:31 +06
"model2_tests" time elapsed: 00:00:00
----------------------------------------------------------

5/11 Testing: model3_tests
5/11 Test: model3_tests
Command: "/Users/ittehad/Documents/Coding/Python/Turing/Tester_cpp_codebench/tasks/473609/build/model3_tests"
Directory: /Users/ittehad/Documents/Coding/Python/Turing/Tester_cpp_codebench/tasks/473609/build
"model3_tests" start time: Feb 07 23:31 +06
Output:
----------------------------------------------------------
Running main() from /Users/ittehad/Documents/Coding/Python/Turing/Tester_cpp_codebench/tasks/473609/build/_deps/googletest-src/googletest/src/gtest_main.cc
[==========] Running 6 tests from 1 test suite.
[----------] Global test environment set-up.
[----------] 6 tests from DijkstraTest
[ RUN      ] DijkstraTest.PositiveNoNegativeEdges
[       OK ] DijkstraTest.PositiveNoNegativeEdges (0 ms)
[ RUN      ] DijkstraTest.NegativeEdgeWeightsNoCycle
[       OK ] DijkstraTest.NegativeEdgeWeightsNoCycle (0 ms)
[ RUN      ] DijkstraTest.NegativeCycleDetection
[       OK ] DijkstraTest.NegativeCycleDetection (0 ms)
[ RUN      ] DijkstraTest.UnreachableNodes
[       OK ] DijkstraTest.UnreachableNodes (0 ms)
[ RUN      ] DijkstraTest.EmptyGraph
[       OK ] DijkstraTest.EmptyGraph (0 ms)
[ RUN      ] DijkstraTest.WrongInput
[       OK ] DijkstraTest.WrongInput (0 ms)
[----------] 6 tests from DijkstraTest (0 ms total)

[----------] Global test environment tear-down
[==========] 6 tests from 1 test suite ran. (0 ms total)
[  PASSED  ] 6 tests.
<end of output>
Test time =   0.02 sec
----------------------------------------------------------
Test Passed.
"model3_tests" end time: Feb 07 23:31 +06
"model3_tests" time elapsed: 00:00:00
----------------------------------------------------------

6/11 Testing: model4_tests
6/11 Test: model4_tests
Command: "/Users/ittehad/Documents/Coding/Python/Turing/Tester_cpp_codebench/tasks/473609/build/model4_tests"
Directory: /Users/ittehad/Documents/Coding/Python/Turing/Tester_cpp_codebench/tasks/473609/build
"model4_tests" start time: Feb 07 23:31 +06
Output:
----------------------------------------------------------
Running main() from /Users/ittehad/Documents/Coding/Python/Turing/Tester_cpp_codebench/tasks/473609/build/_deps/googletest-src/googletest/src/gtest_main.cc
[==========] Running 6 tests from 1 test suite.
[----------] Global test environment set-up.
[----------] 6 tests from DijkstraTest
[ RUN      ] DijkstraTest.PositiveNoNegativeEdges
[       OK ] DijkstraTest.PositiveNoNegativeEdges (0 ms)
[ RUN      ] DijkstraTest.NegativeEdgeWeightsNoCycle
[       OK ] DijkstraTest.NegativeEdgeWeightsNoCycle (0 ms)
[ RUN      ] DijkstraTest.NegativeCycleDetection
[       OK ] DijkstraTest.NegativeCycleDetection (0 ms)
[ RUN      ] DijkstraTest.UnreachableNodes
[       OK ] DijkstraTest.UnreachableNodes (0 ms)
[ RUN      ] DijkstraTest.EmptyGraph
[       OK ] DijkstraTest.EmptyGraph (0 ms)
[ RUN      ] DijkstraTest.WrongInput
[       OK ] DijkstraTest.WrongInput (0 ms)
[----------] 6 tests from DijkstraTest (0 ms total)

[----------] Global test environment tear-down
[==========] 6 tests from 1 test suite ran. (0 ms total)
[  PASSED  ] 6 tests.
<end of output>
Test time =   0.02 sec
----------------------------------------------------------
Test Passed.
"model4_tests" end time: Feb 07 23:31 +06
"model4_tests" time elapsed: 00:00:00
----------------------------------------------------------

7/11 Testing: model5_tests
7/11 Test: model5_tests
Command: "/Users/ittehad/Documents/Coding/Python/Turing/Tester_cpp_codebench/tasks/473609/build/model5_tests"
Directory: /Users/ittehad/Documents/Coding/Python/Turing/Tester_cpp_codebench/tasks/473609/build
"model5_tests" start time: Feb 07 23:31 +06
Output:
----------------------------------------------------------
Running main() from /Users/ittehad/Documents/Coding/Python/Turing/Tester_cpp_codebench/tasks/473609/build/_deps/googletest-src/googletest/src/gtest_main.cc
[==========] Running 6 tests from 1 test suite.
[----------] Global test environment set-up.
[----------] 6 tests from DijkstraTest
[ RUN      ] DijkstraTest.PositiveNoNegativeEdges
[       OK ] DijkstraTest.PositiveNoNegativeEdges (0 ms)
[ RUN      ] DijkstraTest.NegativeEdgeWeightsNoCycle
[       OK ] DijkstraTest.NegativeEdgeWeightsNoCycle (0 ms)
[ RUN      ] DijkstraTest.NegativeCycleDetection
[       OK ] DijkstraTest.NegativeCycleDetection (0 ms)
[ RUN      ] DijkstraTest.UnreachableNodes
[       OK ] DijkstraTest.UnreachableNodes (0 ms)
[ RUN      ] DijkstraTest.EmptyGraph
[       OK ] DijkstraTest.EmptyGraph (0 ms)
[ RUN      ] DijkstraTest.WrongInput
[       OK ] DijkstraTest.WrongInput (0 ms)
[----------] 6 tests from DijkstraTest (0 ms total)

[----------] Global test environment tear-down
[==========] 6 tests from 1 test suite ran. (0 ms total)
[  PASSED  ] 6 tests.
<end of output>
Test time =   0.02 sec
----------------------------------------------------------
Test Passed.
"model5_tests" end time: Feb 07 23:31 +06
"model5_tests" time elapsed: 00:00:00
----------------------------------------------------------

8/11 Testing: model6_tests
8/11 Test: model6_tests
Command: "/Users/ittehad/Documents/Coding/Python/Turing/Tester_cpp_codebench/tasks/473609/build/model6_tests"
Directory: /Users/ittehad/Documents/Coding/Python/Turing/Tester_cpp_codebench/tasks/473609/build
"model6_tests" start time: Feb 07 23:31 +06
Output:
----------------------------------------------------------
Running main() from /Users/ittehad/Documents/Coding/Python/Turing/Tester_cpp_codebench/tasks/473609/build/_deps/googletest-src/googletest/src/gtest_main.cc
[==========] Running 6 tests from 1 test suite.
[----------] Global test environment set-up.
[----------] 6 tests from DijkstraTest
[ RUN      ] DijkstraTest.PositiveNoNegativeEdges
[       OK ] DijkstraTest.PositiveNoNegativeEdges (0 ms)
[ RUN      ] DijkstraTest.NegativeEdgeWeightsNoCycle
[       OK ] DijkstraTest.NegativeEdgeWeightsNoCycle (0 ms)
[ RUN      ] DijkstraTest.NegativeCycleDetection
/Users/ittehad/Documents/Coding/Python/Turing/Tester_cpp_codebench/tasks/473609/test.cpp:57: Failure
Expected equality of these values:
  distances[0]
    Which is: -10
  0

/Users/ittehad/Documents/Coding/Python/Turing/Tester_cpp_codebench/tasks/473609/test.cpp:59: Failure
Expected equality of these values:
  distances[2]
    Which is: -6
  0

[  FAILED  ] DijkstraTest.NegativeCycleDetection (0 ms)
[ RUN      ] DijkstraTest.UnreachableNodes
[       OK ] DijkstraTest.UnreachableNodes (0 ms)
[ RUN      ] DijkstraTest.EmptyGraph
[       OK ] DijkstraTest.EmptyGraph (0 ms)
[ RUN      ] DijkstraTest.WrongInput
[       OK ] DijkstraTest.WrongInput (0 ms)
[----------] 6 tests from DijkstraTest (0 ms total)

[----------] Global test environment tear-down
[==========] 6 tests from 1 test suite ran. (0 ms total)
[  PASSED  ] 5 tests.
[  FAILED  ] 1 test, listed below:
[  FAILED  ] DijkstraTest.NegativeCycleDetection

 1 FAILED TEST
<end of output>
Test time =   0.02 sec
----------------------------------------------------------
Test Failed.
"model6_tests" end time: Feb 07 23:31 +06
"model6_tests" time elapsed: 00:00:00
----------------------------------------------------------

9/11 Testing: model7_tests
9/11 Test: model7_tests
Command: "/Users/ittehad/Documents/Coding/Python/Turing/Tester_cpp_codebench/tasks/473609/build/model7_tests"
Directory: /Users/ittehad/Documents/Coding/Python/Turing/Tester_cpp_codebench/tasks/473609/build
"model7_tests" start time: Feb 07 23:31 +06
Output:
----------------------------------------------------------
Running main() from /Users/ittehad/Documents/Coding/Python/Turing/Tester_cpp_codebench/tasks/473609/build/_deps/googletest-src/googletest/src/gtest_main.cc
[==========] Running 6 tests from 1 test suite.
[----------] Global test environment set-up.
[----------] 6 tests from DijkstraTest
[ RUN      ] DijkstraTest.PositiveNoNegativeEdges
[       OK ] DijkstraTest.PositiveNoNegativeEdges (0 ms)
[ RUN      ] DijkstraTest.NegativeEdgeWeightsNoCycle
[       OK ] DijkstraTest.NegativeEdgeWeightsNoCycle (0 ms)
[ RUN      ] DijkstraTest.NegativeCycleDetection
/Users/ittehad/Documents/Coding/Python/Turing/Tester_cpp_codebench/tasks/473609/test.cpp:57: Failure
Expected equality of these values:
  distances[0]
    Which is: -10
  0

/Users/ittehad/Documents/Coding/Python/Turing/Tester_cpp_codebench/tasks/473609/test.cpp:59: Failure
Expected equality of these values:
  distances[2]
    Which is: -6
  0

[  FAILED  ] DijkstraTest.NegativeCycleDetection (0 ms)
[ RUN      ] DijkstraTest.UnreachableNodes
[       OK ] DijkstraTest.UnreachableNodes (0 ms)
[ RUN      ] DijkstraTest.EmptyGraph
[       OK ] DijkstraTest.EmptyGraph (0 ms)
[ RUN      ] DijkstraTest.WrongInput
[       OK ] DijkstraTest.WrongInput (0 ms)
[----------] 6 tests from DijkstraTest (0 ms total)

[----------] Global test environment tear-down
[==========] 6 tests from 1 test suite ran. (0 ms total)
[  PASSED  ] 5 tests.
[  FAILED  ] 1 test, listed below:
[  FAILED  ] DijkstraTest.NegativeCycleDetection

 1 FAILED TEST
<end of output>
Test time =   0.02 sec
----------------------------------------------------------
Test Failed.
"model7_tests" end time: Feb 07 23:31 +06
"model7_tests" time elapsed: 00:00:00
----------------------------------------------------------

10/11 Testing: model8_tests
10/11 Test: model8_tests
Command: "/Users/ittehad/Documents/Coding/Python/Turing/Tester_cpp_codebench/tasks/473609/build/model8_tests"
Directory: /Users/ittehad/Documents/Coding/Python/Turing/Tester_cpp_codebench/tasks/473609/build
"model8_tests" start time: Feb 07 23:31 +06
Output:
----------------------------------------------------------
Running main() from /Users/ittehad/Documents/Coding/Python/Turing/Tester_cpp_codebench/tasks/473609/build/_deps/googletest-src/googletest/src/gtest_main.cc
[==========] Running 6 tests from 1 test suite.
[----------] Global test environment set-up.
[----------] 6 tests from DijkstraTest
[ RUN      ] DijkstraTest.PositiveNoNegativeEdges
[       OK ] DijkstraTest.PositiveNoNegativeEdges (0 ms)
[ RUN      ] DijkstraTest.NegativeEdgeWeightsNoCycle
[       OK ] DijkstraTest.NegativeEdgeWeightsNoCycle (0 ms)
[ RUN      ] DijkstraTest.NegativeCycleDetection
/Users/ittehad/Documents/Coding/Python/Turing/Tester_cpp_codebench/tasks/473609/test.cpp:57: Failure
Expected equality of these values:
  distances[0]
    Which is: -10
  0

/Users/ittehad/Documents/Coding/Python/Turing/Tester_cpp_codebench/tasks/473609/test.cpp:59: Failure
Expected equality of these values:
  distances[2]
    Which is: -6
  0

[  FAILED  ] DijkstraTest.NegativeCycleDetection (0 ms)
[ RUN      ] DijkstraTest.UnreachableNodes
[       OK ] DijkstraTest.UnreachableNodes (0 ms)
[ RUN      ] DijkstraTest.EmptyGraph
[       OK ] DijkstraTest.EmptyGraph (0 ms)
[ RUN      ] DijkstraTest.WrongInput
[       OK ] DijkstraTest.WrongInput (0 ms)
[----------] 6 tests from DijkstraTest (0 ms total)

[----------] Global test environment tear-down
[==========] 6 tests from 1 test suite ran. (0 ms total)
[  PASSED  ] 5 tests.
[  FAILED  ] 1 test, listed below:
[  FAILED  ] DijkstraTest.NegativeCycleDetection

 1 FAILED TEST
<end of output>
Test time =   0.02 sec
----------------------------------------------------------
Test Failed.
"model8_tests" end time: Feb 07 23:31 +06
"model8_tests" time elapsed: 00:00:00
----------------------------------------------------------

11/11 Testing: model9_tests
11/11 Test: model9_tests
Command: "/Users/ittehad/Documents/Coding/Python/Turing/Tester_cpp_codebench/tasks/473609/build/model9_tests"
Directory: /Users/ittehad/Documents/Coding/Python/Turing/Tester_cpp_codebench/tasks/473609/build
"model9_tests" start time: Feb 07 23:31 +06
Output:
----------------------------------------------------------
Running main() from /Users/ittehad/Documents/Coding/Python/Turing/Tester_cpp_codebench/tasks/473609/build/_deps/googletest-src/googletest/src/gtest_main.cc
[==========] Running 6 tests from 1 test suite.
[----------] Global test environment set-up.
[----------] 6 tests from DijkstraTest
[ RUN      ] DijkstraTest.PositiveNoNegativeEdges
[       OK ] DijkstraTest.PositiveNoNegativeEdges (0 ms)
[ RUN      ] DijkstraTest.NegativeEdgeWeightsNoCycle
[       OK ] DijkstraTest.NegativeEdgeWeightsNoCycle (0 ms)
[ RUN      ] DijkstraTest.NegativeCycleDetection
/Users/ittehad/Documents/Coding/Python/Turing/Tester_cpp_codebench/tasks/473609/test.cpp:57: Failure
Expected equality of these values:
  distances[0]
    Which is: -10
  0

/Users/ittehad/Documents/Coding/Python/Turing/Tester_cpp_codebench/tasks/473609/test.cpp:59: Failure
Expected equality of these values:
  distances[2]
    Which is: -6
  0

[  FAILED  ] DijkstraTest.NegativeCycleDetection (0 ms)
[ RUN      ] DijkstraTest.UnreachableNodes
[       OK ] DijkstraTest.UnreachableNodes (0 ms)
[ RUN      ] DijkstraTest.EmptyGraph
[       OK ] DijkstraTest.EmptyGraph (0 ms)
[ RUN      ] DijkstraTest.WrongInput
[       OK ] DijkstraTest.WrongInput (0 ms)
[----------] 6 tests from DijkstraTest (0 ms total)

[----------] Global test environment tear-down
[==========] 6 tests from 1 test suite ran. (0 ms total)
[  PASSED  ] 5 tests.
[  FAILED  ] 1 test, listed below:
[  FAILED  ] DijkstraTest.NegativeCycleDetection

 1 FAILED TEST
<end of output>
Test time =   0.02 sec
----------------------------------------------------------
Test Failed.
"model9_tests" end time: Feb 07 23:31 +06
"model9_tests" time elapsed: 00:00:00
----------------------------------------------------------

End testing: Feb 07 23:31 +06
