Start testing: Jan 31 22:23 +06
----------------------------------------------------------
1/11 Testing: incorrect_solution_tests
1/11 Test: incorrect_solution_tests
Command: "/Users/ittehad/Documents/Coding/Python/Turing/Tester_cpp_codebench/tasks/473654/build/incorrect_solution_tests"
Directory: /Users/ittehad/Documents/Coding/Python/Turing/Tester_cpp_codebench/tasks/473654/build
"incorrect_solution_tests" start time: Jan 31 22:23 +06
Output:
----------------------------------------------------------
Running main() from /Users/ittehad/Documents/Coding/Python/Turing/Tester_cpp_codebench/tasks/473654/build/_deps/googletest-src/googletest/src/gtest_main.cc
[==========] Running 6 tests from 2 test suites.
[----------] Global test environment set-up.
[----------] 5 tests from PacketTest
[ RUN      ] PacketTest.SerializeAndDeserializePositive
/Users/ittehad/Documents/Coding/Python/Turing/Tester_cpp_codebench/tasks/473654/test.cpp:19: Failure
Expected equality of these values:
  deserializedPacket->magicNumber
    Which is: 43981
  0x1234
    Which is: 4660

[  FAILED  ] PacketTest.SerializeAndDeserializePositive (0 ms)
[ RUN      ] PacketTest.DeserializeInvalidData
[       OK ] PacketTest.DeserializeInvalidData (0 ms)
[ RUN      ] PacketTest.ZeroLengthPayload
[       OK ] PacketTest.ZeroLengthPayload (0 ms)
[ RUN      ] PacketTest.MaxValues
/Users/ittehad/Documents/Coding/Python/Turing/Tester_cpp_codebench/tasks/473654/test.cpp:73: Failure
Expected equality of these values:
  deserializedPacket->magicNumber
    Which is: 43981
  0x1234
    Which is: 4660

[  FAILED  ] PacketTest.MaxValues (0 ms)
[ RUN      ] PacketTest.MinValues
/Users/ittehad/Documents/Coding/Python/Turing/Tester_cpp_codebench/tasks/473654/test.cpp:96: Failure
Expected equality of these values:
  deserializedPacket->magicNumber
    Which is: 43981
  0x1234
    Which is: 4660

[  FAILED  ] PacketTest.MinValues (0 ms)
[----------] 5 tests from PacketTest (0 ms total)

[----------] 1 test from ProtocolTest
[ RUN      ] ProtocolTest.SendAndReceivePacket
Processing packet with sequence number 4321
[       OK ] ProtocolTest.SendAndReceivePacket (103 ms)
[----------] 1 test from ProtocolTest (103 ms total)

[----------] Global test environment tear-down
[==========] 6 tests from 2 test suites ran. (103 ms total)
[  PASSED  ] 3 tests.
[  FAILED  ] 3 tests, listed below:
[  FAILED  ] PacketTest.SerializeAndDeserializePositive
[  FAILED  ] PacketTest.MaxValues
[  FAILED  ] PacketTest.MinValues

 3 FAILED TESTS
<end of output>
Test time =   0.11 sec
----------------------------------------------------------
Test Failed.
"incorrect_solution_tests" end time: Jan 31 22:23 +06
"incorrect_solution_tests" time elapsed: 00:00:00
----------------------------------------------------------

2/11 Testing: model1_tests
2/11 Test: model1_tests
Command: "/Users/ittehad/Documents/Coding/Python/Turing/Tester_cpp_codebench/tasks/473654/build/model1_tests"
Directory: /Users/ittehad/Documents/Coding/Python/Turing/Tester_cpp_codebench/tasks/473654/build
"model1_tests" start time: Jan 31 22:23 +06
Output:
----------------------------------------------------------
Running main() from /Users/ittehad/Documents/Coding/Python/Turing/Tester_cpp_codebench/tasks/473654/build/_deps/googletest-src/googletest/src/gtest_main.cc
[==========] Running 6 tests from 2 test suites.
[----------] Global test environment set-up.
[----------] 5 tests from PacketTest
[ RUN      ] PacketTest.SerializeAndDeserializePositive
/Users/ittehad/Documents/Coding/Python/Turing/Tester_cpp_codebench/tasks/473654/test.cpp:19: Failure
Expected equality of these values:
  deserializedPacket->magicNumber
    Which is: 43707
  0x1234
    Which is: 4660

[  FAILED  ] PacketTest.SerializeAndDeserializePositive (0 ms)
[ RUN      ] PacketTest.DeserializeInvalidData
[       OK ] PacketTest.DeserializeInvalidData (0 ms)
[ RUN      ] PacketTest.ZeroLengthPayload
[       OK ] PacketTest.ZeroLengthPayload (0 ms)
[ RUN      ] PacketTest.MaxValues
/Users/ittehad/Documents/Coding/Python/Turing/Tester_cpp_codebench/tasks/473654/test.cpp:73: Failure
Expected equality of these values:
  deserializedPacket->magicNumber
    Which is: 43707
  0x1234
    Which is: 4660

[  FAILED  ] PacketTest.MaxValues (0 ms)
[ RUN      ] PacketTest.MinValues
/Users/ittehad/Documents/Coding/Python/Turing/Tester_cpp_codebench/tasks/473654/test.cpp:96: Failure
Expected equality of these values:
  deserializedPacket->magicNumber
    Which is: 43707
  0x1234
    Which is: 4660

[  FAILED  ] PacketTest.MinValues (0 ms)
[----------] 5 tests from PacketTest (0 ms total)

[----------] 1 test from ProtocolTest
[ RUN      ] ProtocolTest.SendAndReceivePacket
Processing packet with sequence number 4321
[       OK ] ProtocolTest.SendAndReceivePacket (105 ms)
[----------] 1 test from ProtocolTest (105 ms total)

[----------] Global test environment tear-down
[==========] 6 tests from 2 test suites ran. (105 ms total)
[  PASSED  ] 3 tests.
[  FAILED  ] 3 tests, listed below:
[  FAILED  ] PacketTest.SerializeAndDeserializePositive
[  FAILED  ] PacketTest.MaxValues
[  FAILED  ] PacketTest.MinValues

 3 FAILED TESTS
<end of output>
Test time =   0.12 sec
----------------------------------------------------------
Test Failed.
"model1_tests" end time: Jan 31 22:23 +06
"model1_tests" time elapsed: 00:00:00
----------------------------------------------------------

3/11 Testing: model10_tests
3/11 Test: model10_tests
Command: "/Users/ittehad/Documents/Coding/Python/Turing/Tester_cpp_codebench/tasks/473654/build/model10_tests"
Directory: /Users/ittehad/Documents/Coding/Python/Turing/Tester_cpp_codebench/tasks/473654/build
"model10_tests" start time: Jan 31 22:23 +06
Output:
----------------------------------------------------------
Running main() from /Users/ittehad/Documents/Coding/Python/Turing/Tester_cpp_codebench/tasks/473654/build/_deps/googletest-src/googletest/src/gtest_main.cc
[==========] Running 6 tests from 2 test suites.
[----------] Global test environment set-up.
[----------] 5 tests from PacketTest
[ RUN      ] PacketTest.SerializeAndDeserializePositive
/Users/ittehad/Documents/Coding/Python/Turing/Tester_cpp_codebench/tasks/473654/test.cpp:19: Failure
Expected equality of these values:
  deserializedPacket->magicNumber
    Which is: 0
  0x1234
    Which is: 4660

[  FAILED  ] PacketTest.SerializeAndDeserializePositive (0 ms)
[ RUN      ] PacketTest.DeserializeInvalidData
[       OK ] PacketTest.DeserializeInvalidData (0 ms)
[ RUN      ] PacketTest.ZeroLengthPayload
[       OK ] PacketTest.ZeroLengthPayload (0 ms)
[ RUN      ] PacketTest.MaxValues
/Users/ittehad/Documents/Coding/Python/Turing/Tester_cpp_codebench/tasks/473654/test.cpp:73: Failure
Expected equality of these values:
  deserializedPacket->magicNumber
    Which is: 0
  0x1234
    Which is: 4660

[  FAILED  ] PacketTest.MaxValues (0 ms)
[ RUN      ] PacketTest.MinValues
/Users/ittehad/Documents/Coding/Python/Turing/Tester_cpp_codebench/tasks/473654/test.cpp:96: Failure
Expected equality of these values:
  deserializedPacket->magicNumber
    Which is: 0
  0x1234
    Which is: 4660

[  FAILED  ] PacketTest.MinValues (0 ms)
[----------] 5 tests from PacketTest (0 ms total)

[----------] 1 test from ProtocolTest
[ RUN      ] ProtocolTest.SendAndReceivePacket
Processing packet with sequence number 4321
[       OK ] ProtocolTest.SendAndReceivePacket (105 ms)
[----------] 1 test from ProtocolTest (105 ms total)

[----------] Global test environment tear-down
[==========] 6 tests from 2 test suites ran. (105 ms total)
[  PASSED  ] 3 tests.
[  FAILED  ] 3 tests, listed below:
[  FAILED  ] PacketTest.SerializeAndDeserializePositive
[  FAILED  ] PacketTest.MaxValues
[  FAILED  ] PacketTest.MinValues

 3 FAILED TESTS
<end of output>
Test time =   0.12 sec
----------------------------------------------------------
Test Failed.
"model10_tests" end time: Jan 31 22:23 +06
"model10_tests" time elapsed: 00:00:00
----------------------------------------------------------

4/11 Testing: model2_tests
4/11 Test: model2_tests
Command: "/Users/ittehad/Documents/Coding/Python/Turing/Tester_cpp_codebench/tasks/473654/build/model2_tests"
Directory: /Users/ittehad/Documents/Coding/Python/Turing/Tester_cpp_codebench/tasks/473654/build
"model2_tests" start time: Jan 31 22:23 +06
Output:
----------------------------------------------------------
Running main() from /Users/ittehad/Documents/Coding/Python/Turing/Tester_cpp_codebench/tasks/473654/build/_deps/googletest-src/googletest/src/gtest_main.cc
[==========] Running 6 tests from 2 test suites.
[----------] Global test environment set-up.
[----------] 5 tests from PacketTest
[ RUN      ] PacketTest.SerializeAndDeserializePositive
/Users/ittehad/Documents/Coding/Python/Turing/Tester_cpp_codebench/tasks/473654/test.cpp:19: Failure
Expected equality of these values:
  deserializedPacket->magicNumber
    Which is: 43981
  0x1234
    Which is: 4660

[  FAILED  ] PacketTest.SerializeAndDeserializePositive (0 ms)
[ RUN      ] PacketTest.DeserializeInvalidData
[       OK ] PacketTest.DeserializeInvalidData (0 ms)
[ RUN      ] PacketTest.ZeroLengthPayload
[       OK ] PacketTest.ZeroLengthPayload (0 ms)
[ RUN      ] PacketTest.MaxValues
/Users/ittehad/Documents/Coding/Python/Turing/Tester_cpp_codebench/tasks/473654/test.cpp:73: Failure
Expected equality of these values:
  deserializedPacket->magicNumber
    Which is: 43981
  0x1234
    Which is: 4660

[  FAILED  ] PacketTest.MaxValues (0 ms)
[ RUN      ] PacketTest.MinValues
/Users/ittehad/Documents/Coding/Python/Turing/Tester_cpp_codebench/tasks/473654/test.cpp:96: Failure
Expected equality of these values:
  deserializedPacket->magicNumber
    Which is: 43981
  0x1234
    Which is: 4660

[  FAILED  ] PacketTest.MinValues (0 ms)
[----------] 5 tests from PacketTest (0 ms total)

[----------] 1 test from ProtocolTest
[ RUN      ] ProtocolTest.SendAndReceivePacket
Processing packet with sequence number 4321
[       OK ] ProtocolTest.SendAndReceivePacket (105 ms)
[----------] 1 test from ProtocolTest (105 ms total)

[----------] Global test environment tear-down
[==========] 6 tests from 2 test suites ran. (105 ms total)
[  PASSED  ] 3 tests.
[  FAILED  ] 3 tests, listed below:
[  FAILED  ] PacketTest.SerializeAndDeserializePositive
[  FAILED  ] PacketTest.MaxValues
[  FAILED  ] PacketTest.MinValues

 3 FAILED TESTS
<end of output>
Test time =   0.11 sec
----------------------------------------------------------
Test Failed.
"model2_tests" end time: Jan 31 22:23 +06
"model2_tests" time elapsed: 00:00:00
----------------------------------------------------------

5/11 Testing: model3_tests
5/11 Test: model3_tests
Command: "/Users/ittehad/Documents/Coding/Python/Turing/Tester_cpp_codebench/tasks/473654/build/model3_tests"
Directory: /Users/ittehad/Documents/Coding/Python/Turing/Tester_cpp_codebench/tasks/473654/build
"model3_tests" start time: Jan 31 22:23 +06
Output:
----------------------------------------------------------
Running main() from /Users/ittehad/Documents/Coding/Python/Turing/Tester_cpp_codebench/tasks/473654/build/_deps/googletest-src/googletest/src/gtest_main.cc
[==========] Running 6 tests from 2 test suites.
[----------] Global test environment set-up.
[----------] 5 tests from PacketTest
[ RUN      ] PacketTest.SerializeAndDeserializePositive
/Users/ittehad/Documents/Coding/Python/Turing/Tester_cpp_codebench/tasks/473654/test.cpp:19: Failure
Expected equality of these values:
  deserializedPacket->magicNumber
    Which is: 43981
  0x1234
    Which is: 4660

[  FAILED  ] PacketTest.SerializeAndDeserializePositive (0 ms)
[ RUN      ] PacketTest.DeserializeInvalidData
[       OK ] PacketTest.DeserializeInvalidData (0 ms)
[ RUN      ] PacketTest.ZeroLengthPayload
[       OK ] PacketTest.ZeroLengthPayload (0 ms)
[ RUN      ] PacketTest.MaxValues
/Users/ittehad/Documents/Coding/Python/Turing/Tester_cpp_codebench/tasks/473654/test.cpp:73: Failure
Expected equality of these values:
  deserializedPacket->magicNumber
    Which is: 43981
  0x1234
    Which is: 4660

[  FAILED  ] PacketTest.MaxValues (0 ms)
[ RUN      ] PacketTest.MinValues
/Users/ittehad/Documents/Coding/Python/Turing/Tester_cpp_codebench/tasks/473654/test.cpp:96: Failure
Expected equality of these values:
  deserializedPacket->magicNumber
    Which is: 43981
  0x1234
    Which is: 4660

[  FAILED  ] PacketTest.MinValues (0 ms)
[----------] 5 tests from PacketTest (0 ms total)

[----------] 1 test from ProtocolTest
[ RUN      ] ProtocolTest.SendAndReceivePacket
Processing packet with sequence number 4321
[       OK ] ProtocolTest.SendAndReceivePacket (105 ms)
[----------] 1 test from ProtocolTest (105 ms total)

[----------] Global test environment tear-down
[==========] 6 tests from 2 test suites ran. (105 ms total)
[  PASSED  ] 3 tests.
[  FAILED  ] 3 tests, listed below:
[  FAILED  ] PacketTest.SerializeAndDeserializePositive
[  FAILED  ] PacketTest.MaxValues
[  FAILED  ] PacketTest.MinValues

 3 FAILED TESTS
<end of output>
Test time =   0.11 sec
----------------------------------------------------------
Test Failed.
"model3_tests" end time: Jan 31 22:23 +06
"model3_tests" time elapsed: 00:00:00
----------------------------------------------------------

6/11 Testing: model4_tests
6/11 Test: model4_tests
Command: "/Users/ittehad/Documents/Coding/Python/Turing/Tester_cpp_codebench/tasks/473654/build/model4_tests"
Directory: /Users/ittehad/Documents/Coding/Python/Turing/Tester_cpp_codebench/tasks/473654/build
"model4_tests" start time: Jan 31 22:23 +06
Output:
----------------------------------------------------------
Running main() from /Users/ittehad/Documents/Coding/Python/Turing/Tester_cpp_codebench/tasks/473654/build/_deps/googletest-src/googletest/src/gtest_main.cc
[==========] Running 6 tests from 2 test suites.
[----------] Global test environment set-up.
[----------] 5 tests from PacketTest
[ RUN      ] PacketTest.SerializeAndDeserializePositive
/Users/ittehad/Documents/Coding/Python/Turing/Tester_cpp_codebench/tasks/473654/test.cpp:19: Failure
Expected equality of these values:
  deserializedPacket->magicNumber
    Which is: 51966
  0x1234
    Which is: 4660

[  FAILED  ] PacketTest.SerializeAndDeserializePositive (0 ms)
[ RUN      ] PacketTest.DeserializeInvalidData
[       OK ] PacketTest.DeserializeInvalidData (0 ms)
[ RUN      ] PacketTest.ZeroLengthPayload
[       OK ] PacketTest.ZeroLengthPayload (0 ms)
[ RUN      ] PacketTest.MaxValues
/Users/ittehad/Documents/Coding/Python/Turing/Tester_cpp_codebench/tasks/473654/test.cpp:73: Failure
Expected equality of these values:
  deserializedPacket->magicNumber
    Which is: 51966
  0x1234
    Which is: 4660

[  FAILED  ] PacketTest.MaxValues (0 ms)
[ RUN      ] PacketTest.MinValues
/Users/ittehad/Documents/Coding/Python/Turing/Tester_cpp_codebench/tasks/473654/test.cpp:96: Failure
Expected equality of these values:
  deserializedPacket->magicNumber
    Which is: 51966
  0x1234
    Which is: 4660

[  FAILED  ] PacketTest.MinValues (0 ms)
[----------] 5 tests from PacketTest (0 ms total)

[----------] 1 test from ProtocolTest
[ RUN      ] ProtocolTest.SendAndReceivePacket
Processing packet with sequence number 4321
[       OK ] ProtocolTest.SendAndReceivePacket (105 ms)
[----------] 1 test from ProtocolTest (105 ms total)

[----------] Global test environment tear-down
[==========] 6 tests from 2 test suites ran. (105 ms total)
[  PASSED  ] 3 tests.
[  FAILED  ] 3 tests, listed below:
[  FAILED  ] PacketTest.SerializeAndDeserializePositive
[  FAILED  ] PacketTest.MaxValues
[  FAILED  ] PacketTest.MinValues

 3 FAILED TESTS
<end of output>
Test time =   0.12 sec
----------------------------------------------------------
Test Failed.
"model4_tests" end time: Jan 31 22:23 +06
"model4_tests" time elapsed: 00:00:00
----------------------------------------------------------

7/11 Testing: model5_tests
7/11 Test: model5_tests
Command: "/Users/ittehad/Documents/Coding/Python/Turing/Tester_cpp_codebench/tasks/473654/build/model5_tests"
Directory: /Users/ittehad/Documents/Coding/Python/Turing/Tester_cpp_codebench/tasks/473654/build
"model5_tests" start time: Jan 31 22:23 +06
Output:
----------------------------------------------------------
Running main() from /Users/ittehad/Documents/Coding/Python/Turing/Tester_cpp_codebench/tasks/473654/build/_deps/googletest-src/googletest/src/gtest_main.cc
[==========] Running 6 tests from 2 test suites.
[----------] Global test environment set-up.
[----------] 5 tests from PacketTest
[ RUN      ] PacketTest.SerializeAndDeserializePositive
/Users/ittehad/Documents/Coding/Python/Turing/Tester_cpp_codebench/tasks/473654/test.cpp:19: Failure
Expected equality of these values:
  deserializedPacket->magicNumber
    Which is: 43981
  0x1234
    Which is: 4660

[  FAILED  ] PacketTest.SerializeAndDeserializePositive (0 ms)
[ RUN      ] PacketTest.DeserializeInvalidData
[       OK ] PacketTest.DeserializeInvalidData (0 ms)
[ RUN      ] PacketTest.ZeroLengthPayload
[       OK ] PacketTest.ZeroLengthPayload (0 ms)
[ RUN      ] PacketTest.MaxValues
/Users/ittehad/Documents/Coding/Python/Turing/Tester_cpp_codebench/tasks/473654/test.cpp:73: Failure
Expected equality of these values:
  deserializedPacket->magicNumber
    Which is: 43981
  0x1234
    Which is: 4660

[  FAILED  ] PacketTest.MaxValues (0 ms)
[ RUN      ] PacketTest.MinValues
/Users/ittehad/Documents/Coding/Python/Turing/Tester_cpp_codebench/tasks/473654/test.cpp:96: Failure
Expected equality of these values:
  deserializedPacket->magicNumber
    Which is: 43981
  0x1234
    Which is: 4660

[  FAILED  ] PacketTest.MinValues (0 ms)
[----------] 5 tests from PacketTest (0 ms total)

[----------] 1 test from ProtocolTest
[ RUN      ] ProtocolTest.SendAndReceivePacket
Processing packet with sequence number 4321
[       OK ] ProtocolTest.SendAndReceivePacket (105 ms)
[----------] 1 test from ProtocolTest (105 ms total)

[----------] Global test environment tear-down
[==========] 6 tests from 2 test suites ran. (105 ms total)
[  PASSED  ] 3 tests.
[  FAILED  ] 3 tests, listed below:
[  FAILED  ] PacketTest.SerializeAndDeserializePositive
[  FAILED  ] PacketTest.MaxValues
[  FAILED  ] PacketTest.MinValues

 3 FAILED TESTS
<end of output>
Test time =   0.12 sec
----------------------------------------------------------
Test Failed.
"model5_tests" end time: Jan 31 22:23 +06
"model5_tests" time elapsed: 00:00:00
----------------------------------------------------------

8/11 Testing: model6_tests
8/11 Test: model6_tests
Command: "/Users/ittehad/Documents/Coding/Python/Turing/Tester_cpp_codebench/tasks/473654/build/model6_tests"
Directory: /Users/ittehad/Documents/Coding/Python/Turing/Tester_cpp_codebench/tasks/473654/build
"model6_tests" start time: Jan 31 22:23 +06
Output:
----------------------------------------------------------
Running main() from /Users/ittehad/Documents/Coding/Python/Turing/Tester_cpp_codebench/tasks/473654/build/_deps/googletest-src/googletest/src/gtest_main.cc
[==========] Running 6 tests from 2 test suites.
[----------] Global test environment set-up.
[----------] 5 tests from PacketTest
[ RUN      ] PacketTest.SerializeAndDeserializePositive
[       OK ] PacketTest.SerializeAndDeserializePositive (0 ms)
[ RUN      ] PacketTest.DeserializeInvalidData
[       OK ] PacketTest.DeserializeInvalidData (0 ms)
[ RUN      ] PacketTest.ZeroLengthPayload
[       OK ] PacketTest.ZeroLengthPayload (0 ms)
[ RUN      ] PacketTest.MaxValues
[       OK ] PacketTest.MaxValues (0 ms)
[ RUN      ] PacketTest.MinValues
[       OK ] PacketTest.MinValues (0 ms)
[----------] 5 tests from PacketTest (0 ms total)

[----------] 1 test from ProtocolTest
[ RUN      ] ProtocolTest.SendAndReceivePacket
Processing packet with sequence number 4321
[       OK ] ProtocolTest.SendAndReceivePacket (105 ms)
[----------] 1 test from ProtocolTest (105 ms total)

[----------] Global test environment tear-down
[==========] 6 tests from 2 test suites ran. (105 ms total)
[  PASSED  ] 6 tests.
<end of output>
Test time =   0.12 sec
----------------------------------------------------------
Test Passed.
"model6_tests" end time: Jan 31 22:23 +06
"model6_tests" time elapsed: 00:00:00
----------------------------------------------------------

9/11 Testing: model7_tests
9/11 Test: model7_tests
Command: "/Users/ittehad/Documents/Coding/Python/Turing/Tester_cpp_codebench/tasks/473654/build/model7_tests"
Directory: /Users/ittehad/Documents/Coding/Python/Turing/Tester_cpp_codebench/tasks/473654/build
"model7_tests" start time: Jan 31 22:23 +06
Output:
----------------------------------------------------------
Running main() from /Users/ittehad/Documents/Coding/Python/Turing/Tester_cpp_codebench/tasks/473654/build/_deps/googletest-src/googletest/src/gtest_main.cc
[==========] Running 6 tests from 2 test suites.
[----------] Global test environment set-up.
[----------] 5 tests from PacketTest
[ RUN      ] PacketTest.SerializeAndDeserializePositive
[       OK ] PacketTest.SerializeAndDeserializePositive (0 ms)
[ RUN      ] PacketTest.DeserializeInvalidData
[       OK ] PacketTest.DeserializeInvalidData (0 ms)
[ RUN      ] PacketTest.ZeroLengthPayload
[       OK ] PacketTest.ZeroLengthPayload (0 ms)
[ RUN      ] PacketTest.MaxValues
[       OK ] PacketTest.MaxValues (0 ms)
[ RUN      ] PacketTest.MinValues
[       OK ] PacketTest.MinValues (0 ms)
[----------] 5 tests from PacketTest (0 ms total)

[----------] 1 test from ProtocolTest
[ RUN      ] ProtocolTest.SendAndReceivePacket
Processing packet with sequence number 4321
[       OK ] ProtocolTest.SendAndReceivePacket (105 ms)
[----------] 1 test from ProtocolTest (105 ms total)

[----------] Global test environment tear-down
[==========] 6 tests from 2 test suites ran. (105 ms total)
[  PASSED  ] 6 tests.
<end of output>
Test time =   0.12 sec
----------------------------------------------------------
Test Passed.
"model7_tests" end time: Jan 31 22:23 +06
"model7_tests" time elapsed: 00:00:00
----------------------------------------------------------

10/11 Testing: model8_tests
10/11 Test: model8_tests
Command: "/Users/ittehad/Documents/Coding/Python/Turing/Tester_cpp_codebench/tasks/473654/build/model8_tests"
Directory: /Users/ittehad/Documents/Coding/Python/Turing/Tester_cpp_codebench/tasks/473654/build
"model8_tests" start time: Jan 31 22:23 +06
Output:
----------------------------------------------------------
Running main() from /Users/ittehad/Documents/Coding/Python/Turing/Tester_cpp_codebench/tasks/473654/build/_deps/googletest-src/googletest/src/gtest_main.cc
[==========] Running 6 tests from 2 test suites.
[----------] Global test environment set-up.
[----------] 5 tests from PacketTest
[ RUN      ] PacketTest.SerializeAndDeserializePositive
[       OK ] PacketTest.SerializeAndDeserializePositive (0 ms)
[ RUN      ] PacketTest.DeserializeInvalidData
[       OK ] PacketTest.DeserializeInvalidData (0 ms)
[ RUN      ] PacketTest.ZeroLengthPayload
[       OK ] PacketTest.ZeroLengthPayload (0 ms)
[ RUN      ] PacketTest.MaxValues
[       OK ] PacketTest.MaxValues (0 ms)
[ RUN      ] PacketTest.MinValues
[       OK ] PacketTest.MinValues (0 ms)
[----------] 5 tests from PacketTest (0 ms total)

[----------] 1 test from ProtocolTest
[ RUN      ] ProtocolTest.SendAndReceivePacket
Processing packet with sequence number 4321
[       OK ] ProtocolTest.SendAndReceivePacket (100 ms)
[----------] 1 test from ProtocolTest (100 ms total)

[----------] Global test environment tear-down
[==========] 6 tests from 2 test suites ran. (100 ms total)
[  PASSED  ] 6 tests.
<end of output>
Test time =   0.11 sec
----------------------------------------------------------
Test Passed.
"model8_tests" end time: Jan 31 22:23 +06
"model8_tests" time elapsed: 00:00:00
----------------------------------------------------------

11/11 Testing: model9_tests
11/11 Test: model9_tests
Command: "/Users/ittehad/Documents/Coding/Python/Turing/Tester_cpp_codebench/tasks/473654/build/model9_tests"
Directory: /Users/ittehad/Documents/Coding/Python/Turing/Tester_cpp_codebench/tasks/473654/build
"model9_tests" start time: Jan 31 22:23 +06
Output:
----------------------------------------------------------
Running main() from /Users/ittehad/Documents/Coding/Python/Turing/Tester_cpp_codebench/tasks/473654/build/_deps/googletest-src/googletest/src/gtest_main.cc
[==========] Running 6 tests from 2 test suites.
[----------] Global test environment set-up.
[----------] 5 tests from PacketTest
[ RUN      ] PacketTest.SerializeAndDeserializePositive
[       OK ] PacketTest.SerializeAndDeserializePositive (0 ms)
[ RUN      ] PacketTest.DeserializeInvalidData
[       OK ] PacketTest.DeserializeInvalidData (0 ms)
[ RUN      ] PacketTest.ZeroLengthPayload
[       OK ] PacketTest.ZeroLengthPayload (0 ms)
[ RUN      ] PacketTest.MaxValues
[       OK ] PacketTest.MaxValues (0 ms)
[ RUN      ] PacketTest.MinValues
[       OK ] PacketTest.MinValues (0 ms)
[----------] 5 tests from PacketTest (0 ms total)

[----------] 1 test from ProtocolTest
[ RUN      ] ProtocolTest.SendAndReceivePacket
Processing packet with sequence number 4321
[       OK ] ProtocolTest.SendAndReceivePacket (105 ms)
[----------] 1 test from ProtocolTest (105 ms total)

[----------] Global test environment tear-down
[==========] 6 tests from 2 test suites ran. (105 ms total)
[  PASSED  ] 6 tests.
<end of output>
Test time =   0.12 sec
----------------------------------------------------------
Test Passed.
"model9_tests" end time: Jan 31 22:23 +06
"model9_tests" time elapsed: 00:00:00
----------------------------------------------------------

End testing: Jan 31 22:23 +06
