Start testing: Jan 31 22:29 +06
----------------------------------------------------------
1/11 Testing: incorrect_solution_tests
1/11 Test: incorrect_solution_tests
Command: "/Users/ittehad/Documents/Coding/Python/Turing/Tester_cpp_codebench/tasks/621284/build/incorrect_solution_tests"
Directory: /Users/ittehad/Documents/Coding/Python/Turing/Tester_cpp_codebench/tasks/621284/build
"incorrect_solution_tests" start time: Jan 31 22:29 +06
Output:
----------------------------------------------------------
Running main() from /Users/ittehad/Documents/Coding/Python/Turing/Tester_cpp_codebench/tasks/621284/build/_deps/googletest-src/googletest/src/gtest_main.cc
[==========] Running 8 tests from 1 test suite.
[----------] Global test environment set-up.
[----------] 8 tests from LongestPalindromeSubstringTest
[ RUN      ] LongestPalindromeSubstringTest.EmptyDNASequence
[       OK ] LongestPalindromeSubstringTest.EmptyDNASequence (0 ms)
[ RUN      ] LongestPalindromeSubstringTest.SingleCharacterDNASequence
/Users/ittehad/Documents/Coding/Python/Turing/Tester_cpp_codebench/tasks/621284/test.cpp:13: Failure
Expected equality of these values:
  result
    Which is: "A"
  ""

[  FAILED  ] LongestPalindromeSubstringTest.SingleCharacterDNASequence (0 ms)
[ RUN      ] LongestPalindromeSubstringTest.NoPalindromeDNASequence
/Users/ittehad/Documents/Coding/Python/Turing/Tester_cpp_codebench/tasks/621284/test.cpp:19: Failure
Expected equality of these values:
  result
    Which is: "A"
  ""

[  FAILED  ] LongestPalindromeSubstringTest.NoPalindromeDNASequence (0 ms)
[ RUN      ] LongestPalindromeSubstringTest.CompletePalindromeDNASequence
[       OK ] LongestPalindromeSubstringTest.CompletePalindromeDNASequence (0 ms)
[ RUN      ] LongestPalindromeSubstringTest.MultiplePalindromesDNASequence
[       OK ] LongestPalindromeSubstringTest.MultiplePalindromesDNASequence (0 ms)
[ RUN      ] LongestPalindromeSubstringTest.NestedPalindromesDNASequence
[       OK ] LongestPalindromeSubstringTest.NestedPalindromesDNASequence (0 ms)
[ RUN      ] LongestPalindromeSubstringTest.PalindromeAtStart
[       OK ] LongestPalindromeSubstringTest.PalindromeAtStart (0 ms)
[ RUN      ] LongestPalindromeSubstringTest.ComplementaryPalindromeAtEnd
[       OK ] LongestPalindromeSubstringTest.ComplementaryPalindromeAtEnd (0 ms)
[----------] 8 tests from LongestPalindromeSubstringTest (0 ms total)

[----------] Global test environment tear-down
[==========] 8 tests from 1 test suite ran. (0 ms total)
[  PASSED  ] 6 tests.
[  FAILED  ] 2 tests, listed below:
[  FAILED  ] LongestPalindromeSubstringTest.SingleCharacterDNASequence
[  FAILED  ] LongestPalindromeSubstringTest.NoPalindromeDNASequence

 2 FAILED TESTS
<end of output>
Test time =   0.00 sec
----------------------------------------------------------
Test Failed.
"incorrect_solution_tests" end time: Jan 31 22:29 +06
"incorrect_solution_tests" time elapsed: 00:00:00
----------------------------------------------------------

2/11 Testing: model1_tests
2/11 Test: model1_tests
Command: "/Users/ittehad/Documents/Coding/Python/Turing/Tester_cpp_codebench/tasks/621284/build/model1_tests"
Directory: /Users/ittehad/Documents/Coding/Python/Turing/Tester_cpp_codebench/tasks/621284/build
"model1_tests" start time: Jan 31 22:29 +06
Output:
----------------------------------------------------------
Running main() from /Users/ittehad/Documents/Coding/Python/Turing/Tester_cpp_codebench/tasks/621284/build/_deps/googletest-src/googletest/src/gtest_main.cc
[==========] Running 8 tests from 1 test suite.
[----------] Global test environment set-up.
[----------] 8 tests from LongestPalindromeSubstringTest
[ RUN      ] LongestPalindromeSubstringTest.EmptyDNASequence
[       OK ] LongestPalindromeSubstringTest.EmptyDNASequence (0 ms)
[ RUN      ] LongestPalindromeSubstringTest.SingleCharacterDNASequence
/Users/ittehad/Documents/Coding/Python/Turing/Tester_cpp_codebench/tasks/621284/test.cpp:13: Failure
Expected equality of these values:
  result
    Which is: "A"
  ""

[  FAILED  ] LongestPalindromeSubstringTest.SingleCharacterDNASequence (0 ms)
[ RUN      ] LongestPalindromeSubstringTest.NoPalindromeDNASequence
/Users/ittehad/Documents/Coding/Python/Turing/Tester_cpp_codebench/tasks/621284/test.cpp:19: Failure
Expected equality of these values:
  result
    Which is: "GGG"
  ""

[  FAILED  ] LongestPalindromeSubstringTest.NoPalindromeDNASequence (0 ms)
[ RUN      ] LongestPalindromeSubstringTest.CompletePalindromeDNASequence
[       OK ] LongestPalindromeSubstringTest.CompletePalindromeDNASequence (0 ms)
[ RUN      ] LongestPalindromeSubstringTest.MultiplePalindromesDNASequence
/Users/ittehad/Documents/Coding/Python/Turing/Tester_cpp_codebench/tasks/621284/test.cpp:31: Failure
Expected equality of these values:
  result
    Which is: "ACGCGTATCGA"
  "ACGCGT"

[  FAILED  ] LongestPalindromeSubstringTest.MultiplePalindromesDNASequence (0 ms)
[ RUN      ] LongestPalindromeSubstringTest.NestedPalindromesDNASequence
/Users/ittehad/Documents/Coding/Python/Turing/Tester_cpp_codebench/tasks/621284/test.cpp:37: Failure
Expected equality of these values:
  result
    Which is: "GCGGCATATGCATGC"
  "GCATATGC"

[  FAILED  ] LongestPalindromeSubstringTest.NestedPalindromesDNASequence (0 ms)
[ RUN      ] LongestPalindromeSubstringTest.PalindromeAtStart
/Users/ittehad/Documents/Coding/Python/Turing/Tester_cpp_codebench/tasks/621284/test.cpp:43: Failure
Expected equality of these values:
  result
    Which is: "GCGCTATCCCC"
  "AGCGCT"

[  FAILED  ] LongestPalindromeSubstringTest.PalindromeAtStart (0 ms)
[ RUN      ] LongestPalindromeSubstringTest.ComplementaryPalindromeAtEnd
/Users/ittehad/Documents/Coding/Python/Turing/Tester_cpp_codebench/tasks/621284/test.cpp:49: Failure
Expected equality of these values:
  result
    Which is: "AAACCCGGGGAGCTATAGCT"
  "AGCTATAGCT"

[  FAILED  ] LongestPalindromeSubstringTest.ComplementaryPalindromeAtEnd (0 ms)
[----------] 8 tests from LongestPalindromeSubstringTest (0 ms total)

[----------] Global test environment tear-down
[==========] 8 tests from 1 test suite ran. (0 ms total)
[  PASSED  ] 2 tests.
[  FAILED  ] 6 tests, listed below:
[  FAILED  ] LongestPalindromeSubstringTest.SingleCharacterDNASequence
[  FAILED  ] LongestPalindromeSubstringTest.NoPalindromeDNASequence
[  FAILED  ] LongestPalindromeSubstringTest.MultiplePalindromesDNASequence
[  FAILED  ] LongestPalindromeSubstringTest.NestedPalindromesDNASequence
[  FAILED  ] LongestPalindromeSubstringTest.PalindromeAtStart
[  FAILED  ] LongestPalindromeSubstringTest.ComplementaryPalindromeAtEnd

 6 FAILED TESTS
<end of output>
Test time =   0.00 sec
----------------------------------------------------------
Test Failed.
"model1_tests" end time: Jan 31 22:29 +06
"model1_tests" time elapsed: 00:00:00
----------------------------------------------------------

3/11 Testing: model10_tests
3/11 Test: model10_tests
Command: "/Users/ittehad/Documents/Coding/Python/Turing/Tester_cpp_codebench/tasks/621284/build/model10_tests"
Directory: /Users/ittehad/Documents/Coding/Python/Turing/Tester_cpp_codebench/tasks/621284/build
"model10_tests" start time: Jan 31 22:29 +06
Output:
----------------------------------------------------------
Running main() from /Users/ittehad/Documents/Coding/Python/Turing/Tester_cpp_codebench/tasks/621284/build/_deps/googletest-src/googletest/src/gtest_main.cc
[==========] Running 8 tests from 1 test suite.
[----------] Global test environment set-up.
[----------] 8 tests from LongestPalindromeSubstringTest
[ RUN      ] LongestPalindromeSubstringTest.EmptyDNASequence
[       OK ] LongestPalindromeSubstringTest.EmptyDNASequence (0 ms)
[ RUN      ] LongestPalindromeSubstringTest.SingleCharacterDNASequence
[       OK ] LongestPalindromeSubstringTest.SingleCharacterDNASequence (0 ms)
[ RUN      ] LongestPalindromeSubstringTest.NoPalindromeDNASequence
[       OK ] LongestPalindromeSubstringTest.NoPalindromeDNASequence (0 ms)
[ RUN      ] LongestPalindromeSubstringTest.CompletePalindromeDNASequence
[       OK ] LongestPalindromeSubstringTest.CompletePalindromeDNASequence (0 ms)
[ RUN      ] LongestPalindromeSubstringTest.MultiplePalindromesDNASequence
[       OK ] LongestPalindromeSubstringTest.MultiplePalindromesDNASequence (0 ms)
[ RUN      ] LongestPalindromeSubstringTest.NestedPalindromesDNASequence
[       OK ] LongestPalindromeSubstringTest.NestedPalindromesDNASequence (1 ms)
[ RUN      ] LongestPalindromeSubstringTest.PalindromeAtStart
[       OK ] LongestPalindromeSubstringTest.PalindromeAtStart (0 ms)
[ RUN      ] LongestPalindromeSubstringTest.ComplementaryPalindromeAtEnd
[       OK ] LongestPalindromeSubstringTest.ComplementaryPalindromeAtEnd (2 ms)
[----------] 8 tests from LongestPalindromeSubstringTest (4 ms total)

[----------] Global test environment tear-down
[==========] 8 tests from 1 test suite ran. (4 ms total)
[  PASSED  ] 8 tests.
<end of output>
Test time =   0.01 sec
----------------------------------------------------------
Test Passed.
"model10_tests" end time: Jan 31 22:29 +06
"model10_tests" time elapsed: 00:00:00
----------------------------------------------------------

4/11 Testing: model2_tests
4/11 Test: model2_tests
Command: "/Users/ittehad/Documents/Coding/Python/Turing/Tester_cpp_codebench/tasks/621284/build/model2_tests"
Directory: /Users/ittehad/Documents/Coding/Python/Turing/Tester_cpp_codebench/tasks/621284/build
"model2_tests" start time: Jan 31 22:29 +06
Output:
----------------------------------------------------------
Running main() from /Users/ittehad/Documents/Coding/Python/Turing/Tester_cpp_codebench/tasks/621284/build/_deps/googletest-src/googletest/src/gtest_main.cc
[==========] Running 8 tests from 1 test suite.
[----------] Global test environment set-up.
[----------] 8 tests from LongestPalindromeSubstringTest
[ RUN      ] LongestPalindromeSubstringTest.EmptyDNASequence
[       OK ] LongestPalindromeSubstringTest.EmptyDNASequence (0 ms)
[ RUN      ] LongestPalindromeSubstringTest.SingleCharacterDNASequence
[       OK ] LongestPalindromeSubstringTest.SingleCharacterDNASequence (0 ms)
[ RUN      ] LongestPalindromeSubstringTest.NoPalindromeDNASequence
[       OK ] LongestPalindromeSubstringTest.NoPalindromeDNASequence (0 ms)
[ RUN      ] LongestPalindromeSubstringTest.CompletePalindromeDNASequence
[       OK ] LongestPalindromeSubstringTest.CompletePalindromeDNASequence (0 ms)
[ RUN      ] LongestPalindromeSubstringTest.MultiplePalindromesDNASequence
[       OK ] LongestPalindromeSubstringTest.MultiplePalindromesDNASequence (0 ms)
[ RUN      ] LongestPalindromeSubstringTest.NestedPalindromesDNASequence
[       OK ] LongestPalindromeSubstringTest.NestedPalindromesDNASequence (0 ms)
[ RUN      ] LongestPalindromeSubstringTest.PalindromeAtStart
[       OK ] LongestPalindromeSubstringTest.PalindromeAtStart (0 ms)
[ RUN      ] LongestPalindromeSubstringTest.ComplementaryPalindromeAtEnd
[       OK ] LongestPalindromeSubstringTest.ComplementaryPalindromeAtEnd (0 ms)
[----------] 8 tests from LongestPalindromeSubstringTest (0 ms total)

[----------] Global test environment tear-down
[==========] 8 tests from 1 test suite ran. (0 ms total)
[  PASSED  ] 8 tests.
<end of output>
Test time =   0.00 sec
----------------------------------------------------------
Test Passed.
"model2_tests" end time: Jan 31 22:29 +06
"model2_tests" time elapsed: 00:00:00
----------------------------------------------------------

5/11 Testing: model3_tests
5/11 Test: model3_tests
Command: "/Users/ittehad/Documents/Coding/Python/Turing/Tester_cpp_codebench/tasks/621284/build/model3_tests"
Directory: /Users/ittehad/Documents/Coding/Python/Turing/Tester_cpp_codebench/tasks/621284/build
"model3_tests" start time: Jan 31 22:29 +06
Output:
----------------------------------------------------------
Running main() from /Users/ittehad/Documents/Coding/Python/Turing/Tester_cpp_codebench/tasks/621284/build/_deps/googletest-src/googletest/src/gtest_main.cc
[==========] Running 8 tests from 1 test suite.
[----------] Global test environment set-up.
[----------] 8 tests from LongestPalindromeSubstringTest
[ RUN      ] LongestPalindromeSubstringTest.EmptyDNASequence
[       OK ] LongestPalindromeSubstringTest.EmptyDNASequence (0 ms)
[ RUN      ] LongestPalindromeSubstringTest.SingleCharacterDNASequence
[       OK ] LongestPalindromeSubstringTest.SingleCharacterDNASequence (0 ms)
[ RUN      ] LongestPalindromeSubstringTest.NoPalindromeDNASequence
[       OK ] LongestPalindromeSubstringTest.NoPalindromeDNASequence (0 ms)
[ RUN      ] LongestPalindromeSubstringTest.CompletePalindromeDNASequence
[       OK ] LongestPalindromeSubstringTest.CompletePalindromeDNASequence (0 ms)
[ RUN      ] LongestPalindromeSubstringTest.MultiplePalindromesDNASequence
[       OK ] LongestPalindromeSubstringTest.MultiplePalindromesDNASequence (0 ms)
[ RUN      ] LongestPalindromeSubstringTest.NestedPalindromesDNASequence
[       OK ] LongestPalindromeSubstringTest.NestedPalindromesDNASequence (0 ms)
[ RUN      ] LongestPalindromeSubstringTest.PalindromeAtStart
[       OK ] LongestPalindromeSubstringTest.PalindromeAtStart (0 ms)
[ RUN      ] LongestPalindromeSubstringTest.ComplementaryPalindromeAtEnd
[       OK ] LongestPalindromeSubstringTest.ComplementaryPalindromeAtEnd (1 ms)
[----------] 8 tests from LongestPalindromeSubstringTest (2 ms total)

[----------] Global test environment tear-down
[==========] 8 tests from 1 test suite ran. (2 ms total)
[  PASSED  ] 8 tests.
<end of output>
Test time =   0.01 sec
----------------------------------------------------------
Test Passed.
"model3_tests" end time: Jan 31 22:29 +06
"model3_tests" time elapsed: 00:00:00
----------------------------------------------------------

6/11 Testing: model4_tests
6/11 Test: model4_tests
Command: "/Users/ittehad/Documents/Coding/Python/Turing/Tester_cpp_codebench/tasks/621284/build/model4_tests"
Directory: /Users/ittehad/Documents/Coding/Python/Turing/Tester_cpp_codebench/tasks/621284/build
"model4_tests" start time: Jan 31 22:29 +06
Output:
----------------------------------------------------------
Running main() from /Users/ittehad/Documents/Coding/Python/Turing/Tester_cpp_codebench/tasks/621284/build/_deps/googletest-src/googletest/src/gtest_main.cc
[==========] Running 8 tests from 1 test suite.
[----------] Global test environment set-up.
[----------] 8 tests from LongestPalindromeSubstringTest
[ RUN      ] LongestPalindromeSubstringTest.EmptyDNASequence
[       OK ] LongestPalindromeSubstringTest.EmptyDNASequence (0 ms)
[ RUN      ] LongestPalindromeSubstringTest.SingleCharacterDNASequence
[       OK ] LongestPalindromeSubstringTest.SingleCharacterDNASequence (0 ms)
[ RUN      ] LongestPalindromeSubstringTest.NoPalindromeDNASequence
[       OK ] LongestPalindromeSubstringTest.NoPalindromeDNASequence (0 ms)
[ RUN      ] LongestPalindromeSubstringTest.CompletePalindromeDNASequence
[       OK ] LongestPalindromeSubstringTest.CompletePalindromeDNASequence (0 ms)
[ RUN      ] LongestPalindromeSubstringTest.MultiplePalindromesDNASequence
[       OK ] LongestPalindromeSubstringTest.MultiplePalindromesDNASequence (0 ms)
[ RUN      ] LongestPalindromeSubstringTest.NestedPalindromesDNASequence
[       OK ] LongestPalindromeSubstringTest.NestedPalindromesDNASequence (0 ms)
[ RUN      ] LongestPalindromeSubstringTest.PalindromeAtStart
[       OK ] LongestPalindromeSubstringTest.PalindromeAtStart (0 ms)
[ RUN      ] LongestPalindromeSubstringTest.ComplementaryPalindromeAtEnd
[       OK ] LongestPalindromeSubstringTest.ComplementaryPalindromeAtEnd (0 ms)
[----------] 8 tests from LongestPalindromeSubstringTest (0 ms total)

[----------] Global test environment tear-down
[==========] 8 tests from 1 test suite ran. (0 ms total)
[  PASSED  ] 8 tests.
<end of output>
Test time =   0.00 sec
----------------------------------------------------------
Test Passed.
"model4_tests" end time: Jan 31 22:29 +06
"model4_tests" time elapsed: 00:00:00
----------------------------------------------------------

7/11 Testing: model5_tests
7/11 Test: model5_tests
Command: "/Users/ittehad/Documents/Coding/Python/Turing/Tester_cpp_codebench/tasks/621284/build/model5_tests"
Directory: /Users/ittehad/Documents/Coding/Python/Turing/Tester_cpp_codebench/tasks/621284/build
"model5_tests" start time: Jan 31 22:29 +06
Output:
----------------------------------------------------------
Running main() from /Users/ittehad/Documents/Coding/Python/Turing/Tester_cpp_codebench/tasks/621284/build/_deps/googletest-src/googletest/src/gtest_main.cc
[==========] Running 8 tests from 1 test suite.
[----------] Global test environment set-up.
[----------] 8 tests from LongestPalindromeSubstringTest
[ RUN      ] LongestPalindromeSubstringTest.EmptyDNASequence
[       OK ] LongestPalindromeSubstringTest.EmptyDNASequence (0 ms)
[ RUN      ] LongestPalindromeSubstringTest.SingleCharacterDNASequence
/Users/ittehad/Documents/Coding/Python/Turing/Tester_cpp_codebench/tasks/621284/test.cpp:13: Failure
Expected equality of these values:
  result
    Which is: "A"
  ""

[  FAILED  ] LongestPalindromeSubstringTest.SingleCharacterDNASequence (0 ms)
[ RUN      ] LongestPalindromeSubstringTest.NoPalindromeDNASequence
/Users/ittehad/Documents/Coding/Python/Turing/Tester_cpp_codebench/tasks/621284/test.cpp:19: Failure
Expected equality of these values:
  result
    Which is: "A"
  ""

[  FAILED  ] LongestPalindromeSubstringTest.NoPalindromeDNASequence (0 ms)
[ RUN      ] LongestPalindromeSubstringTest.CompletePalindromeDNASequence
[       OK ] LongestPalindromeSubstringTest.CompletePalindromeDNASequence (0 ms)
[ RUN      ] LongestPalindromeSubstringTest.MultiplePalindromesDNASequence
[       OK ] LongestPalindromeSubstringTest.MultiplePalindromesDNASequence (0 ms)
[ RUN      ] LongestPalindromeSubstringTest.NestedPalindromesDNASequence
[       OK ] LongestPalindromeSubstringTest.NestedPalindromesDNASequence (0 ms)
[ RUN      ] LongestPalindromeSubstringTest.PalindromeAtStart
[       OK ] LongestPalindromeSubstringTest.PalindromeAtStart (0 ms)
[ RUN      ] LongestPalindromeSubstringTest.ComplementaryPalindromeAtEnd
[       OK ] LongestPalindromeSubstringTest.ComplementaryPalindromeAtEnd (0 ms)
[----------] 8 tests from LongestPalindromeSubstringTest (0 ms total)

[----------] Global test environment tear-down
[==========] 8 tests from 1 test suite ran. (0 ms total)
[  PASSED  ] 6 tests.
[  FAILED  ] 2 tests, listed below:
[  FAILED  ] LongestPalindromeSubstringTest.SingleCharacterDNASequence
[  FAILED  ] LongestPalindromeSubstringTest.NoPalindromeDNASequence

 2 FAILED TESTS
<end of output>
Test time =   0.00 sec
----------------------------------------------------------
Test Failed.
"model5_tests" end time: Jan 31 22:29 +06
"model5_tests" time elapsed: 00:00:00
----------------------------------------------------------

8/11 Testing: model6_tests
8/11 Test: model6_tests
Command: "/Users/ittehad/Documents/Coding/Python/Turing/Tester_cpp_codebench/tasks/621284/build/model6_tests"
Directory: /Users/ittehad/Documents/Coding/Python/Turing/Tester_cpp_codebench/tasks/621284/build
"model6_tests" start time: Jan 31 22:29 +06
Output:
----------------------------------------------------------
Running main() from /Users/ittehad/Documents/Coding/Python/Turing/Tester_cpp_codebench/tasks/621284/build/_deps/googletest-src/googletest/src/gtest_main.cc
[==========] Running 8 tests from 1 test suite.
[----------] Global test environment set-up.
[----------] 8 tests from LongestPalindromeSubstringTest
[ RUN      ] LongestPalindromeSubstringTest.EmptyDNASequence
[       OK ] LongestPalindromeSubstringTest.EmptyDNASequence (0 ms)
[ RUN      ] LongestPalindromeSubstringTest.SingleCharacterDNASequence
[       OK ] LongestPalindromeSubstringTest.SingleCharacterDNASequence (0 ms)
[ RUN      ] LongestPalindromeSubstringTest.NoPalindromeDNASequence
[       OK ] LongestPalindromeSubstringTest.NoPalindromeDNASequence (0 ms)
[ RUN      ] LongestPalindromeSubstringTest.CompletePalindromeDNASequence
[       OK ] LongestPalindromeSubstringTest.CompletePalindromeDNASequence (0 ms)
[ RUN      ] LongestPalindromeSubstringTest.MultiplePalindromesDNASequence
[       OK ] LongestPalindromeSubstringTest.MultiplePalindromesDNASequence (0 ms)
[ RUN      ] LongestPalindromeSubstringTest.NestedPalindromesDNASequence
[       OK ] LongestPalindromeSubstringTest.NestedPalindromesDNASequence (0 ms)
[ RUN      ] LongestPalindromeSubstringTest.PalindromeAtStart
[       OK ] LongestPalindromeSubstringTest.PalindromeAtStart (0 ms)
[ RUN      ] LongestPalindromeSubstringTest.ComplementaryPalindromeAtEnd
[       OK ] LongestPalindromeSubstringTest.ComplementaryPalindromeAtEnd (0 ms)
[----------] 8 tests from LongestPalindromeSubstringTest (1 ms total)

[----------] Global test environment tear-down
[==========] 8 tests from 1 test suite ran. (1 ms total)
[  PASSED  ] 8 tests.
<end of output>
Test time =   0.00 sec
----------------------------------------------------------
Test Passed.
"model6_tests" end time: Jan 31 22:29 +06
"model6_tests" time elapsed: 00:00:00
----------------------------------------------------------

9/11 Testing: model7_tests
9/11 Test: model7_tests
Command: "/Users/ittehad/Documents/Coding/Python/Turing/Tester_cpp_codebench/tasks/621284/build/model7_tests"
Directory: /Users/ittehad/Documents/Coding/Python/Turing/Tester_cpp_codebench/tasks/621284/build
"model7_tests" start time: Jan 31 22:29 +06
Output:
----------------------------------------------------------
Running main() from /Users/ittehad/Documents/Coding/Python/Turing/Tester_cpp_codebench/tasks/621284/build/_deps/googletest-src/googletest/src/gtest_main.cc
[==========] Running 8 tests from 1 test suite.
[----------] Global test environment set-up.
[----------] 8 tests from LongestPalindromeSubstringTest
[ RUN      ] LongestPalindromeSubstringTest.EmptyDNASequence
[       OK ] LongestPalindromeSubstringTest.EmptyDNASequence (0 ms)
[ RUN      ] LongestPalindromeSubstringTest.SingleCharacterDNASequence
/Users/ittehad/Documents/Coding/Python/Turing/Tester_cpp_codebench/tasks/621284/test.cpp:13: Failure
Expected equality of these values:
  result
    Which is: "A"
  ""

[  FAILED  ] LongestPalindromeSubstringTest.SingleCharacterDNASequence (0 ms)
[ RUN      ] LongestPalindromeSubstringTest.NoPalindromeDNASequence
/Users/ittehad/Documents/Coding/Python/Turing/Tester_cpp_codebench/tasks/621284/test.cpp:19: Failure
Expected equality of these values:
  result
    Which is: "A"
  ""

[  FAILED  ] LongestPalindromeSubstringTest.NoPalindromeDNASequence (0 ms)
[ RUN      ] LongestPalindromeSubstringTest.CompletePalindromeDNASequence
[       OK ] LongestPalindromeSubstringTest.CompletePalindromeDNASequence (0 ms)
[ RUN      ] LongestPalindromeSubstringTest.MultiplePalindromesDNASequence
[       OK ] LongestPalindromeSubstringTest.MultiplePalindromesDNASequence (0 ms)
[ RUN      ] LongestPalindromeSubstringTest.NestedPalindromesDNASequence
[       OK ] LongestPalindromeSubstringTest.NestedPalindromesDNASequence (0 ms)
[ RUN      ] LongestPalindromeSubstringTest.PalindromeAtStart
[       OK ] LongestPalindromeSubstringTest.PalindromeAtStart (0 ms)
[ RUN      ] LongestPalindromeSubstringTest.ComplementaryPalindromeAtEnd
[       OK ] LongestPalindromeSubstringTest.ComplementaryPalindromeAtEnd (0 ms)
[----------] 8 tests from LongestPalindromeSubstringTest (0 ms total)

[----------] Global test environment tear-down
[==========] 8 tests from 1 test suite ran. (0 ms total)
[  PASSED  ] 6 tests.
[  FAILED  ] 2 tests, listed below:
[  FAILED  ] LongestPalindromeSubstringTest.SingleCharacterDNASequence
[  FAILED  ] LongestPalindromeSubstringTest.NoPalindromeDNASequence

 2 FAILED TESTS
<end of output>
Test time =   0.00 sec
----------------------------------------------------------
Test Failed.
"model7_tests" end time: Jan 31 22:29 +06
"model7_tests" time elapsed: 00:00:00
----------------------------------------------------------

10/11 Testing: model8_tests
10/11 Test: model8_tests
Command: "/Users/ittehad/Documents/Coding/Python/Turing/Tester_cpp_codebench/tasks/621284/build/model8_tests"
Directory: /Users/ittehad/Documents/Coding/Python/Turing/Tester_cpp_codebench/tasks/621284/build
"model8_tests" start time: Jan 31 22:29 +06
Output:
----------------------------------------------------------
Running main() from /Users/ittehad/Documents/Coding/Python/Turing/Tester_cpp_codebench/tasks/621284/build/_deps/googletest-src/googletest/src/gtest_main.cc
[==========] Running 8 tests from 1 test suite.
[----------] Global test environment set-up.
[----------] 8 tests from LongestPalindromeSubstringTest
[ RUN      ] LongestPalindromeSubstringTest.EmptyDNASequence
[       OK ] LongestPalindromeSubstringTest.EmptyDNASequence (0 ms)
[ RUN      ] LongestPalindromeSubstringTest.SingleCharacterDNASequence
/Users/ittehad/Documents/Coding/Python/Turing/Tester_cpp_codebench/tasks/621284/test.cpp:13: Failure
Expected equality of these values:
  result
    Which is: "A"
  ""

[  FAILED  ] LongestPalindromeSubstringTest.SingleCharacterDNASequence (0 ms)
[ RUN      ] LongestPalindromeSubstringTest.NoPalindromeDNASequence
/Users/ittehad/Documents/Coding/Python/Turing/Tester_cpp_codebench/tasks/621284/test.cpp:19: Failure
Expected equality of these values:
  result
    Which is: "A"
  ""

[  FAILED  ] LongestPalindromeSubstringTest.NoPalindromeDNASequence (0 ms)
[ RUN      ] LongestPalindromeSubstringTest.CompletePalindromeDNASequence
[       OK ] LongestPalindromeSubstringTest.CompletePalindromeDNASequence (0 ms)
[ RUN      ] LongestPalindromeSubstringTest.MultiplePalindromesDNASequence
[       OK ] LongestPalindromeSubstringTest.MultiplePalindromesDNASequence (0 ms)
[ RUN      ] LongestPalindromeSubstringTest.NestedPalindromesDNASequence
[       OK ] LongestPalindromeSubstringTest.NestedPalindromesDNASequence (0 ms)
[ RUN      ] LongestPalindromeSubstringTest.PalindromeAtStart
[       OK ] LongestPalindromeSubstringTest.PalindromeAtStart (0 ms)
[ RUN      ] LongestPalindromeSubstringTest.ComplementaryPalindromeAtEnd
[       OK ] LongestPalindromeSubstringTest.ComplementaryPalindromeAtEnd (0 ms)
[----------] 8 tests from LongestPalindromeSubstringTest (0 ms total)

[----------] Global test environment tear-down
[==========] 8 tests from 1 test suite ran. (0 ms total)
[  PASSED  ] 6 tests.
[  FAILED  ] 2 tests, listed below:
[  FAILED  ] LongestPalindromeSubstringTest.SingleCharacterDNASequence
[  FAILED  ] LongestPalindromeSubstringTest.NoPalindromeDNASequence

 2 FAILED TESTS
<end of output>
Test time =   0.00 sec
----------------------------------------------------------
Test Failed.
"model8_tests" end time: Jan 31 22:29 +06
"model8_tests" time elapsed: 00:00:00
----------------------------------------------------------

11/11 Testing: model9_tests
11/11 Test: model9_tests
Command: "/Users/ittehad/Documents/Coding/Python/Turing/Tester_cpp_codebench/tasks/621284/build/model9_tests"
Directory: /Users/ittehad/Documents/Coding/Python/Turing/Tester_cpp_codebench/tasks/621284/build
"model9_tests" start time: Jan 31 22:29 +06
Output:
----------------------------------------------------------
Running main() from /Users/ittehad/Documents/Coding/Python/Turing/Tester_cpp_codebench/tasks/621284/build/_deps/googletest-src/googletest/src/gtest_main.cc
[==========] Running 8 tests from 1 test suite.
[----------] Global test environment set-up.
[----------] 8 tests from LongestPalindromeSubstringTest
[ RUN      ] LongestPalindromeSubstringTest.EmptyDNASequence
[       OK ] LongestPalindromeSubstringTest.EmptyDNASequence (0 ms)
[ RUN      ] LongestPalindromeSubstringTest.SingleCharacterDNASequence
[       OK ] LongestPalindromeSubstringTest.SingleCharacterDNASequence (0 ms)
[ RUN      ] LongestPalindromeSubstringTest.NoPalindromeDNASequence
[       OK ] LongestPalindromeSubstringTest.NoPalindromeDNASequence (0 ms)
[ RUN      ] LongestPalindromeSubstringTest.CompletePalindromeDNASequence
[       OK ] LongestPalindromeSubstringTest.CompletePalindromeDNASequence (0 ms)
[ RUN      ] LongestPalindromeSubstringTest.MultiplePalindromesDNASequence
[       OK ] LongestPalindromeSubstringTest.MultiplePalindromesDNASequence (0 ms)
[ RUN      ] LongestPalindromeSubstringTest.NestedPalindromesDNASequence
[       OK ] LongestPalindromeSubstringTest.NestedPalindromesDNASequence (0 ms)
[ RUN      ] LongestPalindromeSubstringTest.PalindromeAtStart
[       OK ] LongestPalindromeSubstringTest.PalindromeAtStart (0 ms)
[ RUN      ] LongestPalindromeSubstringTest.ComplementaryPalindromeAtEnd
[       OK ] LongestPalindromeSubstringTest.ComplementaryPalindromeAtEnd (0 ms)
[----------] 8 tests from LongestPalindromeSubstringTest (0 ms total)

[----------] Global test environment tear-down
[==========] 8 tests from 1 test suite ran. (0 ms total)
[  PASSED  ] 8 tests.
<end of output>
Test time =   0.00 sec
----------------------------------------------------------
Test Passed.
"model9_tests" end time: Jan 31 22:29 +06
"model9_tests" time elapsed: 00:00:00
----------------------------------------------------------

End testing: Jan 31 22:29 +06
