Start testing: Jan 31 22:20 +06
----------------------------------------------------------
1/11 Testing: incorrect_solution_tests
1/11 Test: incorrect_solution_tests
Command: "/Users/ittehad/Documents/Coding/Python/Turing/Tester_cpp_codebench/tasks/402500/build/incorrect_solution_tests"
Directory: /Users/ittehad/Documents/Coding/Python/Turing/Tester_cpp_codebench/tasks/402500/build
"incorrect_solution_tests" start time: Jan 31 22:20 +06
Output:
----------------------------------------------------------
[==========] Running 12 tests from 1 test suite.
[----------] Global test environment set-up.
[----------] 12 tests from DecodeMessageTest
[ RUN      ] DecodeMessageTest.SingleWordUniqueCharacters
[       OK ] DecodeMessageTest.SingleWordUniqueCharacters (0 ms)
[ RUN      ] DecodeMessageTest.SingleWordWithRepeatedCharacters
[       OK ] DecodeMessageTest.SingleWordWithRepeatedCharacters (0 ms)
[ RUN      ] DecodeMessageTest.MultipleWordsWithUniqueCharacters
[       OK ] DecodeMessageTest.MultipleWordsWithUniqueCharacters (0 ms)
[ RUN      ] DecodeMessageTest.MultipleWordsWithRepeatedCharacters
[       OK ] DecodeMessageTest.MultipleWordsWithRepeatedCharacters (0 ms)
[ RUN      ] DecodeMessageTest.AllCharactersInDescendingOrder
[       OK ] DecodeMessageTest.AllCharactersInDescendingOrder (0 ms)
[ RUN      ] DecodeMessageTest.AllCharactersInAscendingOrder
[       OK ] DecodeMessageTest.AllCharactersInAscendingOrder (0 ms)
[ RUN      ] DecodeMessageTest.AllCharactersOfAlphabet
[       OK ] DecodeMessageTest.AllCharactersOfAlphabet (0 ms)
[ RUN      ] DecodeMessageTest.MultipleWordsWithVaryingLengths
[       OK ] DecodeMessageTest.MultipleWordsWithVaryingLengths (0 ms)
[ RUN      ] DecodeMessageTest.WordWithRepeatedCharactersMixedWithUnique
[       OK ] DecodeMessageTest.WordWithRepeatedCharactersMixedWithUnique (0 ms)
[ RUN      ] DecodeMessageTest.LargeInput
[       OK ] DecodeMessageTest.LargeInput (0 ms)
[ RUN      ] DecodeMessageTest.WhitespacesOnly
[       OK ] DecodeMessageTest.WhitespacesOnly (0 ms)
[ RUN      ] DecodeMessageTest.LeadingAndTrailingSpaces
/Users/ittehad/Documents/Coding/Python/Turing/Tester_cpp_codebench/tasks/402500/test.cpp:55: Failure
Expected equality of these values:
  decipherMessage("   abcd   efgh   ")
    Which is: "abcd efgh "
  "abcd efgh"

[  FAILED  ] DecodeMessageTest.LeadingAndTrailingSpaces (0 ms)
[----------] 12 tests from DecodeMessageTest (0 ms total)

[----------] Global test environment tear-down
[==========] 12 tests from 1 test suite ran. (0 ms total)
[  PASSED  ] 11 tests.
[  FAILED  ] 1 test, listed below:
[  FAILED  ] DecodeMessageTest.LeadingAndTrailingSpaces

 1 FAILED TEST
<end of output>
Test time =   0.01 sec
----------------------------------------------------------
Test Failed.
"incorrect_solution_tests" end time: Jan 31 22:20 +06
"incorrect_solution_tests" time elapsed: 00:00:00
----------------------------------------------------------

2/11 Testing: model1_tests
2/11 Test: model1_tests
Command: "/Users/ittehad/Documents/Coding/Python/Turing/Tester_cpp_codebench/tasks/402500/build/model1_tests"
Directory: /Users/ittehad/Documents/Coding/Python/Turing/Tester_cpp_codebench/tasks/402500/build
"model1_tests" start time: Jan 31 22:20 +06
Output:
----------------------------------------------------------
[==========] Running 12 tests from 1 test suite.
[----------] Global test environment set-up.
[----------] 12 tests from DecodeMessageTest
[ RUN      ] DecodeMessageTest.SingleWordUniqueCharacters
[       OK ] DecodeMessageTest.SingleWordUniqueCharacters (0 ms)
[ RUN      ] DecodeMessageTest.SingleWordWithRepeatedCharacters
[       OK ] DecodeMessageTest.SingleWordWithRepeatedCharacters (0 ms)
[ RUN      ] DecodeMessageTest.MultipleWordsWithUniqueCharacters
[       OK ] DecodeMessageTest.MultipleWordsWithUniqueCharacters (0 ms)
[ RUN      ] DecodeMessageTest.MultipleWordsWithRepeatedCharacters
[       OK ] DecodeMessageTest.MultipleWordsWithRepeatedCharacters (0 ms)
[ RUN      ] DecodeMessageTest.AllCharactersInDescendingOrder
[       OK ] DecodeMessageTest.AllCharactersInDescendingOrder (0 ms)
[ RUN      ] DecodeMessageTest.AllCharactersInAscendingOrder
[       OK ] DecodeMessageTest.AllCharactersInAscendingOrder (0 ms)
[ RUN      ] DecodeMessageTest.AllCharactersOfAlphabet
[       OK ] DecodeMessageTest.AllCharactersOfAlphabet (0 ms)
[ RUN      ] DecodeMessageTest.MultipleWordsWithVaryingLengths
[       OK ] DecodeMessageTest.MultipleWordsWithVaryingLengths (0 ms)
[ RUN      ] DecodeMessageTest.WordWithRepeatedCharactersMixedWithUnique
[       OK ] DecodeMessageTest.WordWithRepeatedCharactersMixedWithUnique (0 ms)
[ RUN      ] DecodeMessageTest.LargeInput
[       OK ] DecodeMessageTest.LargeInput (0 ms)
[ RUN      ] DecodeMessageTest.WhitespacesOnly
[       OK ] DecodeMessageTest.WhitespacesOnly (0 ms)
[ RUN      ] DecodeMessageTest.LeadingAndTrailingSpaces
[       OK ] DecodeMessageTest.LeadingAndTrailingSpaces (0 ms)
[----------] 12 tests from DecodeMessageTest (0 ms total)

[----------] Global test environment tear-down
[==========] 12 tests from 1 test suite ran. (0 ms total)
[  PASSED  ] 12 tests.
<end of output>
Test time =   0.01 sec
----------------------------------------------------------
Test Passed.
"model1_tests" end time: Jan 31 22:20 +06
"model1_tests" time elapsed: 00:00:00
----------------------------------------------------------

3/11 Testing: model10_tests
3/11 Test: model10_tests
Command: "/Users/ittehad/Documents/Coding/Python/Turing/Tester_cpp_codebench/tasks/402500/build/model10_tests"
Directory: /Users/ittehad/Documents/Coding/Python/Turing/Tester_cpp_codebench/tasks/402500/build
"model10_tests" start time: Jan 31 22:20 +06
Output:
----------------------------------------------------------
[==========] Running 12 tests from 1 test suite.
[----------] Global test environment set-up.
[----------] 12 tests from DecodeMessageTest
[ RUN      ] DecodeMessageTest.SingleWordUniqueCharacters
/Users/ittehad/Documents/Coding/Python/Turing/Tester_cpp_codebench/tasks/402500/test.cpp:12: Failure
Expected equality of these values:
  decipherMessage("abcd")
    Which is: "dcba"
  "abcd"

[  FAILED  ] DecodeMessageTest.SingleWordUniqueCharacters (0 ms)
[ RUN      ] DecodeMessageTest.SingleWordWithRepeatedCharacters
/Users/ittehad/Documents/Coding/Python/Turing/Tester_cpp_codebench/tasks/402500/test.cpp:16: Failure
Expected equality of these values:
  decipherMessage("aabbcc")
    Which is: "cba"
  "abc"

[  FAILED  ] DecodeMessageTest.SingleWordWithRepeatedCharacters (0 ms)
[ RUN      ] DecodeMessageTest.MultipleWordsWithUniqueCharacters
/Users/ittehad/Documents/Coding/Python/Turing/Tester_cpp_codebench/tasks/402500/test.cpp:20: Failure
Expected equality of these values:
  decipherMessage("abcd efgh ijkl")
    Which is: "dcba hgfe lkji"
  "abcd efgh ijkl"

[  FAILED  ] DecodeMessageTest.MultipleWordsWithUniqueCharacters (0 ms)
[ RUN      ] DecodeMessageTest.MultipleWordsWithRepeatedCharacters
/Users/ittehad/Documents/Coding/Python/Turing/Tester_cpp_codebench/tasks/402500/test.cpp:24: Failure
Expected equality of these values:
  decipherMessage("aabbcc ddee ffgg")
    Which is: "cba ed gf"
  "abc de fg"

[  FAILED  ] DecodeMessageTest.MultipleWordsWithRepeatedCharacters (0 ms)
[ RUN      ] DecodeMessageTest.AllCharactersInDescendingOrder
/Users/ittehad/Documents/Coding/Python/Turing/Tester_cpp_codebench/tasks/402500/test.cpp:28: Failure
Expected equality of these values:
  decipherMessage("zyx")
    Which is: "zyx"
  "xyz"

[  FAILED  ] DecodeMessageTest.AllCharactersInDescendingOrder (0 ms)
[ RUN      ] DecodeMessageTest.AllCharactersInAscendingOrder
/Users/ittehad/Documents/Coding/Python/Turing/Tester_cpp_codebench/tasks/402500/test.cpp:32: Failure
Expected equality of these values:
  decipherMessage("abc")
    Which is: "cba"
  "abc"

[  FAILED  ] DecodeMessageTest.AllCharactersInAscendingOrder (0 ms)
[ RUN      ] DecodeMessageTest.AllCharactersOfAlphabet
/Users/ittehad/Documents/Coding/Python/Turing/Tester_cpp_codebench/tasks/402500/test.cpp:36: Failure
Expected equality of these values:
  decipherMessage("zyxwvutsrqponmlkjihgfedcba")
    Which is: "zyxwvutsrqponmlkjihgfedcba"
  "abcdefghijklmnopqrstuvwxyz"

[  FAILED  ] DecodeMessageTest.AllCharactersOfAlphabet (0 ms)
[ RUN      ] DecodeMessageTest.MultipleWordsWithVaryingLengths
/Users/ittehad/Documents/Coding/Python/Turing/Tester_cpp_codebench/tasks/402500/test.cpp:40: Failure
Expected equality of these values:
  decipherMessage("wxyz abcd pqrs")
    Which is: "zyxw dcba srqp"
  "wxyz abcd pqrs"

[  FAILED  ] DecodeMessageTest.MultipleWordsWithVaryingLengths (0 ms)
[ RUN      ] DecodeMessageTest.WordWithRepeatedCharactersMixedWithUnique
/Users/ittehad/Documents/Coding/Python/Turing/Tester_cpp_codebench/tasks/402500/test.cpp:44: Failure
Expected equality of these values:
  decipherMessage("wwoorlldd")
    Which is: "wrold"
  "dlorw"

[  FAILED  ] DecodeMessageTest.WordWithRepeatedCharactersMixedWithUnique (0 ms)
[ RUN      ] DecodeMessageTest.LargeInput
[       OK ] DecodeMessageTest.LargeInput (0 ms)
[ RUN      ] DecodeMessageTest.WhitespacesOnly
/Users/ittehad/Documents/Coding/Python/Turing/Tester_cpp_codebench/tasks/402500/test.cpp:51: Failure
Expected equality of these values:
  decipherMessage("     ")
    Which is: "     "
  ""

[  FAILED  ] DecodeMessageTest.WhitespacesOnly (0 ms)
[ RUN      ] DecodeMessageTest.LeadingAndTrailingSpaces
/Users/ittehad/Documents/Coding/Python/Turing/Tester_cpp_codebench/tasks/402500/test.cpp:55: Failure
Expected equality of these values:
  decipherMessage("   abcd   efgh   ")
    Which is: "   dcba   hgfe   "
  "abcd efgh"

[  FAILED  ] DecodeMessageTest.LeadingAndTrailingSpaces (0 ms)
[----------] 12 tests from DecodeMessageTest (0 ms total)

[----------] Global test environment tear-down
[==========] 12 tests from 1 test suite ran. (0 ms total)
[  PASSED  ] 1 test.
[  FAILED  ] 11 tests, listed below:
[  FAILED  ] DecodeMessageTest.SingleWordUniqueCharacters
[  FAILED  ] DecodeMessageTest.SingleWordWithRepeatedCharacters
[  FAILED  ] DecodeMessageTest.MultipleWordsWithUniqueCharacters
[  FAILED  ] DecodeMessageTest.MultipleWordsWithRepeatedCharacters
[  FAILED  ] DecodeMessageTest.AllCharactersInDescendingOrder
[  FAILED  ] DecodeMessageTest.AllCharactersInAscendingOrder
[  FAILED  ] DecodeMessageTest.AllCharactersOfAlphabet
[  FAILED  ] DecodeMessageTest.MultipleWordsWithVaryingLengths
[  FAILED  ] DecodeMessageTest.WordWithRepeatedCharactersMixedWithUnique
[  FAILED  ] DecodeMessageTest.WhitespacesOnly
[  FAILED  ] DecodeMessageTest.LeadingAndTrailingSpaces

11 FAILED TESTS
<end of output>
Test time =   0.01 sec
----------------------------------------------------------
Test Failed.
"model10_tests" end time: Jan 31 22:20 +06
"model10_tests" time elapsed: 00:00:00
----------------------------------------------------------

4/11 Testing: model2_tests
4/11 Test: model2_tests
Command: "/Users/ittehad/Documents/Coding/Python/Turing/Tester_cpp_codebench/tasks/402500/build/model2_tests"
Directory: /Users/ittehad/Documents/Coding/Python/Turing/Tester_cpp_codebench/tasks/402500/build
"model2_tests" start time: Jan 31 22:20 +06
Output:
----------------------------------------------------------
[==========] Running 12 tests from 1 test suite.
[----------] Global test environment set-up.
[----------] 12 tests from DecodeMessageTest
[ RUN      ] DecodeMessageTest.SingleWordUniqueCharacters
[       OK ] DecodeMessageTest.SingleWordUniqueCharacters (0 ms)
[ RUN      ] DecodeMessageTest.SingleWordWithRepeatedCharacters
[       OK ] DecodeMessageTest.SingleWordWithRepeatedCharacters (0 ms)
[ RUN      ] DecodeMessageTest.MultipleWordsWithUniqueCharacters
[       OK ] DecodeMessageTest.MultipleWordsWithUniqueCharacters (0 ms)
[ RUN      ] DecodeMessageTest.MultipleWordsWithRepeatedCharacters
[       OK ] DecodeMessageTest.MultipleWordsWithRepeatedCharacters (0 ms)
[ RUN      ] DecodeMessageTest.AllCharactersInDescendingOrder
[       OK ] DecodeMessageTest.AllCharactersInDescendingOrder (0 ms)
[ RUN      ] DecodeMessageTest.AllCharactersInAscendingOrder
[       OK ] DecodeMessageTest.AllCharactersInAscendingOrder (0 ms)
[ RUN      ] DecodeMessageTest.AllCharactersOfAlphabet
[       OK ] DecodeMessageTest.AllCharactersOfAlphabet (0 ms)
[ RUN      ] DecodeMessageTest.MultipleWordsWithVaryingLengths
[       OK ] DecodeMessageTest.MultipleWordsWithVaryingLengths (0 ms)
[ RUN      ] DecodeMessageTest.WordWithRepeatedCharactersMixedWithUnique
[       OK ] DecodeMessageTest.WordWithRepeatedCharactersMixedWithUnique (0 ms)
[ RUN      ] DecodeMessageTest.LargeInput
[       OK ] DecodeMessageTest.LargeInput (0 ms)
[ RUN      ] DecodeMessageTest.WhitespacesOnly
[       OK ] DecodeMessageTest.WhitespacesOnly (0 ms)
[ RUN      ] DecodeMessageTest.LeadingAndTrailingSpaces
[       OK ] DecodeMessageTest.LeadingAndTrailingSpaces (0 ms)
[----------] 12 tests from DecodeMessageTest (0 ms total)

[----------] Global test environment tear-down
[==========] 12 tests from 1 test suite ran. (0 ms total)
[  PASSED  ] 12 tests.
<end of output>
Test time =   0.00 sec
----------------------------------------------------------
Test Passed.
"model2_tests" end time: Jan 31 22:20 +06
"model2_tests" time elapsed: 00:00:00
----------------------------------------------------------

5/11 Testing: model3_tests
5/11 Test: model3_tests
Command: "/Users/ittehad/Documents/Coding/Python/Turing/Tester_cpp_codebench/tasks/402500/build/model3_tests"
Directory: /Users/ittehad/Documents/Coding/Python/Turing/Tester_cpp_codebench/tasks/402500/build
"model3_tests" start time: Jan 31 22:20 +06
Output:
----------------------------------------------------------
[==========] Running 12 tests from 1 test suite.
[----------] Global test environment set-up.
[----------] 12 tests from DecodeMessageTest
[ RUN      ] DecodeMessageTest.SingleWordUniqueCharacters
[       OK ] DecodeMessageTest.SingleWordUniqueCharacters (0 ms)
[ RUN      ] DecodeMessageTest.SingleWordWithRepeatedCharacters
[       OK ] DecodeMessageTest.SingleWordWithRepeatedCharacters (0 ms)
[ RUN      ] DecodeMessageTest.MultipleWordsWithUniqueCharacters
[       OK ] DecodeMessageTest.MultipleWordsWithUniqueCharacters (0 ms)
[ RUN      ] DecodeMessageTest.MultipleWordsWithRepeatedCharacters
[       OK ] DecodeMessageTest.MultipleWordsWithRepeatedCharacters (0 ms)
[ RUN      ] DecodeMessageTest.AllCharactersInDescendingOrder
[       OK ] DecodeMessageTest.AllCharactersInDescendingOrder (0 ms)
[ RUN      ] DecodeMessageTest.AllCharactersInAscendingOrder
[       OK ] DecodeMessageTest.AllCharactersInAscendingOrder (0 ms)
[ RUN      ] DecodeMessageTest.AllCharactersOfAlphabet
[       OK ] DecodeMessageTest.AllCharactersOfAlphabet (0 ms)
[ RUN      ] DecodeMessageTest.MultipleWordsWithVaryingLengths
[       OK ] DecodeMessageTest.MultipleWordsWithVaryingLengths (0 ms)
[ RUN      ] DecodeMessageTest.WordWithRepeatedCharactersMixedWithUnique
[       OK ] DecodeMessageTest.WordWithRepeatedCharactersMixedWithUnique (0 ms)
[ RUN      ] DecodeMessageTest.LargeInput
[       OK ] DecodeMessageTest.LargeInput (0 ms)
[ RUN      ] DecodeMessageTest.WhitespacesOnly
[       OK ] DecodeMessageTest.WhitespacesOnly (0 ms)
[ RUN      ] DecodeMessageTest.LeadingAndTrailingSpaces
[       OK ] DecodeMessageTest.LeadingAndTrailingSpaces (0 ms)
[----------] 12 tests from DecodeMessageTest (0 ms total)

[----------] Global test environment tear-down
[==========] 12 tests from 1 test suite ran. (0 ms total)
[  PASSED  ] 12 tests.
<end of output>
Test time =   0.00 sec
----------------------------------------------------------
Test Passed.
"model3_tests" end time: Jan 31 22:20 +06
"model3_tests" time elapsed: 00:00:00
----------------------------------------------------------

6/11 Testing: model4_tests
6/11 Test: model4_tests
Command: "/Users/ittehad/Documents/Coding/Python/Turing/Tester_cpp_codebench/tasks/402500/build/model4_tests"
Directory: /Users/ittehad/Documents/Coding/Python/Turing/Tester_cpp_codebench/tasks/402500/build
"model4_tests" start time: Jan 31 22:20 +06
Output:
----------------------------------------------------------
[==========] Running 12 tests from 1 test suite.
[----------] Global test environment set-up.
[----------] 12 tests from DecodeMessageTest
[ RUN      ] DecodeMessageTest.SingleWordUniqueCharacters
[       OK ] DecodeMessageTest.SingleWordUniqueCharacters (0 ms)
[ RUN      ] DecodeMessageTest.SingleWordWithRepeatedCharacters
[       OK ] DecodeMessageTest.SingleWordWithRepeatedCharacters (0 ms)
[ RUN      ] DecodeMessageTest.MultipleWordsWithUniqueCharacters
[       OK ] DecodeMessageTest.MultipleWordsWithUniqueCharacters (0 ms)
[ RUN      ] DecodeMessageTest.MultipleWordsWithRepeatedCharacters
[       OK ] DecodeMessageTest.MultipleWordsWithRepeatedCharacters (0 ms)
[ RUN      ] DecodeMessageTest.AllCharactersInDescendingOrder
[       OK ] DecodeMessageTest.AllCharactersInDescendingOrder (0 ms)
[ RUN      ] DecodeMessageTest.AllCharactersInAscendingOrder
[       OK ] DecodeMessageTest.AllCharactersInAscendingOrder (0 ms)
[ RUN      ] DecodeMessageTest.AllCharactersOfAlphabet
[       OK ] DecodeMessageTest.AllCharactersOfAlphabet (0 ms)
[ RUN      ] DecodeMessageTest.MultipleWordsWithVaryingLengths
[       OK ] DecodeMessageTest.MultipleWordsWithVaryingLengths (0 ms)
[ RUN      ] DecodeMessageTest.WordWithRepeatedCharactersMixedWithUnique
[       OK ] DecodeMessageTest.WordWithRepeatedCharactersMixedWithUnique (0 ms)
[ RUN      ] DecodeMessageTest.LargeInput
[       OK ] DecodeMessageTest.LargeInput (0 ms)
[ RUN      ] DecodeMessageTest.WhitespacesOnly
[       OK ] DecodeMessageTest.WhitespacesOnly (0 ms)
[ RUN      ] DecodeMessageTest.LeadingAndTrailingSpaces
[       OK ] DecodeMessageTest.LeadingAndTrailingSpaces (0 ms)
[----------] 12 tests from DecodeMessageTest (0 ms total)

[----------] Global test environment tear-down
[==========] 12 tests from 1 test suite ran. (0 ms total)
[  PASSED  ] 12 tests.
<end of output>
Test time =   0.00 sec
----------------------------------------------------------
Test Passed.
"model4_tests" end time: Jan 31 22:20 +06
"model4_tests" time elapsed: 00:00:00
----------------------------------------------------------

7/11 Testing: model5_tests
7/11 Test: model5_tests
Command: "/Users/ittehad/Documents/Coding/Python/Turing/Tester_cpp_codebench/tasks/402500/build/model5_tests"
Directory: /Users/ittehad/Documents/Coding/Python/Turing/Tester_cpp_codebench/tasks/402500/build
"model5_tests" start time: Jan 31 22:20 +06
Output:
----------------------------------------------------------
[==========] Running 12 tests from 1 test suite.
[----------] Global test environment set-up.
[----------] 12 tests from DecodeMessageTest
[ RUN      ] DecodeMessageTest.SingleWordUniqueCharacters
[       OK ] DecodeMessageTest.SingleWordUniqueCharacters (0 ms)
[ RUN      ] DecodeMessageTest.SingleWordWithRepeatedCharacters
[       OK ] DecodeMessageTest.SingleWordWithRepeatedCharacters (0 ms)
[ RUN      ] DecodeMessageTest.MultipleWordsWithUniqueCharacters
[       OK ] DecodeMessageTest.MultipleWordsWithUniqueCharacters (0 ms)
[ RUN      ] DecodeMessageTest.MultipleWordsWithRepeatedCharacters
[       OK ] DecodeMessageTest.MultipleWordsWithRepeatedCharacters (0 ms)
[ RUN      ] DecodeMessageTest.AllCharactersInDescendingOrder
[       OK ] DecodeMessageTest.AllCharactersInDescendingOrder (0 ms)
[ RUN      ] DecodeMessageTest.AllCharactersInAscendingOrder
[       OK ] DecodeMessageTest.AllCharactersInAscendingOrder (0 ms)
[ RUN      ] DecodeMessageTest.AllCharactersOfAlphabet
[       OK ] DecodeMessageTest.AllCharactersOfAlphabet (0 ms)
[ RUN      ] DecodeMessageTest.MultipleWordsWithVaryingLengths
[       OK ] DecodeMessageTest.MultipleWordsWithVaryingLengths (0 ms)
[ RUN      ] DecodeMessageTest.WordWithRepeatedCharactersMixedWithUnique
[       OK ] DecodeMessageTest.WordWithRepeatedCharactersMixedWithUnique (0 ms)
[ RUN      ] DecodeMessageTest.LargeInput
[       OK ] DecodeMessageTest.LargeInput (0 ms)
[ RUN      ] DecodeMessageTest.WhitespacesOnly
[       OK ] DecodeMessageTest.WhitespacesOnly (0 ms)
[ RUN      ] DecodeMessageTest.LeadingAndTrailingSpaces
[       OK ] DecodeMessageTest.LeadingAndTrailingSpaces (0 ms)
[----------] 12 tests from DecodeMessageTest (0 ms total)

[----------] Global test environment tear-down
[==========] 12 tests from 1 test suite ran. (0 ms total)
[  PASSED  ] 12 tests.
<end of output>
Test time =   0.00 sec
----------------------------------------------------------
Test Passed.
"model5_tests" end time: Jan 31 22:20 +06
"model5_tests" time elapsed: 00:00:00
----------------------------------------------------------

8/11 Testing: model6_tests
8/11 Test: model6_tests
Command: "/Users/ittehad/Documents/Coding/Python/Turing/Tester_cpp_codebench/tasks/402500/build/model6_tests"
Directory: /Users/ittehad/Documents/Coding/Python/Turing/Tester_cpp_codebench/tasks/402500/build
"model6_tests" start time: Jan 31 22:20 +06
Output:
----------------------------------------------------------
[==========] Running 12 tests from 1 test suite.
[----------] Global test environment set-up.
[----------] 12 tests from DecodeMessageTest
[ RUN      ] DecodeMessageTest.SingleWordUniqueCharacters
[       OK ] DecodeMessageTest.SingleWordUniqueCharacters (0 ms)
[ RUN      ] DecodeMessageTest.SingleWordWithRepeatedCharacters
[       OK ] DecodeMessageTest.SingleWordWithRepeatedCharacters (0 ms)
[ RUN      ] DecodeMessageTest.MultipleWordsWithUniqueCharacters
[       OK ] DecodeMessageTest.MultipleWordsWithUniqueCharacters (0 ms)
[ RUN      ] DecodeMessageTest.MultipleWordsWithRepeatedCharacters
[       OK ] DecodeMessageTest.MultipleWordsWithRepeatedCharacters (0 ms)
[ RUN      ] DecodeMessageTest.AllCharactersInDescendingOrder
[       OK ] DecodeMessageTest.AllCharactersInDescendingOrder (0 ms)
[ RUN      ] DecodeMessageTest.AllCharactersInAscendingOrder
[       OK ] DecodeMessageTest.AllCharactersInAscendingOrder (0 ms)
[ RUN      ] DecodeMessageTest.AllCharactersOfAlphabet
[       OK ] DecodeMessageTest.AllCharactersOfAlphabet (0 ms)
[ RUN      ] DecodeMessageTest.MultipleWordsWithVaryingLengths
[       OK ] DecodeMessageTest.MultipleWordsWithVaryingLengths (0 ms)
[ RUN      ] DecodeMessageTest.WordWithRepeatedCharactersMixedWithUnique
[       OK ] DecodeMessageTest.WordWithRepeatedCharactersMixedWithUnique (0 ms)
[ RUN      ] DecodeMessageTest.LargeInput
[       OK ] DecodeMessageTest.LargeInput (0 ms)
[ RUN      ] DecodeMessageTest.WhitespacesOnly
/Users/ittehad/Documents/Coding/Python/Turing/Tester_cpp_codebench/tasks/402500/test.cpp:51: Failure
Expected equality of these values:
  decipherMessage("     ")
    Which is: "     "
  ""

[  FAILED  ] DecodeMessageTest.WhitespacesOnly (0 ms)
[ RUN      ] DecodeMessageTest.LeadingAndTrailingSpaces
/Users/ittehad/Documents/Coding/Python/Turing/Tester_cpp_codebench/tasks/402500/test.cpp:55: Failure
Expected equality of these values:
  decipherMessage("   abcd   efgh   ")
    Which is: "   abcd   efgh   "
  "abcd efgh"

[  FAILED  ] DecodeMessageTest.LeadingAndTrailingSpaces (0 ms)
[----------] 12 tests from DecodeMessageTest (0 ms total)

[----------] Global test environment tear-down
[==========] 12 tests from 1 test suite ran. (0 ms total)
[  PASSED  ] 10 tests.
[  FAILED  ] 2 tests, listed below:
[  FAILED  ] DecodeMessageTest.WhitespacesOnly
[  FAILED  ] DecodeMessageTest.LeadingAndTrailingSpaces

 2 FAILED TESTS
<end of output>
Test time =   0.00 sec
----------------------------------------------------------
Test Failed.
"model6_tests" end time: Jan 31 22:20 +06
"model6_tests" time elapsed: 00:00:00
----------------------------------------------------------

9/11 Testing: model7_tests
9/11 Test: model7_tests
Command: "/Users/ittehad/Documents/Coding/Python/Turing/Tester_cpp_codebench/tasks/402500/build/model7_tests"
Directory: /Users/ittehad/Documents/Coding/Python/Turing/Tester_cpp_codebench/tasks/402500/build
"model7_tests" start time: Jan 31 22:20 +06
Output:
----------------------------------------------------------
[==========] Running 12 tests from 1 test suite.
[----------] Global test environment set-up.
[----------] 12 tests from DecodeMessageTest
[ RUN      ] DecodeMessageTest.SingleWordUniqueCharacters
[       OK ] DecodeMessageTest.SingleWordUniqueCharacters (0 ms)
[ RUN      ] DecodeMessageTest.SingleWordWithRepeatedCharacters
[       OK ] DecodeMessageTest.SingleWordWithRepeatedCharacters (0 ms)
[ RUN      ] DecodeMessageTest.MultipleWordsWithUniqueCharacters
[       OK ] DecodeMessageTest.MultipleWordsWithUniqueCharacters (0 ms)
[ RUN      ] DecodeMessageTest.MultipleWordsWithRepeatedCharacters
[       OK ] DecodeMessageTest.MultipleWordsWithRepeatedCharacters (0 ms)
[ RUN      ] DecodeMessageTest.AllCharactersInDescendingOrder
[       OK ] DecodeMessageTest.AllCharactersInDescendingOrder (0 ms)
[ RUN      ] DecodeMessageTest.AllCharactersInAscendingOrder
[       OK ] DecodeMessageTest.AllCharactersInAscendingOrder (0 ms)
[ RUN      ] DecodeMessageTest.AllCharactersOfAlphabet
[       OK ] DecodeMessageTest.AllCharactersOfAlphabet (0 ms)
[ RUN      ] DecodeMessageTest.MultipleWordsWithVaryingLengths
[       OK ] DecodeMessageTest.MultipleWordsWithVaryingLengths (0 ms)
[ RUN      ] DecodeMessageTest.WordWithRepeatedCharactersMixedWithUnique
[       OK ] DecodeMessageTest.WordWithRepeatedCharactersMixedWithUnique (0 ms)
[ RUN      ] DecodeMessageTest.LargeInput
[       OK ] DecodeMessageTest.LargeInput (0 ms)
[ RUN      ] DecodeMessageTest.WhitespacesOnly
/Users/ittehad/Documents/Coding/Python/Turing/Tester_cpp_codebench/tasks/402500/test.cpp:51: Failure
Expected equality of these values:
  decipherMessage("     ")
    Which is: "     "
  ""

[  FAILED  ] DecodeMessageTest.WhitespacesOnly (0 ms)
[ RUN      ] DecodeMessageTest.LeadingAndTrailingSpaces
/Users/ittehad/Documents/Coding/Python/Turing/Tester_cpp_codebench/tasks/402500/test.cpp:55: Failure
Expected equality of these values:
  decipherMessage("   abcd   efgh   ")
    Which is: "   abcd   efgh   "
  "abcd efgh"

[  FAILED  ] DecodeMessageTest.LeadingAndTrailingSpaces (0 ms)
[----------] 12 tests from DecodeMessageTest (0 ms total)

[----------] Global test environment tear-down
[==========] 12 tests from 1 test suite ran. (0 ms total)
[  PASSED  ] 10 tests.
[  FAILED  ] 2 tests, listed below:
[  FAILED  ] DecodeMessageTest.WhitespacesOnly
[  FAILED  ] DecodeMessageTest.LeadingAndTrailingSpaces

 2 FAILED TESTS
<end of output>
Test time =   0.00 sec
----------------------------------------------------------
Test Failed.
"model7_tests" end time: Jan 31 22:20 +06
"model7_tests" time elapsed: 00:00:00
----------------------------------------------------------

10/11 Testing: model8_tests
10/11 Test: model8_tests
Command: "/Users/ittehad/Documents/Coding/Python/Turing/Tester_cpp_codebench/tasks/402500/build/model8_tests"
Directory: /Users/ittehad/Documents/Coding/Python/Turing/Tester_cpp_codebench/tasks/402500/build
"model8_tests" start time: Jan 31 22:20 +06
Output:
----------------------------------------------------------
[==========] Running 12 tests from 1 test suite.
[----------] Global test environment set-up.
[----------] 12 tests from DecodeMessageTest
[ RUN      ] DecodeMessageTest.SingleWordUniqueCharacters
[       OK ] DecodeMessageTest.SingleWordUniqueCharacters (0 ms)
[ RUN      ] DecodeMessageTest.SingleWordWithRepeatedCharacters
[       OK ] DecodeMessageTest.SingleWordWithRepeatedCharacters (0 ms)
[ RUN      ] DecodeMessageTest.MultipleWordsWithUniqueCharacters
[       OK ] DecodeMessageTest.MultipleWordsWithUniqueCharacters (0 ms)
[ RUN      ] DecodeMessageTest.MultipleWordsWithRepeatedCharacters
[       OK ] DecodeMessageTest.MultipleWordsWithRepeatedCharacters (0 ms)
[ RUN      ] DecodeMessageTest.AllCharactersInDescendingOrder
[       OK ] DecodeMessageTest.AllCharactersInDescendingOrder (0 ms)
[ RUN      ] DecodeMessageTest.AllCharactersInAscendingOrder
[       OK ] DecodeMessageTest.AllCharactersInAscendingOrder (0 ms)
[ RUN      ] DecodeMessageTest.AllCharactersOfAlphabet
[       OK ] DecodeMessageTest.AllCharactersOfAlphabet (0 ms)
[ RUN      ] DecodeMessageTest.MultipleWordsWithVaryingLengths
[       OK ] DecodeMessageTest.MultipleWordsWithVaryingLengths (0 ms)
[ RUN      ] DecodeMessageTest.WordWithRepeatedCharactersMixedWithUnique
[       OK ] DecodeMessageTest.WordWithRepeatedCharactersMixedWithUnique (0 ms)
[ RUN      ] DecodeMessageTest.LargeInput
[       OK ] DecodeMessageTest.LargeInput (0 ms)
[ RUN      ] DecodeMessageTest.WhitespacesOnly
[       OK ] DecodeMessageTest.WhitespacesOnly (0 ms)
[ RUN      ] DecodeMessageTest.LeadingAndTrailingSpaces
/Users/ittehad/Documents/Coding/Python/Turing/Tester_cpp_codebench/tasks/402500/test.cpp:55: Failure
Expected equality of these values:
  decipherMessage("   abcd   efgh   ")
    Which is: "abcd efgh "
  "abcd efgh"

[  FAILED  ] DecodeMessageTest.LeadingAndTrailingSpaces (0 ms)
[----------] 12 tests from DecodeMessageTest (0 ms total)

[----------] Global test environment tear-down
[==========] 12 tests from 1 test suite ran. (0 ms total)
[  PASSED  ] 11 tests.
[  FAILED  ] 1 test, listed below:
[  FAILED  ] DecodeMessageTest.LeadingAndTrailingSpaces

 1 FAILED TEST
<end of output>
Test time =   0.00 sec
----------------------------------------------------------
Test Failed.
"model8_tests" end time: Jan 31 22:20 +06
"model8_tests" time elapsed: 00:00:00
----------------------------------------------------------

Unable to find executable: /Users/ittehad/Documents/Coding/Python/Turing/Tester_cpp_codebench/tasks/402500/build/model9_tests
11/11 Testing: model9_tests
11/11 Test: model9_tests
Command: ""
Directory: /Users/ittehad/Documents/Coding/Python/Turing/Tester_cpp_codebench/tasks/402500/build
"model9_tests" start time: 
Output:
----------------------------------------------------------
<end of output>
Test time =   0.00 sec
----------------------------------------------------------
Test Passed.
"model9_tests" end time: Jan 31 22:20 +06
"model9_tests" time elapsed: 00:00:00
----------------------------------------------------------

End testing: Jan 31 22:20 +06
