Start testing: Jan 31 22:25 +06
----------------------------------------------------------
1/11 Testing: incorrect_solution_tests
1/11 Test: incorrect_solution_tests
Command: "/Users/ittehad/Documents/Coding/Python/Turing/Tester_cpp_codebench/tasks/473681/build/incorrect_solution_tests"
Directory: /Users/ittehad/Documents/Coding/Python/Turing/Tester_cpp_codebench/tasks/473681/build
"incorrect_solution_tests" start time: Jan 31 22:25 +06
Output:
----------------------------------------------------------
[==========] Running 8 tests from 1 test suite.
[----------] Global test environment set-up.
[----------] 8 tests from FindMissingBandwidthPackagesTest
[ RUN      ] FindMissingBandwidthPackagesTest.BasicFunctionality
[       OK ] FindMissingBandwidthPackagesTest.BasicFunctionality (0 ms)
[ RUN      ] FindMissingBandwidthPackagesTest.Unsorted
[       OK ] FindMissingBandwidthPackagesTest.Unsorted (0 ms)
[ RUN      ] FindMissingBandwidthPackagesTest.FullCoverage
[       OK ] FindMissingBandwidthPackagesTest.FullCoverage (0 ms)
[ RUN      ] FindMissingBandwidthPackagesTest.MultipleMissingPackages
[       OK ] FindMissingBandwidthPackagesTest.MultipleMissingPackages (0 ms)
[ RUN      ] FindMissingBandwidthPackagesTest.DuplicateBandwidthPackages
[       OK ] FindMissingBandwidthPackagesTest.DuplicateBandwidthPackages (0 ms)
[ RUN      ] FindMissingBandwidthPackagesTest.EmptyBandwidthPackages
[       OK ] FindMissingBandwidthPackagesTest.EmptyBandwidthPackages (0 ms)
[ RUN      ] FindMissingBandwidthPackagesTest.RepeatedBandwidthWithUsageLimits
[       OK ] FindMissingBandwidthPackagesTest.RepeatedBandwidthWithUsageLimits (0 ms)
[ RUN      ] FindMissingBandwidthPackagesTest.MaxBandwidthLimit
unknown file: Failure
C++ exception with description "vector" thrown in the test body.

[  FAILED  ] FindMissingBandwidthPackagesTest.MaxBandwidthLimit (0 ms)
[----------] 8 tests from FindMissingBandwidthPackagesTest (0 ms total)

[----------] Global test environment tear-down
[==========] 8 tests from 1 test suite ran. (0 ms total)
[  PASSED  ] 7 tests.
[  FAILED  ] 1 test, listed below:
[  FAILED  ] FindMissingBandwidthPackagesTest.MaxBandwidthLimit

 1 FAILED TEST
<end of output>
Test time =   0.01 sec
----------------------------------------------------------
Test Failed.
"incorrect_solution_tests" end time: Jan 31 22:25 +06
"incorrect_solution_tests" time elapsed: 00:00:00
----------------------------------------------------------

2/11 Testing: model1_tests
2/11 Test: model1_tests
Command: "/Users/ittehad/Documents/Coding/Python/Turing/Tester_cpp_codebench/tasks/473681/build/model1_tests"
Directory: /Users/ittehad/Documents/Coding/Python/Turing/Tester_cpp_codebench/tasks/473681/build
"model1_tests" start time: Jan 31 22:25 +06
Output:
----------------------------------------------------------
[==========] Running 8 tests from 1 test suite.
[----------] Global test environment set-up.
[----------] 8 tests from FindMissingBandwidthPackagesTest
[ RUN      ] FindMissingBandwidthPackagesTest.BasicFunctionality
[       OK ] FindMissingBandwidthPackagesTest.BasicFunctionality (0 ms)
[ RUN      ] FindMissingBandwidthPackagesTest.Unsorted
[       OK ] FindMissingBandwidthPackagesTest.Unsorted (0 ms)
[ RUN      ] FindMissingBandwidthPackagesTest.FullCoverage
[       OK ] FindMissingBandwidthPackagesTest.FullCoverage (0 ms)
[ RUN      ] FindMissingBandwidthPackagesTest.MultipleMissingPackages
[       OK ] FindMissingBandwidthPackagesTest.MultipleMissingPackages (0 ms)
[ RUN      ] FindMissingBandwidthPackagesTest.DuplicateBandwidthPackages
[       OK ] FindMissingBandwidthPackagesTest.DuplicateBandwidthPackages (0 ms)
[ RUN      ] FindMissingBandwidthPackagesTest.EmptyBandwidthPackages
[       OK ] FindMissingBandwidthPackagesTest.EmptyBandwidthPackages (0 ms)
[ RUN      ] FindMissingBandwidthPackagesTest.RepeatedBandwidthWithUsageLimits
[       OK ] FindMissingBandwidthPackagesTest.RepeatedBandwidthWithUsageLimits (0 ms)
[ RUN      ] FindMissingBandwidthPackagesTest.MaxBandwidthLimit
<end of output>
Test time =   0.02 sec
----------------------------------------------------------
Test Failed.
"model1_tests" end time: Jan 31 22:25 +06
"model1_tests" time elapsed: 00:00:00
----------------------------------------------------------

3/11 Testing: model10_tests
3/11 Test: model10_tests
Command: "/Users/ittehad/Documents/Coding/Python/Turing/Tester_cpp_codebench/tasks/473681/build/model10_tests"
Directory: /Users/ittehad/Documents/Coding/Python/Turing/Tester_cpp_codebench/tasks/473681/build
"model10_tests" start time: Jan 31 22:25 +06
Output:
----------------------------------------------------------
[==========] Running 8 tests from 1 test suite.
[----------] Global test environment set-up.
[----------] 8 tests from FindMissingBandwidthPackagesTest
[ RUN      ] FindMissingBandwidthPackagesTest.BasicFunctionality
/Users/ittehad/Documents/Coding/Python/Turing/Tester_cpp_codebench/tasks/473681/test.cpp:13: Failure
Expected equality of these values:
  result.first
    Which is: 4
  1

/Users/ittehad/Documents/Coding/Python/Turing/Tester_cpp_codebench/tasks/473681/test.cpp:14: Failure
Expected equality of these values:
  result.second
    Which is: { 2, 4, 5, 6 }
  std::vector<int>({2})
    Which is: { 2 }

[  FAILED  ] FindMissingBandwidthPackagesTest.BasicFunctionality (0 ms)
[ RUN      ] FindMissingBandwidthPackagesTest.Unsorted
/Users/ittehad/Documents/Coding/Python/Turing/Tester_cpp_codebench/tasks/473681/test.cpp:23: Failure
Expected equality of these values:
  result.first
    Which is: 4
  1

/Users/ittehad/Documents/Coding/Python/Turing/Tester_cpp_codebench/tasks/473681/test.cpp:24: Failure
Expected equality of these values:
  result.second
    Which is: { 2, 4, 5, 6 }
  std::vector<int>({2})
    Which is: { 2 }

[  FAILED  ] FindMissingBandwidthPackagesTest.Unsorted (0 ms)
[ RUN      ] FindMissingBandwidthPackagesTest.FullCoverage
/Users/ittehad/Documents/Coding/Python/Turing/Tester_cpp_codebench/tasks/473681/test.cpp:33: Failure
Expected equality of these values:
  result.first
    Which is: 4
  0

/Users/ittehad/Documents/Coding/Python/Turing/Tester_cpp_codebench/tasks/473681/test.cpp:34: Failure
Value of: result.second.empty()
  Actual: false
Expected: true

[  FAILED  ] FindMissingBandwidthPackagesTest.FullCoverage (0 ms)
[ RUN      ] FindMissingBandwidthPackagesTest.MultipleMissingPackages
/Users/ittehad/Documents/Coding/Python/Turing/Tester_cpp_codebench/tasks/473681/test.cpp:43: Failure
Expected equality of these values:
  result.first
    Which is: 49
  6

/Users/ittehad/Documents/Coding/Python/Turing/Tester_cpp_codebench/tasks/473681/test.cpp:44: Failure
Expected equality of these values:
  result.second
    Which is: { 1, 2, 3, 4, 5, 6, 7, 8, 9, 10, 11, 12, 13, 14, 15, 16, 17, 18, 19, 20, 21, 22, 23, 24, 25, 26, 27, 28, 29, 30, 31, 32, ... }
  std::vector<int>({1, 2, 4, 8, 16, 32})
    Which is: { 1, 2, 4, 8, 16, 32 }

[  FAILED  ] FindMissingBandwidthPackagesTest.MultipleMissingPackages (0 ms)
[ RUN      ] FindMissingBandwidthPackagesTest.DuplicateBandwidthPackages
/Users/ittehad/Documents/Coding/Python/Turing/Tester_cpp_codebench/tasks/473681/test.cpp:53: Failure
Expected equality of these values:
  result.first
    Which is: 3
  1

/Users/ittehad/Documents/Coding/Python/Turing/Tester_cpp_codebench/tasks/473681/test.cpp:54: Failure
Expected equality of these values:
  result.second
    Which is: { 3, 4, 5 }
  std::vector<int>({5})
    Which is: { 5 }

[  FAILED  ] FindMissingBandwidthPackagesTest.DuplicateBandwidthPackages (0 ms)
[ RUN      ] FindMissingBandwidthPackagesTest.EmptyBandwidthPackages
/Users/ittehad/Documents/Coding/Python/Turing/Tester_cpp_codebench/tasks/473681/test.cpp:63: Failure
Expected equality of these values:
  result.first
    Which is: 5
  3

/Users/ittehad/Documents/Coding/Python/Turing/Tester_cpp_codebench/tasks/473681/test.cpp:64: Failure
Expected equality of these values:
  result.second
    Which is: { 1, 2, 3, 4, 5 }
  std::vector<int>({1, 2, 4})
    Which is: { 1, 2, 4 }

[  FAILED  ] FindMissingBandwidthPackagesTest.EmptyBandwidthPackages (0 ms)
[ RUN      ] FindMissingBandwidthPackagesTest.RepeatedBandwidthWithUsageLimits
/Users/ittehad/Documents/Coding/Python/Turing/Tester_cpp_codebench/tasks/473681/test.cpp:74: Failure
Expected equality of these values:
  result.first
    Which is: 3
  0

/Users/ittehad/Documents/Coding/Python/Turing/Tester_cpp_codebench/tasks/473681/test.cpp:75: Failure
Expected equality of these values:
  result.second
    Which is: { 3, 4, 5 }
  std::vector<int>({})
    Which is: {}

[  FAILED  ] FindMissingBandwidthPackagesTest.RepeatedBandwidthWithUsageLimits (0 ms)
[ RUN      ] FindMissingBandwidthPackagesTest.MaxBandwidthLimit
<end of output>
Test time =   5.03 sec
----------------------------------------------------------
Test Failed.
"model10_tests" end time: Jan 31 22:25 +06
"model10_tests" time elapsed: 00:00:05
----------------------------------------------------------

4/11 Testing: model2_tests
4/11 Test: model2_tests
Command: "/Users/ittehad/Documents/Coding/Python/Turing/Tester_cpp_codebench/tasks/473681/build/model2_tests"
Directory: /Users/ittehad/Documents/Coding/Python/Turing/Tester_cpp_codebench/tasks/473681/build
"model2_tests" start time: Jan 31 22:25 +06
Output:
----------------------------------------------------------
[==========] Running 8 tests from 1 test suite.
[----------] Global test environment set-up.
[----------] 8 tests from FindMissingBandwidthPackagesTest
[ RUN      ] FindMissingBandwidthPackagesTest.BasicFunctionality
[       OK ] FindMissingBandwidthPackagesTest.BasicFunctionality (0 ms)
[ RUN      ] FindMissingBandwidthPackagesTest.Unsorted
[       OK ] FindMissingBandwidthPackagesTest.Unsorted (0 ms)
[ RUN      ] FindMissingBandwidthPackagesTest.FullCoverage
[       OK ] FindMissingBandwidthPackagesTest.FullCoverage (0 ms)
[ RUN      ] FindMissingBandwidthPackagesTest.MultipleMissingPackages
[       OK ] FindMissingBandwidthPackagesTest.MultipleMissingPackages (0 ms)
[ RUN      ] FindMissingBandwidthPackagesTest.DuplicateBandwidthPackages
[       OK ] FindMissingBandwidthPackagesTest.DuplicateBandwidthPackages (0 ms)
[ RUN      ] FindMissingBandwidthPackagesTest.EmptyBandwidthPackages
[       OK ] FindMissingBandwidthPackagesTest.EmptyBandwidthPackages (0 ms)
[ RUN      ] FindMissingBandwidthPackagesTest.RepeatedBandwidthWithUsageLimits
[       OK ] FindMissingBandwidthPackagesTest.RepeatedBandwidthWithUsageLimits (0 ms)
[ RUN      ] FindMissingBandwidthPackagesTest.MaxBandwidthLimit
unknown file: Failure
C++ exception with description "vector" thrown in the test body.

[  FAILED  ] FindMissingBandwidthPackagesTest.MaxBandwidthLimit (0 ms)
[----------] 8 tests from FindMissingBandwidthPackagesTest (0 ms total)

[----------] Global test environment tear-down
[==========] 8 tests from 1 test suite ran. (0 ms total)
[  PASSED  ] 7 tests.
[  FAILED  ] 1 test, listed below:
[  FAILED  ] FindMissingBandwidthPackagesTest.MaxBandwidthLimit

 1 FAILED TEST
<end of output>
Test time =   0.01 sec
----------------------------------------------------------
Test Failed.
"model2_tests" end time: Jan 31 22:25 +06
"model2_tests" time elapsed: 00:00:00
----------------------------------------------------------

5/11 Testing: model3_tests
5/11 Test: model3_tests
Command: "/Users/ittehad/Documents/Coding/Python/Turing/Tester_cpp_codebench/tasks/473681/build/model3_tests"
Directory: /Users/ittehad/Documents/Coding/Python/Turing/Tester_cpp_codebench/tasks/473681/build
"model3_tests" start time: Jan 31 22:25 +06
Output:
----------------------------------------------------------
[==========] Running 8 tests from 1 test suite.
[----------] Global test environment set-up.
[----------] 8 tests from FindMissingBandwidthPackagesTest
[ RUN      ] FindMissingBandwidthPackagesTest.BasicFunctionality
[       OK ] FindMissingBandwidthPackagesTest.BasicFunctionality (0 ms)
[ RUN      ] FindMissingBandwidthPackagesTest.Unsorted
[       OK ] FindMissingBandwidthPackagesTest.Unsorted (0 ms)
[ RUN      ] FindMissingBandwidthPackagesTest.FullCoverage
[       OK ] FindMissingBandwidthPackagesTest.FullCoverage (0 ms)
[ RUN      ] FindMissingBandwidthPackagesTest.MultipleMissingPackages
[       OK ] FindMissingBandwidthPackagesTest.MultipleMissingPackages (0 ms)
[ RUN      ] FindMissingBandwidthPackagesTest.DuplicateBandwidthPackages
[       OK ] FindMissingBandwidthPackagesTest.DuplicateBandwidthPackages (0 ms)
[ RUN      ] FindMissingBandwidthPackagesTest.EmptyBandwidthPackages
[       OK ] FindMissingBandwidthPackagesTest.EmptyBandwidthPackages (0 ms)
[ RUN      ] FindMissingBandwidthPackagesTest.RepeatedBandwidthWithUsageLimits
[       OK ] FindMissingBandwidthPackagesTest.RepeatedBandwidthWithUsageLimits (0 ms)
[ RUN      ] FindMissingBandwidthPackagesTest.MaxBandwidthLimit
unknown file: Failure
C++ exception with description "vector" thrown in the test body.

[  FAILED  ] FindMissingBandwidthPackagesTest.MaxBandwidthLimit (0 ms)
[----------] 8 tests from FindMissingBandwidthPackagesTest (0 ms total)

[----------] Global test environment tear-down
[==========] 8 tests from 1 test suite ran. (0 ms total)
[  PASSED  ] 7 tests.
[  FAILED  ] 1 test, listed below:
[  FAILED  ] FindMissingBandwidthPackagesTest.MaxBandwidthLimit

 1 FAILED TEST
<end of output>
Test time =   0.01 sec
----------------------------------------------------------
Test Failed.
"model3_tests" end time: Jan 31 22:25 +06
"model3_tests" time elapsed: 00:00:00
----------------------------------------------------------

6/11 Testing: model4_tests
6/11 Test: model4_tests
Command: "/Users/ittehad/Documents/Coding/Python/Turing/Tester_cpp_codebench/tasks/473681/build/model4_tests"
Directory: /Users/ittehad/Documents/Coding/Python/Turing/Tester_cpp_codebench/tasks/473681/build
"model4_tests" start time: Jan 31 22:25 +06
Output:
----------------------------------------------------------
[==========] Running 8 tests from 1 test suite.
[----------] Global test environment set-up.
[----------] 8 tests from FindMissingBandwidthPackagesTest
[ RUN      ] FindMissingBandwidthPackagesTest.BasicFunctionality
[       OK ] FindMissingBandwidthPackagesTest.BasicFunctionality (0 ms)
[ RUN      ] FindMissingBandwidthPackagesTest.Unsorted
[       OK ] FindMissingBandwidthPackagesTest.Unsorted (0 ms)
[ RUN      ] FindMissingBandwidthPackagesTest.FullCoverage
[       OK ] FindMissingBandwidthPackagesTest.FullCoverage (0 ms)
[ RUN      ] FindMissingBandwidthPackagesTest.MultipleMissingPackages
/Users/ittehad/Documents/Coding/Python/Turing/Tester_cpp_codebench/tasks/473681/test.cpp:43: Failure
Expected equality of these values:
  result.first
    Which is: 1
  6

/Users/ittehad/Documents/Coding/Python/Turing/Tester_cpp_codebench/tasks/473681/test.cpp:44: Failure
Expected equality of these values:
  result.second
    Which is: { 1 }
  std::vector<int>({1, 2, 4, 8, 16, 32})
    Which is: { 1, 2, 4, 8, 16, 32 }

[  FAILED  ] FindMissingBandwidthPackagesTest.MultipleMissingPackages (0 ms)
[ RUN      ] FindMissingBandwidthPackagesTest.DuplicateBandwidthPackages
[       OK ] FindMissingBandwidthPackagesTest.DuplicateBandwidthPackages (0 ms)
[ RUN      ] FindMissingBandwidthPackagesTest.EmptyBandwidthPackages
/Users/ittehad/Documents/Coding/Python/Turing/Tester_cpp_codebench/tasks/473681/test.cpp:63: Failure
Expected equality of these values:
  result.first
    Which is: 1
  3

/Users/ittehad/Documents/Coding/Python/Turing/Tester_cpp_codebench/tasks/473681/test.cpp:64: Failure
Expected equality of these values:
  result.second
    Which is: { 1 }
  std::vector<int>({1, 2, 4})
    Which is: { 1, 2, 4 }

[  FAILED  ] FindMissingBandwidthPackagesTest.EmptyBandwidthPackages (0 ms)
[ RUN      ] FindMissingBandwidthPackagesTest.RepeatedBandwidthWithUsageLimits
[       OK ] FindMissingBandwidthPackagesTest.RepeatedBandwidthWithUsageLimits (0 ms)
[ RUN      ] FindMissingBandwidthPackagesTest.MaxBandwidthLimit
unknown file: Failure
C++ exception with description "vector" thrown in the test body.

[  FAILED  ] FindMissingBandwidthPackagesTest.MaxBandwidthLimit (0 ms)
[----------] 8 tests from FindMissingBandwidthPackagesTest (0 ms total)

[----------] Global test environment tear-down
[==========] 8 tests from 1 test suite ran. (0 ms total)
[  PASSED  ] 5 tests.
[  FAILED  ] 3 tests, listed below:
[  FAILED  ] FindMissingBandwidthPackagesTest.MultipleMissingPackages
[  FAILED  ] FindMissingBandwidthPackagesTest.EmptyBandwidthPackages
[  FAILED  ] FindMissingBandwidthPackagesTest.MaxBandwidthLimit

 3 FAILED TESTS
<end of output>
Test time =   0.01 sec
----------------------------------------------------------
Test Failed.
"model4_tests" end time: Jan 31 22:25 +06
"model4_tests" time elapsed: 00:00:00
----------------------------------------------------------

7/11 Testing: model5_tests
7/11 Test: model5_tests
Command: "/Users/ittehad/Documents/Coding/Python/Turing/Tester_cpp_codebench/tasks/473681/build/model5_tests"
Directory: /Users/ittehad/Documents/Coding/Python/Turing/Tester_cpp_codebench/tasks/473681/build
"model5_tests" start time: Jan 31 22:25 +06
Output:
----------------------------------------------------------
[==========] Running 8 tests from 1 test suite.
[----------] Global test environment set-up.
[----------] 8 tests from FindMissingBandwidthPackagesTest
[ RUN      ] FindMissingBandwidthPackagesTest.BasicFunctionality
[       OK ] FindMissingBandwidthPackagesTest.BasicFunctionality (0 ms)
[ RUN      ] FindMissingBandwidthPackagesTest.Unsorted
[       OK ] FindMissingBandwidthPackagesTest.Unsorted (0 ms)
[ RUN      ] FindMissingBandwidthPackagesTest.FullCoverage
[       OK ] FindMissingBandwidthPackagesTest.FullCoverage (0 ms)
[ RUN      ] FindMissingBandwidthPackagesTest.MultipleMissingPackages
[       OK ] FindMissingBandwidthPackagesTest.MultipleMissingPackages (0 ms)
[ RUN      ] FindMissingBandwidthPackagesTest.DuplicateBandwidthPackages
[       OK ] FindMissingBandwidthPackagesTest.DuplicateBandwidthPackages (0 ms)
[ RUN      ] FindMissingBandwidthPackagesTest.EmptyBandwidthPackages
[       OK ] FindMissingBandwidthPackagesTest.EmptyBandwidthPackages (0 ms)
[ RUN      ] FindMissingBandwidthPackagesTest.RepeatedBandwidthWithUsageLimits
[       OK ] FindMissingBandwidthPackagesTest.RepeatedBandwidthWithUsageLimits (0 ms)
[ RUN      ] FindMissingBandwidthPackagesTest.MaxBandwidthLimit
unknown file: Failure
C++ exception with description "vector" thrown in the test body.

[  FAILED  ] FindMissingBandwidthPackagesTest.MaxBandwidthLimit (0 ms)
[----------] 8 tests from FindMissingBandwidthPackagesTest (0 ms total)

[----------] Global test environment tear-down
[==========] 8 tests from 1 test suite ran. (0 ms total)
[  PASSED  ] 7 tests.
[  FAILED  ] 1 test, listed below:
[  FAILED  ] FindMissingBandwidthPackagesTest.MaxBandwidthLimit

 1 FAILED TEST
<end of output>
Test time =   0.01 sec
----------------------------------------------------------
Test Failed.
"model5_tests" end time: Jan 31 22:25 +06
"model5_tests" time elapsed: 00:00:00
----------------------------------------------------------

8/11 Testing: model6_tests
8/11 Test: model6_tests
Command: "/Users/ittehad/Documents/Coding/Python/Turing/Tester_cpp_codebench/tasks/473681/build/model6_tests"
Directory: /Users/ittehad/Documents/Coding/Python/Turing/Tester_cpp_codebench/tasks/473681/build
"model6_tests" start time: Jan 31 22:25 +06
Output:
----------------------------------------------------------
[==========] Running 8 tests from 1 test suite.
[----------] Global test environment set-up.
[----------] 8 tests from FindMissingBandwidthPackagesTest
[ RUN      ] FindMissingBandwidthPackagesTest.BasicFunctionality
/Users/ittehad/Documents/Coding/Python/Turing/Tester_cpp_codebench/tasks/473681/test.cpp:13: Failure
Expected equality of these values:
  result.first
    Which is: 4
  1

/Users/ittehad/Documents/Coding/Python/Turing/Tester_cpp_codebench/tasks/473681/test.cpp:14: Failure
Expected equality of these values:
  result.second
    Which is: { 2, 4, 5, 6 }
  std::vector<int>({2})
    Which is: { 2 }

[  FAILED  ] FindMissingBandwidthPackagesTest.BasicFunctionality (0 ms)
[ RUN      ] FindMissingBandwidthPackagesTest.Unsorted
/Users/ittehad/Documents/Coding/Python/Turing/Tester_cpp_codebench/tasks/473681/test.cpp:23: Failure
Expected equality of these values:
  result.first
    Which is: 4
  1

/Users/ittehad/Documents/Coding/Python/Turing/Tester_cpp_codebench/tasks/473681/test.cpp:24: Failure
Expected equality of these values:
  result.second
    Which is: { 2, 4, 5, 6 }
  std::vector<int>({2})
    Which is: { 2 }

[  FAILED  ] FindMissingBandwidthPackagesTest.Unsorted (0 ms)
[ RUN      ] FindMissingBandwidthPackagesTest.FullCoverage
/Users/ittehad/Documents/Coding/Python/Turing/Tester_cpp_codebench/tasks/473681/test.cpp:33: Failure
Expected equality of these values:
  result.first
    Which is: 4
  0

/Users/ittehad/Documents/Coding/Python/Turing/Tester_cpp_codebench/tasks/473681/test.cpp:34: Failure
Value of: result.second.empty()
  Actual: false
Expected: true

[  FAILED  ] FindMissingBandwidthPackagesTest.FullCoverage (0 ms)
[ RUN      ] FindMissingBandwidthPackagesTest.MultipleMissingPackages
/Users/ittehad/Documents/Coding/Python/Turing/Tester_cpp_codebench/tasks/473681/test.cpp:43: Failure
Expected equality of these values:
  result.first
    Which is: 49
  6

/Users/ittehad/Documents/Coding/Python/Turing/Tester_cpp_codebench/tasks/473681/test.cpp:44: Failure
Expected equality of these values:
  result.second
    Which is: { 1, 2, 3, 4, 5, 6, 7, 8, 9, 10, 11, 12, 13, 14, 15, 16, 17, 18, 19, 20, 21, 22, 23, 24, 25, 26, 27, 28, 29, 30, 31, 32, ... }
  std::vector<int>({1, 2, 4, 8, 16, 32})
    Which is: { 1, 2, 4, 8, 16, 32 }

[  FAILED  ] FindMissingBandwidthPackagesTest.MultipleMissingPackages (0 ms)
[ RUN      ] FindMissingBandwidthPackagesTest.DuplicateBandwidthPackages
/Users/ittehad/Documents/Coding/Python/Turing/Tester_cpp_codebench/tasks/473681/test.cpp:53: Failure
Expected equality of these values:
  result.first
    Which is: 3
  1

/Users/ittehad/Documents/Coding/Python/Turing/Tester_cpp_codebench/tasks/473681/test.cpp:54: Failure
Expected equality of these values:
  result.second
    Which is: { 3, 4, 5 }
  std::vector<int>({5})
    Which is: { 5 }

[  FAILED  ] FindMissingBandwidthPackagesTest.DuplicateBandwidthPackages (0 ms)
[ RUN      ] FindMissingBandwidthPackagesTest.EmptyBandwidthPackages
/Users/ittehad/Documents/Coding/Python/Turing/Tester_cpp_codebench/tasks/473681/test.cpp:63: Failure
Expected equality of these values:
  result.first
    Which is: 5
  3

/Users/ittehad/Documents/Coding/Python/Turing/Tester_cpp_codebench/tasks/473681/test.cpp:64: Failure
Expected equality of these values:
  result.second
    Which is: { 1, 2, 3, 4, 5 }
  std::vector<int>({1, 2, 4})
    Which is: { 1, 2, 4 }

[  FAILED  ] FindMissingBandwidthPackagesTest.EmptyBandwidthPackages (0 ms)
[ RUN      ] FindMissingBandwidthPackagesTest.RepeatedBandwidthWithUsageLimits
/Users/ittehad/Documents/Coding/Python/Turing/Tester_cpp_codebench/tasks/473681/test.cpp:74: Failure
Expected equality of these values:
  result.first
    Which is: 3
  0

/Users/ittehad/Documents/Coding/Python/Turing/Tester_cpp_codebench/tasks/473681/test.cpp:75: Failure
Expected equality of these values:
  result.second
    Which is: { 3, 4, 5 }
  std::vector<int>({})
    Which is: {}

[  FAILED  ] FindMissingBandwidthPackagesTest.RepeatedBandwidthWithUsageLimits (0 ms)
[ RUN      ] FindMissingBandwidthPackagesTest.MaxBandwidthLimit
<end of output>
Test time =   5.05 sec
----------------------------------------------------------
Test Failed.
"model6_tests" end time: Jan 31 22:25 +06
"model6_tests" time elapsed: 00:00:05
----------------------------------------------------------

9/11 Testing: model7_tests
9/11 Test: model7_tests
Command: "/Users/ittehad/Documents/Coding/Python/Turing/Tester_cpp_codebench/tasks/473681/build/model7_tests"
Directory: /Users/ittehad/Documents/Coding/Python/Turing/Tester_cpp_codebench/tasks/473681/build
"model7_tests" start time: Jan 31 22:25 +06
Output:
----------------------------------------------------------
[==========] Running 8 tests from 1 test suite.
[----------] Global test environment set-up.
[----------] 8 tests from FindMissingBandwidthPackagesTest
[ RUN      ] FindMissingBandwidthPackagesTest.BasicFunctionality
/Users/ittehad/Documents/Coding/Python/Turing/Tester_cpp_codebench/tasks/473681/test.cpp:13: Failure
Expected equality of these values:
  result.first
    Which is: 4
  1

/Users/ittehad/Documents/Coding/Python/Turing/Tester_cpp_codebench/tasks/473681/test.cpp:14: Failure
Expected equality of these values:
  result.second
    Which is: { 2, 4, 5, 6 }
  std::vector<int>({2})
    Which is: { 2 }

[  FAILED  ] FindMissingBandwidthPackagesTest.BasicFunctionality (0 ms)
[ RUN      ] FindMissingBandwidthPackagesTest.Unsorted
/Users/ittehad/Documents/Coding/Python/Turing/Tester_cpp_codebench/tasks/473681/test.cpp:23: Failure
Expected equality of these values:
  result.first
    Which is: 4
  1

/Users/ittehad/Documents/Coding/Python/Turing/Tester_cpp_codebench/tasks/473681/test.cpp:24: Failure
Expected equality of these values:
  result.second
    Which is: { 2, 4, 5, 6 }
  std::vector<int>({2})
    Which is: { 2 }

[  FAILED  ] FindMissingBandwidthPackagesTest.Unsorted (0 ms)
[ RUN      ] FindMissingBandwidthPackagesTest.FullCoverage
/Users/ittehad/Documents/Coding/Python/Turing/Tester_cpp_codebench/tasks/473681/test.cpp:33: Failure
Expected equality of these values:
  result.first
    Which is: 4
  0

/Users/ittehad/Documents/Coding/Python/Turing/Tester_cpp_codebench/tasks/473681/test.cpp:34: Failure
Value of: result.second.empty()
  Actual: false
Expected: true

[  FAILED  ] FindMissingBandwidthPackagesTest.FullCoverage (0 ms)
[ RUN      ] FindMissingBandwidthPackagesTest.MultipleMissingPackages
/Users/ittehad/Documents/Coding/Python/Turing/Tester_cpp_codebench/tasks/473681/test.cpp:43: Failure
Expected equality of these values:
  result.first
    Which is: 49
  6

/Users/ittehad/Documents/Coding/Python/Turing/Tester_cpp_codebench/tasks/473681/test.cpp:44: Failure
Expected equality of these values:
  result.second
    Which is: { 1, 2, 3, 4, 5, 6, 7, 8, 9, 10, 11, 12, 13, 14, 15, 16, 17, 18, 19, 20, 21, 22, 23, 24, 25, 26, 27, 28, 29, 30, 31, 32, ... }
  std::vector<int>({1, 2, 4, 8, 16, 32})
    Which is: { 1, 2, 4, 8, 16, 32 }

[  FAILED  ] FindMissingBandwidthPackagesTest.MultipleMissingPackages (0 ms)
[ RUN      ] FindMissingBandwidthPackagesTest.DuplicateBandwidthPackages
/Users/ittehad/Documents/Coding/Python/Turing/Tester_cpp_codebench/tasks/473681/test.cpp:53: Failure
Expected equality of these values:
  result.first
    Which is: 3
  1

/Users/ittehad/Documents/Coding/Python/Turing/Tester_cpp_codebench/tasks/473681/test.cpp:54: Failure
Expected equality of these values:
  result.second
    Which is: { 3, 4, 5 }
  std::vector<int>({5})
    Which is: { 5 }

[  FAILED  ] FindMissingBandwidthPackagesTest.DuplicateBandwidthPackages (0 ms)
[ RUN      ] FindMissingBandwidthPackagesTest.EmptyBandwidthPackages
/Users/ittehad/Documents/Coding/Python/Turing/Tester_cpp_codebench/tasks/473681/test.cpp:63: Failure
Expected equality of these values:
  result.first
    Which is: 5
  3

/Users/ittehad/Documents/Coding/Python/Turing/Tester_cpp_codebench/tasks/473681/test.cpp:64: Failure
Expected equality of these values:
  result.second
    Which is: { 1, 2, 3, 4, 5 }
  std::vector<int>({1, 2, 4})
    Which is: { 1, 2, 4 }

[  FAILED  ] FindMissingBandwidthPackagesTest.EmptyBandwidthPackages (0 ms)
[ RUN      ] FindMissingBandwidthPackagesTest.RepeatedBandwidthWithUsageLimits
/Users/ittehad/Documents/Coding/Python/Turing/Tester_cpp_codebench/tasks/473681/test.cpp:74: Failure
Expected equality of these values:
  result.first
    Which is: 3
  0

/Users/ittehad/Documents/Coding/Python/Turing/Tester_cpp_codebench/tasks/473681/test.cpp:75: Failure
Expected equality of these values:
  result.second
    Which is: { 3, 4, 5 }
  std::vector<int>({})
    Which is: {}

[  FAILED  ] FindMissingBandwidthPackagesTest.RepeatedBandwidthWithUsageLimits (0 ms)
[ RUN      ] FindMissingBandwidthPackagesTest.MaxBandwidthLimit
<end of output>
Test time =   5.02 sec
----------------------------------------------------------
Test Failed.
"model7_tests" end time: Jan 31 22:25 +06
"model7_tests" time elapsed: 00:00:05
----------------------------------------------------------

10/11 Testing: model8_tests
10/11 Test: model8_tests
Command: "/Users/ittehad/Documents/Coding/Python/Turing/Tester_cpp_codebench/tasks/473681/build/model8_tests"
Directory: /Users/ittehad/Documents/Coding/Python/Turing/Tester_cpp_codebench/tasks/473681/build
"model8_tests" start time: Jan 31 22:25 +06
Output:
----------------------------------------------------------
[==========] Running 8 tests from 1 test suite.
[----------] Global test environment set-up.
[----------] 8 tests from FindMissingBandwidthPackagesTest
[ RUN      ] FindMissingBandwidthPackagesTest.BasicFunctionality
[       OK ] FindMissingBandwidthPackagesTest.BasicFunctionality (0 ms)
[ RUN      ] FindMissingBandwidthPackagesTest.Unsorted
[       OK ] FindMissingBandwidthPackagesTest.Unsorted (0 ms)
[ RUN      ] FindMissingBandwidthPackagesTest.FullCoverage
[       OK ] FindMissingBandwidthPackagesTest.FullCoverage (0 ms)
[ RUN      ] FindMissingBandwidthPackagesTest.MultipleMissingPackages
/Users/ittehad/Documents/Coding/Python/Turing/Tester_cpp_codebench/tasks/473681/test.cpp:43: Failure
Expected equality of these values:
  result.first
    Which is: 1
  6

/Users/ittehad/Documents/Coding/Python/Turing/Tester_cpp_codebench/tasks/473681/test.cpp:44: Failure
Expected equality of these values:
  result.second
    Which is: { 1 }
  std::vector<int>({1, 2, 4, 8, 16, 32})
    Which is: { 1, 2, 4, 8, 16, 32 }

[  FAILED  ] FindMissingBandwidthPackagesTest.MultipleMissingPackages (0 ms)
[ RUN      ] FindMissingBandwidthPackagesTest.DuplicateBandwidthPackages
[       OK ] FindMissingBandwidthPackagesTest.DuplicateBandwidthPackages (0 ms)
[ RUN      ] FindMissingBandwidthPackagesTest.EmptyBandwidthPackages
/Users/ittehad/Documents/Coding/Python/Turing/Tester_cpp_codebench/tasks/473681/test.cpp:63: Failure
Expected equality of these values:
  result.first
    Which is: 1
  3

/Users/ittehad/Documents/Coding/Python/Turing/Tester_cpp_codebench/tasks/473681/test.cpp:64: Failure
Expected equality of these values:
  result.second
    Which is: { 1 }
  std::vector<int>({1, 2, 4})
    Which is: { 1, 2, 4 }

[  FAILED  ] FindMissingBandwidthPackagesTest.EmptyBandwidthPackages (0 ms)
[ RUN      ] FindMissingBandwidthPackagesTest.RepeatedBandwidthWithUsageLimits
[       OK ] FindMissingBandwidthPackagesTest.RepeatedBandwidthWithUsageLimits (0 ms)
[ RUN      ] FindMissingBandwidthPackagesTest.MaxBandwidthLimit
unknown file: Failure
C++ exception with description "vector" thrown in the test body.

[  FAILED  ] FindMissingBandwidthPackagesTest.MaxBandwidthLimit (0 ms)
[----------] 8 tests from FindMissingBandwidthPackagesTest (0 ms total)

[----------] Global test environment tear-down
[==========] 8 tests from 1 test suite ran. (0 ms total)
[  PASSED  ] 5 tests.
[  FAILED  ] 3 tests, listed below:
[  FAILED  ] FindMissingBandwidthPackagesTest.MultipleMissingPackages
[  FAILED  ] FindMissingBandwidthPackagesTest.EmptyBandwidthPackages
[  FAILED  ] FindMissingBandwidthPackagesTest.MaxBandwidthLimit

 3 FAILED TESTS
<end of output>
Test time =   0.01 sec
----------------------------------------------------------
Test Failed.
"model8_tests" end time: Jan 31 22:25 +06
"model8_tests" time elapsed: 00:00:00
----------------------------------------------------------

11/11 Testing: model9_tests
11/11 Test: model9_tests
Command: "/Users/ittehad/Documents/Coding/Python/Turing/Tester_cpp_codebench/tasks/473681/build/model9_tests"
Directory: /Users/ittehad/Documents/Coding/Python/Turing/Tester_cpp_codebench/tasks/473681/build
"model9_tests" start time: Jan 31 22:25 +06
Output:
----------------------------------------------------------
[==========] Running 8 tests from 1 test suite.
[----------] Global test environment set-up.
[----------] 8 tests from FindMissingBandwidthPackagesTest
[ RUN      ] FindMissingBandwidthPackagesTest.BasicFunctionality
/Users/ittehad/Documents/Coding/Python/Turing/Tester_cpp_codebench/tasks/473681/test.cpp:13: Failure
Expected equality of these values:
  result.first
    Which is: 4
  1

/Users/ittehad/Documents/Coding/Python/Turing/Tester_cpp_codebench/tasks/473681/test.cpp:14: Failure
Expected equality of these values:
  result.second
    Which is: { 2, 4, 5, 6 }
  std::vector<int>({2})
    Which is: { 2 }

[  FAILED  ] FindMissingBandwidthPackagesTest.BasicFunctionality (0 ms)
[ RUN      ] FindMissingBandwidthPackagesTest.Unsorted
/Users/ittehad/Documents/Coding/Python/Turing/Tester_cpp_codebench/tasks/473681/test.cpp:23: Failure
Expected equality of these values:
  result.first
    Which is: 4
  1

/Users/ittehad/Documents/Coding/Python/Turing/Tester_cpp_codebench/tasks/473681/test.cpp:24: Failure
Expected equality of these values:
  result.second
    Which is: { 2, 4, 5, 6 }
  std::vector<int>({2})
    Which is: { 2 }

[  FAILED  ] FindMissingBandwidthPackagesTest.Unsorted (0 ms)
[ RUN      ] FindMissingBandwidthPackagesTest.FullCoverage
/Users/ittehad/Documents/Coding/Python/Turing/Tester_cpp_codebench/tasks/473681/test.cpp:33: Failure
Expected equality of these values:
  result.first
    Which is: 4
  0

/Users/ittehad/Documents/Coding/Python/Turing/Tester_cpp_codebench/tasks/473681/test.cpp:34: Failure
Value of: result.second.empty()
  Actual: false
Expected: true

[  FAILED  ] FindMissingBandwidthPackagesTest.FullCoverage (0 ms)
[ RUN      ] FindMissingBandwidthPackagesTest.MultipleMissingPackages
/Users/ittehad/Documents/Coding/Python/Turing/Tester_cpp_codebench/tasks/473681/test.cpp:43: Failure
Expected equality of these values:
  result.first
    Which is: 49
  6

/Users/ittehad/Documents/Coding/Python/Turing/Tester_cpp_codebench/tasks/473681/test.cpp:44: Failure
Expected equality of these values:
  result.second
    Which is: { 1, 2, 3, 4, 5, 6, 7, 8, 9, 10, 11, 12, 13, 14, 15, 16, 17, 18, 19, 20, 21, 22, 23, 24, 25, 26, 27, 28, 29, 30, 31, 32, ... }
  std::vector<int>({1, 2, 4, 8, 16, 32})
    Which is: { 1, 2, 4, 8, 16, 32 }

[  FAILED  ] FindMissingBandwidthPackagesTest.MultipleMissingPackages (0 ms)
[ RUN      ] FindMissingBandwidthPackagesTest.DuplicateBandwidthPackages
/Users/ittehad/Documents/Coding/Python/Turing/Tester_cpp_codebench/tasks/473681/test.cpp:53: Failure
Expected equality of these values:
  result.first
    Which is: 3
  1

/Users/ittehad/Documents/Coding/Python/Turing/Tester_cpp_codebench/tasks/473681/test.cpp:54: Failure
Expected equality of these values:
  result.second
    Which is: { 3, 4, 5 }
  std::vector<int>({5})
    Which is: { 5 }

[  FAILED  ] FindMissingBandwidthPackagesTest.DuplicateBandwidthPackages (0 ms)
[ RUN      ] FindMissingBandwidthPackagesTest.EmptyBandwidthPackages
/Users/ittehad/Documents/Coding/Python/Turing/Tester_cpp_codebench/tasks/473681/test.cpp:63: Failure
Expected equality of these values:
  result.first
    Which is: 5
  3

/Users/ittehad/Documents/Coding/Python/Turing/Tester_cpp_codebench/tasks/473681/test.cpp:64: Failure
Expected equality of these values:
  result.second
    Which is: { 1, 2, 3, 4, 5 }
  std::vector<int>({1, 2, 4})
    Which is: { 1, 2, 4 }

[  FAILED  ] FindMissingBandwidthPackagesTest.EmptyBandwidthPackages (0 ms)
[ RUN      ] FindMissingBandwidthPackagesTest.RepeatedBandwidthWithUsageLimits
/Users/ittehad/Documents/Coding/Python/Turing/Tester_cpp_codebench/tasks/473681/test.cpp:74: Failure
Expected equality of these values:
  result.first
    Which is: 3
  0

/Users/ittehad/Documents/Coding/Python/Turing/Tester_cpp_codebench/tasks/473681/test.cpp:75: Failure
Expected equality of these values:
  result.second
    Which is: { 3, 4, 5 }
  std::vector<int>({})
    Which is: {}

[  FAILED  ] FindMissingBandwidthPackagesTest.RepeatedBandwidthWithUsageLimits (0 ms)
[ RUN      ] FindMissingBandwidthPackagesTest.MaxBandwidthLimit
<end of output>
Test time =   5.02 sec
----------------------------------------------------------
Test Failed.
"model9_tests" end time: Jan 31 22:25 +06
"model9_tests" time elapsed: 00:00:05
----------------------------------------------------------

End testing: Jan 31 22:25 +06
