Start testing: Jan 31 22:19 +06
----------------------------------------------------------
1/11 Testing: incorrect_solution_tests
1/11 Test: incorrect_solution_tests
Command: "/Users/ittehad/Documents/Coding/Python/Turing/Tester_cpp_codebench/tasks/303992/build/incorrect_solution_tests"
Directory: /Users/ittehad/Documents/Coding/Python/Turing/Tester_cpp_codebench/tasks/303992/build
"incorrect_solution_tests" start time: Jan 31 22:19 +06
Output:
----------------------------------------------------------
Running main() from /Users/ittehad/Documents/Coding/Python/Turing/Tester_cpp_codebench/tasks/303992/build/_deps/googletest-src/googletest/src/gtest_main.cc
[==========] Running 10 tests from 1 test suite.
[----------] Global test environment set-up.
[----------] 10 tests from GaussianEliminationTests
[ RUN      ] GaussianEliminationTests.Simple2x2
[       OK ] GaussianEliminationTests.Simple2x2 (0 ms)
[ RUN      ] GaussianEliminationTests.Simple3x3
[       OK ] GaussianEliminationTests.Simple3x3 (0 ms)
[ RUN      ] GaussianEliminationTests.SingularMatrix
/Users/ittehad/Documents/Coding/Python/Turing/Tester_cpp_codebench/tasks/303992/test.cpp:37: Failure
Value of: result.empty()
  Actual: false
Expected: true

[  FAILED  ] GaussianEliminationTests.SingularMatrix (0 ms)
[ RUN      ] GaussianEliminationTests.InconsistentSystem
/Users/ittehad/Documents/Coding/Python/Turing/Tester_cpp_codebench/tasks/303992/test.cpp:45: Failure
Value of: result.empty()
  Actual: false
Expected: true

[  FAILED  ] GaussianEliminationTests.InconsistentSystem (0 ms)
[ RUN      ] GaussianEliminationTests.OneByOneMatrix
[       OK ] GaussianEliminationTests.OneByOneMatrix (0 ms)
[ RUN      ] GaussianEliminationTests.ZeroMatrix
/Users/ittehad/Documents/Coding/Python/Turing/Tester_cpp_codebench/tasks/303992/test.cpp:65: Failure
Value of: result.empty()
  Actual: false
Expected: true

[  FAILED  ] GaussianEliminationTests.ZeroMatrix (0 ms)
[ RUN      ] GaussianEliminationTests.SmallValues
[       OK ] GaussianEliminationTests.SmallValues (0 ms)
[ RUN      ] GaussianEliminationTests.LargeValues
[       OK ] GaussianEliminationTests.LargeValues (0 ms)
[ RUN      ] GaussianEliminationTests.EmptyMatrix
[       OK ] GaussianEliminationTests.EmptyMatrix (0 ms)
[ RUN      ] GaussianEliminationTests.NonSquareMatrix
[       OK ] GaussianEliminationTests.NonSquareMatrix (0 ms)
[----------] 10 tests from GaussianEliminationTests (1 ms total)

[----------] Global test environment tear-down
[==========] 10 tests from 1 test suite ran. (1 ms total)
[  PASSED  ] 7 tests.
[  FAILED  ] 3 tests, listed below:
[  FAILED  ] GaussianEliminationTests.SingularMatrix
[  FAILED  ] GaussianEliminationTests.InconsistentSystem
[  FAILED  ] GaussianEliminationTests.ZeroMatrix

 3 FAILED TESTS
<end of output>
Test time =   0.01 sec
----------------------------------------------------------
Test Failed.
"incorrect_solution_tests" end time: Jan 31 22:19 +06
"incorrect_solution_tests" time elapsed: 00:00:00
----------------------------------------------------------

2/11 Testing: model1_tests
2/11 Test: model1_tests
Command: "/Users/ittehad/Documents/Coding/Python/Turing/Tester_cpp_codebench/tasks/303992/build/model1_tests"
Directory: /Users/ittehad/Documents/Coding/Python/Turing/Tester_cpp_codebench/tasks/303992/build
"model1_tests" start time: Jan 31 22:19 +06
Output:
----------------------------------------------------------
Running main() from /Users/ittehad/Documents/Coding/Python/Turing/Tester_cpp_codebench/tasks/303992/build/_deps/googletest-src/googletest/src/gtest_main.cc
[==========] Running 10 tests from 1 test suite.
[----------] Global test environment set-up.
[----------] 10 tests from GaussianEliminationTests
[ RUN      ] GaussianEliminationTests.Simple2x2
[       OK ] GaussianEliminationTests.Simple2x2 (0 ms)
[ RUN      ] GaussianEliminationTests.Simple3x3
[       OK ] GaussianEliminationTests.Simple3x3 (0 ms)
[ RUN      ] GaussianEliminationTests.SingularMatrix
[       OK ] GaussianEliminationTests.SingularMatrix (0 ms)
[ RUN      ] GaussianEliminationTests.InconsistentSystem
[       OK ] GaussianEliminationTests.InconsistentSystem (0 ms)
[ RUN      ] GaussianEliminationTests.OneByOneMatrix
[       OK ] GaussianEliminationTests.OneByOneMatrix (0 ms)
[ RUN      ] GaussianEliminationTests.ZeroMatrix
[       OK ] GaussianEliminationTests.ZeroMatrix (0 ms)
[ RUN      ] GaussianEliminationTests.SmallValues
[       OK ] GaussianEliminationTests.SmallValues (0 ms)
[ RUN      ] GaussianEliminationTests.LargeValues
[       OK ] GaussianEliminationTests.LargeValues (0 ms)
[ RUN      ] GaussianEliminationTests.EmptyMatrix
[       OK ] GaussianEliminationTests.EmptyMatrix (0 ms)
[ RUN      ] GaussianEliminationTests.NonSquareMatrix
[       OK ] GaussianEliminationTests.NonSquareMatrix (0 ms)
[----------] 10 tests from GaussianEliminationTests (1 ms total)

[----------] Global test environment tear-down
[==========] 10 tests from 1 test suite ran. (1 ms total)
[  PASSED  ] 10 tests.
<end of output>
Test time =   0.01 sec
----------------------------------------------------------
Test Passed.
"model1_tests" end time: Jan 31 22:19 +06
"model1_tests" time elapsed: 00:00:00
----------------------------------------------------------

3/11 Testing: model10_tests
3/11 Test: model10_tests
Command: "/Users/ittehad/Documents/Coding/Python/Turing/Tester_cpp_codebench/tasks/303992/build/model10_tests"
Directory: /Users/ittehad/Documents/Coding/Python/Turing/Tester_cpp_codebench/tasks/303992/build
"model10_tests" start time: Jan 31 22:19 +06
Output:
----------------------------------------------------------
Running main() from /Users/ittehad/Documents/Coding/Python/Turing/Tester_cpp_codebench/tasks/303992/build/_deps/googletest-src/googletest/src/gtest_main.cc
[==========] Running 10 tests from 1 test suite.
[----------] Global test environment set-up.
[----------] 10 tests from GaussianEliminationTests
[ RUN      ] GaussianEliminationTests.Simple2x2
[       OK ] GaussianEliminationTests.Simple2x2 (0 ms)
[ RUN      ] GaussianEliminationTests.Simple3x3
[       OK ] GaussianEliminationTests.Simple3x3 (0 ms)
[ RUN      ] GaussianEliminationTests.SingularMatrix
[       OK ] GaussianEliminationTests.SingularMatrix (0 ms)
[ RUN      ] GaussianEliminationTests.InconsistentSystem
[       OK ] GaussianEliminationTests.InconsistentSystem (0 ms)
[ RUN      ] GaussianEliminationTests.OneByOneMatrix
[       OK ] GaussianEliminationTests.OneByOneMatrix (0 ms)
[ RUN      ] GaussianEliminationTests.ZeroMatrix
[       OK ] GaussianEliminationTests.ZeroMatrix (0 ms)
[ RUN      ] GaussianEliminationTests.SmallValues
[       OK ] GaussianEliminationTests.SmallValues (0 ms)
[ RUN      ] GaussianEliminationTests.LargeValues
[       OK ] GaussianEliminationTests.LargeValues (0 ms)
[ RUN      ] GaussianEliminationTests.EmptyMatrix
[       OK ] GaussianEliminationTests.EmptyMatrix (0 ms)
[ RUN      ] GaussianEliminationTests.NonSquareMatrix
[       OK ] GaussianEliminationTests.NonSquareMatrix (0 ms)
[----------] 10 tests from GaussianEliminationTests (0 ms total)

[----------] Global test environment tear-down
[==========] 10 tests from 1 test suite ran. (0 ms total)
[  PASSED  ] 10 tests.
<end of output>
Test time =   0.01 sec
----------------------------------------------------------
Test Passed.
"model10_tests" end time: Jan 31 22:19 +06
"model10_tests" time elapsed: 00:00:00
----------------------------------------------------------

4/11 Testing: model2_tests
4/11 Test: model2_tests
Command: "/Users/ittehad/Documents/Coding/Python/Turing/Tester_cpp_codebench/tasks/303992/build/model2_tests"
Directory: /Users/ittehad/Documents/Coding/Python/Turing/Tester_cpp_codebench/tasks/303992/build
"model2_tests" start time: Jan 31 22:19 +06
Output:
----------------------------------------------------------
Running main() from /Users/ittehad/Documents/Coding/Python/Turing/Tester_cpp_codebench/tasks/303992/build/_deps/googletest-src/googletest/src/gtest_main.cc
[==========] Running 10 tests from 1 test suite.
[----------] Global test environment set-up.
[----------] 10 tests from GaussianEliminationTests
[ RUN      ] GaussianEliminationTests.Simple2x2
/Users/ittehad/Documents/Coding/Python/Turing/Tester_cpp_codebench/tasks/303992/test.cpp:16: Failure
The difference between result[i] and expected[i] is 3.75, which exceeds 1e-6, where
result[i] evaluates to -0.75,
expected[i] evaluates to -4.5, and
1e-6 evaluates to 9.9999999999999995e-07.

/Users/ittehad/Documents/Coding/Python/Turing/Tester_cpp_codebench/tasks/303992/test.cpp:16: Failure
The difference between result[i] and expected[i] is 3, which exceeds 1e-6, where
result[i] evaluates to 2,
expected[i] evaluates to 5, and
1e-6 evaluates to 9.9999999999999995e-07.

[  FAILED  ] GaussianEliminationTests.Simple2x2 (0 ms)
[ RUN      ] GaussianEliminationTests.Simple3x3
[       OK ] GaussianEliminationTests.Simple3x3 (0 ms)
[ RUN      ] GaussianEliminationTests.SingularMatrix
[       OK ] GaussianEliminationTests.SingularMatrix (0 ms)
[ RUN      ] GaussianEliminationTests.InconsistentSystem
[       OK ] GaussianEliminationTests.InconsistentSystem (0 ms)
[ RUN      ] GaussianEliminationTests.OneByOneMatrix
[       OK ] GaussianEliminationTests.OneByOneMatrix (0 ms)
[ RUN      ] GaussianEliminationTests.ZeroMatrix
[       OK ] GaussianEliminationTests.ZeroMatrix (0 ms)
[ RUN      ] GaussianEliminationTests.SmallValues
[       OK ] GaussianEliminationTests.SmallValues (0 ms)
[ RUN      ] GaussianEliminationTests.LargeValues
/Users/ittehad/Documents/Coding/Python/Turing/Tester_cpp_codebench/tasks/303992/test.cpp:88: Failure
The difference between result[i] and expected[i] is 2.6666666666666652, which exceeds 1e-6, where
result[i] evaluates to -1.3333333333333333,
expected[i] evaluates to -3.9999999999999987, and
1e-6 evaluates to 9.9999999999999995e-07.

/Users/ittehad/Documents/Coding/Python/Turing/Tester_cpp_codebench/tasks/303992/test.cpp:88: Failure
The difference between result[i] and expected[i] is 1.9999999999999991, which exceeds 1e-6, where
result[i] evaluates to 2.5,
expected[i] evaluates to 4.4999999999999991, and
1e-6 evaluates to 9.9999999999999995e-07.

[  FAILED  ] GaussianEliminationTests.LargeValues (0 ms)
[ RUN      ] GaussianEliminationTests.EmptyMatrix
unknown file: Failure
C++ exception with description "Invalid input dimensions" thrown in the test body.

[  FAILED  ] GaussianEliminationTests.EmptyMatrix (0 ms)
[ RUN      ] GaussianEliminationTests.NonSquareMatrix
unknown file: Failure
C++ exception with description "Matrix must be square" thrown in the test body.

[  FAILED  ] GaussianEliminationTests.NonSquareMatrix (0 ms)
[----------] 10 tests from GaussianEliminationTests (1 ms total)

[----------] Global test environment tear-down
[==========] 10 tests from 1 test suite ran. (1 ms total)
[  PASSED  ] 6 tests.
[  FAILED  ] 4 tests, listed below:
[  FAILED  ] GaussianEliminationTests.Simple2x2
[  FAILED  ] GaussianEliminationTests.LargeValues
[  FAILED  ] GaussianEliminationTests.EmptyMatrix
[  FAILED  ] GaussianEliminationTests.NonSquareMatrix

 4 FAILED TESTS
<end of output>
Test time =   0.01 sec
----------------------------------------------------------
Test Failed.
"model2_tests" end time: Jan 31 22:19 +06
"model2_tests" time elapsed: 00:00:00
----------------------------------------------------------

5/11 Testing: model3_tests
5/11 Test: model3_tests
Command: "/Users/ittehad/Documents/Coding/Python/Turing/Tester_cpp_codebench/tasks/303992/build/model3_tests"
Directory: /Users/ittehad/Documents/Coding/Python/Turing/Tester_cpp_codebench/tasks/303992/build
"model3_tests" start time: Jan 31 22:19 +06
Output:
----------------------------------------------------------
Running main() from /Users/ittehad/Documents/Coding/Python/Turing/Tester_cpp_codebench/tasks/303992/build/_deps/googletest-src/googletest/src/gtest_main.cc
[==========] Running 10 tests from 1 test suite.
[----------] Global test environment set-up.
[----------] 10 tests from GaussianEliminationTests
[ RUN      ] GaussianEliminationTests.Simple2x2
[       OK ] GaussianEliminationTests.Simple2x2 (0 ms)
[ RUN      ] GaussianEliminationTests.Simple3x3
[       OK ] GaussianEliminationTests.Simple3x3 (0 ms)
[ RUN      ] GaussianEliminationTests.SingularMatrix
[       OK ] GaussianEliminationTests.SingularMatrix (0 ms)
[ RUN      ] GaussianEliminationTests.InconsistentSystem
[       OK ] GaussianEliminationTests.InconsistentSystem (0 ms)
[ RUN      ] GaussianEliminationTests.OneByOneMatrix
[       OK ] GaussianEliminationTests.OneByOneMatrix (0 ms)
[ RUN      ] GaussianEliminationTests.ZeroMatrix
[       OK ] GaussianEliminationTests.ZeroMatrix (0 ms)
[ RUN      ] GaussianEliminationTests.SmallValues
[       OK ] GaussianEliminationTests.SmallValues (0 ms)
[ RUN      ] GaussianEliminationTests.LargeValues
[       OK ] GaussianEliminationTests.LargeValues (0 ms)
[ RUN      ] GaussianEliminationTests.EmptyMatrix
[       OK ] GaussianEliminationTests.EmptyMatrix (0 ms)
[ RUN      ] GaussianEliminationTests.NonSquareMatrix
[       OK ] GaussianEliminationTests.NonSquareMatrix (0 ms)
[----------] 10 tests from GaussianEliminationTests (0 ms total)

[----------] Global test environment tear-down
[==========] 10 tests from 1 test suite ran. (0 ms total)
[  PASSED  ] 10 tests.
<end of output>
Test time =   0.00 sec
----------------------------------------------------------
Test Passed.
"model3_tests" end time: Jan 31 22:19 +06
"model3_tests" time elapsed: 00:00:00
----------------------------------------------------------

6/11 Testing: model4_tests
6/11 Test: model4_tests
Command: "/Users/ittehad/Documents/Coding/Python/Turing/Tester_cpp_codebench/tasks/303992/build/model4_tests"
Directory: /Users/ittehad/Documents/Coding/Python/Turing/Tester_cpp_codebench/tasks/303992/build
"model4_tests" start time: Jan 31 22:19 +06
Output:
----------------------------------------------------------
Running main() from /Users/ittehad/Documents/Coding/Python/Turing/Tester_cpp_codebench/tasks/303992/build/_deps/googletest-src/googletest/src/gtest_main.cc
[==========] Running 10 tests from 1 test suite.
[----------] Global test environment set-up.
[----------] 10 tests from GaussianEliminationTests
[ RUN      ] GaussianEliminationTests.Simple2x2
[       OK ] GaussianEliminationTests.Simple2x2 (0 ms)
[ RUN      ] GaussianEliminationTests.Simple3x3
[       OK ] GaussianEliminationTests.Simple3x3 (0 ms)
[ RUN      ] GaussianEliminationTests.SingularMatrix
/Users/ittehad/Documents/Coding/Python/Turing/Tester_cpp_codebench/tasks/303992/test.cpp:37: Failure
Value of: result.empty()
  Actual: false
Expected: true

[  FAILED  ] GaussianEliminationTests.SingularMatrix (0 ms)
[ RUN      ] GaussianEliminationTests.InconsistentSystem
[       OK ] GaussianEliminationTests.InconsistentSystem (0 ms)
[ RUN      ] GaussianEliminationTests.OneByOneMatrix
[       OK ] GaussianEliminationTests.OneByOneMatrix (0 ms)
[ RUN      ] GaussianEliminationTests.ZeroMatrix
[       OK ] GaussianEliminationTests.ZeroMatrix (0 ms)
[ RUN      ] GaussianEliminationTests.SmallValues
[       OK ] GaussianEliminationTests.SmallValues (0 ms)
[ RUN      ] GaussianEliminationTests.LargeValues
[       OK ] GaussianEliminationTests.LargeValues (0 ms)
[ RUN      ] GaussianEliminationTests.EmptyMatrix
[       OK ] GaussianEliminationTests.EmptyMatrix (0 ms)
[ RUN      ] GaussianEliminationTests.NonSquareMatrix
[       OK ] GaussianEliminationTests.NonSquareMatrix (0 ms)
[----------] 10 tests from GaussianEliminationTests (0 ms total)

[----------] Global test environment tear-down
[==========] 10 tests from 1 test suite ran. (0 ms total)
[  PASSED  ] 9 tests.
[  FAILED  ] 1 test, listed below:
[  FAILED  ] GaussianEliminationTests.SingularMatrix

 1 FAILED TEST
<end of output>
Test time =   0.00 sec
----------------------------------------------------------
Test Failed.
"model4_tests" end time: Jan 31 22:19 +06
"model4_tests" time elapsed: 00:00:00
----------------------------------------------------------

7/11 Testing: model5_tests
7/11 Test: model5_tests
Command: "/Users/ittehad/Documents/Coding/Python/Turing/Tester_cpp_codebench/tasks/303992/build/model5_tests"
Directory: /Users/ittehad/Documents/Coding/Python/Turing/Tester_cpp_codebench/tasks/303992/build
"model5_tests" start time: Jan 31 22:19 +06
Output:
----------------------------------------------------------
Running main() from /Users/ittehad/Documents/Coding/Python/Turing/Tester_cpp_codebench/tasks/303992/build/_deps/googletest-src/googletest/src/gtest_main.cc
[==========] Running 10 tests from 1 test suite.
[----------] Global test environment set-up.
[----------] 10 tests from GaussianEliminationTests
[ RUN      ] GaussianEliminationTests.Simple2x2
[       OK ] GaussianEliminationTests.Simple2x2 (0 ms)
[ RUN      ] GaussianEliminationTests.Simple3x3
[       OK ] GaussianEliminationTests.Simple3x3 (0 ms)
[ RUN      ] GaussianEliminationTests.SingularMatrix
[       OK ] GaussianEliminationTests.SingularMatrix (0 ms)
[ RUN      ] GaussianEliminationTests.InconsistentSystem
[       OK ] GaussianEliminationTests.InconsistentSystem (0 ms)
[ RUN      ] GaussianEliminationTests.OneByOneMatrix
[       OK ] GaussianEliminationTests.OneByOneMatrix (0 ms)
[ RUN      ] GaussianEliminationTests.ZeroMatrix
[       OK ] GaussianEliminationTests.ZeroMatrix (0 ms)
[ RUN      ] GaussianEliminationTests.SmallValues
[       OK ] GaussianEliminationTests.SmallValues (0 ms)
[ RUN      ] GaussianEliminationTests.LargeValues
[       OK ] GaussianEliminationTests.LargeValues (0 ms)
[ RUN      ] GaussianEliminationTests.EmptyMatrix
[       OK ] GaussianEliminationTests.EmptyMatrix (0 ms)
[ RUN      ] GaussianEliminationTests.NonSquareMatrix
[       OK ] GaussianEliminationTests.NonSquareMatrix (0 ms)
[----------] 10 tests from GaussianEliminationTests (0 ms total)

[----------] Global test environment tear-down
[==========] 10 tests from 1 test suite ran. (0 ms total)
[  PASSED  ] 10 tests.
<end of output>
Test time =   0.00 sec
----------------------------------------------------------
Test Passed.
"model5_tests" end time: Jan 31 22:19 +06
"model5_tests" time elapsed: 00:00:00
----------------------------------------------------------

8/11 Testing: model6_tests
8/11 Test: model6_tests
Command: "/Users/ittehad/Documents/Coding/Python/Turing/Tester_cpp_codebench/tasks/303992/build/model6_tests"
Directory: /Users/ittehad/Documents/Coding/Python/Turing/Tester_cpp_codebench/tasks/303992/build
"model6_tests" start time: Jan 31 22:19 +06
Output:
----------------------------------------------------------
Running main() from /Users/ittehad/Documents/Coding/Python/Turing/Tester_cpp_codebench/tasks/303992/build/_deps/googletest-src/googletest/src/gtest_main.cc
[==========] Running 10 tests from 1 test suite.
[----------] Global test environment set-up.
[----------] 10 tests from GaussianEliminationTests
[ RUN      ] GaussianEliminationTests.Simple2x2
[       OK ] GaussianEliminationTests.Simple2x2 (0 ms)
[ RUN      ] GaussianEliminationTests.Simple3x3
[       OK ] GaussianEliminationTests.Simple3x3 (0 ms)
[ RUN      ] GaussianEliminationTests.SingularMatrix
/Users/ittehad/Documents/Coding/Python/Turing/Tester_cpp_codebench/tasks/303992/test.cpp:37: Failure
Value of: result.empty()
  Actual: false
Expected: true

[  FAILED  ] GaussianEliminationTests.SingularMatrix (0 ms)
[ RUN      ] GaussianEliminationTests.InconsistentSystem
/Users/ittehad/Documents/Coding/Python/Turing/Tester_cpp_codebench/tasks/303992/test.cpp:45: Failure
Value of: result.empty()
  Actual: false
Expected: true

[  FAILED  ] GaussianEliminationTests.InconsistentSystem (0 ms)
[ RUN      ] GaussianEliminationTests.OneByOneMatrix
[       OK ] GaussianEliminationTests.OneByOneMatrix (0 ms)
[ RUN      ] GaussianEliminationTests.ZeroMatrix
/Users/ittehad/Documents/Coding/Python/Turing/Tester_cpp_codebench/tasks/303992/test.cpp:65: Failure
Value of: result.empty()
  Actual: false
Expected: true

[  FAILED  ] GaussianEliminationTests.ZeroMatrix (0 ms)
[ RUN      ] GaussianEliminationTests.SmallValues
[       OK ] GaussianEliminationTests.SmallValues (0 ms)
[ RUN      ] GaussianEliminationTests.LargeValues
[       OK ] GaussianEliminationTests.LargeValues (0 ms)
[ RUN      ] GaussianEliminationTests.EmptyMatrix
[       OK ] GaussianEliminationTests.EmptyMatrix (0 ms)
[ RUN      ] GaussianEliminationTests.NonSquareMatrix
[       OK ] GaussianEliminationTests.NonSquareMatrix (0 ms)
[----------] 10 tests from GaussianEliminationTests (0 ms total)

[----------] Global test environment tear-down
[==========] 10 tests from 1 test suite ran. (0 ms total)
[  PASSED  ] 7 tests.
[  FAILED  ] 3 tests, listed below:
[  FAILED  ] GaussianEliminationTests.SingularMatrix
[  FAILED  ] GaussianEliminationTests.InconsistentSystem
[  FAILED  ] GaussianEliminationTests.ZeroMatrix

 3 FAILED TESTS
<end of output>
Test time =   0.00 sec
----------------------------------------------------------
Test Failed.
"model6_tests" end time: Jan 31 22:19 +06
"model6_tests" time elapsed: 00:00:00
----------------------------------------------------------

9/11 Testing: model7_tests
9/11 Test: model7_tests
Command: "/Users/ittehad/Documents/Coding/Python/Turing/Tester_cpp_codebench/tasks/303992/build/model7_tests"
Directory: /Users/ittehad/Documents/Coding/Python/Turing/Tester_cpp_codebench/tasks/303992/build
"model7_tests" start time: Jan 31 22:19 +06
Output:
----------------------------------------------------------
Running main() from /Users/ittehad/Documents/Coding/Python/Turing/Tester_cpp_codebench/tasks/303992/build/_deps/googletest-src/googletest/src/gtest_main.cc
[==========] Running 10 tests from 1 test suite.
[----------] Global test environment set-up.
[----------] 10 tests from GaussianEliminationTests
[ RUN      ] GaussianEliminationTests.Simple2x2
[       OK ] GaussianEliminationTests.Simple2x2 (0 ms)
[ RUN      ] GaussianEliminationTests.Simple3x3
[       OK ] GaussianEliminationTests.Simple3x3 (0 ms)
[ RUN      ] GaussianEliminationTests.SingularMatrix
/Users/ittehad/Documents/Coding/Python/Turing/Tester_cpp_codebench/tasks/303992/test.cpp:37: Failure
Value of: result.empty()
  Actual: false
Expected: true

[  FAILED  ] GaussianEliminationTests.SingularMatrix (0 ms)
[ RUN      ] GaussianEliminationTests.InconsistentSystem
/Users/ittehad/Documents/Coding/Python/Turing/Tester_cpp_codebench/tasks/303992/test.cpp:45: Failure
Value of: result.empty()
  Actual: false
Expected: true

[  FAILED  ] GaussianEliminationTests.InconsistentSystem (0 ms)
[ RUN      ] GaussianEliminationTests.OneByOneMatrix
[       OK ] GaussianEliminationTests.OneByOneMatrix (0 ms)
[ RUN      ] GaussianEliminationTests.ZeroMatrix
/Users/ittehad/Documents/Coding/Python/Turing/Tester_cpp_codebench/tasks/303992/test.cpp:65: Failure
Value of: result.empty()
  Actual: false
Expected: true

[  FAILED  ] GaussianEliminationTests.ZeroMatrix (0 ms)
[ RUN      ] GaussianEliminationTests.SmallValues
[       OK ] GaussianEliminationTests.SmallValues (0 ms)
[ RUN      ] GaussianEliminationTests.LargeValues
[       OK ] GaussianEliminationTests.LargeValues (0 ms)
[ RUN      ] GaussianEliminationTests.EmptyMatrix
[       OK ] GaussianEliminationTests.EmptyMatrix (0 ms)
[ RUN      ] GaussianEliminationTests.NonSquareMatrix
[       OK ] GaussianEliminationTests.NonSquareMatrix (0 ms)
[----------] 10 tests from GaussianEliminationTests (0 ms total)

[----------] Global test environment tear-down
[==========] 10 tests from 1 test suite ran. (0 ms total)
[  PASSED  ] 7 tests.
[  FAILED  ] 3 tests, listed below:
[  FAILED  ] GaussianEliminationTests.SingularMatrix
[  FAILED  ] GaussianEliminationTests.InconsistentSystem
[  FAILED  ] GaussianEliminationTests.ZeroMatrix

 3 FAILED TESTS
<end of output>
Test time =   0.00 sec
----------------------------------------------------------
Test Failed.
"model7_tests" end time: Jan 31 22:19 +06
"model7_tests" time elapsed: 00:00:00
----------------------------------------------------------

10/11 Testing: model8_tests
10/11 Test: model8_tests
Command: "/Users/ittehad/Documents/Coding/Python/Turing/Tester_cpp_codebench/tasks/303992/build/model8_tests"
Directory: /Users/ittehad/Documents/Coding/Python/Turing/Tester_cpp_codebench/tasks/303992/build
"model8_tests" start time: Jan 31 22:19 +06
Output:
----------------------------------------------------------
Running main() from /Users/ittehad/Documents/Coding/Python/Turing/Tester_cpp_codebench/tasks/303992/build/_deps/googletest-src/googletest/src/gtest_main.cc
[==========] Running 10 tests from 1 test suite.
[----------] Global test environment set-up.
[----------] 10 tests from GaussianEliminationTests
[ RUN      ] GaussianEliminationTests.Simple2x2
[       OK ] GaussianEliminationTests.Simple2x2 (0 ms)
[ RUN      ] GaussianEliminationTests.Simple3x3
[       OK ] GaussianEliminationTests.Simple3x3 (0 ms)
[ RUN      ] GaussianEliminationTests.SingularMatrix
/Users/ittehad/Documents/Coding/Python/Turing/Tester_cpp_codebench/tasks/303992/test.cpp:37: Failure
Value of: result.empty()
  Actual: false
Expected: true

[  FAILED  ] GaussianEliminationTests.SingularMatrix (0 ms)
[ RUN      ] GaussianEliminationTests.InconsistentSystem
/Users/ittehad/Documents/Coding/Python/Turing/Tester_cpp_codebench/tasks/303992/test.cpp:45: Failure
Value of: result.empty()
  Actual: false
Expected: true

[  FAILED  ] GaussianEliminationTests.InconsistentSystem (0 ms)
[ RUN      ] GaussianEliminationTests.OneByOneMatrix
[       OK ] GaussianEliminationTests.OneByOneMatrix (0 ms)
[ RUN      ] GaussianEliminationTests.ZeroMatrix
/Users/ittehad/Documents/Coding/Python/Turing/Tester_cpp_codebench/tasks/303992/test.cpp:65: Failure
Value of: result.empty()
  Actual: false
Expected: true

[  FAILED  ] GaussianEliminationTests.ZeroMatrix (0 ms)
[ RUN      ] GaussianEliminationTests.SmallValues
[       OK ] GaussianEliminationTests.SmallValues (0 ms)
[ RUN      ] GaussianEliminationTests.LargeValues
[       OK ] GaussianEliminationTests.LargeValues (0 ms)
[ RUN      ] GaussianEliminationTests.EmptyMatrix
[       OK ] GaussianEliminationTests.EmptyMatrix (0 ms)
[ RUN      ] GaussianEliminationTests.NonSquareMatrix
[       OK ] GaussianEliminationTests.NonSquareMatrix (0 ms)
[----------] 10 tests from GaussianEliminationTests (0 ms total)

[----------] Global test environment tear-down
[==========] 10 tests from 1 test suite ran. (0 ms total)
[  PASSED  ] 7 tests.
[  FAILED  ] 3 tests, listed below:
[  FAILED  ] GaussianEliminationTests.SingularMatrix
[  FAILED  ] GaussianEliminationTests.InconsistentSystem
[  FAILED  ] GaussianEliminationTests.ZeroMatrix

 3 FAILED TESTS
<end of output>
Test time =   0.00 sec
----------------------------------------------------------
Test Failed.
"model8_tests" end time: Jan 31 22:19 +06
"model8_tests" time elapsed: 00:00:00
----------------------------------------------------------

11/11 Testing: model9_tests
11/11 Test: model9_tests
Command: "/Users/ittehad/Documents/Coding/Python/Turing/Tester_cpp_codebench/tasks/303992/build/model9_tests"
Directory: /Users/ittehad/Documents/Coding/Python/Turing/Tester_cpp_codebench/tasks/303992/build
"model9_tests" start time: Jan 31 22:19 +06
Output:
----------------------------------------------------------
Running main() from /Users/ittehad/Documents/Coding/Python/Turing/Tester_cpp_codebench/tasks/303992/build/_deps/googletest-src/googletest/src/gtest_main.cc
[==========] Running 10 tests from 1 test suite.
[----------] Global test environment set-up.
[----------] 10 tests from GaussianEliminationTests
[ RUN      ] GaussianEliminationTests.Simple2x2
[       OK ] GaussianEliminationTests.Simple2x2 (0 ms)
[ RUN      ] GaussianEliminationTests.Simple3x3
[       OK ] GaussianEliminationTests.Simple3x3 (0 ms)
[ RUN      ] GaussianEliminationTests.SingularMatrix
/Users/ittehad/Documents/Coding/Python/Turing/Tester_cpp_codebench/tasks/303992/test.cpp:37: Failure
Value of: result.empty()
  Actual: false
Expected: true

[  FAILED  ] GaussianEliminationTests.SingularMatrix (0 ms)
[ RUN      ] GaussianEliminationTests.InconsistentSystem
/Users/ittehad/Documents/Coding/Python/Turing/Tester_cpp_codebench/tasks/303992/test.cpp:45: Failure
Value of: result.empty()
  Actual: false
Expected: true

[  FAILED  ] GaussianEliminationTests.InconsistentSystem (0 ms)
[ RUN      ] GaussianEliminationTests.OneByOneMatrix
[       OK ] GaussianEliminationTests.OneByOneMatrix (0 ms)
[ RUN      ] GaussianEliminationTests.ZeroMatrix
/Users/ittehad/Documents/Coding/Python/Turing/Tester_cpp_codebench/tasks/303992/test.cpp:65: Failure
Value of: result.empty()
  Actual: false
Expected: true

[  FAILED  ] GaussianEliminationTests.ZeroMatrix (0 ms)
[ RUN      ] GaussianEliminationTests.SmallValues
[       OK ] GaussianEliminationTests.SmallValues (0 ms)
[ RUN      ] GaussianEliminationTests.LargeValues
[       OK ] GaussianEliminationTests.LargeValues (0 ms)
[ RUN      ] GaussianEliminationTests.EmptyMatrix
[       OK ] GaussianEliminationTests.EmptyMatrix (0 ms)
[ RUN      ] GaussianEliminationTests.NonSquareMatrix
[       OK ] GaussianEliminationTests.NonSquareMatrix (0 ms)
[----------] 10 tests from GaussianEliminationTests (0 ms total)

[----------] Global test environment tear-down
[==========] 10 tests from 1 test suite ran. (0 ms total)
[  PASSED  ] 7 tests.
[  FAILED  ] 3 tests, listed below:
[  FAILED  ] GaussianEliminationTests.SingularMatrix
[  FAILED  ] GaussianEliminationTests.InconsistentSystem
[  FAILED  ] GaussianEliminationTests.ZeroMatrix

 3 FAILED TESTS
<end of output>
Test time =   0.00 sec
----------------------------------------------------------
Test Failed.
"model9_tests" end time: Jan 31 22:19 +06
"model9_tests" time elapsed: 00:00:00
----------------------------------------------------------

End testing: Jan 31 22:19 +06
