Start testing: Jan 31 22:26 +06
----------------------------------------------------------
1/11 Testing: incorrect_solution_tests
1/11 Test: incorrect_solution_tests
Command: "/Users/ittehad/Documents/Coding/Python/Turing/Tester_cpp_codebench/tasks/473714/build/incorrect_solution_tests"
Directory: /Users/ittehad/Documents/Coding/Python/Turing/Tester_cpp_codebench/tasks/473714/build
"incorrect_solution_tests" start time: Jan 31 22:26 +06
Output:
----------------------------------------------------------
Running main() from /Users/ittehad/Documents/Coding/Python/Turing/Tester_cpp_codebench/tasks/473714/build/_deps/googletest-src/googletest/src/gtest_main.cc
[==========] Running 7 tests from 1 test suite.
[----------] Global test environment set-up.
[----------] 7 tests from MaxProductArrangementTest
[ RUN      ] MaxProductArrangementTest.BasicCase
/Users/ittehad/Documents/Coding/Python/Turing/Tester_cpp_codebench/tasks/473714/test.cpp:19: Failure
Expected equality of these values:
  result
    Which is: ({ 3, 4 }, { 1, 2 })
  expected
    Which is: ({ 3, 2 }, { 1, 4 })

[  FAILED  ] MaxProductArrangementTest.BasicCase (0 ms)
[ RUN      ] MaxProductArrangementTest.NoSwapsNeeded
/Users/ittehad/Documents/Coding/Python/Turing/Tester_cpp_codebench/tasks/473714/test.cpp:33: Failure
Expected equality of these values:
  result
    Which is: ({ 7, 8 }, { 5, 6 })
  expected
    Which is: ({ 7, 6 }, { 5, 8 })

[  FAILED  ] MaxProductArrangementTest.NoSwapsNeeded (0 ms)
[ RUN      ] MaxProductArrangementTest.AllSwapsNeeded
/Users/ittehad/Documents/Coding/Python/Turing/Tester_cpp_codebench/tasks/473714/test.cpp:47: Failure
Expected equality of these values:
  result
    Which is: ({ 9, 8 }, { 1, 2 })
  expected
    Which is: ({ 9, 2 }, { 1, 8 })

[  FAILED  ] MaxProductArrangementTest.AllSwapsNeeded (0 ms)
[ RUN      ] MaxProductArrangementTest.SingleElementVectors
[       OK ] MaxProductArrangementTest.SingleElementVectors (0 ms)
[ RUN      ] MaxProductArrangementTest.EdgeCaseEmptyVectors
[       OK ] MaxProductArrangementTest.EdgeCaseEmptyVectors (0 ms)
[ RUN      ] MaxProductArrangementTest.EdgeCaseSameDigitNumbers
[       OK ] MaxProductArrangementTest.EdgeCaseSameDigitNumbers (0 ms)
[ RUN      ] MaxProductArrangementTest.EdgeCaseMaxSize
/Users/ittehad/Documents/Coding/Python/Turing/Tester_cpp_codebench/tasks/473714/test.cpp:104: Failure
Expected equality of these values:
  result
    Which is: ({ 9, 8, 6, 7, 9, 2, 7, 6, 8, 9, 8, 6, 5, 7, 9, 7, 5, 6, 9, 8 }, { 1, 3, 5, 4, 2, 1, 4, 5, 3, 1, 1, 3, 4, 2, 1, 2, 4, 3, 8, 1 })
  expected
    Which is: ({ 9, 3, 5, 4, 2, 1, 4, 5, 3, 1, 1, 3, 4, 2, 1, 2, 4, 3, 8, 1 }, { 1, 8, 6, 7, 9, 2, 7, 6, 8, 9, 8, 6, 5, 7, 9, 7, 5, 6, 9, 8 })

[  FAILED  ] MaxProductArrangementTest.EdgeCaseMaxSize (0 ms)
[----------] 7 tests from MaxProductArrangementTest (0 ms total)

[----------] Global test environment tear-down
[==========] 7 tests from 1 test suite ran. (0 ms total)
[  PASSED  ] 3 tests.
[  FAILED  ] 4 tests, listed below:
[  FAILED  ] MaxProductArrangementTest.BasicCase
[  FAILED  ] MaxProductArrangementTest.NoSwapsNeeded
[  FAILED  ] MaxProductArrangementTest.AllSwapsNeeded
[  FAILED  ] MaxProductArrangementTest.EdgeCaseMaxSize

 4 FAILED TESTS
<end of output>
Test time =   0.01 sec
----------------------------------------------------------
Test Failed.
"incorrect_solution_tests" end time: Jan 31 22:26 +06
"incorrect_solution_tests" time elapsed: 00:00:00
----------------------------------------------------------

2/11 Testing: model1_tests
2/11 Test: model1_tests
Command: "/Users/ittehad/Documents/Coding/Python/Turing/Tester_cpp_codebench/tasks/473714/build/model1_tests"
Directory: /Users/ittehad/Documents/Coding/Python/Turing/Tester_cpp_codebench/tasks/473714/build
"model1_tests" start time: Jan 31 22:26 +06
Output:
----------------------------------------------------------
Running main() from /Users/ittehad/Documents/Coding/Python/Turing/Tester_cpp_codebench/tasks/473714/build/_deps/googletest-src/googletest/src/gtest_main.cc
[==========] Running 7 tests from 1 test suite.
[----------] Global test environment set-up.
[----------] 7 tests from MaxProductArrangementTest
[ RUN      ] MaxProductArrangementTest.BasicCase
/Users/ittehad/Documents/Coding/Python/Turing/Tester_cpp_codebench/tasks/473714/test.cpp:19: Failure
Expected equality of these values:
  result
    Which is: ({ 3, 4 }, { 1, 2 })
  expected
    Which is: ({ 3, 2 }, { 1, 4 })

[  FAILED  ] MaxProductArrangementTest.BasicCase (0 ms)
[ RUN      ] MaxProductArrangementTest.NoSwapsNeeded
/Users/ittehad/Documents/Coding/Python/Turing/Tester_cpp_codebench/tasks/473714/test.cpp:33: Failure
Expected equality of these values:
  result
    Which is: ({ 7, 8 }, { 5, 6 })
  expected
    Which is: ({ 7, 6 }, { 5, 8 })

[  FAILED  ] MaxProductArrangementTest.NoSwapsNeeded (0 ms)
[ RUN      ] MaxProductArrangementTest.AllSwapsNeeded
/Users/ittehad/Documents/Coding/Python/Turing/Tester_cpp_codebench/tasks/473714/test.cpp:47: Failure
Expected equality of these values:
  result
    Which is: ({ 9, 8 }, { 1, 2 })
  expected
    Which is: ({ 9, 2 }, { 1, 8 })

[  FAILED  ] MaxProductArrangementTest.AllSwapsNeeded (0 ms)
[ RUN      ] MaxProductArrangementTest.SingleElementVectors
[       OK ] MaxProductArrangementTest.SingleElementVectors (0 ms)
[ RUN      ] MaxProductArrangementTest.EdgeCaseEmptyVectors
[       OK ] MaxProductArrangementTest.EdgeCaseEmptyVectors (0 ms)
[ RUN      ] MaxProductArrangementTest.EdgeCaseSameDigitNumbers
[       OK ] MaxProductArrangementTest.EdgeCaseSameDigitNumbers (0 ms)
[ RUN      ] MaxProductArrangementTest.EdgeCaseMaxSize
/Users/ittehad/Documents/Coding/Python/Turing/Tester_cpp_codebench/tasks/473714/test.cpp:104: Failure
Expected equality of these values:
  result
    Which is: ({ 9, 8, 6, 7, 9, 2, 7, 6, 8, 9, 8, 6, 5, 7, 9, 7, 5, 6, 9, 8 }, { 1, 3, 5, 4, 2, 1, 4, 5, 3, 1, 1, 3, 4, 2, 1, 2, 4, 3, 8, 1 })
  expected
    Which is: ({ 9, 3, 5, 4, 2, 1, 4, 5, 3, 1, 1, 3, 4, 2, 1, 2, 4, 3, 8, 1 }, { 1, 8, 6, 7, 9, 2, 7, 6, 8, 9, 8, 6, 5, 7, 9, 7, 5, 6, 9, 8 })

[  FAILED  ] MaxProductArrangementTest.EdgeCaseMaxSize (0 ms)
[----------] 7 tests from MaxProductArrangementTest (0 ms total)

[----------] Global test environment tear-down
[==========] 7 tests from 1 test suite ran. (0 ms total)
[  PASSED  ] 3 tests.
[  FAILED  ] 4 tests, listed below:
[  FAILED  ] MaxProductArrangementTest.BasicCase
[  FAILED  ] MaxProductArrangementTest.NoSwapsNeeded
[  FAILED  ] MaxProductArrangementTest.AllSwapsNeeded
[  FAILED  ] MaxProductArrangementTest.EdgeCaseMaxSize

 4 FAILED TESTS
<end of output>
Test time =   0.01 sec
----------------------------------------------------------
Test Failed.
"model1_tests" end time: Jan 31 22:26 +06
"model1_tests" time elapsed: 00:00:00
----------------------------------------------------------

3/11 Testing: model10_tests
3/11 Test: model10_tests
Command: "/Users/ittehad/Documents/Coding/Python/Turing/Tester_cpp_codebench/tasks/473714/build/model10_tests"
Directory: /Users/ittehad/Documents/Coding/Python/Turing/Tester_cpp_codebench/tasks/473714/build
"model10_tests" start time: Jan 31 22:26 +06
Output:
----------------------------------------------------------
Running main() from /Users/ittehad/Documents/Coding/Python/Turing/Tester_cpp_codebench/tasks/473714/build/_deps/googletest-src/googletest/src/gtest_main.cc
[==========] Running 7 tests from 1 test suite.
[----------] Global test environment set-up.
[----------] 7 tests from MaxProductArrangementTest
[ RUN      ] MaxProductArrangementTest.BasicCase
/Users/ittehad/Documents/Coding/Python/Turing/Tester_cpp_codebench/tasks/473714/test.cpp:19: Failure
Expected equality of these values:
  result
    Which is: ({ 3, 4 }, { 1, 2 })
  expected
    Which is: ({ 3, 2 }, { 1, 4 })

[  FAILED  ] MaxProductArrangementTest.BasicCase (0 ms)
[ RUN      ] MaxProductArrangementTest.NoSwapsNeeded
/Users/ittehad/Documents/Coding/Python/Turing/Tester_cpp_codebench/tasks/473714/test.cpp:33: Failure
Expected equality of these values:
  result
    Which is: ({ 7, 8 }, { 5, 6 })
  expected
    Which is: ({ 7, 6 }, { 5, 8 })

[  FAILED  ] MaxProductArrangementTest.NoSwapsNeeded (0 ms)
[ RUN      ] MaxProductArrangementTest.AllSwapsNeeded
/Users/ittehad/Documents/Coding/Python/Turing/Tester_cpp_codebench/tasks/473714/test.cpp:47: Failure
Expected equality of these values:
  result
    Which is: ({ 9, 8 }, { 1, 2 })
  expected
    Which is: ({ 9, 2 }, { 1, 8 })

[  FAILED  ] MaxProductArrangementTest.AllSwapsNeeded (0 ms)
[ RUN      ] MaxProductArrangementTest.SingleElementVectors
[       OK ] MaxProductArrangementTest.SingleElementVectors (0 ms)
[ RUN      ] MaxProductArrangementTest.EdgeCaseEmptyVectors
[       OK ] MaxProductArrangementTest.EdgeCaseEmptyVectors (0 ms)
[ RUN      ] MaxProductArrangementTest.EdgeCaseSameDigitNumbers
[       OK ] MaxProductArrangementTest.EdgeCaseSameDigitNumbers (0 ms)
[ RUN      ] MaxProductArrangementTest.EdgeCaseMaxSize
/Users/ittehad/Documents/Coding/Python/Turing/Tester_cpp_codebench/tasks/473714/test.cpp:104: Failure
Expected equality of these values:
  result
    Which is: ({ 9, 8, 6, 7, 9, 2, 7, 6, 8, 9, 8, 6, 5, 7, 9, 7, 5, 6, 9, 8 }, { 1, 3, 5, 4, 2, 1, 4, 5, 3, 1, 1, 3, 4, 2, 1, 2, 4, 3, 8, 1 })
  expected
    Which is: ({ 9, 3, 5, 4, 2, 1, 4, 5, 3, 1, 1, 3, 4, 2, 1, 2, 4, 3, 8, 1 }, { 1, 8, 6, 7, 9, 2, 7, 6, 8, 9, 8, 6, 5, 7, 9, 7, 5, 6, 9, 8 })

[  FAILED  ] MaxProductArrangementTest.EdgeCaseMaxSize (0 ms)
[----------] 7 tests from MaxProductArrangementTest (0 ms total)

[----------] Global test environment tear-down
[==========] 7 tests from 1 test suite ran. (0 ms total)
[  PASSED  ] 3 tests.
[  FAILED  ] 4 tests, listed below:
[  FAILED  ] MaxProductArrangementTest.BasicCase
[  FAILED  ] MaxProductArrangementTest.NoSwapsNeeded
[  FAILED  ] MaxProductArrangementTest.AllSwapsNeeded
[  FAILED  ] MaxProductArrangementTest.EdgeCaseMaxSize

 4 FAILED TESTS
<end of output>
Test time =   0.01 sec
----------------------------------------------------------
Test Failed.
"model10_tests" end time: Jan 31 22:26 +06
"model10_tests" time elapsed: 00:00:00
----------------------------------------------------------

4/11 Testing: model2_tests
4/11 Test: model2_tests
Command: "/Users/ittehad/Documents/Coding/Python/Turing/Tester_cpp_codebench/tasks/473714/build/model2_tests"
Directory: /Users/ittehad/Documents/Coding/Python/Turing/Tester_cpp_codebench/tasks/473714/build
"model2_tests" start time: Jan 31 22:26 +06
Output:
----------------------------------------------------------
Running main() from /Users/ittehad/Documents/Coding/Python/Turing/Tester_cpp_codebench/tasks/473714/build/_deps/googletest-src/googletest/src/gtest_main.cc
[==========] Running 7 tests from 1 test suite.
[----------] Global test environment set-up.
[----------] 7 tests from MaxProductArrangementTest
[ RUN      ] MaxProductArrangementTest.BasicCase
[       OK ] MaxProductArrangementTest.BasicCase (0 ms)
[ RUN      ] MaxProductArrangementTest.NoSwapsNeeded
[       OK ] MaxProductArrangementTest.NoSwapsNeeded (0 ms)
[ RUN      ] MaxProductArrangementTest.AllSwapsNeeded
/Users/ittehad/Documents/Coding/Python/Turing/Tester_cpp_codebench/tasks/473714/test.cpp:47: Failure
Expected equality of these values:
  result
    Which is: ({ 1, 8 }, { 9, 2 })
  expected
    Which is: ({ 9, 2 }, { 1, 8 })

[  FAILED  ] MaxProductArrangementTest.AllSwapsNeeded (0 ms)
[ RUN      ] MaxProductArrangementTest.SingleElementVectors
/Users/ittehad/Documents/Coding/Python/Turing/Tester_cpp_codebench/tasks/473714/test.cpp:61: Failure
Expected equality of these values:
  result
    Which is: ({ 5 }, { 9 })
  expected
    Which is: ({ 9 }, { 5 })

[  FAILED  ] MaxProductArrangementTest.SingleElementVectors (0 ms)
[ RUN      ] MaxProductArrangementTest.EdgeCaseEmptyVectors
[       OK ] MaxProductArrangementTest.EdgeCaseEmptyVectors (0 ms)
[ RUN      ] MaxProductArrangementTest.EdgeCaseSameDigitNumbers
[       OK ] MaxProductArrangementTest.EdgeCaseSameDigitNumbers (0 ms)
[ RUN      ] MaxProductArrangementTest.EdgeCaseMaxSize
/Users/ittehad/Documents/Coding/Python/Turing/Tester_cpp_codebench/tasks/473714/test.cpp:104: Failure
Expected equality of these values:
  result
    Which is: ({ 9, 3, 5, 7, 9, 2, 4, 6, 8, 1, 1, 3, 5, 7, 9, 2, 4, 6, 8, 1 }, { 1, 8, 6, 4, 2, 1, 7, 5, 3, 9, 8, 6, 4, 2, 1, 7, 5, 3, 9, 8 })
  expected
    Which is: ({ 9, 3, 5, 4, 2, 1, 4, 5, 3, 1, 1, 3, 4, 2, 1, 2, 4, 3, 8, 1 }, { 1, 8, 6, 7, 9, 2, 7, 6, 8, 9, 8, 6, 5, 7, 9, 7, 5, 6, 9, 8 })

[  FAILED  ] MaxProductArrangementTest.EdgeCaseMaxSize (0 ms)
[----------] 7 tests from MaxProductArrangementTest (0 ms total)

[----------] Global test environment tear-down
[==========] 7 tests from 1 test suite ran. (0 ms total)
[  PASSED  ] 4 tests.
[  FAILED  ] 3 tests, listed below:
[  FAILED  ] MaxProductArrangementTest.AllSwapsNeeded
[  FAILED  ] MaxProductArrangementTest.SingleElementVectors
[  FAILED  ] MaxProductArrangementTest.EdgeCaseMaxSize

 3 FAILED TESTS
<end of output>
Test time =   0.01 sec
----------------------------------------------------------
Test Failed.
"model2_tests" end time: Jan 31 22:26 +06
"model2_tests" time elapsed: 00:00:00
----------------------------------------------------------

5/11 Testing: model3_tests
5/11 Test: model3_tests
Command: "/Users/ittehad/Documents/Coding/Python/Turing/Tester_cpp_codebench/tasks/473714/build/model3_tests"
Directory: /Users/ittehad/Documents/Coding/Python/Turing/Tester_cpp_codebench/tasks/473714/build
"model3_tests" start time: Jan 31 22:26 +06
Output:
----------------------------------------------------------
Running main() from /Users/ittehad/Documents/Coding/Python/Turing/Tester_cpp_codebench/tasks/473714/build/_deps/googletest-src/googletest/src/gtest_main.cc
[==========] Running 7 tests from 1 test suite.
[----------] Global test environment set-up.
[----------] 7 tests from MaxProductArrangementTest
[ RUN      ] MaxProductArrangementTest.BasicCase
/Users/ittehad/Documents/Coding/Python/Turing/Tester_cpp_codebench/tasks/473714/test.cpp:19: Failure
Expected equality of these values:
  result
    Which is: ({ 3, 4 }, { 1, 2 })
  expected
    Which is: ({ 3, 2 }, { 1, 4 })

[  FAILED  ] MaxProductArrangementTest.BasicCase (0 ms)
[ RUN      ] MaxProductArrangementTest.NoSwapsNeeded
/Users/ittehad/Documents/Coding/Python/Turing/Tester_cpp_codebench/tasks/473714/test.cpp:33: Failure
Expected equality of these values:
  result
    Which is: ({ 7, 8 }, { 5, 6 })
  expected
    Which is: ({ 7, 6 }, { 5, 8 })

[  FAILED  ] MaxProductArrangementTest.NoSwapsNeeded (0 ms)
[ RUN      ] MaxProductArrangementTest.AllSwapsNeeded
/Users/ittehad/Documents/Coding/Python/Turing/Tester_cpp_codebench/tasks/473714/test.cpp:47: Failure
Expected equality of these values:
  result
    Which is: ({ 9, 8 }, { 1, 2 })
  expected
    Which is: ({ 9, 2 }, { 1, 8 })

[  FAILED  ] MaxProductArrangementTest.AllSwapsNeeded (0 ms)
[ RUN      ] MaxProductArrangementTest.SingleElementVectors
[       OK ] MaxProductArrangementTest.SingleElementVectors (0 ms)
[ RUN      ] MaxProductArrangementTest.EdgeCaseEmptyVectors
[       OK ] MaxProductArrangementTest.EdgeCaseEmptyVectors (0 ms)
[ RUN      ] MaxProductArrangementTest.EdgeCaseSameDigitNumbers
[       OK ] MaxProductArrangementTest.EdgeCaseSameDigitNumbers (0 ms)
[ RUN      ] MaxProductArrangementTest.EdgeCaseMaxSize
/Users/ittehad/Documents/Coding/Python/Turing/Tester_cpp_codebench/tasks/473714/test.cpp:104: Failure
Expected equality of these values:
  result
    Which is: ({ 9, 8, 6, 7, 9, 2, 7, 6, 8, 9, 8, 6, 5, 7, 9, 7, 5, 6, 9, 8 }, { 1, 3, 5, 4, 2, 1, 4, 5, 3, 1, 1, 3, 4, 2, 1, 2, 4, 3, 8, 1 })
  expected
    Which is: ({ 9, 3, 5, 4, 2, 1, 4, 5, 3, 1, 1, 3, 4, 2, 1, 2, 4, 3, 8, 1 }, { 1, 8, 6, 7, 9, 2, 7, 6, 8, 9, 8, 6, 5, 7, 9, 7, 5, 6, 9, 8 })

[  FAILED  ] MaxProductArrangementTest.EdgeCaseMaxSize (0 ms)
[----------] 7 tests from MaxProductArrangementTest (0 ms total)

[----------] Global test environment tear-down
[==========] 7 tests from 1 test suite ran. (0 ms total)
[  PASSED  ] 3 tests.
[  FAILED  ] 4 tests, listed below:
[  FAILED  ] MaxProductArrangementTest.BasicCase
[  FAILED  ] MaxProductArrangementTest.NoSwapsNeeded
[  FAILED  ] MaxProductArrangementTest.AllSwapsNeeded
[  FAILED  ] MaxProductArrangementTest.EdgeCaseMaxSize

 4 FAILED TESTS
<end of output>
Test time =   0.00 sec
----------------------------------------------------------
Test Failed.
"model3_tests" end time: Jan 31 22:26 +06
"model3_tests" time elapsed: 00:00:00
----------------------------------------------------------

6/11 Testing: model4_tests
6/11 Test: model4_tests
Command: "/Users/ittehad/Documents/Coding/Python/Turing/Tester_cpp_codebench/tasks/473714/build/model4_tests"
Directory: /Users/ittehad/Documents/Coding/Python/Turing/Tester_cpp_codebench/tasks/473714/build
"model4_tests" start time: Jan 31 22:26 +06
Output:
----------------------------------------------------------
Running main() from /Users/ittehad/Documents/Coding/Python/Turing/Tester_cpp_codebench/tasks/473714/build/_deps/googletest-src/googletest/src/gtest_main.cc
[==========] Running 7 tests from 1 test suite.
[----------] Global test environment set-up.
[----------] 7 tests from MaxProductArrangementTest
[ RUN      ] MaxProductArrangementTest.BasicCase
[       OK ] MaxProductArrangementTest.BasicCase (0 ms)
[ RUN      ] MaxProductArrangementTest.NoSwapsNeeded
[       OK ] MaxProductArrangementTest.NoSwapsNeeded (0 ms)
[ RUN      ] MaxProductArrangementTest.AllSwapsNeeded
[       OK ] MaxProductArrangementTest.AllSwapsNeeded (0 ms)
[ RUN      ] MaxProductArrangementTest.SingleElementVectors
[       OK ] MaxProductArrangementTest.SingleElementVectors (0 ms)
[ RUN      ] MaxProductArrangementTest.EdgeCaseEmptyVectors
[       OK ] MaxProductArrangementTest.EdgeCaseEmptyVectors (0 ms)
[ RUN      ] MaxProductArrangementTest.EdgeCaseSameDigitNumbers
[       OK ] MaxProductArrangementTest.EdgeCaseSameDigitNumbers (0 ms)
[ RUN      ] MaxProductArrangementTest.EdgeCaseMaxSize
/Users/ittehad/Documents/Coding/Python/Turing/Tester_cpp_codebench/tasks/473714/test.cpp:104: Failure
Expected equality of these values:
  result
    Which is: ({ 9, 3, 5, 7, 9, 2, 4, 6, 8, 1, 1, 3, 5, 7, 9, 2, 4, 6, 8, 1 }, { 1, 8, 6, 4, 2, 1, 7, 5, 3, 9, 8, 6, 4, 2, 1, 7, 5, 3, 9, 8 })
  expected
    Which is: ({ 9, 3, 5, 4, 2, 1, 4, 5, 3, 1, 1, 3, 4, 2, 1, 2, 4, 3, 8, 1 }, { 1, 8, 6, 7, 9, 2, 7, 6, 8, 9, 8, 6, 5, 7, 9, 7, 5, 6, 9, 8 })

[  FAILED  ] MaxProductArrangementTest.EdgeCaseMaxSize (0 ms)
[----------] 7 tests from MaxProductArrangementTest (0 ms total)

[----------] Global test environment tear-down
[==========] 7 tests from 1 test suite ran. (0 ms total)
[  PASSED  ] 6 tests.
[  FAILED  ] 1 test, listed below:
[  FAILED  ] MaxProductArrangementTest.EdgeCaseMaxSize

 1 FAILED TEST
<end of output>
Test time =   0.00 sec
----------------------------------------------------------
Test Failed.
"model4_tests" end time: Jan 31 22:26 +06
"model4_tests" time elapsed: 00:00:00
----------------------------------------------------------

7/11 Testing: model5_tests
7/11 Test: model5_tests
Command: "/Users/ittehad/Documents/Coding/Python/Turing/Tester_cpp_codebench/tasks/473714/build/model5_tests"
Directory: /Users/ittehad/Documents/Coding/Python/Turing/Tester_cpp_codebench/tasks/473714/build
"model5_tests" start time: Jan 31 22:26 +06
Output:
----------------------------------------------------------
Running main() from /Users/ittehad/Documents/Coding/Python/Turing/Tester_cpp_codebench/tasks/473714/build/_deps/googletest-src/googletest/src/gtest_main.cc
[==========] Running 7 tests from 1 test suite.
[----------] Global test environment set-up.
[----------] 7 tests from MaxProductArrangementTest
[ RUN      ] MaxProductArrangementTest.BasicCase
[       OK ] MaxProductArrangementTest.BasicCase (0 ms)
[ RUN      ] MaxProductArrangementTest.NoSwapsNeeded
[       OK ] MaxProductArrangementTest.NoSwapsNeeded (0 ms)
[ RUN      ] MaxProductArrangementTest.AllSwapsNeeded
[       OK ] MaxProductArrangementTest.AllSwapsNeeded (0 ms)
[ RUN      ] MaxProductArrangementTest.SingleElementVectors
[       OK ] MaxProductArrangementTest.SingleElementVectors (0 ms)
[ RUN      ] MaxProductArrangementTest.EdgeCaseEmptyVectors
[       OK ] MaxProductArrangementTest.EdgeCaseEmptyVectors (0 ms)
[ RUN      ] MaxProductArrangementTest.EdgeCaseSameDigitNumbers
[       OK ] MaxProductArrangementTest.EdgeCaseSameDigitNumbers (0 ms)
[ RUN      ] MaxProductArrangementTest.EdgeCaseMaxSize
/Users/ittehad/Documents/Coding/Python/Turing/Tester_cpp_codebench/tasks/473714/test.cpp:104: Failure
Expected equality of these values:
  result
    Which is: ({ 9, 3, 5, 7, 9, 2, 4, 6, 8, 1, 1, 3, 5, 7, 9, 2, 4, 6, 8, 1 }, { 1, 8, 6, 4, 2, 1, 7, 5, 3, 9, 8, 6, 4, 2, 1, 7, 5, 3, 9, 8 })
  expected
    Which is: ({ 9, 3, 5, 4, 2, 1, 4, 5, 3, 1, 1, 3, 4, 2, 1, 2, 4, 3, 8, 1 }, { 1, 8, 6, 7, 9, 2, 7, 6, 8, 9, 8, 6, 5, 7, 9, 7, 5, 6, 9, 8 })

[  FAILED  ] MaxProductArrangementTest.EdgeCaseMaxSize (0 ms)
[----------] 7 tests from MaxProductArrangementTest (0 ms total)

[----------] Global test environment tear-down
[==========] 7 tests from 1 test suite ran. (0 ms total)
[  PASSED  ] 6 tests.
[  FAILED  ] 1 test, listed below:
[  FAILED  ] MaxProductArrangementTest.EdgeCaseMaxSize

 1 FAILED TEST
<end of output>
Test time =   0.00 sec
----------------------------------------------------------
Test Failed.
"model5_tests" end time: Jan 31 22:26 +06
"model5_tests" time elapsed: 00:00:00
----------------------------------------------------------

8/11 Testing: model6_tests
8/11 Test: model6_tests
Command: "/Users/ittehad/Documents/Coding/Python/Turing/Tester_cpp_codebench/tasks/473714/build/model6_tests"
Directory: /Users/ittehad/Documents/Coding/Python/Turing/Tester_cpp_codebench/tasks/473714/build
"model6_tests" start time: Jan 31 22:26 +06
Output:
----------------------------------------------------------
Running main() from /Users/ittehad/Documents/Coding/Python/Turing/Tester_cpp_codebench/tasks/473714/build/_deps/googletest-src/googletest/src/gtest_main.cc
[==========] Running 7 tests from 1 test suite.
[----------] Global test environment set-up.
[----------] 7 tests from MaxProductArrangementTest
[ RUN      ] MaxProductArrangementTest.BasicCase
/Users/ittehad/Documents/Coding/Python/Turing/Tester_cpp_codebench/tasks/473714/test.cpp:19: Failure
Expected equality of these values:
  result
    Which is: ({ 3, 4 }, { 1, 2 })
  expected
    Which is: ({ 3, 2 }, { 1, 4 })

[  FAILED  ] MaxProductArrangementTest.BasicCase (0 ms)
[ RUN      ] MaxProductArrangementTest.NoSwapsNeeded
/Users/ittehad/Documents/Coding/Python/Turing/Tester_cpp_codebench/tasks/473714/test.cpp:33: Failure
Expected equality of these values:
  result
    Which is: ({ 7, 8 }, { 5, 6 })
  expected
    Which is: ({ 7, 6 }, { 5, 8 })

[  FAILED  ] MaxProductArrangementTest.NoSwapsNeeded (0 ms)
[ RUN      ] MaxProductArrangementTest.AllSwapsNeeded
/Users/ittehad/Documents/Coding/Python/Turing/Tester_cpp_codebench/tasks/473714/test.cpp:47: Failure
Expected equality of these values:
  result
    Which is: ({ 9, 8 }, { 1, 2 })
  expected
    Which is: ({ 9, 2 }, { 1, 8 })

[  FAILED  ] MaxProductArrangementTest.AllSwapsNeeded (0 ms)
[ RUN      ] MaxProductArrangementTest.SingleElementVectors
[       OK ] MaxProductArrangementTest.SingleElementVectors (0 ms)
[ RUN      ] MaxProductArrangementTest.EdgeCaseEmptyVectors
[       OK ] MaxProductArrangementTest.EdgeCaseEmptyVectors (0 ms)
[ RUN      ] MaxProductArrangementTest.EdgeCaseSameDigitNumbers
[       OK ] MaxProductArrangementTest.EdgeCaseSameDigitNumbers (0 ms)
[ RUN      ] MaxProductArrangementTest.EdgeCaseMaxSize
/Users/ittehad/Documents/Coding/Python/Turing/Tester_cpp_codebench/tasks/473714/test.cpp:104: Failure
Expected equality of these values:
  result
    Which is: ({ 9, 8, 6, 7, 9, 2, 7, 6, 8, 9, 8, 6, 5, 7, 9, 7, 5, 6, 9, 8 }, { 1, 3, 5, 4, 2, 1, 4, 5, 3, 1, 1, 3, 4, 2, 1, 2, 4, 3, 8, 1 })
  expected
    Which is: ({ 9, 3, 5, 4, 2, 1, 4, 5, 3, 1, 1, 3, 4, 2, 1, 2, 4, 3, 8, 1 }, { 1, 8, 6, 7, 9, 2, 7, 6, 8, 9, 8, 6, 5, 7, 9, 7, 5, 6, 9, 8 })

[  FAILED  ] MaxProductArrangementTest.EdgeCaseMaxSize (0 ms)
[----------] 7 tests from MaxProductArrangementTest (0 ms total)

[----------] Global test environment tear-down
[==========] 7 tests from 1 test suite ran. (0 ms total)
[  PASSED  ] 3 tests.
[  FAILED  ] 4 tests, listed below:
[  FAILED  ] MaxProductArrangementTest.BasicCase
[  FAILED  ] MaxProductArrangementTest.NoSwapsNeeded
[  FAILED  ] MaxProductArrangementTest.AllSwapsNeeded
[  FAILED  ] MaxProductArrangementTest.EdgeCaseMaxSize

 4 FAILED TESTS
<end of output>
Test time =   0.00 sec
----------------------------------------------------------
Test Failed.
"model6_tests" end time: Jan 31 22:26 +06
"model6_tests" time elapsed: 00:00:00
----------------------------------------------------------

9/11 Testing: model7_tests
9/11 Test: model7_tests
Command: "/Users/ittehad/Documents/Coding/Python/Turing/Tester_cpp_codebench/tasks/473714/build/model7_tests"
Directory: /Users/ittehad/Documents/Coding/Python/Turing/Tester_cpp_codebench/tasks/473714/build
"model7_tests" start time: Jan 31 22:26 +06
Output:
----------------------------------------------------------
Running main() from /Users/ittehad/Documents/Coding/Python/Turing/Tester_cpp_codebench/tasks/473714/build/_deps/googletest-src/googletest/src/gtest_main.cc
[==========] Running 7 tests from 1 test suite.
[----------] Global test environment set-up.
[----------] 7 tests from MaxProductArrangementTest
[ RUN      ] MaxProductArrangementTest.BasicCase
/Users/ittehad/Documents/Coding/Python/Turing/Tester_cpp_codebench/tasks/473714/test.cpp:19: Failure
Expected equality of these values:
  result
    Which is: ({ 3 }, { 4 })
  expected
    Which is: ({ 3, 2 }, { 1, 4 })

[  FAILED  ] MaxProductArrangementTest.BasicCase (0 ms)
[ RUN      ] MaxProductArrangementTest.NoSwapsNeeded
/Users/ittehad/Documents/Coding/Python/Turing/Tester_cpp_codebench/tasks/473714/test.cpp:33: Failure
Expected equality of these values:
  result
    Which is: ({ 7 }, { 8 })
  expected
    Which is: ({ 7, 6 }, { 5, 8 })

[  FAILED  ] MaxProductArrangementTest.NoSwapsNeeded (0 ms)
[ RUN      ] MaxProductArrangementTest.AllSwapsNeeded
/Users/ittehad/Documents/Coding/Python/Turing/Tester_cpp_codebench/tasks/473714/test.cpp:47: Failure
Expected equality of these values:
  result
    Which is: ({}, { 9, 8 })
  expected
    Which is: ({ 9, 2 }, { 1, 8 })

[  FAILED  ] MaxProductArrangementTest.AllSwapsNeeded (0 ms)
[ RUN      ] MaxProductArrangementTest.SingleElementVectors
/Users/ittehad/Documents/Coding/Python/Turing/Tester_cpp_codebench/tasks/473714/test.cpp:61: Failure
Expected equality of these values:
  result
    Which is: ({}, { 9 })
  expected
    Which is: ({ 9 }, { 5 })

[  FAILED  ] MaxProductArrangementTest.SingleElementVectors (0 ms)
[ RUN      ] MaxProductArrangementTest.EdgeCaseEmptyVectors
[       OK ] MaxProductArrangementTest.EdgeCaseEmptyVectors (0 ms)
[ RUN      ] MaxProductArrangementTest.EdgeCaseSameDigitNumbers
/Users/ittehad/Documents/Coding/Python/Turing/Tester_cpp_codebench/tasks/473714/test.cpp:89: Failure
Expected equality of these values:
  result
    Which is: ({}, { 1, 1, 1, 1 })
  expected
    Which is: ({ 1, 1, 1, 1 }, { 1, 1, 1, 1 })

[  FAILED  ] MaxProductArrangementTest.EdgeCaseSameDigitNumbers (0 ms)
[ RUN      ] MaxProductArrangementTest.EdgeCaseMaxSize
/Users/ittehad/Documents/Coding/Python/Turing/Tester_cpp_codebench/tasks/473714/test.cpp:104: Failure
Expected equality of these values:
  result
    Which is: ({ 9, 6, 7, 9, 2, 9, 6, 2, 9, 5, 9 }, { 8, 7, 6, 8, 8, 4, 7, 3, 8 })
  expected
    Which is: ({ 9, 3, 5, 4, 2, 1, 4, 5, 3, 1, 1, 3, 4, 2, 1, 2, 4, 3, 8, 1 }, { 1, 8, 6, 7, 9, 2, 7, 6, 8, 9, 8, 6, 5, 7, 9, 7, 5, 6, 9, 8 })

[  FAILED  ] MaxProductArrangementTest.EdgeCaseMaxSize (0 ms)
[----------] 7 tests from MaxProductArrangementTest (0 ms total)

[----------] Global test environment tear-down
[==========] 7 tests from 1 test suite ran. (0 ms total)
[  PASSED  ] 1 test.
[  FAILED  ] 6 tests, listed below:
[  FAILED  ] MaxProductArrangementTest.BasicCase
[  FAILED  ] MaxProductArrangementTest.NoSwapsNeeded
[  FAILED  ] MaxProductArrangementTest.AllSwapsNeeded
[  FAILED  ] MaxProductArrangementTest.SingleElementVectors
[  FAILED  ] MaxProductArrangementTest.EdgeCaseSameDigitNumbers
[  FAILED  ] MaxProductArrangementTest.EdgeCaseMaxSize

 6 FAILED TESTS
<end of output>
Test time =   0.00 sec
----------------------------------------------------------
Test Failed.
"model7_tests" end time: Jan 31 22:26 +06
"model7_tests" time elapsed: 00:00:00
----------------------------------------------------------

10/11 Testing: model8_tests
10/11 Test: model8_tests
Command: "/Users/ittehad/Documents/Coding/Python/Turing/Tester_cpp_codebench/tasks/473714/build/model8_tests"
Directory: /Users/ittehad/Documents/Coding/Python/Turing/Tester_cpp_codebench/tasks/473714/build
"model8_tests" start time: Jan 31 22:26 +06
Output:
----------------------------------------------------------
Running main() from /Users/ittehad/Documents/Coding/Python/Turing/Tester_cpp_codebench/tasks/473714/build/_deps/googletest-src/googletest/src/gtest_main.cc
[==========] Running 7 tests from 1 test suite.
[----------] Global test environment set-up.
[----------] 7 tests from MaxProductArrangementTest
[ RUN      ] MaxProductArrangementTest.BasicCase
/Users/ittehad/Documents/Coding/Python/Turing/Tester_cpp_codebench/tasks/473714/test.cpp:19: Failure
Expected equality of these values:
  result
    Which is: ({ 3, 4 }, { 1, 2 })
  expected
    Which is: ({ 3, 2 }, { 1, 4 })

[  FAILED  ] MaxProductArrangementTest.BasicCase (0 ms)
[ RUN      ] MaxProductArrangementTest.NoSwapsNeeded
/Users/ittehad/Documents/Coding/Python/Turing/Tester_cpp_codebench/tasks/473714/test.cpp:33: Failure
Expected equality of these values:
  result
    Which is: ({ 7, 8 }, { 5, 6 })
  expected
    Which is: ({ 7, 6 }, { 5, 8 })

[  FAILED  ] MaxProductArrangementTest.NoSwapsNeeded (0 ms)
[ RUN      ] MaxProductArrangementTest.AllSwapsNeeded
/Users/ittehad/Documents/Coding/Python/Turing/Tester_cpp_codebench/tasks/473714/test.cpp:47: Failure
Expected equality of these values:
  result
    Which is: ({ 9, 8 }, { 1, 2 })
  expected
    Which is: ({ 9, 2 }, { 1, 8 })

[  FAILED  ] MaxProductArrangementTest.AllSwapsNeeded (0 ms)
[ RUN      ] MaxProductArrangementTest.SingleElementVectors
[       OK ] MaxProductArrangementTest.SingleElementVectors (0 ms)
[ RUN      ] MaxProductArrangementTest.EdgeCaseEmptyVectors
[       OK ] MaxProductArrangementTest.EdgeCaseEmptyVectors (0 ms)
[ RUN      ] MaxProductArrangementTest.EdgeCaseSameDigitNumbers
[       OK ] MaxProductArrangementTest.EdgeCaseSameDigitNumbers (0 ms)
[ RUN      ] MaxProductArrangementTest.EdgeCaseMaxSize
/Users/ittehad/Documents/Coding/Python/Turing/Tester_cpp_codebench/tasks/473714/test.cpp:104: Failure
Expected equality of these values:
  result
    Which is: ({ 9, 8, 6, 7, 9, 2, 7, 6, 8, 9, 8, 6, 5, 7, 9, 7, 5, 6, 9, 8 }, { 1, 3, 5, 4, 2, 1, 4, 5, 3, 1, 1, 3, 4, 2, 1, 2, 4, 3, 8, 1 })
  expected
    Which is: ({ 9, 3, 5, 4, 2, 1, 4, 5, 3, 1, 1, 3, 4, 2, 1, 2, 4, 3, 8, 1 }, { 1, 8, 6, 7, 9, 2, 7, 6, 8, 9, 8, 6, 5, 7, 9, 7, 5, 6, 9, 8 })

[  FAILED  ] MaxProductArrangementTest.EdgeCaseMaxSize (0 ms)
[----------] 7 tests from MaxProductArrangementTest (0 ms total)

[----------] Global test environment tear-down
[==========] 7 tests from 1 test suite ran. (0 ms total)
[  PASSED  ] 3 tests.
[  FAILED  ] 4 tests, listed below:
[  FAILED  ] MaxProductArrangementTest.BasicCase
[  FAILED  ] MaxProductArrangementTest.NoSwapsNeeded
[  FAILED  ] MaxProductArrangementTest.AllSwapsNeeded
[  FAILED  ] MaxProductArrangementTest.EdgeCaseMaxSize

 4 FAILED TESTS
<end of output>
Test time =   0.00 sec
----------------------------------------------------------
Test Failed.
"model8_tests" end time: Jan 31 22:26 +06
"model8_tests" time elapsed: 00:00:00
----------------------------------------------------------

11/11 Testing: model9_tests
11/11 Test: model9_tests
Command: "/Users/ittehad/Documents/Coding/Python/Turing/Tester_cpp_codebench/tasks/473714/build/model9_tests"
Directory: /Users/ittehad/Documents/Coding/Python/Turing/Tester_cpp_codebench/tasks/473714/build
"model9_tests" start time: Jan 31 22:26 +06
Output:
----------------------------------------------------------
Running main() from /Users/ittehad/Documents/Coding/Python/Turing/Tester_cpp_codebench/tasks/473714/build/_deps/googletest-src/googletest/src/gtest_main.cc
[==========] Running 7 tests from 1 test suite.
[----------] Global test environment set-up.
[----------] 7 tests from MaxProductArrangementTest
[ RUN      ] MaxProductArrangementTest.BasicCase
/Users/ittehad/Documents/Coding/Python/Turing/Tester_cpp_codebench/tasks/473714/test.cpp:19: Failure
Expected equality of these values:
  result
    Which is: ({ 3, 0 }, { 1, 0 })
  expected
    Which is: ({ 3, 2 }, { 1, 4 })

[  FAILED  ] MaxProductArrangementTest.BasicCase (0 ms)
[ RUN      ] MaxProductArrangementTest.NoSwapsNeeded
/Users/ittehad/Documents/Coding/Python/Turing/Tester_cpp_codebench/tasks/473714/test.cpp:33: Failure
Expected equality of these values:
  result
    Which is: ({ 7, 0 }, { 5, 0 })
  expected
    Which is: ({ 7, 6 }, { 5, 8 })

[  FAILED  ] MaxProductArrangementTest.NoSwapsNeeded (0 ms)
[ RUN      ] MaxProductArrangementTest.AllSwapsNeeded
/Users/ittehad/Documents/Coding/Python/Turing/Tester_cpp_codebench/tasks/473714/test.cpp:47: Failure
Expected equality of these values:
  result
    Which is: ({ 8, 0 }, { 2, 0 })
  expected
    Which is: ({ 9, 2 }, { 1, 8 })

[  FAILED  ] MaxProductArrangementTest.AllSwapsNeeded (0 ms)
[ RUN      ] MaxProductArrangementTest.SingleElementVectors
[       OK ] MaxProductArrangementTest.SingleElementVectors (0 ms)
[ RUN      ] MaxProductArrangementTest.EdgeCaseEmptyVectors
[       OK ] MaxProductArrangementTest.EdgeCaseEmptyVectors (0 ms)
[ RUN      ] MaxProductArrangementTest.EdgeCaseSameDigitNumbers
/Users/ittehad/Documents/Coding/Python/Turing/Tester_cpp_codebench/tasks/473714/test.cpp:89: Failure
Expected equality of these values:
  result
    Which is: ({ 1, 1, 0, 0 }, { 1, 1, 0, 0 })
  expected
    Which is: ({ 1, 1, 1, 1 }, { 1, 1, 1, 1 })

[  FAILED  ] MaxProductArrangementTest.EdgeCaseSameDigitNumbers (0 ms)
[ RUN      ] MaxProductArrangementTest.EdgeCaseMaxSize
/Users/ittehad/Documents/Coding/Python/Turing/Tester_cpp_codebench/tasks/473714/test.cpp:104: Failure
Expected equality of these values:
  result
    Which is: ({ 9, 9, 8, 8, 7, 7, 6, 6, 5, 2, 0, 0, 0, 0, 0, 0, 0, 0, 0, 0 }, { 2, 1, 3, 1, 4, 2, 5, 3, 4, 1, 0, 0, 0, 0, 0, 0, 0, 0, 0, 0 })
  expected
    Which is: ({ 9, 3, 5, 4, 2, 1, 4, 5, 3, 1, 1, 3, 4, 2, 1, 2, 4, 3, 8, 1 }, { 1, 8, 6, 7, 9, 2, 7, 6, 8, 9, 8, 6, 5, 7, 9, 7, 5, 6, 9, 8 })

[  FAILED  ] MaxProductArrangementTest.EdgeCaseMaxSize (0 ms)
[----------] 7 tests from MaxProductArrangementTest (0 ms total)

[----------] Global test environment tear-down
[==========] 7 tests from 1 test suite ran. (0 ms total)
[  PASSED  ] 2 tests.
[  FAILED  ] 5 tests, listed below:
[  FAILED  ] MaxProductArrangementTest.BasicCase
[  FAILED  ] MaxProductArrangementTest.NoSwapsNeeded
[  FAILED  ] MaxProductArrangementTest.AllSwapsNeeded
[  FAILED  ] MaxProductArrangementTest.EdgeCaseSameDigitNumbers
[  FAILED  ] MaxProductArrangementTest.EdgeCaseMaxSize

 5 FAILED TESTS
<end of output>
Test time =   0.00 sec
----------------------------------------------------------
Test Failed.
"model9_tests" end time: Jan 31 22:26 +06
"model9_tests" time elapsed: 00:00:00
----------------------------------------------------------

End testing: Jan 31 22:26 +06
