Start testing: Jan 31 22:29 +06
----------------------------------------------------------
1/11 Testing: incorrect_solution_tests
1/11 Test: incorrect_solution_tests
Command: "/Users/ittehad/Documents/Coding/Python/Turing/Tester_cpp_codebench/tasks/621283/build/incorrect_solution_tests"
Directory: /Users/ittehad/Documents/Coding/Python/Turing/Tester_cpp_codebench/tasks/621283/build
"incorrect_solution_tests" start time: Jan 31 22:29 +06
Output:
----------------------------------------------------------
Running main() from /Users/ittehad/Documents/Coding/Python/Turing/Tester_cpp_codebench/tasks/621283/build/_deps/googletest-src/googletest/src/gtest_main.cc
[==========] Running 1 test from 1 test suite.
[----------] Global test environment set-up.
[----------] 1 test from SolutionTest
[ RUN      ] SolutionTest.TestCases
/Users/ittehad/Documents/Coding/Python/Turing/Tester_cpp_codebench/tasks/621283/test.cpp:8: Failure
Expected equality of these values:
  solution(17, 27, {257, 320, 676, 1136, 2068, 2505, 2639, 4225, 4951, 5786, 7677, 7697, 7851, 8337, 8429, 8469, 9343})
    Which is: 82366
  81852

/Users/ittehad/Documents/Coding/Python/Turing/Tester_cpp_codebench/tasks/621283/test.cpp:12: Failure
Expected equality of these values:
  solution(4, 1, {218, 3441, 4901, 7601})
    Which is: 16161
  15725

/Users/ittehad/Documents/Coding/Python/Turing/Tester_cpp_codebench/tasks/621283/test.cpp:16: Failure
Expected equality of these values:
  solution(1, 1, {10000})
    Which is: 10000
  -10000

/Users/ittehad/Documents/Coding/Python/Turing/Tester_cpp_codebench/tasks/621283/test.cpp:17: Failure
Expected equality of these values:
  solution(1, 2, {-1})
    Which is: 1
  -1

/Users/ittehad/Documents/Coding/Python/Turing/Tester_cpp_codebench/tasks/621283/test.cpp:20: Failure
Expected equality of these values:
  solution(5, 6, {-3, -2, -1, 5, 6})
    Which is: 17
  15

/Users/ittehad/Documents/Coding/Python/Turing/Tester_cpp_codebench/tasks/621283/test.cpp:21: Failure
Expected equality of these values:
  solution(3, 3, {-50, -10, 30})
    Which is: 90
  70

/Users/ittehad/Documents/Coding/Python/Turing/Tester_cpp_codebench/tasks/621283/test.cpp:22: Failure
Expected equality of these values:
  solution(4, 4, {-100, -90, -80, 1})
    Which is: 271
  269

/Users/ittehad/Documents/Coding/Python/Turing/Tester_cpp_codebench/tasks/621283/test.cpp:23: Failure
Expected equality of these values:
  solution(4, 3, {-3, -2, 1, 2})
    Which is: 8
  6

/Users/ittehad/Documents/Coding/Python/Turing/Tester_cpp_codebench/tasks/621283/test.cpp:24: Failure
Expected equality of these values:
  solution(6, 4, {-6, -3, -2, 1, 2, 3})
    Which is: 17
  15

/Users/ittehad/Documents/Coding/Python/Turing/Tester_cpp_codebench/tasks/621283/test.cpp:25: Failure
Expected equality of these values:
  solution(5, 6, {-10, -9, -8, 1, 2})
    Which is: 30
  28

/Users/ittehad/Documents/Coding/Python/Turing/Tester_cpp_codebench/tasks/621283/test.cpp:27: Failure
Expected equality of these values:
  solution(2, 2, {-1, 3})
    Which is: 4
  2

/Users/ittehad/Documents/Coding/Python/Turing/Tester_cpp_codebench/tasks/621283/test.cpp:28: Failure
Expected equality of these values:
  solution(4, 7, {-3, -2, 1, 6})
    Which is: 12
  10

/Users/ittehad/Documents/Coding/Python/Turing/Tester_cpp_codebench/tasks/621283/test.cpp:29: Failure
Expected equality of these values:
  solution(4, 3, {-7, -6, 1, 5})
    Which is: 19
  17

[  FAILED  ] SolutionTest.TestCases (0 ms)
[----------] 1 test from SolutionTest (0 ms total)

[----------] Global test environment tear-down
[==========] 1 test from 1 test suite ran. (0 ms total)
[  PASSED  ] 0 tests.
[  FAILED  ] 1 test, listed below:
[  FAILED  ] SolutionTest.TestCases

 1 FAILED TEST
<end of output>
Test time =   0.00 sec
----------------------------------------------------------
Test Failed.
"incorrect_solution_tests" end time: Jan 31 22:29 +06
"incorrect_solution_tests" time elapsed: 00:00:00
----------------------------------------------------------

2/11 Testing: model1_tests
2/11 Test: model1_tests
Command: "/Users/ittehad/Documents/Coding/Python/Turing/Tester_cpp_codebench/tasks/621283/build/model1_tests"
Directory: /Users/ittehad/Documents/Coding/Python/Turing/Tester_cpp_codebench/tasks/621283/build
"model1_tests" start time: Jan 31 22:29 +06
Output:
----------------------------------------------------------
Running main() from /Users/ittehad/Documents/Coding/Python/Turing/Tester_cpp_codebench/tasks/621283/build/_deps/googletest-src/googletest/src/gtest_main.cc
[==========] Running 1 test from 1 test suite.
[----------] Global test environment set-up.
[----------] 1 test from SolutionTest
[ RUN      ] SolutionTest.TestCases
/Users/ittehad/Documents/Coding/Python/Turing/Tester_cpp_codebench/tasks/621283/test.cpp:5: Failure
Expected equality of these values:
  solution(3, 2, {-1, -1, 2})
    Which is: 0
  4

/Users/ittehad/Documents/Coding/Python/Turing/Tester_cpp_codebench/tasks/621283/test.cpp:9: Failure
Expected equality of these values:
  solution(69, 28, {-9822, -9264, -9253, -9221, -9139, -9126, -9096, -8981, -8521, -8313, -8257, -8253, -7591, -7587, -7301, -7161, -7001, -6847, -6441, -6241, -5949, -5896, -5713, -5692, -5644, -5601, -5545, -5525, -5331, -5253, -5041, -5000, -4951, -4855, -4384, -4293, -4251, -4001, -3991, -3762, -3544, -3481, -3261, -2983, -2882, -2857, -2713, -2691, -2681, -2653, -2221, -2043, -2011, -1997, -1601, -1471, -1448, -1363, -1217, -1217, -1129, -961, -926, -801, -376, -327, -305, -174, -91})
    Which is: 219757
  102443

/Users/ittehad/Documents/Coding/Python/Turing/Tester_cpp_codebench/tasks/621283/test.cpp:11: Failure
Expected equality of these values:
  solution(78, 13, {-9961, -9922, -9817, -9813, -9521, -9368, -9361, -9207, -9153, -9124, -9008, -8981, -8951, -8911, -8551, -8479, -8245, -8216, -7988, -7841, -7748, -7741, -7734, -7101, -6846, -6804, -6651, -6526, -6519, -6463, -6297, -6148, -6090, -5845, -5209, -5201, -5161, -5061, -4537, -4529, -4433, -4370, -4266, -4189, -4125, -3945, -3843, -3777, -3751, -3476, -3461, -3279, -3205, -3001, -2889, -2761, -2661, -2521, -2481, -2305, -2278, -2269, -2225, -1648, -1524, -1476, -1353, -1097, -867, -785, -741, -711, -692, -440, -401, -225, -65, -41})
    Which is: 374418
  -147832

/Users/ittehad/Documents/Coding/Python/Turing/Tester_cpp_codebench/tasks/621283/test.cpp:13: Failure
Expected equality of these values:
  solution(73, 26, {-8497, -8363, -7603, -7388, -6830, -6827, -6685, -6389, -6237, -6099, -6013, -5565, -5465, -4965, -4947, -4201, -3851, -3793, -3421, -3410, -3201, -3169, -3156, -2976, -2701, -2623, -2321, -2169, -1469, -1221, -950, -926, -9, 47, 236, 457, 773, 1321, 1485, 1545, 1671, 1736, 2014, 2137, 2174, 2301, 2625, 3181, 3536, 3851, 4041, 4685, 4981, 4987, 5145, 5163, 5209, 5249, 6011, 6337, 6790, 7254, 7361, 7407, 7969, 7982, 8083, 8251, 8407, 8735, 9660, 9855, 9957})
    Which is: 245625
  315919

/Users/ittehad/Documents/Coding/Python/Turing/Tester_cpp_codebench/tasks/621283/test.cpp:14: Failure
Expected equality of these values:
  solution(53, 5, {-9821, -9429, -9146, -8973, -8807, -8801, -8321, -7361, -7222, -7161, -6913, -5961, -4877, -4756, -4753, -4661, -3375, -3031, -2950, -2661, -2161, -2041, -1111, -1071, -905, -697, -397, 323, 772, 1617, 1752, 2736, 2737, 3201, 3465, 4029, 4121, 4463, 4561, 4637, 4814, 6119, 6610, 6641, 6961, 7217, 7523, 8045, 8610, 8915, 9004, 9265, 9576})
    Which is: 268889
  92703

[  FAILED  ] SolutionTest.TestCases (0 ms)
[----------] 1 test from SolutionTest (0 ms total)

[----------] Global test environment tear-down
[==========] 1 test from 1 test suite ran. (0 ms total)
[  PASSED  ] 0 tests.
[  FAILED  ] 1 test, listed below:
[  FAILED  ] SolutionTest.TestCases

 1 FAILED TEST
<end of output>
Test time =   0.00 sec
----------------------------------------------------------
Test Failed.
"model1_tests" end time: Jan 31 22:29 +06
"model1_tests" time elapsed: 00:00:00
----------------------------------------------------------

3/11 Testing: model10_tests
3/11 Test: model10_tests
Command: "/Users/ittehad/Documents/Coding/Python/Turing/Tester_cpp_codebench/tasks/621283/build/model10_tests"
Directory: /Users/ittehad/Documents/Coding/Python/Turing/Tester_cpp_codebench/tasks/621283/build
"model10_tests" start time: Jan 31 22:29 +06
Output:
----------------------------------------------------------
Running main() from /Users/ittehad/Documents/Coding/Python/Turing/Tester_cpp_codebench/tasks/621283/build/_deps/googletest-src/googletest/src/gtest_main.cc
[==========] Running 1 test from 1 test suite.
[----------] Global test environment set-up.
[----------] 1 test from SolutionTest
[ RUN      ] SolutionTest.TestCases
/Users/ittehad/Documents/Coding/Python/Turing/Tester_cpp_codebench/tasks/621283/test.cpp:8: Failure
Expected equality of these values:
  solution(17, 27, {257, 320, 676, 1136, 2068, 2505, 2639, 4225, 4951, 5786, 7677, 7697, 7851, 8337, 8429, 8469, 9343})
    Which is: -82366
  81852

/Users/ittehad/Documents/Coding/Python/Turing/Tester_cpp_codebench/tasks/621283/test.cpp:10: Failure
Expected equality of these values:
  solution(12, 28, {-6652, -6621, -6471, -5559, -5326, -4551, -4401, -4326, -3294, -1175, -1069, -43})
    Which is: -49488
  49488

/Users/ittehad/Documents/Coding/Python/Turing/Tester_cpp_codebench/tasks/621283/test.cpp:18: Failure
Expected equality of these values:
  solution(2, 1, {0, 1})
    Which is: -1
  1

/Users/ittehad/Documents/Coding/Python/Turing/Tester_cpp_codebench/tasks/621283/test.cpp:19: Failure
Expected equality of these values:
  solution(2, 2, {-1, 0})
    Which is: -1
  1

/Users/ittehad/Documents/Coding/Python/Turing/Tester_cpp_codebench/tasks/621283/test.cpp:20: Failure
Expected equality of these values:
  solution(5, 6, {-3, -2, -1, 5, 6})
    Which is: 5
  15

/Users/ittehad/Documents/Coding/Python/Turing/Tester_cpp_codebench/tasks/621283/test.cpp:21: Failure
Expected equality of these values:
  solution(3, 3, {-50, -10, 30})
    Which is: -10
  70

/Users/ittehad/Documents/Coding/Python/Turing/Tester_cpp_codebench/tasks/621283/test.cpp:22: Failure
Expected equality of these values:
  solution(4, 4, {-100, -90, -80, 1})
    Which is: 71
  269

/Users/ittehad/Documents/Coding/Python/Turing/Tester_cpp_codebench/tasks/621283/test.cpp:23: Failure
Expected equality of these values:
  solution(4, 3, {-3, -2, 1, 2})
    Which is: 2
  6

/Users/ittehad/Documents/Coding/Python/Turing/Tester_cpp_codebench/tasks/621283/test.cpp:24: Failure
Expected equality of these values:
  solution(6, 4, {-6, -3, -2, 1, 2, 3})
    Which is: 5
  15

/Users/ittehad/Documents/Coding/Python/Turing/Tester_cpp_codebench/tasks/621283/test.cpp:25: Failure
Expected equality of these values:
  solution(5, 6, {-10, -9, -8, 1, 2})
    Which is: -24
  28

/Users/ittehad/Documents/Coding/Python/Turing/Tester_cpp_codebench/tasks/621283/test.cpp:26: Failure
Expected equality of these values:
  solution(1, 2, {1})
    Which is: -1
  1

/Users/ittehad/Documents/Coding/Python/Turing/Tester_cpp_codebench/tasks/621283/test.cpp:28: Failure
Expected equality of these values:
  solution(4, 7, {-3, -2, 1, 6})
    Which is: -12
  10

/Users/ittehad/Documents/Coding/Python/Turing/Tester_cpp_codebench/tasks/621283/test.cpp:29: Failure
Expected equality of these values:
  solution(4, 3, {-7, -6, 1, 5})
    Which is: 5
  17

/Users/ittehad/Documents/Coding/Python/Turing/Tester_cpp_codebench/tasks/621283/test.cpp:30: Failure
Expected equality of these values:
  solution(4, 4, {-5, -1, 1, 2})
    Which is: -3
  9

[  FAILED  ] SolutionTest.TestCases (0 ms)
[----------] 1 test from SolutionTest (0 ms total)

[----------] Global test environment tear-down
[==========] 1 test from 1 test suite ran. (0 ms total)
[  PASSED  ] 0 tests.
[  FAILED  ] 1 test, listed below:
[  FAILED  ] SolutionTest.TestCases

 1 FAILED TEST
<end of output>
Test time =   0.00 sec
----------------------------------------------------------
Test Failed.
"model10_tests" end time: Jan 31 22:29 +06
"model10_tests" time elapsed: 00:00:00
----------------------------------------------------------

4/11 Testing: model2_tests
4/11 Test: model2_tests
Command: "/Users/ittehad/Documents/Coding/Python/Turing/Tester_cpp_codebench/tasks/621283/build/model2_tests"
Directory: /Users/ittehad/Documents/Coding/Python/Turing/Tester_cpp_codebench/tasks/621283/build
"model2_tests" start time: Jan 31 22:29 +06
Output:
----------------------------------------------------------
Running main() from /Users/ittehad/Documents/Coding/Python/Turing/Tester_cpp_codebench/tasks/621283/build/_deps/googletest-src/googletest/src/gtest_main.cc
[==========] Running 1 test from 1 test suite.
[----------] Global test environment set-up.
[----------] 1 test from SolutionTest
[ RUN      ] SolutionTest.TestCases
[       OK ] SolutionTest.TestCases (0 ms)
[----------] 1 test from SolutionTest (0 ms total)

[----------] Global test environment tear-down
[==========] 1 test from 1 test suite ran. (0 ms total)
[  PASSED  ] 1 test.
<end of output>
Test time =   0.00 sec
----------------------------------------------------------
Test Passed.
"model2_tests" end time: Jan 31 22:29 +06
"model2_tests" time elapsed: 00:00:00
----------------------------------------------------------

5/11 Testing: model3_tests
5/11 Test: model3_tests
Command: "/Users/ittehad/Documents/Coding/Python/Turing/Tester_cpp_codebench/tasks/621283/build/model3_tests"
Directory: /Users/ittehad/Documents/Coding/Python/Turing/Tester_cpp_codebench/tasks/621283/build
"model3_tests" start time: Jan 31 22:29 +06
Output:
----------------------------------------------------------
Running main() from /Users/ittehad/Documents/Coding/Python/Turing/Tester_cpp_codebench/tasks/621283/build/_deps/googletest-src/googletest/src/gtest_main.cc
[==========] Running 1 test from 1 test suite.
[----------] Global test environment set-up.
[----------] 1 test from SolutionTest
[ RUN      ] SolutionTest.TestCases
[       OK ] SolutionTest.TestCases (0 ms)
[----------] 1 test from SolutionTest (0 ms total)

[----------] Global test environment tear-down
[==========] 1 test from 1 test suite ran. (0 ms total)
[  PASSED  ] 1 test.
<end of output>
Test time =   0.00 sec
----------------------------------------------------------
Test Passed.
"model3_tests" end time: Jan 31 22:29 +06
"model3_tests" time elapsed: 00:00:00
----------------------------------------------------------

6/11 Testing: model4_tests
6/11 Test: model4_tests
Command: "/Users/ittehad/Documents/Coding/Python/Turing/Tester_cpp_codebench/tasks/621283/build/model4_tests"
Directory: /Users/ittehad/Documents/Coding/Python/Turing/Tester_cpp_codebench/tasks/621283/build
"model4_tests" start time: Jan 31 22:29 +06
Output:
----------------------------------------------------------
Running main() from /Users/ittehad/Documents/Coding/Python/Turing/Tester_cpp_codebench/tasks/621283/build/_deps/googletest-src/googletest/src/gtest_main.cc
[==========] Running 1 test from 1 test suite.
[----------] Global test environment set-up.
[----------] 1 test from SolutionTest
[ RUN      ] SolutionTest.TestCases
[       OK ] SolutionTest.TestCases (0 ms)
[----------] 1 test from SolutionTest (0 ms total)

[----------] Global test environment tear-down
[==========] 1 test from 1 test suite ran. (0 ms total)
[  PASSED  ] 1 test.
<end of output>
Test time =   0.00 sec
----------------------------------------------------------
Test Passed.
"model4_tests" end time: Jan 31 22:29 +06
"model4_tests" time elapsed: 00:00:00
----------------------------------------------------------

7/11 Testing: model5_tests
7/11 Test: model5_tests
Command: "/Users/ittehad/Documents/Coding/Python/Turing/Tester_cpp_codebench/tasks/621283/build/model5_tests"
Directory: /Users/ittehad/Documents/Coding/Python/Turing/Tester_cpp_codebench/tasks/621283/build
"model5_tests" start time: Jan 31 22:29 +06
Output:
----------------------------------------------------------
Running main() from /Users/ittehad/Documents/Coding/Python/Turing/Tester_cpp_codebench/tasks/621283/build/_deps/googletest-src/googletest/src/gtest_main.cc
[==========] Running 1 test from 1 test suite.
[----------] Global test environment set-up.
[----------] 1 test from SolutionTest
[ RUN      ] SolutionTest.TestCases
[       OK ] SolutionTest.TestCases (0 ms)
[----------] 1 test from SolutionTest (0 ms total)

[----------] Global test environment tear-down
[==========] 1 test from 1 test suite ran. (0 ms total)
[  PASSED  ] 1 test.
<end of output>
Test time =   0.00 sec
----------------------------------------------------------
Test Passed.
"model5_tests" end time: Jan 31 22:29 +06
"model5_tests" time elapsed: 00:00:00
----------------------------------------------------------

8/11 Testing: model6_tests
8/11 Test: model6_tests
Command: "/Users/ittehad/Documents/Coding/Python/Turing/Tester_cpp_codebench/tasks/621283/build/model6_tests"
Directory: /Users/ittehad/Documents/Coding/Python/Turing/Tester_cpp_codebench/tasks/621283/build
"model6_tests" start time: Jan 31 22:29 +06
Output:
----------------------------------------------------------
Running main() from /Users/ittehad/Documents/Coding/Python/Turing/Tester_cpp_codebench/tasks/621283/build/_deps/googletest-src/googletest/src/gtest_main.cc
[==========] Running 1 test from 1 test suite.
[----------] Global test environment set-up.
[----------] 1 test from SolutionTest
[ RUN      ] SolutionTest.TestCases
/Users/ittehad/Documents/Coding/Python/Turing/Tester_cpp_codebench/tasks/621283/test.cpp:8: Failure
Expected equality of these values:
  solution(17, 27, {257, 320, 676, 1136, 2068, 2505, 2639, 4225, 4951, 5786, 7677, 7697, 7851, 8337, 8429, 8469, 9343})
    Which is: 82366
  81852

/Users/ittehad/Documents/Coding/Python/Turing/Tester_cpp_codebench/tasks/621283/test.cpp:12: Failure
Expected equality of these values:
  solution(4, 1, {218, 3441, 4901, 7601})
    Which is: 16161
  15725

/Users/ittehad/Documents/Coding/Python/Turing/Tester_cpp_codebench/tasks/621283/test.cpp:16: Failure
Expected equality of these values:
  solution(1, 1, {10000})
    Which is: 10000
  -10000

/Users/ittehad/Documents/Coding/Python/Turing/Tester_cpp_codebench/tasks/621283/test.cpp:17: Failure
Expected equality of these values:
  solution(1, 2, {-1})
    Which is: 1
  -1

/Users/ittehad/Documents/Coding/Python/Turing/Tester_cpp_codebench/tasks/621283/test.cpp:20: Failure
Expected equality of these values:
  solution(5, 6, {-3, -2, -1, 5, 6})
    Which is: 17
  15

/Users/ittehad/Documents/Coding/Python/Turing/Tester_cpp_codebench/tasks/621283/test.cpp:21: Failure
Expected equality of these values:
  solution(3, 3, {-50, -10, 30})
    Which is: 90
  70

/Users/ittehad/Documents/Coding/Python/Turing/Tester_cpp_codebench/tasks/621283/test.cpp:22: Failure
Expected equality of these values:
  solution(4, 4, {-100, -90, -80, 1})
    Which is: 271
  269

/Users/ittehad/Documents/Coding/Python/Turing/Tester_cpp_codebench/tasks/621283/test.cpp:23: Failure
Expected equality of these values:
  solution(4, 3, {-3, -2, 1, 2})
    Which is: 8
  6

/Users/ittehad/Documents/Coding/Python/Turing/Tester_cpp_codebench/tasks/621283/test.cpp:24: Failure
Expected equality of these values:
  solution(6, 4, {-6, -3, -2, 1, 2, 3})
    Which is: 17
  15

/Users/ittehad/Documents/Coding/Python/Turing/Tester_cpp_codebench/tasks/621283/test.cpp:25: Failure
Expected equality of these values:
  solution(5, 6, {-10, -9, -8, 1, 2})
    Which is: 30
  28

/Users/ittehad/Documents/Coding/Python/Turing/Tester_cpp_codebench/tasks/621283/test.cpp:27: Failure
Expected equality of these values:
  solution(2, 2, {-1, 3})
    Which is: 4
  2

/Users/ittehad/Documents/Coding/Python/Turing/Tester_cpp_codebench/tasks/621283/test.cpp:28: Failure
Expected equality of these values:
  solution(4, 7, {-3, -2, 1, 6})
    Which is: 12
  10

/Users/ittehad/Documents/Coding/Python/Turing/Tester_cpp_codebench/tasks/621283/test.cpp:29: Failure
Expected equality of these values:
  solution(4, 3, {-7, -6, 1, 5})
    Which is: 19
  17

[  FAILED  ] SolutionTest.TestCases (0 ms)
[----------] 1 test from SolutionTest (0 ms total)

[----------] Global test environment tear-down
[==========] 1 test from 1 test suite ran. (0 ms total)
[  PASSED  ] 0 tests.
[  FAILED  ] 1 test, listed below:
[  FAILED  ] SolutionTest.TestCases

 1 FAILED TEST
<end of output>
Test time =   0.00 sec
----------------------------------------------------------
Test Failed.
"model6_tests" end time: Jan 31 22:29 +06
"model6_tests" time elapsed: 00:00:00
----------------------------------------------------------

9/11 Testing: model7_tests
9/11 Test: model7_tests
Command: "/Users/ittehad/Documents/Coding/Python/Turing/Tester_cpp_codebench/tasks/621283/build/model7_tests"
Directory: /Users/ittehad/Documents/Coding/Python/Turing/Tester_cpp_codebench/tasks/621283/build
"model7_tests" start time: Jan 31 22:29 +06
Output:
----------------------------------------------------------
Running main() from /Users/ittehad/Documents/Coding/Python/Turing/Tester_cpp_codebench/tasks/621283/build/_deps/googletest-src/googletest/src/gtest_main.cc
[==========] Running 1 test from 1 test suite.
[----------] Global test environment set-up.
[----------] 1 test from SolutionTest
[ RUN      ] SolutionTest.TestCases
/Users/ittehad/Documents/Coding/Python/Turing/Tester_cpp_codebench/tasks/621283/test.cpp:5: Failure
Expected equality of these values:
  solution(3, 2, {-1, -1, 2})
    Which is: -2
  4

<end of output>
Test time =   0.01 sec
----------------------------------------------------------
Test Failed.
"model7_tests" end time: Jan 31 22:29 +06
"model7_tests" time elapsed: 00:00:00
----------------------------------------------------------

10/11 Testing: model8_tests
10/11 Test: model8_tests
Command: "/Users/ittehad/Documents/Coding/Python/Turing/Tester_cpp_codebench/tasks/621283/build/model8_tests"
Directory: /Users/ittehad/Documents/Coding/Python/Turing/Tester_cpp_codebench/tasks/621283/build
"model8_tests" start time: Jan 31 22:29 +06
Output:
----------------------------------------------------------
Running main() from /Users/ittehad/Documents/Coding/Python/Turing/Tester_cpp_codebench/tasks/621283/build/_deps/googletest-src/googletest/src/gtest_main.cc
[==========] Running 1 test from 1 test suite.
[----------] Global test environment set-up.
[----------] 1 test from SolutionTest
[ RUN      ] SolutionTest.TestCases
/Users/ittehad/Documents/Coding/Python/Turing/Tester_cpp_codebench/tasks/621283/test.cpp:8: Failure
Expected equality of these values:
  solution(17, 27, {257, 320, 676, 1136, 2068, 2505, 2639, 4225, 4951, 5786, 7677, 7697, 7851, 8337, 8429, 8469, 9343})
    Which is: 82366
  81852

/Users/ittehad/Documents/Coding/Python/Turing/Tester_cpp_codebench/tasks/621283/test.cpp:12: Failure
Expected equality of these values:
  solution(4, 1, {218, 3441, 4901, 7601})
    Which is: 16161
  15725

/Users/ittehad/Documents/Coding/Python/Turing/Tester_cpp_codebench/tasks/621283/test.cpp:16: Failure
Expected equality of these values:
  solution(1, 1, {10000})
    Which is: 10000
  -10000

/Users/ittehad/Documents/Coding/Python/Turing/Tester_cpp_codebench/tasks/621283/test.cpp:17: Failure
Expected equality of these values:
  solution(1, 2, {-1})
    Which is: 1
  -1

/Users/ittehad/Documents/Coding/Python/Turing/Tester_cpp_codebench/tasks/621283/test.cpp:20: Failure
Expected equality of these values:
  solution(5, 6, {-3, -2, -1, 5, 6})
    Which is: 17
  15

/Users/ittehad/Documents/Coding/Python/Turing/Tester_cpp_codebench/tasks/621283/test.cpp:21: Failure
Expected equality of these values:
  solution(3, 3, {-50, -10, 30})
    Which is: 90
  70

/Users/ittehad/Documents/Coding/Python/Turing/Tester_cpp_codebench/tasks/621283/test.cpp:22: Failure
Expected equality of these values:
  solution(4, 4, {-100, -90, -80, 1})
    Which is: 271
  269

/Users/ittehad/Documents/Coding/Python/Turing/Tester_cpp_codebench/tasks/621283/test.cpp:23: Failure
Expected equality of these values:
  solution(4, 3, {-3, -2, 1, 2})
    Which is: 8
  6

/Users/ittehad/Documents/Coding/Python/Turing/Tester_cpp_codebench/tasks/621283/test.cpp:24: Failure
Expected equality of these values:
  solution(6, 4, {-6, -3, -2, 1, 2, 3})
    Which is: 17
  15

/Users/ittehad/Documents/Coding/Python/Turing/Tester_cpp_codebench/tasks/621283/test.cpp:25: Failure
Expected equality of these values:
  solution(5, 6, {-10, -9, -8, 1, 2})
    Which is: 30
  28

/Users/ittehad/Documents/Coding/Python/Turing/Tester_cpp_codebench/tasks/621283/test.cpp:27: Failure
Expected equality of these values:
  solution(2, 2, {-1, 3})
    Which is: 4
  2

/Users/ittehad/Documents/Coding/Python/Turing/Tester_cpp_codebench/tasks/621283/test.cpp:28: Failure
Expected equality of these values:
  solution(4, 7, {-3, -2, 1, 6})
    Which is: 12
  10

/Users/ittehad/Documents/Coding/Python/Turing/Tester_cpp_codebench/tasks/621283/test.cpp:29: Failure
Expected equality of these values:
  solution(4, 3, {-7, -6, 1, 5})
    Which is: 19
  17

[  FAILED  ] SolutionTest.TestCases (0 ms)
[----------] 1 test from SolutionTest (0 ms total)

[----------] Global test environment tear-down
[==========] 1 test from 1 test suite ran. (0 ms total)
[  PASSED  ] 0 tests.
[  FAILED  ] 1 test, listed below:
[  FAILED  ] SolutionTest.TestCases

 1 FAILED TEST
<end of output>
Test time =   0.00 sec
----------------------------------------------------------
Test Failed.
"model8_tests" end time: Jan 31 22:29 +06
"model8_tests" time elapsed: 00:00:00
----------------------------------------------------------

11/11 Testing: model9_tests
11/11 Test: model9_tests
Command: "/Users/ittehad/Documents/Coding/Python/Turing/Tester_cpp_codebench/tasks/621283/build/model9_tests"
Directory: /Users/ittehad/Documents/Coding/Python/Turing/Tester_cpp_codebench/tasks/621283/build
"model9_tests" start time: Jan 31 22:29 +06
Output:
----------------------------------------------------------
Running main() from /Users/ittehad/Documents/Coding/Python/Turing/Tester_cpp_codebench/tasks/621283/build/_deps/googletest-src/googletest/src/gtest_main.cc
[==========] Running 1 test from 1 test suite.
[----------] Global test environment set-up.
[----------] 1 test from SolutionTest
[ RUN      ] SolutionTest.TestCases
/Users/ittehad/Documents/Coding/Python/Turing/Tester_cpp_codebench/tasks/621283/test.cpp:5: Failure
Expected equality of these values:
  solution(3, 2, {-1, -1, 2})
    Which is: -4
  4

/Users/ittehad/Documents/Coding/Python/Turing/Tester_cpp_codebench/tasks/621283/test.cpp:6: Failure
Expected equality of these values:
  solution(3, 1, {-1, -1, 1})
    Which is: -3
  1

/Users/ittehad/Documents/Coding/Python/Turing/Tester_cpp_codebench/tasks/621283/test.cpp:7: Failure
Expected equality of these values:
  solution(3, 1, {-1, -1, 1})
    Which is: -3
  1

/Users/ittehad/Documents/Coding/Python/Turing/Tester_cpp_codebench/tasks/621283/test.cpp:8: Failure
Expected equality of these values:
  solution(17, 27, {257, 320, 676, 1136, 2068, 2505, 2639, 4225, 4951, 5786, 7677, 7697, 7851, 8337, 8429, 8469, 9343})
    Which is: -82366
  81852

/Users/ittehad/Documents/Coding/Python/Turing/Tester_cpp_codebench/tasks/621283/test.cpp:9: Failure
Expected equality of these values:
  solution(69, 28, {-9822, -9264, -9253, -9221, -9139, -9126, -9096, -8981, -8521, -8313, -8257, -8253, -7591, -7587, -7301, -7161, -7001, -6847, -6441, -6241, -5949, -5896, -5713, -5692, -5644, -5601, -5545, -5525, -5331, -5253, -5041, -5000, -4951, -4855, -4384, -4293, -4251, -4001, -3991, -3762, -3544, -3481, -3261, -2983, -2882, -2857, -2713, -2691, -2681, -2653, -2221, -2043, -2011, -1997, -1601, -1471, -1448, -1363, -1217, -1217, -1129, -961, -926, -801, -376, -327, -305, -174, -91})
    Which is: -315519
  102443

/Users/ittehad/Documents/Coding/Python/Turing/Tester_cpp_codebench/tasks/621283/test.cpp:10: Failure
Expected equality of these values:
  solution(12, 28, {-6652, -6621, -6471, -5559, -5326, -4551, -4401, -4326, -3294, -1175, -1069, -43})
    Which is: -49488
  49488

/Users/ittehad/Documents/Coding/Python/Turing/Tester_cpp_codebench/tasks/621283/test.cpp:11: Failure
Expected equality of these values:
  solution(78, 13, {-9961, -9922, -9817, -9813, -9521, -9368, -9361, -9207, -9153, -9124, -9008, -8981, -8951, -8911, -8551, -8479, -8245, -8216, -7988, -7841, -7748, -7741, -7734, -7101, -6846, -6804, -6651, -6526, -6519, -6463, -6297, -6148, -6090, -5845, -5209, -5201, -5161, -5061, -4537, -4529, -4433, -4370, -4266, -4189, -4125, -3945, -3843, -3777, -3751, -3476, -3461, -3279, -3205, -3001, -2889, -2761, -2661, -2521, -2481, -2305, -2278, -2269, -2225, -1648, -1524, -1476, -1353, -1097, -867, -785, -741, -711, -692, -440, -401, -225, -65, -41})
    Which is: -392206
  -147832

/Users/ittehad/Documents/Coding/Python/Turing/Tester_cpp_codebench/tasks/621283/test.cpp:12: Failure
Expected equality of these values:
  solution(4, 1, {218, 3441, 4901, 7601})
    Which is: 959
  15725

/Users/ittehad/Documents/Coding/Python/Turing/Tester_cpp_codebench/tasks/621283/test.cpp:13: Failure
Expected equality of these values:
  solution(73, 26, {-8497, -8363, -7603, -7388, -6830, -6827, -6685, -6389, -6237, -6099, -6013, -5565, -5465, -4965, -4947, -4201, -3851, -3793, -3421, -3410, -3201, -3169, -3156, -2976, -2701, -2623, -2321, -2169, -1469, -1221, -950, -926, -9, 47, 236, 457, 773, 1321, 1485, 1545, 1671, 1736, 2014, 2137, 2174, 2301, 2625, 3181, 3536, 3851, 4041, 4685, 4981, 4987, 5145, 5163, 5209, 5249, 6011, 6337, 6790, 7254, 7361, 7407, 7969, 7982, 8083, 8251, 8407, 8735, 9660, 9855, 9957})
    Which is: -293005
  315919

/Users/ittehad/Documents/Coding/Python/Turing/Tester_cpp_codebench/tasks/621283/test.cpp:14: Failure
Expected equality of these values:
  solution(53, 5, {-9821, -9429, -9146, -8973, -8807, -8801, -8321, -7361, -7222, -7161, -6913, -5961, -4877, -4756, -4753, -4661, -3375, -3031, -2950, -2661, -2161, -2041, -1111, -1071, -905, -697, -397, 323, 772, 1617, 1752, 2736, 2737, 3201, 3465, 4029, 4121, 4463, 4561, 4637, 4814, 6119, 6610, 6641, 6961, 7217, 7523, 8045, 8610, 8915, 9004, 9265, 9576})
    Which is: -90389
  92703

/Users/ittehad/Documents/Coding/Python/Turing/Tester_cpp_codebench/tasks/621283/test.cpp:18: Failure
Expected equality of these values:
  solution(2, 1, {0, 1})
    Which is: -1
  1

/Users/ittehad/Documents/Coding/Python/Turing/Tester_cpp_codebench/tasks/621283/test.cpp:19: Failure
Expected equality of these values:
  solution(2, 2, {-1, 0})
    Which is: -1
  1

<end of output>
Test time =   0.01 sec
----------------------------------------------------------
Test Failed.
"model9_tests" end time: Jan 31 22:29 +06
"model9_tests" time elapsed: 00:00:00
----------------------------------------------------------

End testing: Jan 31 22:29 +06
