Start testing: Feb 07 23:22 +06
----------------------------------------------------------
1/11 Testing: incorrect_solution_tests
1/11 Test: incorrect_solution_tests
Command: "/Users/ittehad/Documents/Coding/Python/Turing/Tester_cpp_codebench/tasks/303997/build/incorrect_solution_tests"
Directory: /Users/ittehad/Documents/Coding/Python/Turing/Tester_cpp_codebench/tasks/303997/build
"incorrect_solution_tests" start time: Feb 07 23:22 +06
Output:
----------------------------------------------------------
[==========] Running 7 tests from 1 test suite.
[----------] Global test environment set-up.
[----------] 7 tests from AddTest
[ RUN      ] AddTest.ArithmeticOperations
[       OK ] AddTest.ArithmeticOperations (0 ms)
[ RUN      ] AddTest.CharAndCharReturnsString
[       OK ] AddTest.CharAndCharReturnsString (0 ms)
[ RUN      ] AddTest.CharAndIntAsciiAddition
[       OK ] AddTest.CharAndIntAsciiAddition (0 ms)
[ RUN      ] AddTest.CharStringConcatenation
[       OK ] AddTest.CharStringConcatenation (0 ms)
[ RUN      ] AddTest.StringAndStringConcatenation
[       OK ] AddTest.StringAndStringConcatenation (0 ms)
[ RUN      ] AddTest.UserDefinedComplexNumber
[       OK ] AddTest.UserDefinedComplexNumber (0 ms)
[ RUN      ] AddTest.ThrowsOnUnsupportedOperation
/Users/ittehad/Documents/Coding/Python/Turing/Tester_cpp_codebench/tasks/303997/test.cpp:76: Failure
Expected: add(5, std::vector<int>{}) throws an exception of type std::invalid_argument.
  Actual: it throws nothing.

/Users/ittehad/Documents/Coding/Python/Turing/Tester_cpp_codebench/tasks/303997/test.cpp:77: Failure
Expected: add(std::string("Test"), std::vector<int>{1, 2, 3}) throws an exception of type std::invalid_argument.
  Actual: it throws nothing.

/Users/ittehad/Documents/Coding/Python/Turing/Tester_cpp_codebench/tasks/303997/test.cpp:78: Failure
Expected: add(5.5, std::vector<double>{1.1, 2.2}) throws an exception of type std::invalid_argument.
  Actual: it throws nothing.

/Users/ittehad/Documents/Coding/Python/Turing/Tester_cpp_codebench/tasks/303997/test.cpp:79: Failure
Expected: add(std::vector<int>{1, 2}, std::vector<int>{3, 4}) throws an exception of type std::invalid_argument.
  Actual: it throws nothing.

[  FAILED  ] AddTest.ThrowsOnUnsupportedOperation (0 ms)
[----------] 7 tests from AddTest (0 ms total)

[----------] Global test environment tear-down
[==========] 7 tests from 1 test suite ran. (0 ms total)
[  PASSED  ] 6 tests.
[  FAILED  ] 1 test, listed below:
[  FAILED  ] AddTest.ThrowsOnUnsupportedOperation

 1 FAILED TEST
<end of output>
Test time =   0.02 sec
----------------------------------------------------------
Test Failed.
"incorrect_solution_tests" end time: Feb 07 23:22 +06
"incorrect_solution_tests" time elapsed: 00:00:00
----------------------------------------------------------

2/11 Testing: model1_tests
2/11 Test: model1_tests
Command: "/Users/ittehad/Documents/Coding/Python/Turing/Tester_cpp_codebench/tasks/303997/build/model1_tests"
Directory: /Users/ittehad/Documents/Coding/Python/Turing/Tester_cpp_codebench/tasks/303997/build
"model1_tests" start time: Feb 07 23:22 +06
Output:
----------------------------------------------------------
[==========] Running 7 tests from 1 test suite.
[----------] Global test environment set-up.
[----------] 7 tests from AddTest
[ RUN      ] AddTest.ArithmeticOperations
[       OK ] AddTest.ArithmeticOperations (0 ms)
[ RUN      ] AddTest.CharAndCharReturnsString
[       OK ] AddTest.CharAndCharReturnsString (0 ms)
[ RUN      ] AddTest.CharAndIntAsciiAddition
[       OK ] AddTest.CharAndIntAsciiAddition (0 ms)
[ RUN      ] AddTest.CharStringConcatenation
[       OK ] AddTest.CharStringConcatenation (0 ms)
[ RUN      ] AddTest.StringAndStringConcatenation
[       OK ] AddTest.StringAndStringConcatenation (0 ms)
[ RUN      ] AddTest.UserDefinedComplexNumber
[       OK ] AddTest.UserDefinedComplexNumber (0 ms)
[ RUN      ] AddTest.ThrowsOnUnsupportedOperation
[       OK ] AddTest.ThrowsOnUnsupportedOperation (0 ms)
[----------] 7 tests from AddTest (0 ms total)

[----------] Global test environment tear-down
[==========] 7 tests from 1 test suite ran. (0 ms total)
[  PASSED  ] 7 tests.
<end of output>
Test time =   0.02 sec
----------------------------------------------------------
Test Passed.
"model1_tests" end time: Feb 07 23:22 +06
"model1_tests" time elapsed: 00:00:00
----------------------------------------------------------

Unable to find executable: /Users/ittehad/Documents/Coding/Python/Turing/Tester_cpp_codebench/tasks/303997/build/model10_tests
3/11 Testing: model10_tests
3/11 Test: model10_tests
Command: ""
Directory: /Users/ittehad/Documents/Coding/Python/Turing/Tester_cpp_codebench/tasks/303997/build
"model10_tests" start time: 
Output:
----------------------------------------------------------
<end of output>
Test time =   0.00 sec
----------------------------------------------------------
Test Passed.
"model10_tests" end time: Feb 07 23:22 +06
"model10_tests" time elapsed: 00:00:00
----------------------------------------------------------

4/11 Testing: model2_tests
4/11 Test: model2_tests
Command: "/Users/ittehad/Documents/Coding/Python/Turing/Tester_cpp_codebench/tasks/303997/build/model2_tests"
Directory: /Users/ittehad/Documents/Coding/Python/Turing/Tester_cpp_codebench/tasks/303997/build
"model2_tests" start time: Feb 07 23:22 +06
Output:
----------------------------------------------------------
[==========] Running 7 tests from 1 test suite.
[----------] Global test environment set-up.
[----------] 7 tests from AddTest
[ RUN      ] AddTest.ArithmeticOperations
[       OK ] AddTest.ArithmeticOperations (0 ms)
[ RUN      ] AddTest.CharAndCharReturnsString
[       OK ] AddTest.CharAndCharReturnsString (0 ms)
[ RUN      ] AddTest.CharAndIntAsciiAddition
[       OK ] AddTest.CharAndIntAsciiAddition (0 ms)
[ RUN      ] AddTest.CharStringConcatenation
[       OK ] AddTest.CharStringConcatenation (0 ms)
[ RUN      ] AddTest.StringAndStringConcatenation
[       OK ] AddTest.StringAndStringConcatenation (0 ms)
[ RUN      ] AddTest.UserDefinedComplexNumber
[       OK ] AddTest.UserDefinedComplexNumber (0 ms)
[ RUN      ] AddTest.ThrowsOnUnsupportedOperation
[       OK ] AddTest.ThrowsOnUnsupportedOperation (0 ms)
[----------] 7 tests from AddTest (0 ms total)

[----------] Global test environment tear-down
[==========] 7 tests from 1 test suite ran. (0 ms total)
[  PASSED  ] 7 tests.
<end of output>
Test time =   0.02 sec
----------------------------------------------------------
Test Passed.
"model2_tests" end time: Feb 07 23:22 +06
"model2_tests" time elapsed: 00:00:00
----------------------------------------------------------

Unable to find executable: /Users/ittehad/Documents/Coding/Python/Turing/Tester_cpp_codebench/tasks/303997/build/model3_tests
5/11 Testing: model3_tests
5/11 Test: model3_tests
Command: ""
Directory: /Users/ittehad/Documents/Coding/Python/Turing/Tester_cpp_codebench/tasks/303997/build
"model3_tests" start time: 
Output:
----------------------------------------------------------
<end of output>
Test time =   0.00 sec
----------------------------------------------------------
Test Passed.
"model3_tests" end time: Feb 07 23:22 +06
"model3_tests" time elapsed: 00:00:00
----------------------------------------------------------

Unable to find executable: /Users/ittehad/Documents/Coding/Python/Turing/Tester_cpp_codebench/tasks/303997/build/model4_tests
6/11 Testing: model4_tests
6/11 Test: model4_tests
Command: ""
Directory: /Users/ittehad/Documents/Coding/Python/Turing/Tester_cpp_codebench/tasks/303997/build
"model4_tests" start time: 
Output:
----------------------------------------------------------
<end of output>
Test time =   0.00 sec
----------------------------------------------------------
Test Passed.
"model4_tests" end time: Feb 07 23:22 +06
"model4_tests" time elapsed: 00:00:00
----------------------------------------------------------

Unable to find executable: /Users/ittehad/Documents/Coding/Python/Turing/Tester_cpp_codebench/tasks/303997/build/model5_tests
7/11 Testing: model5_tests
7/11 Test: model5_tests
Command: ""
Directory: /Users/ittehad/Documents/Coding/Python/Turing/Tester_cpp_codebench/tasks/303997/build
"model5_tests" start time: 
Output:
----------------------------------------------------------
<end of output>
Test time =   0.00 sec
----------------------------------------------------------
Test Passed.
"model5_tests" end time: Feb 07 23:22 +06
"model5_tests" time elapsed: 00:00:00
----------------------------------------------------------

Unable to find executable: /Users/ittehad/Documents/Coding/Python/Turing/Tester_cpp_codebench/tasks/303997/build/model6_tests
8/11 Testing: model6_tests
8/11 Test: model6_tests
Command: ""
Directory: /Users/ittehad/Documents/Coding/Python/Turing/Tester_cpp_codebench/tasks/303997/build
"model6_tests" start time: 
Output:
----------------------------------------------------------
<end of output>
Test time =   0.00 sec
----------------------------------------------------------
Test Passed.
"model6_tests" end time: Feb 07 23:22 +06
"model6_tests" time elapsed: 00:00:00
----------------------------------------------------------

Unable to find executable: /Users/ittehad/Documents/Coding/Python/Turing/Tester_cpp_codebench/tasks/303997/build/model7_tests
9/11 Testing: model7_tests
9/11 Test: model7_tests
Command: ""
Directory: /Users/ittehad/Documents/Coding/Python/Turing/Tester_cpp_codebench/tasks/303997/build
"model7_tests" start time: 
Output:
----------------------------------------------------------
<end of output>
Test time =   0.00 sec
----------------------------------------------------------
Test Passed.
"model7_tests" end time: Feb 07 23:22 +06
"model7_tests" time elapsed: 00:00:00
----------------------------------------------------------

10/11 Testing: model8_tests
10/11 Test: model8_tests
Command: "/Users/ittehad/Documents/Coding/Python/Turing/Tester_cpp_codebench/tasks/303997/build/model8_tests"
Directory: /Users/ittehad/Documents/Coding/Python/Turing/Tester_cpp_codebench/tasks/303997/build
"model8_tests" start time: Feb 07 23:22 +06
Output:
----------------------------------------------------------
[==========] Running 7 tests from 1 test suite.
[----------] Global test environment set-up.
[----------] 7 tests from AddTest
[ RUN      ] AddTest.ArithmeticOperations
[       OK ] AddTest.ArithmeticOperations (0 ms)
[ RUN      ] AddTest.CharAndCharReturnsString
[       OK ] AddTest.CharAndCharReturnsString (0 ms)
[ RUN      ] AddTest.CharAndIntAsciiAddition
[       OK ] AddTest.CharAndIntAsciiAddition (0 ms)
[ RUN      ] AddTest.CharStringConcatenation
[       OK ] AddTest.CharStringConcatenation (0 ms)
[ RUN      ] AddTest.StringAndStringConcatenation
[       OK ] AddTest.StringAndStringConcatenation (0 ms)
[ RUN      ] AddTest.UserDefinedComplexNumber
[       OK ] AddTest.UserDefinedComplexNumber (0 ms)
[ RUN      ] AddTest.ThrowsOnUnsupportedOperation
[       OK ] AddTest.ThrowsOnUnsupportedOperation (0 ms)
[----------] 7 tests from AddTest (0 ms total)

[----------] Global test environment tear-down
[==========] 7 tests from 1 test suite ran. (0 ms total)
[  PASSED  ] 7 tests.
<end of output>
Test time =   0.02 sec
----------------------------------------------------------
Test Passed.
"model8_tests" end time: Feb 07 23:22 +06
"model8_tests" time elapsed: 00:00:00
----------------------------------------------------------

11/11 Testing: model9_tests
11/11 Test: model9_tests
Command: "/Users/ittehad/Documents/Coding/Python/Turing/Tester_cpp_codebench/tasks/303997/build/model9_tests"
Directory: /Users/ittehad/Documents/Coding/Python/Turing/Tester_cpp_codebench/tasks/303997/build
"model9_tests" start time: Feb 07 23:22 +06
Output:
----------------------------------------------------------
[==========] Running 7 tests from 1 test suite.
[----------] Global test environment set-up.
[----------] 7 tests from AddTest
[ RUN      ] AddTest.ArithmeticOperations
[       OK ] AddTest.ArithmeticOperations (0 ms)
[ RUN      ] AddTest.CharAndCharReturnsString
[       OK ] AddTest.CharAndCharReturnsString (0 ms)
[ RUN      ] AddTest.CharAndIntAsciiAddition
[       OK ] AddTest.CharAndIntAsciiAddition (0 ms)
[ RUN      ] AddTest.CharStringConcatenation
[       OK ] AddTest.CharStringConcatenation (0 ms)
[ RUN      ] AddTest.StringAndStringConcatenation
[       OK ] AddTest.StringAndStringConcatenation (0 ms)
[ RUN      ] AddTest.UserDefinedComplexNumber
[       OK ] AddTest.UserDefinedComplexNumber (0 ms)
[ RUN      ] AddTest.ThrowsOnUnsupportedOperation
[       OK ] AddTest.ThrowsOnUnsupportedOperation (0 ms)
[----------] 7 tests from AddTest (0 ms total)

[----------] Global test environment tear-down
[==========] 7 tests from 1 test suite ran. (0 ms total)
[  PASSED  ] 7 tests.
<end of output>
Test time =   0.02 sec
----------------------------------------------------------
Test Passed.
"model9_tests" end time: Feb 07 23:22 +06
"model9_tests" time elapsed: 00:00:00
----------------------------------------------------------

End testing: Feb 07 23:22 +06
