Start testing: Jan 31 22:24 +06
----------------------------------------------------------
1/11 Testing: incorrect_solution_tests
1/11 Test: incorrect_solution_tests
Command: "/Users/ittehad/Documents/Coding/Python/Turing/Tester_cpp_codebench/tasks/473664/build/incorrect_solution_tests"
Directory: /Users/ittehad/Documents/Coding/Python/Turing/Tester_cpp_codebench/tasks/473664/build
"incorrect_solution_tests" start time: Jan 31 22:24 +06
Output:
----------------------------------------------------------
[==========] Running 9 tests from 1 test suite.
[----------] Global test environment set-up.
[----------] 9 tests from XMLNodeTest
[ RUN      ] XMLNodeTest.ValidXMLStructure
[       OK ] XMLNodeTest.ValidXMLStructure (0 ms)
[ RUN      ] XMLNodeTest.InvalidChildName
/Users/ittehad/Documents/Coding/Python/Turing/Tester_cpp_codebench/tasks/473664/test.cpp:26: Failure
Expected: { XMLNode* invalidChild = new XMLNode(""); root->addChild(invalidChild); } throws an exception of type std::invalid_argument.
  Actual: it throws nothing.

[  FAILED  ] XMLNodeTest.InvalidChildName (0 ms)
[ RUN      ] XMLNodeTest.DuplicateChildNodes
[       OK ] XMLNodeTest.DuplicateChildNodes (0 ms)
[ RUN      ] XMLNodeTest.DeeplyNestedStructure
[       OK ] XMLNodeTest.DeeplyNestedStructure (0 ms)
[ RUN      ] XMLNodeTest.InvalidCharactersInName
/Users/ittehad/Documents/Coding/Python/Turing/Tester_cpp_codebench/tasks/473664/test.cpp:61: Failure
Expected: root->addChild(new XMLNode("inv@lid!")) throws an exception of type std::invalid_argument.
  Actual: it throws nothing.

[  FAILED  ] XMLNodeTest.InvalidCharactersInName (0 ms)
[ RUN      ] XMLNodeTest.NodeWithoutChildrenOrValue
[       OK ] XMLNodeTest.NodeWithoutChildrenOrValue (0 ms)
[ RUN      ] XMLNodeTest.ValidSymbolsInName
[       OK ] XMLNodeTest.ValidSymbolsInName (0 ms)
[ RUN      ] XMLNodeTest.InvalidStartingCharacter
/Users/ittehad/Documents/Coding/Python/Turing/Tester_cpp_codebench/tasks/473664/test.cpp:88: Failure
Expected: root->addChild(new XMLNode("1child", "someValue")) throws an exception of type std::invalid_argument.
  Actual: it throws nothing.

[  FAILED  ] XMLNodeTest.InvalidStartingCharacter (0 ms)
[ RUN      ] XMLNodeTest.SameNameDifferentValue
[       OK ] XMLNodeTest.SameNameDifferentValue (0 ms)
[----------] 9 tests from XMLNodeTest (0 ms total)

[----------] Global test environment tear-down
[==========] 9 tests from 1 test suite ran. (0 ms total)
[  PASSED  ] 6 tests.
[  FAILED  ] 3 tests, listed below:
[  FAILED  ] XMLNodeTest.InvalidChildName
[  FAILED  ] XMLNodeTest.InvalidCharactersInName
[  FAILED  ] XMLNodeTest.InvalidStartingCharacter

 3 FAILED TESTS
<end of output>
Test time =   0.01 sec
----------------------------------------------------------
Test Failed.
"incorrect_solution_tests" end time: Jan 31 22:24 +06
"incorrect_solution_tests" time elapsed: 00:00:00
----------------------------------------------------------

2/11 Testing: model1_tests
2/11 Test: model1_tests
Command: "/Users/ittehad/Documents/Coding/Python/Turing/Tester_cpp_codebench/tasks/473664/build/model1_tests"
Directory: /Users/ittehad/Documents/Coding/Python/Turing/Tester_cpp_codebench/tasks/473664/build
"model1_tests" start time: Jan 31 22:24 +06
Output:
----------------------------------------------------------
[==========] Running 9 tests from 1 test suite.
[----------] Global test environment set-up.
[----------] 9 tests from XMLNodeTest
[ RUN      ] XMLNodeTest.ValidXMLStructure
[       OK ] XMLNodeTest.ValidXMLStructure (0 ms)
[ RUN      ] XMLNodeTest.InvalidChildName
[       OK ] XMLNodeTest.InvalidChildName (0 ms)
[ RUN      ] XMLNodeTest.DuplicateChildNodes
[       OK ] XMLNodeTest.DuplicateChildNodes (0 ms)
[ RUN      ] XMLNodeTest.DeeplyNestedStructure
[       OK ] XMLNodeTest.DeeplyNestedStructure (0 ms)
[ RUN      ] XMLNodeTest.InvalidCharactersInName
[       OK ] XMLNodeTest.InvalidCharactersInName (0 ms)
[ RUN      ] XMLNodeTest.NodeWithoutChildrenOrValue
[       OK ] XMLNodeTest.NodeWithoutChildrenOrValue (0 ms)
[ RUN      ] XMLNodeTest.ValidSymbolsInName
[       OK ] XMLNodeTest.ValidSymbolsInName (0 ms)
[ RUN      ] XMLNodeTest.InvalidStartingCharacter
[       OK ] XMLNodeTest.InvalidStartingCharacter (0 ms)
[ RUN      ] XMLNodeTest.SameNameDifferentValue
[       OK ] XMLNodeTest.SameNameDifferentValue (0 ms)
[----------] 9 tests from XMLNodeTest (0 ms total)

[----------] Global test environment tear-down
[==========] 9 tests from 1 test suite ran. (0 ms total)
[  PASSED  ] 9 tests.
<end of output>
Test time =   0.01 sec
----------------------------------------------------------
Test Passed.
"model1_tests" end time: Jan 31 22:24 +06
"model1_tests" time elapsed: 00:00:00
----------------------------------------------------------

Unable to find executable: /Users/ittehad/Documents/Coding/Python/Turing/Tester_cpp_codebench/tasks/473664/build/model10_tests
3/11 Testing: model10_tests
3/11 Test: model10_tests
Command: ""
Directory: /Users/ittehad/Documents/Coding/Python/Turing/Tester_cpp_codebench/tasks/473664/build
"model10_tests" start time: 
Output:
----------------------------------------------------------
<end of output>
Test time =   0.00 sec
----------------------------------------------------------
Test Passed.
"model10_tests" end time: Jan 31 22:24 +06
"model10_tests" time elapsed: 00:00:00
----------------------------------------------------------

Unable to find executable: /Users/ittehad/Documents/Coding/Python/Turing/Tester_cpp_codebench/tasks/473664/build/model2_tests
4/11 Testing: model2_tests
4/11 Test: model2_tests
Command: ""
Directory: /Users/ittehad/Documents/Coding/Python/Turing/Tester_cpp_codebench/tasks/473664/build
"model2_tests" start time: 
Output:
----------------------------------------------------------
<end of output>
Test time =   0.00 sec
----------------------------------------------------------
Test Passed.
"model2_tests" end time: Jan 31 22:24 +06
"model2_tests" time elapsed: 00:00:00
----------------------------------------------------------

Unable to find executable: /Users/ittehad/Documents/Coding/Python/Turing/Tester_cpp_codebench/tasks/473664/build/model3_tests
5/11 Testing: model3_tests
5/11 Test: model3_tests
Command: ""
Directory: /Users/ittehad/Documents/Coding/Python/Turing/Tester_cpp_codebench/tasks/473664/build
"model3_tests" start time: 
Output:
----------------------------------------------------------
<end of output>
Test time =   0.00 sec
----------------------------------------------------------
Test Passed.
"model3_tests" end time: Jan 31 22:24 +06
"model3_tests" time elapsed: 00:00:00
----------------------------------------------------------

6/11 Testing: model4_tests
6/11 Test: model4_tests
Command: "/Users/ittehad/Documents/Coding/Python/Turing/Tester_cpp_codebench/tasks/473664/build/model4_tests"
Directory: /Users/ittehad/Documents/Coding/Python/Turing/Tester_cpp_codebench/tasks/473664/build
"model4_tests" start time: Jan 31 22:24 +06
Output:
----------------------------------------------------------
[==========] Running 9 tests from 1 test suite.
[----------] Global test environment set-up.
[----------] 9 tests from XMLNodeTest
[ RUN      ] XMLNodeTest.ValidXMLStructure
[       OK ] XMLNodeTest.ValidXMLStructure (0 ms)
[ RUN      ] XMLNodeTest.InvalidChildName
[       OK ] XMLNodeTest.InvalidChildName (0 ms)
[ RUN      ] XMLNodeTest.DuplicateChildNodes
[       OK ] XMLNodeTest.DuplicateChildNodes (0 ms)
[ RUN      ] XMLNodeTest.DeeplyNestedStructure
[       OK ] XMLNodeTest.DeeplyNestedStructure (0 ms)
[ RUN      ] XMLNodeTest.InvalidCharactersInName
[       OK ] XMLNodeTest.InvalidCharactersInName (0 ms)
[ RUN      ] XMLNodeTest.NodeWithoutChildrenOrValue
[       OK ] XMLNodeTest.NodeWithoutChildrenOrValue (0 ms)
[ RUN      ] XMLNodeTest.ValidSymbolsInName
[       OK ] XMLNodeTest.ValidSymbolsInName (0 ms)
[ RUN      ] XMLNodeTest.InvalidStartingCharacter
[       OK ] XMLNodeTest.InvalidStartingCharacter (0 ms)
[ RUN      ] XMLNodeTest.SameNameDifferentValue
[       OK ] XMLNodeTest.SameNameDifferentValue (0 ms)
[----------] 9 tests from XMLNodeTest (0 ms total)

[----------] Global test environment tear-down
[==========] 9 tests from 1 test suite ran. (0 ms total)
[  PASSED  ] 9 tests.
<end of output>
Test time =   0.01 sec
----------------------------------------------------------
Test Passed.
"model4_tests" end time: Jan 31 22:24 +06
"model4_tests" time elapsed: 00:00:00
----------------------------------------------------------

7/11 Testing: model5_tests
7/11 Test: model5_tests
Command: "/Users/ittehad/Documents/Coding/Python/Turing/Tester_cpp_codebench/tasks/473664/build/model5_tests"
Directory: /Users/ittehad/Documents/Coding/Python/Turing/Tester_cpp_codebench/tasks/473664/build
"model5_tests" start time: Jan 31 22:24 +06
Output:
----------------------------------------------------------
[==========] Running 9 tests from 1 test suite.
[----------] Global test environment set-up.
[----------] 9 tests from XMLNodeTest
[ RUN      ] XMLNodeTest.ValidXMLStructure
[       OK ] XMLNodeTest.ValidXMLStructure (0 ms)
[ RUN      ] XMLNodeTest.InvalidChildName
[       OK ] XMLNodeTest.InvalidChildName (0 ms)
[ RUN      ] XMLNodeTest.DuplicateChildNodes
[       OK ] XMLNodeTest.DuplicateChildNodes (0 ms)
[ RUN      ] XMLNodeTest.DeeplyNestedStructure
[       OK ] XMLNodeTest.DeeplyNestedStructure (0 ms)
[ RUN      ] XMLNodeTest.InvalidCharactersInName
[       OK ] XMLNodeTest.InvalidCharactersInName (0 ms)
[ RUN      ] XMLNodeTest.NodeWithoutChildrenOrValue
[       OK ] XMLNodeTest.NodeWithoutChildrenOrValue (0 ms)
[ RUN      ] XMLNodeTest.ValidSymbolsInName
[       OK ] XMLNodeTest.ValidSymbolsInName (0 ms)
[ RUN      ] XMLNodeTest.InvalidStartingCharacter
[       OK ] XMLNodeTest.InvalidStartingCharacter (0 ms)
[ RUN      ] XMLNodeTest.SameNameDifferentValue
[       OK ] XMLNodeTest.SameNameDifferentValue (0 ms)
[----------] 9 tests from XMLNodeTest (0 ms total)

[----------] Global test environment tear-down
[==========] 9 tests from 1 test suite ran. (0 ms total)
[  PASSED  ] 9 tests.
<end of output>
Test time =   0.00 sec
----------------------------------------------------------
Test Passed.
"model5_tests" end time: Jan 31 22:24 +06
"model5_tests" time elapsed: 00:00:00
----------------------------------------------------------

8/11 Testing: model6_tests
8/11 Test: model6_tests
Command: "/Users/ittehad/Documents/Coding/Python/Turing/Tester_cpp_codebench/tasks/473664/build/model6_tests"
Directory: /Users/ittehad/Documents/Coding/Python/Turing/Tester_cpp_codebench/tasks/473664/build
"model6_tests" start time: Jan 31 22:24 +06
Output:
----------------------------------------------------------
[==========] Running 9 tests from 1 test suite.
[----------] Global test environment set-up.
[----------] 9 tests from XMLNodeTest
[ RUN      ] XMLNodeTest.ValidXMLStructure
[       OK ] XMLNodeTest.ValidXMLStructure (0 ms)
[ RUN      ] XMLNodeTest.InvalidChildName
[       OK ] XMLNodeTest.InvalidChildName (0 ms)
[ RUN      ] XMLNodeTest.DuplicateChildNodes
[       OK ] XMLNodeTest.DuplicateChildNodes (0 ms)
[ RUN      ] XMLNodeTest.DeeplyNestedStructure
[       OK ] XMLNodeTest.DeeplyNestedStructure (0 ms)
[ RUN      ] XMLNodeTest.InvalidCharactersInName
[       OK ] XMLNodeTest.InvalidCharactersInName (0 ms)
[ RUN      ] XMLNodeTest.NodeWithoutChildrenOrValue
[       OK ] XMLNodeTest.NodeWithoutChildrenOrValue (0 ms)
[ RUN      ] XMLNodeTest.ValidSymbolsInName
[       OK ] XMLNodeTest.ValidSymbolsInName (0 ms)
[ RUN      ] XMLNodeTest.InvalidStartingCharacter
/Users/ittehad/Documents/Coding/Python/Turing/Tester_cpp_codebench/tasks/473664/test.cpp:88: Failure
Expected: root->addChild(new XMLNode("1child", "someValue")) throws an exception of type std::invalid_argument.
  Actual: it throws nothing.

[  FAILED  ] XMLNodeTest.InvalidStartingCharacter (0 ms)
[ RUN      ] XMLNodeTest.SameNameDifferentValue
[       OK ] XMLNodeTest.SameNameDifferentValue (0 ms)
[----------] 9 tests from XMLNodeTest (0 ms total)

[----------] Global test environment tear-down
[==========] 9 tests from 1 test suite ran. (0 ms total)
[  PASSED  ] 8 tests.
[  FAILED  ] 1 test, listed below:
[  FAILED  ] XMLNodeTest.InvalidStartingCharacter

 1 FAILED TEST
<end of output>
Test time =   0.00 sec
----------------------------------------------------------
Test Failed.
"model6_tests" end time: Jan 31 22:24 +06
"model6_tests" time elapsed: 00:00:00
----------------------------------------------------------

9/11 Testing: model7_tests
9/11 Test: model7_tests
Command: "/Users/ittehad/Documents/Coding/Python/Turing/Tester_cpp_codebench/tasks/473664/build/model7_tests"
Directory: /Users/ittehad/Documents/Coding/Python/Turing/Tester_cpp_codebench/tasks/473664/build
"model7_tests" start time: Jan 31 22:24 +06
Output:
----------------------------------------------------------
[==========] Running 9 tests from 1 test suite.
[----------] Global test environment set-up.
[----------] 9 tests from XMLNodeTest
[ RUN      ] XMLNodeTest.ValidXMLStructure
[       OK ] XMLNodeTest.ValidXMLStructure (0 ms)
[ RUN      ] XMLNodeTest.InvalidChildName
[       OK ] XMLNodeTest.InvalidChildName (0 ms)
[ RUN      ] XMLNodeTest.DuplicateChildNodes
[       OK ] XMLNodeTest.DuplicateChildNodes (0 ms)
[ RUN      ] XMLNodeTest.DeeplyNestedStructure
[       OK ] XMLNodeTest.DeeplyNestedStructure (0 ms)
[ RUN      ] XMLNodeTest.InvalidCharactersInName
[       OK ] XMLNodeTest.InvalidCharactersInName (0 ms)
[ RUN      ] XMLNodeTest.NodeWithoutChildrenOrValue
[       OK ] XMLNodeTest.NodeWithoutChildrenOrValue (0 ms)
[ RUN      ] XMLNodeTest.ValidSymbolsInName
[       OK ] XMLNodeTest.ValidSymbolsInName (0 ms)
[ RUN      ] XMLNodeTest.InvalidStartingCharacter
/Users/ittehad/Documents/Coding/Python/Turing/Tester_cpp_codebench/tasks/473664/test.cpp:88: Failure
Expected: root->addChild(new XMLNode("1child", "someValue")) throws an exception of type std::invalid_argument.
  Actual: it throws nothing.

[  FAILED  ] XMLNodeTest.InvalidStartingCharacter (0 ms)
[ RUN      ] XMLNodeTest.SameNameDifferentValue
[       OK ] XMLNodeTest.SameNameDifferentValue (0 ms)
[----------] 9 tests from XMLNodeTest (0 ms total)

[----------] Global test environment tear-down
[==========] 9 tests from 1 test suite ran. (0 ms total)
[  PASSED  ] 8 tests.
[  FAILED  ] 1 test, listed below:
[  FAILED  ] XMLNodeTest.InvalidStartingCharacter

 1 FAILED TEST
<end of output>
Test time =   0.00 sec
----------------------------------------------------------
Test Failed.
"model7_tests" end time: Jan 31 22:24 +06
"model7_tests" time elapsed: 00:00:00
----------------------------------------------------------

10/11 Testing: model8_tests
10/11 Test: model8_tests
Command: "/Users/ittehad/Documents/Coding/Python/Turing/Tester_cpp_codebench/tasks/473664/build/model8_tests"
Directory: /Users/ittehad/Documents/Coding/Python/Turing/Tester_cpp_codebench/tasks/473664/build
"model8_tests" start time: Jan 31 22:24 +06
Output:
----------------------------------------------------------
[==========] Running 9 tests from 1 test suite.
[----------] Global test environment set-up.
[----------] 9 tests from XMLNodeTest
[ RUN      ] XMLNodeTest.ValidXMLStructure
[       OK ] XMLNodeTest.ValidXMLStructure (0 ms)
[ RUN      ] XMLNodeTest.InvalidChildName
[       OK ] XMLNodeTest.InvalidChildName (0 ms)
[ RUN      ] XMLNodeTest.DuplicateChildNodes
[       OK ] XMLNodeTest.DuplicateChildNodes (0 ms)
[ RUN      ] XMLNodeTest.DeeplyNestedStructure
[       OK ] XMLNodeTest.DeeplyNestedStructure (0 ms)
[ RUN      ] XMLNodeTest.InvalidCharactersInName
[       OK ] XMLNodeTest.InvalidCharactersInName (0 ms)
[ RUN      ] XMLNodeTest.NodeWithoutChildrenOrValue
[       OK ] XMLNodeTest.NodeWithoutChildrenOrValue (0 ms)
[ RUN      ] XMLNodeTest.ValidSymbolsInName
[       OK ] XMLNodeTest.ValidSymbolsInName (0 ms)
[ RUN      ] XMLNodeTest.InvalidStartingCharacter
[       OK ] XMLNodeTest.InvalidStartingCharacter (0 ms)
[ RUN      ] XMLNodeTest.SameNameDifferentValue
[       OK ] XMLNodeTest.SameNameDifferentValue (0 ms)
[----------] 9 tests from XMLNodeTest (0 ms total)

[----------] Global test environment tear-down
[==========] 9 tests from 1 test suite ran. (0 ms total)
[  PASSED  ] 9 tests.
<end of output>
Test time =   0.00 sec
----------------------------------------------------------
Test Passed.
"model8_tests" end time: Jan 31 22:24 +06
"model8_tests" time elapsed: 00:00:00
----------------------------------------------------------

11/11 Testing: model9_tests
11/11 Test: model9_tests
Command: "/Users/ittehad/Documents/Coding/Python/Turing/Tester_cpp_codebench/tasks/473664/build/model9_tests"
Directory: /Users/ittehad/Documents/Coding/Python/Turing/Tester_cpp_codebench/tasks/473664/build
"model9_tests" start time: Jan 31 22:24 +06
Output:
----------------------------------------------------------
[==========] Running 9 tests from 1 test suite.
[----------] Global test environment set-up.
[----------] 9 tests from XMLNodeTest
[ RUN      ] XMLNodeTest.ValidXMLStructure
[       OK ] XMLNodeTest.ValidXMLStructure (0 ms)
[ RUN      ] XMLNodeTest.InvalidChildName
[       OK ] XMLNodeTest.InvalidChildName (0 ms)
[ RUN      ] XMLNodeTest.DuplicateChildNodes
[       OK ] XMLNodeTest.DuplicateChildNodes (0 ms)
[ RUN      ] XMLNodeTest.DeeplyNestedStructure
[       OK ] XMLNodeTest.DeeplyNestedStructure (0 ms)
[ RUN      ] XMLNodeTest.InvalidCharactersInName
[       OK ] XMLNodeTest.InvalidCharactersInName (0 ms)
[ RUN      ] XMLNodeTest.NodeWithoutChildrenOrValue
[       OK ] XMLNodeTest.NodeWithoutChildrenOrValue (0 ms)
[ RUN      ] XMLNodeTest.ValidSymbolsInName
[       OK ] XMLNodeTest.ValidSymbolsInName (0 ms)
[ RUN      ] XMLNodeTest.InvalidStartingCharacter
[       OK ] XMLNodeTest.InvalidStartingCharacter (0 ms)
[ RUN      ] XMLNodeTest.SameNameDifferentValue
[       OK ] XMLNodeTest.SameNameDifferentValue (0 ms)
[----------] 9 tests from XMLNodeTest (0 ms total)

[----------] Global test environment tear-down
[==========] 9 tests from 1 test suite ran. (0 ms total)
[  PASSED  ] 9 tests.
<end of output>
Test time =   0.00 sec
----------------------------------------------------------
Test Passed.
"model9_tests" end time: Jan 31 22:24 +06
"model9_tests" time elapsed: 00:00:00
----------------------------------------------------------

End testing: Jan 31 22:24 +06
