Start testing: Jan 31 22:26 +06
----------------------------------------------------------
1/11 Testing: incorrect_solution_tests
1/11 Test: incorrect_solution_tests
Command: "/Users/ittehad/Documents/Coding/Python/Turing/Tester_cpp_codebench/tasks/473703/build/incorrect_solution_tests"
Directory: /Users/ittehad/Documents/Coding/Python/Turing/Tester_cpp_codebench/tasks/473703/build
"incorrect_solution_tests" start time: Jan 31 22:26 +06
Output:
----------------------------------------------------------
Running main() from /Users/ittehad/Documents/Coding/Python/Turing/Tester_cpp_codebench/tasks/473703/build/_deps/googletest-src/googletest/src/gtest_main.cc
[==========] Running 7 tests from 1 test suite.
[----------] Global test environment set-up.
[----------] 7 tests from TestrisTest
[ RUN      ] TestrisTest.BlockTypeCorrectness
/Users/ittehad/Documents/Coding/Python/Turing/Tester_cpp_codebench/tasks/473703/test.cpp:250: Failure
Expected equality of these values:
  2
  pieces.GetBlockType(1, 1, 2, 2)
    Which is: 0

[  FAILED  ] TestrisTest.BlockTypeCorrectness (0 ms)
[ RUN      ] TestrisTest.InitialPositionCorrectness
/Users/ittehad/Documents/Coding/Python/Turing/Tester_cpp_codebench/tasks/473703/test.cpp:259: Failure
Expected equality of these values:
  -3
  pieces.GetYInitialPosition(1, 3)
    Which is: -2

[  FAILED  ] TestrisTest.InitialPositionCorrectness (0 ms)
[ RUN      ] TestrisTest.StorePieceTest
[       OK ] TestrisTest.StorePieceTest (0 ms)
[ RUN      ] TestrisTest.PieceStorageBoundaryTest
[       OK ] TestrisTest.PieceStorageBoundaryTest (0 ms)
[ RUN      ] TestrisTest.DeleteLineTest
[       OK ] TestrisTest.DeleteLineTest (0 ms)
[ RUN      ] TestrisTest.AllRotationsBlockTypeCorrectness
/Users/ittehad/Documents/Coding/Python/Turing/Tester_cpp_codebench/tasks/473703/test.cpp:313: Failure
Expected equality of these values:
  mPieces[piece][rotation][x][y]
    Which is: 0
  blockType
    Which is: 1

/Users/ittehad/Documents/Coding/Python/Turing/Tester_cpp_codebench/tasks/473703/test.cpp:313: Failure
Expected equality of these values:
  mPieces[piece][rotation][x][y]
    Which is: 1
  blockType
    Which is: 0

/Users/ittehad/Documents/Coding/Python/Turing/Tester_cpp_codebench/tasks/473703/test.cpp:313: Failure
Expected equality of these values:
  mPieces[piece][rotation][x][y]
    Which is: 2
  blockType
    Which is: 1

/Users/ittehad/Documents/Coding/Python/Turing/Tester_cpp_codebench/tasks/473703/test.cpp:313: Failure
Expected equality of these values:
  mPieces[piece][rotation][x][y]
    Which is: 1
  blockType
    Which is: 0

/Users/ittehad/Documents/Coding/Python/Turing/Tester_cpp_codebench/tasks/473703/test.cpp:313: Failure
Expected equality of these values:
  mPieces[piece][rotation][x][y]
    Which is: 1
  blockType
    Which is: 0

/Users/ittehad/Documents/Coding/Python/Turing/Tester_cpp_codebench/tasks/473703/test.cpp:313: Failure
Expected equality of these values:
  mPieces[piece][rotation][x][y]
    Which is: 0
  blockType
    Which is: 1

/Users/ittehad/Documents/Coding/Python/Turing/Tester_cpp_codebench/tasks/473703/test.cpp:313: Failure
Expected equality of these values:
  mPieces[piece][rotation][x][y]
    Which is: 0
  blockType
    Which is: 1

/Users/ittehad/Documents/Coding/Python/Turing/Tester_cpp_codebench/tasks/473703/test.cpp:313: Failure
Expected equality of these values:
  mPieces[piece][rotation][x][y]
    Which is: 1
  blockType
    Which is: 0

/Users/ittehad/Documents/Coding/Python/Turing/Tester_cpp_codebench/tasks/473703/test.cpp:313: Failure
Expected equality of these values:
  mPieces[piece][rotation][x][y]
    Which is: 2
  blockType
    Which is: 0

/Users/ittehad/Documents/Coding/Python/Turing/Tester_cpp_codebench/tasks/473703/test.cpp:313: Failure
Expected equality of these values:
  mPieces[piece][rotation][x][y]
    Which is: 0
  blockType
    Which is: 1

/Users/ittehad/Documents/Coding/Python/Turing/Tester_cpp_codebench/tasks/473703/test.cpp:313: Failure
Expected equality of these values:
  mPieces[piece][rotation][x][y]
    Which is: 0
  blockType
    Which is: 1

/Users/ittehad/Documents/Coding/Python/Turing/Tester_cpp_codebench/tasks/473703/test.cpp:313: Failure
Expected equality of these values:
  mPieces[piece][rotation][x][y]
    Which is: 0
  blockType
    Which is: 1

/Users/ittehad/Documents/Coding/Python/Turing/Tester_cpp_codebench/tasks/473703/test.cpp:313: Failure
Expected equality of these values:
  mPieces[piece][rotation][x][y]
    Which is: 1
  blockType
    Which is: 0

/Users/ittehad/Documents/Coding/Python/Turing/Tester_cpp_codebench/tasks/473703/test.cpp:313: Failure
Expected equality of these values:
  mPieces[piece][rotation][x][y]
    Which is: 0
  blockType
    Which is: 1

/Users/ittehad/Documents/Coding/Python/Turing/Tester_cpp_codebench/tasks/473703/test.cpp:313: Failure
Expected equality of these values:
  mPieces[piece][rotation][x][y]
    Which is: 0
  blockType
    Which is: 1

/Users/ittehad/Documents/Coding/Python/Turing/Tester_cpp_codebench/tasks/473703/test.cpp:313: Failure
Expected equality of these values:
  mPieces[piece][rotation][x][y]
    Which is: 1
  blockType
    Which is: 0

/Users/ittehad/Documents/Coding/Python/Turing/Tester_cpp_codebench/tasks/473703/test.cpp:313: Failure
Expected equality of these values:
  mPieces[piece][rotation][x][y]
    Which is: 1
  blockType
    Which is: 0

/Users/ittehad/Documents/Coding/Python/Turing/Tester_cpp_codebench/tasks/473703/test.cpp:313: Failure
Expected equality of these values:
  mPieces[piece][rotation][x][y]
    Which is: 2
  blockType
    Which is: 1

/Users/ittehad/Documents/Coding/Python/Turing/Tester_cpp_codebench/tasks/473703/test.cpp:313: Failure
Expected equality of these values:
  mPieces[piece][rotation][x][y]
    Which is: 1
  blockType
    Which is: 0

/Users/ittehad/Documents/Coding/Python/Turing/Tester_cpp_codebench/tasks/473703/test.cpp:313: Failure
Expected equality of these values:
  mPieces[piece][rotation][x][y]
    Which is: 0
  blockType
    Which is: 1

/Users/ittehad/Documents/Coding/Python/Turing/Tester_cpp_codebench/tasks/473703/test.cpp:313: Failure
Expected equality of these values:
  mPieces[piece][rotation][x][y]
    Which is: 1
  blockType
    Which is: 0

/Users/ittehad/Documents/Coding/Python/Turing/Tester_cpp_codebench/tasks/473703/test.cpp:313: Failure
Expected equality of these values:
  mPieces[piece][rotation][x][y]
    Which is: 0
  blockType
    Which is: 1

/Users/ittehad/Documents/Coding/Python/Turing/Tester_cpp_codebench/tasks/473703/test.cpp:313: Failure
Expected equality of these values:
  mPieces[piece][rotation][x][y]
    Which is: 0
  blockType
    Which is: 1

/Users/ittehad/Documents/Coding/Python/Turing/Tester_cpp_codebench/tasks/473703/test.cpp:313: Failure
Expected equality of these values:
  mPieces[piece][rotation][x][y]
    Which is: 0
  blockType
    Which is: 1

/Users/ittehad/Documents/Coding/Python/Turing/Tester_cpp_codebench/tasks/473703/test.cpp:313: Failure
Expected equality of these values:
  mPieces[piece][rotation][x][y]
    Which is: 2
  blockType
    Which is: 0

/Users/ittehad/Documents/Coding/Python/Turing/Tester_cpp_codebench/tasks/473703/test.cpp:313: Failure
Expected equality of these values:
  mPieces[piece][rotation][x][y]
    Which is: 1
  blockType
    Which is: 0

/Users/ittehad/Documents/Coding/Python/Turing/Tester_cpp_codebench/tasks/473703/test.cpp:313: Failure
Expected equality of these values:
  mPieces[piece][rotation][x][y]
    Which is: 1
  blockType
    Which is: 0

/Users/ittehad/Documents/Coding/Python/Turing/Tester_cpp_codebench/tasks/473703/test.cpp:313: Failure
Expected equality of these values:
  mPieces[piece][rotation][x][y]
    Which is: 0
  blockType
    Which is: 1

/Users/ittehad/Documents/Coding/Python/Turing/Tester_cpp_codebench/tasks/473703/test.cpp:313: Failure
Expected equality of these values:
  mPieces[piece][rotation][x][y]
    Which is: 2
  blockType
    Which is: 1

/Users/ittehad/Documents/Coding/Python/Turing/Tester_cpp_codebench/tasks/473703/test.cpp:313: Failure
Expected equality of these values:
  mPieces[piece][rotation][x][y]
    Which is: 0
  blockType
    Which is: 1

/Users/ittehad/Documents/Coding/Python/Turing/Tester_cpp_codebench/tasks/473703/test.cpp:313: Failure
Expected equality of these values:
  mPieces[piece][rotation][x][y]
    Which is: 1
  blockType
    Which is: 0

/Users/ittehad/Documents/Coding/Python/Turing/Tester_cpp_codebench/tasks/473703/test.cpp:313: Failure
Expected equality of these values:
  mPieces[piece][rotation][x][y]
    Which is: 0
  blockType
    Which is: 1

/Users/ittehad/Documents/Coding/Python/Turing/Tester_cpp_codebench/tasks/473703/test.cpp:313: Failure
Expected equality of these values:
  mPieces[piece][rotation][x][y]
    Which is: 0
  blockType
    Which is: 1

/Users/ittehad/Documents/Coding/Python/Turing/Tester_cpp_codebench/tasks/473703/test.cpp:313: Failure
Expected equality of these values:
  mPieces[piece][rotation][x][y]
    Which is: 1
  blockType
    Which is: 0

/Users/ittehad/Documents/Coding/Python/Turing/Tester_cpp_codebench/tasks/473703/test.cpp:313: Failure
Expected equality of these values:
  mPieces[piece][rotation][x][y]
    Which is: 2
  blockType
    Which is: 1

/Users/ittehad/Documents/Coding/Python/Turing/Tester_cpp_codebench/tasks/473703/test.cpp:313: Failure
Expected equality of these values:
  mPieces[piece][rotation][x][y]
    Which is: 1
  blockType
    Which is: 0

/Users/ittehad/Documents/Coding/Python/Turing/Tester_cpp_codebench/tasks/473703/test.cpp:313: Failure
Expected equality of these values:
  mPieces[piece][rotation][x][y]
    Which is: 1
  blockType
    Which is: 0

/Users/ittehad/Documents/Coding/Python/Turing/Tester_cpp_codebench/tasks/473703/test.cpp:313: Failure
Expected equality of these values:
  mPieces[piece][rotation][x][y]
    Which is: 0
  blockType
    Which is: 1

/Users/ittehad/Documents/Coding/Python/Turing/Tester_cpp_codebench/tasks/473703/test.cpp:313: Failure
Expected equality of these values:
  mPieces[piece][rotation][x][y]
    Which is: 1
  blockType
    Which is: 0

/Users/ittehad/Documents/Coding/Python/Turing/Tester_cpp_codebench/tasks/473703/test.cpp:313: Failure
Expected equality of these values:
  mPieces[piece][rotation][x][y]
    Which is: 0
  blockType
    Which is: 1

/Users/ittehad/Documents/Coding/Python/Turing/Tester_cpp_codebench/tasks/473703/test.cpp:313: Failure
Expected equality of these values:
  mPieces[piece][rotation][x][y]
    Which is: 2
  blockType
    Which is: 1

/Users/ittehad/Documents/Coding/Python/Turing/Tester_cpp_codebench/tasks/473703/test.cpp:313: Failure
Expected equality of these values:
  mPieces[piece][rotation][x][y]
    Which is: 0
  blockType
    Which is: 1

/Users/ittehad/Documents/Coding/Python/Turing/Tester_cpp_codebench/tasks/473703/test.cpp:313: Failure
Expected equality of these values:
  mPieces[piece][rotation][x][y]
    Which is: 1
  blockType
    Which is: 0

/Users/ittehad/Documents/Coding/Python/Turing/Tester_cpp_codebench/tasks/473703/test.cpp:313: Failure
Expected equality of these values:
  mPieces[piece][rotation][x][y]
    Which is: 0
  blockType
    Which is: 1

/Users/ittehad/Documents/Coding/Python/Turing/Tester_cpp_codebench/tasks/473703/test.cpp:313: Failure
Expected equality of these values:
  mPieces[piece][rotation][x][y]
    Which is: 1
  blockType
    Which is: 0

/Users/ittehad/Documents/Coding/Python/Turing/Tester_cpp_codebench/tasks/473703/test.cpp:313: Failure
Expected equality of these values:
  mPieces[piece][rotation][x][y]
    Which is: 1
  blockType
    Which is: 0

/Users/ittehad/Documents/Coding/Python/Turing/Tester_cpp_codebench/tasks/473703/test.cpp:313: Failure
Expected equality of these values:
  mPieces[piece][rotation][x][y]
    Which is: 2
  blockType
    Which is: 1

/Users/ittehad/Documents/Coding/Python/Turing/Tester_cpp_codebench/tasks/473703/test.cpp:313: Failure
Expected equality of these values:
  mPieces[piece][rotation][x][y]
    Which is: 1
  blockType
    Which is: 0

/Users/ittehad/Documents/Coding/Python/Turing/Tester_cpp_codebench/tasks/473703/test.cpp:313: Failure
Expected equality of these values:
  mPieces[piece][rotation][x][y]
    Which is: 0
  blockType
    Which is: 1

/Users/ittehad/Documents/Coding/Python/Turing/Tester_cpp_codebench/tasks/473703/test.cpp:313: Failure
Expected equality of these values:
  mPieces[piece][rotation][x][y]
    Which is: 0
  blockType
    Which is: 1

/Users/ittehad/Documents/Coding/Python/Turing/Tester_cpp_codebench/tasks/473703/test.cpp:313: Failure
Expected equality of these values:
  mPieces[piece][rotation][x][y]
    Which is: 1
  blockType
    Which is: 0

/Users/ittehad/Documents/Coding/Python/Turing/Tester_cpp_codebench/tasks/473703/test.cpp:313: Failure
Expected equality of these values:
  mPieces[piece][rotation][x][y]
    Which is: 0
  blockType
    Which is: 1

/Users/ittehad/Documents/Coding/Python/Turing/Tester_cpp_codebench/tasks/473703/test.cpp:313: Failure
Expected equality of these values:
  mPieces[piece][rotation][x][y]
    Which is: 2
  blockType
    Which is: 0

/Users/ittehad/Documents/Coding/Python/Turing/Tester_cpp_codebench/tasks/473703/test.cpp:313: Failure
Expected equality of these values:
  mPieces[piece][rotation][x][y]
    Which is: 0
  blockType
    Which is: 1

/Users/ittehad/Documents/Coding/Python/Turing/Tester_cpp_codebench/tasks/473703/test.cpp:313: Failure
Expected equality of these values:
  mPieces[piece][rotation][x][y]
    Which is: 0
  blockType
    Which is: 1

/Users/ittehad/Documents/Coding/Python/Turing/Tester_cpp_codebench/tasks/473703/test.cpp:313: Failure
Expected equality of these values:
  mPieces[piece][rotation][x][y]
    Which is: 1
  blockType
    Which is: 0

/Users/ittehad/Documents/Coding/Python/Turing/Tester_cpp_codebench/tasks/473703/test.cpp:313: Failure
Expected equality of these values:
  mPieces[piece][rotation][x][y]
    Which is: 0
  blockType
    Which is: 1

/Users/ittehad/Documents/Coding/Python/Turing/Tester_cpp_codebench/tasks/473703/test.cpp:313: Failure
Expected equality of these values:
  mPieces[piece][rotation][x][y]
    Which is: 0
  blockType
    Which is: 1

/Users/ittehad/Documents/Coding/Python/Turing/Tester_cpp_codebench/tasks/473703/test.cpp:313: Failure
Expected equality of these values:
  mPieces[piece][rotation][x][y]
    Which is: 1
  blockType
    Which is: 0

/Users/ittehad/Documents/Coding/Python/Turing/Tester_cpp_codebench/tasks/473703/test.cpp:313: Failure
Expected equality of these values:
  mPieces[piece][rotation][x][y]
    Which is: 2
  blockType
    Which is: 0

/Users/ittehad/Documents/Coding/Python/Turing/Tester_cpp_codebench/tasks/473703/test.cpp:313: Failure
Expected equality of these values:
  mPieces[piece][rotation][x][y]
    Which is: 0
  blockType
    Which is: 1

/Users/ittehad/Documents/Coding/Python/Turing/Tester_cpp_codebench/tasks/473703/test.cpp:313: Failure
Expected equality of these values:
  mPieces[piece][rotation][x][y]
    Which is: 1
  blockType
    Which is: 0

/Users/ittehad/Documents/Coding/Python/Turing/Tester_cpp_codebench/tasks/473703/test.cpp:313: Failure
Expected equality of these values:
  mPieces[piece][rotation][x][y]
    Which is: 1
  blockType
    Which is: 0

/Users/ittehad/Documents/Coding/Python/Turing/Tester_cpp_codebench/tasks/473703/test.cpp:313: Failure
Expected equality of these values:
  mPieces[piece][rotation][x][y]
    Which is: 0
  blockType
    Which is: 1

/Users/ittehad/Documents/Coding/Python/Turing/Tester_cpp_codebench/tasks/473703/test.cpp:313: Failure
Expected equality of these values:
  mPieces[piece][rotation][x][y]
    Which is: 2
  blockType
    Which is: 1

/Users/ittehad/Documents/Coding/Python/Turing/Tester_cpp_codebench/tasks/473703/test.cpp:313: Failure
Expected equality of these values:
  mPieces[piece][rotation][x][y]
    Which is: 0
  blockType
    Which is: 1

/Users/ittehad/Documents/Coding/Python/Turing/Tester_cpp_codebench/tasks/473703/test.cpp:313: Failure
Expected equality of these values:
  mPieces[piece][rotation][x][y]
    Which is: 0
  blockType
    Which is: 1

/Users/ittehad/Documents/Coding/Python/Turing/Tester_cpp_codebench/tasks/473703/test.cpp:313: Failure
Expected equality of these values:
  mPieces[piece][rotation][x][y]
    Which is: 1
  blockType
    Which is: 0

/Users/ittehad/Documents/Coding/Python/Turing/Tester_cpp_codebench/tasks/473703/test.cpp:313: Failure
Expected equality of these values:
  mPieces[piece][rotation][x][y]
    Which is: 0
  blockType
    Which is: 1

/Users/ittehad/Documents/Coding/Python/Turing/Tester_cpp_codebench/tasks/473703/test.cpp:313: Failure
Expected equality of these values:
  mPieces[piece][rotation][x][y]
    Which is: 0
  blockType
    Which is: 1

/Users/ittehad/Documents/Coding/Python/Turing/Tester_cpp_codebench/tasks/473703/test.cpp:313: Failure
Expected equality of these values:
  mPieces[piece][rotation][x][y]
    Which is: 1
  blockType
    Which is: 0

/Users/ittehad/Documents/Coding/Python/Turing/Tester_cpp_codebench/tasks/473703/test.cpp:313: Failure
Expected equality of these values:
  mPieces[piece][rotation][x][y]
    Which is: 2
  blockType
    Which is: 1

/Users/ittehad/Documents/Coding/Python/Turing/Tester_cpp_codebench/tasks/473703/test.cpp:313: Failure
Expected equality of these values:
  mPieces[piece][rotation][x][y]
    Which is: 1
  blockType
    Which is: 0

/Users/ittehad/Documents/Coding/Python/Turing/Tester_cpp_codebench/tasks/473703/test.cpp:313: Failure
Expected equality of these values:
  mPieces[piece][rotation][x][y]
    Which is: 0
  blockType
    Which is: 1

/Users/ittehad/Documents/Coding/Python/Turing/Tester_cpp_codebench/tasks/473703/test.cpp:313: Failure
Expected equality of these values:
  mPieces[piece][rotation][x][y]
    Which is: 1
  blockType
    Which is: 0

/Users/ittehad/Documents/Coding/Python/Turing/Tester_cpp_codebench/tasks/473703/test.cpp:313: Failure
Expected equality of these values:
  mPieces[piece][rotation][x][y]
    Which is: 0
  blockType
    Which is: 1

/Users/ittehad/Documents/Coding/Python/Turing/Tester_cpp_codebench/tasks/473703/test.cpp:313: Failure
Expected equality of these values:
  mPieces[piece][rotation][x][y]
    Which is: 1
  blockType
    Which is: 0

/Users/ittehad/Documents/Coding/Python/Turing/Tester_cpp_codebench/tasks/473703/test.cpp:313: Failure
Expected equality of these values:
  mPieces[piece][rotation][x][y]
    Which is: 0
  blockType
    Which is: 1

/Users/ittehad/Documents/Coding/Python/Turing/Tester_cpp_codebench/tasks/473703/test.cpp:313: Failure
Expected equality of these values:
  mPieces[piece][rotation][x][y]
    Which is: 2
  blockType
    Which is: 1

/Users/ittehad/Documents/Coding/Python/Turing/Tester_cpp_codebench/tasks/473703/test.cpp:313: Failure
Expected equality of these values:
  mPieces[piece][rotation][x][y]
    Which is: 1
  blockType
    Which is: 0

/Users/ittehad/Documents/Coding/Python/Turing/Tester_cpp_codebench/tasks/473703/test.cpp:313: Failure
Expected equality of these values:
  mPieces[piece][rotation][x][y]
    Which is: 0
  blockType
    Which is: 1

/Users/ittehad/Documents/Coding/Python/Turing/Tester_cpp_codebench/tasks/473703/test.cpp:313: Failure
Expected equality of these values:
  mPieces[piece][rotation][x][y]
    Which is: 1
  blockType
    Which is: 0

/Users/ittehad/Documents/Coding/Python/Turing/Tester_cpp_codebench/tasks/473703/test.cpp:313: Failure
Expected equality of these values:
  mPieces[piece][rotation][x][y]
    Which is: 0
  blockType
    Which is: 1

/Users/ittehad/Documents/Coding/Python/Turing/Tester_cpp_codebench/tasks/473703/test.cpp:313: Failure
Expected equality of these values:
  mPieces[piece][rotation][x][y]
    Which is: 0
  blockType
    Which is: 1

/Users/ittehad/Documents/Coding/Python/Turing/Tester_cpp_codebench/tasks/473703/test.cpp:313: Failure
Expected equality of these values:
  mPieces[piece][rotation][x][y]
    Which is: 1
  blockType
    Which is: 0

/Users/ittehad/Documents/Coding/Python/Turing/Tester_cpp_codebench/tasks/473703/test.cpp:313: Failure
Expected equality of these values:
  mPieces[piece][rotation][x][y]
    Which is: 2
  blockType
    Which is: 1

/Users/ittehad/Documents/Coding/Python/Turing/Tester_cpp_codebench/tasks/473703/test.cpp:313: Failure
Expected equality of these values:
  mPieces[piece][rotation][x][y]
    Which is: 0
  blockType
    Which is: 1

/Users/ittehad/Documents/Coding/Python/Turing/Tester_cpp_codebench/tasks/473703/test.cpp:313: Failure
Expected equality of these values:
  mPieces[piece][rotation][x][y]
    Which is: 1
  blockType
    Which is: 0

/Users/ittehad/Documents/Coding/Python/Turing/Tester_cpp_codebench/tasks/473703/test.cpp:313: Failure
Expected equality of these values:
  mPieces[piece][rotation][x][y]
    Which is: 1
  blockType
    Which is: 0

/Users/ittehad/Documents/Coding/Python/Turing/Tester_cpp_codebench/tasks/473703/test.cpp:313: Failure
Expected equality of these values:
  mPieces[piece][rotation][x][y]
    Which is: 2
  blockType
    Which is: 1

/Users/ittehad/Documents/Coding/Python/Turing/Tester_cpp_codebench/tasks/473703/test.cpp:313: Failure
Expected equality of these values:
  mPieces[piece][rotation][x][y]
    Which is: 2
  blockType
    Which is: 1

/Users/ittehad/Documents/Coding/Python/Turing/Tester_cpp_codebench/tasks/473703/test.cpp:313: Failure
Expected equality of these values:
  mPieces[piece][rotation][x][y]
    Which is: 0
  blockType
    Which is: 1

/Users/ittehad/Documents/Coding/Python/Turing/Tester_cpp_codebench/tasks/473703/test.cpp:313: Failure
Expected equality of these values:
  mPieces[piece][rotation][x][y]
    Which is: 1
  blockType
    Which is: 0

/Users/ittehad/Documents/Coding/Python/Turing/Tester_cpp_codebench/tasks/473703/test.cpp:313: Failure
Expected equality of these values:
  mPieces[piece][rotation][x][y]
    Which is: 0
  blockType
    Which is: 1

/Users/ittehad/Documents/Coding/Python/Turing/Tester_cpp_codebench/tasks/473703/test.cpp:313: Failure
Expected equality of these values:
  mPieces[piece][rotation][x][y]
    Which is: 2
  blockType
    Which is: 1

/Users/ittehad/Documents/Coding/Python/Turing/Tester_cpp_codebench/tasks/473703/test.cpp:313: Failure
Expected equality of these values:
  mPieces[piece][rotation][x][y]
    Which is: 1
  blockType
    Which is: 0

/Users/ittehad/Documents/Coding/Python/Turing/Tester_cpp_codebench/tasks/473703/test.cpp:313: Failure
Expected equality of these values:
  mPieces[piece][rotation][x][y]
    Which is: 0
  blockType
    Which is: 1

/Users/ittehad/Documents/Coding/Python/Turing/Tester_cpp_codebench/tasks/473703/test.cpp:313: Failure
Expected equality of these values:
  mPieces[piece][rotation][x][y]
    Which is: 1
  blockType
    Which is: 0

/Users/ittehad/Documents/Coding/Python/Turing/Tester_cpp_codebench/tasks/473703/test.cpp:313: Failure
Expected equality of these values:
  mPieces[piece][rotation][x][y]
    Which is: 0
  blockType
    Which is: 1

/Users/ittehad/Documents/Coding/Python/Turing/Tester_cpp_codebench/tasks/473703/test.cpp:313: Failure
Expected equality of these values:
  mPieces[piece][rotation][x][y]
    Which is: 0
  blockType
    Which is: 1

/Users/ittehad/Documents/Coding/Python/Turing/Tester_cpp_codebench/tasks/473703/test.cpp:313: Failure
Expected equality of these values:
  mPieces[piece][rotation][x][y]
    Which is: 0
  blockType
    Which is: 1

/Users/ittehad/Documents/Coding/Python/Turing/Tester_cpp_codebench/tasks/473703/test.cpp:313: Failure
Expected equality of these values:
  mPieces[piece][rotation][x][y]
    Which is: 2
  blockType
    Which is: 1

/Users/ittehad/Documents/Coding/Python/Turing/Tester_cpp_codebench/tasks/473703/test.cpp:313: Failure
Expected equality of these values:
  mPieces[piece][rotation][x][y]
    Which is: 1
  blockType
    Which is: 0

/Users/ittehad/Documents/Coding/Python/Turing/Tester_cpp_codebench/tasks/473703/test.cpp:313: Failure
Expected equality of these values:
  mPieces[piece][rotation][x][y]
    Which is: 1
  blockType
    Which is: 0

/Users/ittehad/Documents/Coding/Python/Turing/Tester_cpp_codebench/tasks/473703/test.cpp:313: Failure
Expected equality of these values:
  mPieces[piece][rotation][x][y]
    Which is: 1
  blockType
    Which is: 0

/Users/ittehad/Documents/Coding/Python/Turing/Tester_cpp_codebench/tasks/473703/test.cpp:313: Failure
Expected equality of these values:
  mPieces[piece][rotation][x][y]
    Which is: 2
  blockType
    Which is: 1

/Users/ittehad/Documents/Coding/Python/Turing/Tester_cpp_codebench/tasks/473703/test.cpp:313: Failure
Expected equality of these values:
  mPieces[piece][rotation][x][y]
    Which is: 2
  blockType
    Which is: 1

/Users/ittehad/Documents/Coding/Python/Turing/Tester_cpp_codebench/tasks/473703/test.cpp:313: Failure
Expected equality of these values:
  mPieces[piece][rotation][x][y]
    Which is: 0
  blockType
    Which is: 1

/Users/ittehad/Documents/Coding/Python/Turing/Tester_cpp_codebench/tasks/473703/test.cpp:313: Failure
Expected equality of these values:
  mPieces[piece][rotation][x][y]
    Which is: 2
  blockType
    Which is: 1

/Users/ittehad/Documents/Coding/Python/Turing/Tester_cpp_codebench/tasks/473703/test.cpp:313: Failure
Expected equality of these values:
  mPieces[piece][rotation][x][y]
    Which is: 1
  blockType
    Which is: 0

/Users/ittehad/Documents/Coding/Python/Turing/Tester_cpp_codebench/tasks/473703/test.cpp:313: Failure
Expected equality of these values:
  mPieces[piece][rotation][x][y]
    Which is: 0
  blockType
    Which is: 1

/Users/ittehad/Documents/Coding/Python/Turing/Tester_cpp_codebench/tasks/473703/test.cpp:313: Failure
Expected equality of these values:
  mPieces[piece][rotation][x][y]
    Which is: 0
  blockType
    Which is: 1

/Users/ittehad/Documents/Coding/Python/Turing/Tester_cpp_codebench/tasks/473703/test.cpp:313: Failure
Expected equality of these values:
  mPieces[piece][rotation][x][y]
    Which is: 0
  blockType
    Which is: 1

/Users/ittehad/Documents/Coding/Python/Turing/Tester_cpp_codebench/tasks/473703/test.cpp:313: Failure
Expected equality of these values:
  mPieces[piece][rotation][x][y]
    Which is: 1
  blockType
    Which is: 0

/Users/ittehad/Documents/Coding/Python/Turing/Tester_cpp_codebench/tasks/473703/test.cpp:313: Failure
Expected equality of these values:
  mPieces[piece][rotation][x][y]
    Which is: 2
  blockType
    Which is: 1

/Users/ittehad/Documents/Coding/Python/Turing/Tester_cpp_codebench/tasks/473703/test.cpp:313: Failure
Expected equality of these values:
  mPieces[piece][rotation][x][y]
    Which is: 1
  blockType
    Which is: 0

/Users/ittehad/Documents/Coding/Python/Turing/Tester_cpp_codebench/tasks/473703/test.cpp:313: Failure
Expected equality of these values:
  mPieces[piece][rotation][x][y]
    Which is: 1
  blockType
    Which is: 0

/Users/ittehad/Documents/Coding/Python/Turing/Tester_cpp_codebench/tasks/473703/test.cpp:313: Failure
Expected equality of these values:
  mPieces[piece][rotation][x][y]
    Which is: 0
  blockType
    Which is: 1

/Users/ittehad/Documents/Coding/Python/Turing/Tester_cpp_codebench/tasks/473703/test.cpp:313: Failure
Expected equality of these values:
  mPieces[piece][rotation][x][y]
    Which is: 0
  blockType
    Which is: 1

/Users/ittehad/Documents/Coding/Python/Turing/Tester_cpp_codebench/tasks/473703/test.cpp:313: Failure
Expected equality of these values:
  mPieces[piece][rotation][x][y]
    Which is: 1
  blockType
    Which is: 0

/Users/ittehad/Documents/Coding/Python/Turing/Tester_cpp_codebench/tasks/473703/test.cpp:313: Failure
Expected equality of these values:
  mPieces[piece][rotation][x][y]
    Which is: 2
  blockType
    Which is: 1

/Users/ittehad/Documents/Coding/Python/Turing/Tester_cpp_codebench/tasks/473703/test.cpp:313: Failure
Expected equality of these values:
  mPieces[piece][rotation][x][y]
    Which is: 1
  blockType
    Which is: 0

/Users/ittehad/Documents/Coding/Python/Turing/Tester_cpp_codebench/tasks/473703/test.cpp:313: Failure
Expected equality of these values:
  mPieces[piece][rotation][x][y]
    Which is: 2
  blockType
    Which is: 1

[  FAILED  ] TestrisTest.AllRotationsBlockTypeCorrectness (1 ms)
[ RUN      ] TestrisTest.AllPiecesInitialPositionCorrectness
/Users/ittehad/Documents/Coding/Python/Turing/Tester_cpp_codebench/tasks/473703/test.cpp:350: Failure
Expected equality of these values:
  expected[piece][rotation][1]
    Which is: -2
  yPos
    Which is: -3
Y initial position mismatch for piece=1, rotation=0

/Users/ittehad/Documents/Coding/Python/Turing/Tester_cpp_codebench/tasks/473703/test.cpp:350: Failure
Expected equality of these values:
  expected[piece][rotation][1]
    Which is: -3
  yPos
    Which is: -2
Y initial position mismatch for piece=1, rotation=1

/Users/ittehad/Documents/Coding/Python/Turing/Tester_cpp_codebench/tasks/473703/test.cpp:350: Failure
Expected equality of these values:
  expected[piece][rotation][1]
    Which is: -2
  yPos
    Which is: -3
Y initial position mismatch for piece=1, rotation=2

/Users/ittehad/Documents/Coding/Python/Turing/Tester_cpp_codebench/tasks/473703/test.cpp:350: Failure
Expected equality of these values:
  expected[piece][rotation][1]
    Which is: -3
  yPos
    Which is: -2
Y initial position mismatch for piece=1, rotation=3

/Users/ittehad/Documents/Coding/Python/Turing/Tester_cpp_codebench/tasks/473703/test.cpp:350: Failure
Expected equality of these values:
  expected[piece][rotation][1]
    Which is: -3
  yPos
    Which is: -2
Y initial position mismatch for piece=2, rotation=1

/Users/ittehad/Documents/Coding/Python/Turing/Tester_cpp_codebench/tasks/473703/test.cpp:350: Failure
Expected equality of these values:
  expected[piece][rotation][1]
    Which is: -3
  yPos
    Which is: -2
Y initial position mismatch for piece=3, rotation=3

/Users/ittehad/Documents/Coding/Python/Turing/Tester_cpp_codebench/tasks/473703/test.cpp:350: Failure
Expected equality of these values:
  expected[piece][rotation][1]
    Which is: -3
  yPos
    Which is: -2
Y initial position mismatch for piece=4, rotation=0

/Users/ittehad/Documents/Coding/Python/Turing/Tester_cpp_codebench/tasks/473703/test.cpp:350: Failure
Expected equality of these values:
  expected[piece][rotation][1]
    Which is: -3
  yPos
    Which is: -2
Y initial position mismatch for piece=4, rotation=1

/Users/ittehad/Documents/Coding/Python/Turing/Tester_cpp_codebench/tasks/473703/test.cpp:350: Failure
Expected equality of these values:
  expected[piece][rotation][1]
    Which is: -3
  yPos
    Which is: -2
Y initial position mismatch for piece=4, rotation=2

/Users/ittehad/Documents/Coding/Python/Turing/Tester_cpp_codebench/tasks/473703/test.cpp:350: Failure
Expected equality of these values:
  expected[piece][rotation][1]
    Which is: -3
  yPos
    Which is: -2
Y initial position mismatch for piece=5, rotation=0

/Users/ittehad/Documents/Coding/Python/Turing/Tester_cpp_codebench/tasks/473703/test.cpp:350: Failure
Expected equality of these values:
  expected[piece][rotation][1]
    Which is: -3
  yPos
    Which is: -2
Y initial position mismatch for piece=5, rotation=1

/Users/ittehad/Documents/Coding/Python/Turing/Tester_cpp_codebench/tasks/473703/test.cpp:350: Failure
Expected equality of these values:
  expected[piece][rotation][1]
    Which is: -3
  yPos
    Which is: -2
Y initial position mismatch for piece=5, rotation=2

/Users/ittehad/Documents/Coding/Python/Turing/Tester_cpp_codebench/tasks/473703/test.cpp:350: Failure
Expected equality of these values:
  expected[piece][rotation][1]
    Which is: -3
  yPos
    Which is: -2
Y initial position mismatch for piece=6, rotation=0

/Users/ittehad/Documents/Coding/Python/Turing/Tester_cpp_codebench/tasks/473703/test.cpp:350: Failure
Expected equality of these values:
  expected[piece][rotation][1]
    Which is: -3
  yPos
    Which is: -2
Y initial position mismatch for piece=6, rotation=1

/Users/ittehad/Documents/Coding/Python/Turing/Tester_cpp_codebench/tasks/473703/test.cpp:350: Failure
Expected equality of these values:
  expected[piece][rotation][1]
    Which is: -3
  yPos
    Which is: -2
Y initial position mismatch for piece=6, rotation=2

[  FAILED  ] TestrisTest.AllPiecesInitialPositionCorrectness (0 ms)
[----------] 7 tests from TestrisTest (1 ms total)

[----------] Global test environment tear-down
[==========] 7 tests from 1 test suite ran. (1 ms total)
[  PASSED  ] 3 tests.
[  FAILED  ] 4 tests, listed below:
[  FAILED  ] TestrisTest.BlockTypeCorrectness
[  FAILED  ] TestrisTest.InitialPositionCorrectness
[  FAILED  ] TestrisTest.AllRotationsBlockTypeCorrectness
[  FAILED  ] TestrisTest.AllPiecesInitialPositionCorrectness

 4 FAILED TESTS
<end of output>
Test time =   0.01 sec
----------------------------------------------------------
Test Failed.
"incorrect_solution_tests" end time: Jan 31 22:26 +06
"incorrect_solution_tests" time elapsed: 00:00:00
----------------------------------------------------------

2/11 Testing: model1_tests
2/11 Test: model1_tests
Command: "/Users/ittehad/Documents/Coding/Python/Turing/Tester_cpp_codebench/tasks/473703/build/model1_tests"
Directory: /Users/ittehad/Documents/Coding/Python/Turing/Tester_cpp_codebench/tasks/473703/build
"model1_tests" start time: Jan 31 22:26 +06
Output:
----------------------------------------------------------
Running main() from /Users/ittehad/Documents/Coding/Python/Turing/Tester_cpp_codebench/tasks/473703/build/_deps/googletest-src/googletest/src/gtest_main.cc
[==========] Running 7 tests from 1 test suite.
[----------] Global test environment set-up.
[----------] 7 tests from TestrisTest
[ RUN      ] TestrisTest.BlockTypeCorrectness
[       OK ] TestrisTest.BlockTypeCorrectness (0 ms)
[ RUN      ] TestrisTest.InitialPositionCorrectness
[       OK ] TestrisTest.InitialPositionCorrectness (0 ms)
[ RUN      ] TestrisTest.StorePieceTest
[       OK ] TestrisTest.StorePieceTest (0 ms)
[ RUN      ] TestrisTest.PieceStorageBoundaryTest
[       OK ] TestrisTest.PieceStorageBoundaryTest (0 ms)
[ RUN      ] TestrisTest.DeleteLineTest
[       OK ] TestrisTest.DeleteLineTest (0 ms)
[ RUN      ] TestrisTest.AllRotationsBlockTypeCorrectness
/Users/ittehad/Documents/Coding/Python/Turing/Tester_cpp_codebench/tasks/473703/test.cpp:313: Failure
Expected equality of these values:
  mPieces[piece][rotation][x][y]
    Which is: 1
  blockType
    Which is: 2

/Users/ittehad/Documents/Coding/Python/Turing/Tester_cpp_codebench/tasks/473703/test.cpp:313: Failure
Expected equality of these values:
  mPieces[piece][rotation][x][y]
    Which is: 2
  blockType
    Which is: 1

[  FAILED  ] TestrisTest.AllRotationsBlockTypeCorrectness (0 ms)
[ RUN      ] TestrisTest.AllPiecesInitialPositionCorrectness
[       OK ] TestrisTest.AllPiecesInitialPositionCorrectness (0 ms)
[----------] 7 tests from TestrisTest (0 ms total)

[----------] Global test environment tear-down
[==========] 7 tests from 1 test suite ran. (0 ms total)
[  PASSED  ] 6 tests.
[  FAILED  ] 1 test, listed below:
[  FAILED  ] TestrisTest.AllRotationsBlockTypeCorrectness

 1 FAILED TEST
<end of output>
Test time =   0.00 sec
----------------------------------------------------------
Test Failed.
"model1_tests" end time: Jan 31 22:26 +06
"model1_tests" time elapsed: 00:00:00
----------------------------------------------------------

3/11 Testing: model10_tests
3/11 Test: model10_tests
Command: "/Users/ittehad/Documents/Coding/Python/Turing/Tester_cpp_codebench/tasks/473703/build/model10_tests"
Directory: /Users/ittehad/Documents/Coding/Python/Turing/Tester_cpp_codebench/tasks/473703/build
"model10_tests" start time: Jan 31 22:26 +06
Output:
----------------------------------------------------------
Running main() from /Users/ittehad/Documents/Coding/Python/Turing/Tester_cpp_codebench/tasks/473703/build/_deps/googletest-src/googletest/src/gtest_main.cc
[==========] Running 7 tests from 1 test suite.
[----------] Global test environment set-up.
[----------] 7 tests from TestrisTest
[ RUN      ] TestrisTest.BlockTypeCorrectness
/Users/ittehad/Documents/Coding/Python/Turing/Tester_cpp_codebench/tasks/473703/test.cpp:250: Failure
Expected equality of these values:
  2
  pieces.GetBlockType(1, 1, 2, 2)
    Which is: 0

[  FAILED  ] TestrisTest.BlockTypeCorrectness (0 ms)
[ RUN      ] TestrisTest.InitialPositionCorrectness
/Users/ittehad/Documents/Coding/Python/Turing/Tester_cpp_codebench/tasks/473703/test.cpp:259: Failure
Expected equality of these values:
  -3
  pieces.GetYInitialPosition(1, 3)
    Which is: -2

[  FAILED  ] TestrisTest.InitialPositionCorrectness (0 ms)
[ RUN      ] TestrisTest.StorePieceTest
[       OK ] TestrisTest.StorePieceTest (0 ms)
[ RUN      ] TestrisTest.PieceStorageBoundaryTest
[       OK ] TestrisTest.PieceStorageBoundaryTest (0 ms)
[ RUN      ] TestrisTest.DeleteLineTest
[       OK ] TestrisTest.DeleteLineTest (0 ms)
[ RUN      ] TestrisTest.AllRotationsBlockTypeCorrectness
/Users/ittehad/Documents/Coding/Python/Turing/Tester_cpp_codebench/tasks/473703/test.cpp:313: Failure
Expected equality of these values:
  mPieces[piece][rotation][x][y]
    Which is: 0
  blockType
    Which is: 1

/Users/ittehad/Documents/Coding/Python/Turing/Tester_cpp_codebench/tasks/473703/test.cpp:313: Failure
Expected equality of these values:
  mPieces[piece][rotation][x][y]
    Which is: 1
  blockType
    Which is: 0

/Users/ittehad/Documents/Coding/Python/Turing/Tester_cpp_codebench/tasks/473703/test.cpp:313: Failure
Expected equality of these values:
  mPieces[piece][rotation][x][y]
    Which is: 2
  blockType
    Which is: 1

/Users/ittehad/Documents/Coding/Python/Turing/Tester_cpp_codebench/tasks/473703/test.cpp:313: Failure
Expected equality of these values:
  mPieces[piece][rotation][x][y]
    Which is: 1
  blockType
    Which is: 0

/Users/ittehad/Documents/Coding/Python/Turing/Tester_cpp_codebench/tasks/473703/test.cpp:313: Failure
Expected equality of these values:
  mPieces[piece][rotation][x][y]
    Which is: 1
  blockType
    Which is: 0

/Users/ittehad/Documents/Coding/Python/Turing/Tester_cpp_codebench/tasks/473703/test.cpp:313: Failure
Expected equality of these values:
  mPieces[piece][rotation][x][y]
    Which is: 0
  blockType
    Which is: 1

/Users/ittehad/Documents/Coding/Python/Turing/Tester_cpp_codebench/tasks/473703/test.cpp:313: Failure
Expected equality of these values:
  mPieces[piece][rotation][x][y]
    Which is: 0
  blockType
    Which is: 1

/Users/ittehad/Documents/Coding/Python/Turing/Tester_cpp_codebench/tasks/473703/test.cpp:313: Failure
Expected equality of these values:
  mPieces[piece][rotation][x][y]
    Which is: 1
  blockType
    Which is: 0

/Users/ittehad/Documents/Coding/Python/Turing/Tester_cpp_codebench/tasks/473703/test.cpp:313: Failure
Expected equality of these values:
  mPieces[piece][rotation][x][y]
    Which is: 2
  blockType
    Which is: 0

/Users/ittehad/Documents/Coding/Python/Turing/Tester_cpp_codebench/tasks/473703/test.cpp:313: Failure
Expected equality of these values:
  mPieces[piece][rotation][x][y]
    Which is: 0
  blockType
    Which is: 1

/Users/ittehad/Documents/Coding/Python/Turing/Tester_cpp_codebench/tasks/473703/test.cpp:313: Failure
Expected equality of these values:
  mPieces[piece][rotation][x][y]
    Which is: 0
  blockType
    Which is: 1

/Users/ittehad/Documents/Coding/Python/Turing/Tester_cpp_codebench/tasks/473703/test.cpp:313: Failure
Expected equality of these values:
  mPieces[piece][rotation][x][y]
    Which is: 0
  blockType
    Which is: 1

/Users/ittehad/Documents/Coding/Python/Turing/Tester_cpp_codebench/tasks/473703/test.cpp:313: Failure
Expected equality of these values:
  mPieces[piece][rotation][x][y]
    Which is: 1
  blockType
    Which is: 0

/Users/ittehad/Documents/Coding/Python/Turing/Tester_cpp_codebench/tasks/473703/test.cpp:313: Failure
Expected equality of these values:
  mPieces[piece][rotation][x][y]
    Which is: 0
  blockType
    Which is: 1

/Users/ittehad/Documents/Coding/Python/Turing/Tester_cpp_codebench/tasks/473703/test.cpp:313: Failure
Expected equality of these values:
  mPieces[piece][rotation][x][y]
    Which is: 0
  blockType
    Which is: 1

/Users/ittehad/Documents/Coding/Python/Turing/Tester_cpp_codebench/tasks/473703/test.cpp:313: Failure
Expected equality of these values:
  mPieces[piece][rotation][x][y]
    Which is: 1
  blockType
    Which is: 0

/Users/ittehad/Documents/Coding/Python/Turing/Tester_cpp_codebench/tasks/473703/test.cpp:313: Failure
Expected equality of these values:
  mPieces[piece][rotation][x][y]
    Which is: 1
  blockType
    Which is: 0

/Users/ittehad/Documents/Coding/Python/Turing/Tester_cpp_codebench/tasks/473703/test.cpp:313: Failure
Expected equality of these values:
  mPieces[piece][rotation][x][y]
    Which is: 2
  blockType
    Which is: 1

/Users/ittehad/Documents/Coding/Python/Turing/Tester_cpp_codebench/tasks/473703/test.cpp:313: Failure
Expected equality of these values:
  mPieces[piece][rotation][x][y]
    Which is: 1
  blockType
    Which is: 0

/Users/ittehad/Documents/Coding/Python/Turing/Tester_cpp_codebench/tasks/473703/test.cpp:313: Failure
Expected equality of these values:
  mPieces[piece][rotation][x][y]
    Which is: 0
  blockType
    Which is: 1

/Users/ittehad/Documents/Coding/Python/Turing/Tester_cpp_codebench/tasks/473703/test.cpp:313: Failure
Expected equality of these values:
  mPieces[piece][rotation][x][y]
    Which is: 1
  blockType
    Which is: 0

/Users/ittehad/Documents/Coding/Python/Turing/Tester_cpp_codebench/tasks/473703/test.cpp:313: Failure
Expected equality of these values:
  mPieces[piece][rotation][x][y]
    Which is: 0
  blockType
    Which is: 1

/Users/ittehad/Documents/Coding/Python/Turing/Tester_cpp_codebench/tasks/473703/test.cpp:313: Failure
Expected equality of these values:
  mPieces[piece][rotation][x][y]
    Which is: 0
  blockType
    Which is: 1

/Users/ittehad/Documents/Coding/Python/Turing/Tester_cpp_codebench/tasks/473703/test.cpp:313: Failure
Expected equality of these values:
  mPieces[piece][rotation][x][y]
    Which is: 0
  blockType
    Which is: 1

/Users/ittehad/Documents/Coding/Python/Turing/Tester_cpp_codebench/tasks/473703/test.cpp:313: Failure
Expected equality of these values:
  mPieces[piece][rotation][x][y]
    Which is: 2
  blockType
    Which is: 0

/Users/ittehad/Documents/Coding/Python/Turing/Tester_cpp_codebench/tasks/473703/test.cpp:313: Failure
Expected equality of these values:
  mPieces[piece][rotation][x][y]
    Which is: 1
  blockType
    Which is: 0

/Users/ittehad/Documents/Coding/Python/Turing/Tester_cpp_codebench/tasks/473703/test.cpp:313: Failure
Expected equality of these values:
  mPieces[piece][rotation][x][y]
    Which is: 1
  blockType
    Which is: 0

/Users/ittehad/Documents/Coding/Python/Turing/Tester_cpp_codebench/tasks/473703/test.cpp:313: Failure
Expected equality of these values:
  mPieces[piece][rotation][x][y]
    Which is: 0
  blockType
    Which is: 1

/Users/ittehad/Documents/Coding/Python/Turing/Tester_cpp_codebench/tasks/473703/test.cpp:313: Failure
Expected equality of these values:
  mPieces[piece][rotation][x][y]
    Which is: 2
  blockType
    Which is: 1

/Users/ittehad/Documents/Coding/Python/Turing/Tester_cpp_codebench/tasks/473703/test.cpp:313: Failure
Expected equality of these values:
  mPieces[piece][rotation][x][y]
    Which is: 0
  blockType
    Which is: 1

/Users/ittehad/Documents/Coding/Python/Turing/Tester_cpp_codebench/tasks/473703/test.cpp:313: Failure
Expected equality of these values:
  mPieces[piece][rotation][x][y]
    Which is: 1
  blockType
    Which is: 0

/Users/ittehad/Documents/Coding/Python/Turing/Tester_cpp_codebench/tasks/473703/test.cpp:313: Failure
Expected equality of these values:
  mPieces[piece][rotation][x][y]
    Which is: 0
  blockType
    Which is: 1

/Users/ittehad/Documents/Coding/Python/Turing/Tester_cpp_codebench/tasks/473703/test.cpp:313: Failure
Expected equality of these values:
  mPieces[piece][rotation][x][y]
    Which is: 0
  blockType
    Which is: 1

/Users/ittehad/Documents/Coding/Python/Turing/Tester_cpp_codebench/tasks/473703/test.cpp:313: Failure
Expected equality of these values:
  mPieces[piece][rotation][x][y]
    Which is: 1
  blockType
    Which is: 0

/Users/ittehad/Documents/Coding/Python/Turing/Tester_cpp_codebench/tasks/473703/test.cpp:313: Failure
Expected equality of these values:
  mPieces[piece][rotation][x][y]
    Which is: 2
  blockType
    Which is: 1

/Users/ittehad/Documents/Coding/Python/Turing/Tester_cpp_codebench/tasks/473703/test.cpp:313: Failure
Expected equality of these values:
  mPieces[piece][rotation][x][y]
    Which is: 1
  blockType
    Which is: 0

/Users/ittehad/Documents/Coding/Python/Turing/Tester_cpp_codebench/tasks/473703/test.cpp:313: Failure
Expected equality of these values:
  mPieces[piece][rotation][x][y]
    Which is: 1
  blockType
    Which is: 0

/Users/ittehad/Documents/Coding/Python/Turing/Tester_cpp_codebench/tasks/473703/test.cpp:313: Failure
Expected equality of these values:
  mPieces[piece][rotation][x][y]
    Which is: 0
  blockType
    Which is: 1

/Users/ittehad/Documents/Coding/Python/Turing/Tester_cpp_codebench/tasks/473703/test.cpp:313: Failure
Expected equality of these values:
  mPieces[piece][rotation][x][y]
    Which is: 1
  blockType
    Which is: 0

/Users/ittehad/Documents/Coding/Python/Turing/Tester_cpp_codebench/tasks/473703/test.cpp:313: Failure
Expected equality of these values:
  mPieces[piece][rotation][x][y]
    Which is: 0
  blockType
    Which is: 1

/Users/ittehad/Documents/Coding/Python/Turing/Tester_cpp_codebench/tasks/473703/test.cpp:313: Failure
Expected equality of these values:
  mPieces[piece][rotation][x][y]
    Which is: 2
  blockType
    Which is: 1

/Users/ittehad/Documents/Coding/Python/Turing/Tester_cpp_codebench/tasks/473703/test.cpp:313: Failure
Expected equality of these values:
  mPieces[piece][rotation][x][y]
    Which is: 0
  blockType
    Which is: 1

/Users/ittehad/Documents/Coding/Python/Turing/Tester_cpp_codebench/tasks/473703/test.cpp:313: Failure
Expected equality of these values:
  mPieces[piece][rotation][x][y]
    Which is: 1
  blockType
    Which is: 0

/Users/ittehad/Documents/Coding/Python/Turing/Tester_cpp_codebench/tasks/473703/test.cpp:313: Failure
Expected equality of these values:
  mPieces[piece][rotation][x][y]
    Which is: 0
  blockType
    Which is: 1

/Users/ittehad/Documents/Coding/Python/Turing/Tester_cpp_codebench/tasks/473703/test.cpp:313: Failure
Expected equality of these values:
  mPieces[piece][rotation][x][y]
    Which is: 1
  blockType
    Which is: 0

/Users/ittehad/Documents/Coding/Python/Turing/Tester_cpp_codebench/tasks/473703/test.cpp:313: Failure
Expected equality of these values:
  mPieces[piece][rotation][x][y]
    Which is: 1
  blockType
    Which is: 0

/Users/ittehad/Documents/Coding/Python/Turing/Tester_cpp_codebench/tasks/473703/test.cpp:313: Failure
Expected equality of these values:
  mPieces[piece][rotation][x][y]
    Which is: 2
  blockType
    Which is: 1

/Users/ittehad/Documents/Coding/Python/Turing/Tester_cpp_codebench/tasks/473703/test.cpp:313: Failure
Expected equality of these values:
  mPieces[piece][rotation][x][y]
    Which is: 1
  blockType
    Which is: 0

/Users/ittehad/Documents/Coding/Python/Turing/Tester_cpp_codebench/tasks/473703/test.cpp:313: Failure
Expected equality of these values:
  mPieces[piece][rotation][x][y]
    Which is: 0
  blockType
    Which is: 1

/Users/ittehad/Documents/Coding/Python/Turing/Tester_cpp_codebench/tasks/473703/test.cpp:313: Failure
Expected equality of these values:
  mPieces[piece][rotation][x][y]
    Which is: 0
  blockType
    Which is: 1

/Users/ittehad/Documents/Coding/Python/Turing/Tester_cpp_codebench/tasks/473703/test.cpp:313: Failure
Expected equality of these values:
  mPieces[piece][rotation][x][y]
    Which is: 1
  blockType
    Which is: 0

/Users/ittehad/Documents/Coding/Python/Turing/Tester_cpp_codebench/tasks/473703/test.cpp:313: Failure
Expected equality of these values:
  mPieces[piece][rotation][x][y]
    Which is: 0
  blockType
    Which is: 1

/Users/ittehad/Documents/Coding/Python/Turing/Tester_cpp_codebench/tasks/473703/test.cpp:313: Failure
Expected equality of these values:
  mPieces[piece][rotation][x][y]
    Which is: 2
  blockType
    Which is: 0

/Users/ittehad/Documents/Coding/Python/Turing/Tester_cpp_codebench/tasks/473703/test.cpp:313: Failure
Expected equality of these values:
  mPieces[piece][rotation][x][y]
    Which is: 0
  blockType
    Which is: 1

/Users/ittehad/Documents/Coding/Python/Turing/Tester_cpp_codebench/tasks/473703/test.cpp:313: Failure
Expected equality of these values:
  mPieces[piece][rotation][x][y]
    Which is: 0
  blockType
    Which is: 1

/Users/ittehad/Documents/Coding/Python/Turing/Tester_cpp_codebench/tasks/473703/test.cpp:313: Failure
Expected equality of these values:
  mPieces[piece][rotation][x][y]
    Which is: 1
  blockType
    Which is: 0

/Users/ittehad/Documents/Coding/Python/Turing/Tester_cpp_codebench/tasks/473703/test.cpp:313: Failure
Expected equality of these values:
  mPieces[piece][rotation][x][y]
    Which is: 0
  blockType
    Which is: 1

/Users/ittehad/Documents/Coding/Python/Turing/Tester_cpp_codebench/tasks/473703/test.cpp:313: Failure
Expected equality of these values:
  mPieces[piece][rotation][x][y]
    Which is: 0
  blockType
    Which is: 1

/Users/ittehad/Documents/Coding/Python/Turing/Tester_cpp_codebench/tasks/473703/test.cpp:313: Failure
Expected equality of these values:
  mPieces[piece][rotation][x][y]
    Which is: 1
  blockType
    Which is: 0

/Users/ittehad/Documents/Coding/Python/Turing/Tester_cpp_codebench/tasks/473703/test.cpp:313: Failure
Expected equality of these values:
  mPieces[piece][rotation][x][y]
    Which is: 2
  blockType
    Which is: 0

/Users/ittehad/Documents/Coding/Python/Turing/Tester_cpp_codebench/tasks/473703/test.cpp:313: Failure
Expected equality of these values:
  mPieces[piece][rotation][x][y]
    Which is: 0
  blockType
    Which is: 1

/Users/ittehad/Documents/Coding/Python/Turing/Tester_cpp_codebench/tasks/473703/test.cpp:313: Failure
Expected equality of these values:
  mPieces[piece][rotation][x][y]
    Which is: 1
  blockType
    Which is: 0

/Users/ittehad/Documents/Coding/Python/Turing/Tester_cpp_codebench/tasks/473703/test.cpp:313: Failure
Expected equality of these values:
  mPieces[piece][rotation][x][y]
    Which is: 1
  blockType
    Which is: 0

/Users/ittehad/Documents/Coding/Python/Turing/Tester_cpp_codebench/tasks/473703/test.cpp:313: Failure
Expected equality of these values:
  mPieces[piece][rotation][x][y]
    Which is: 0
  blockType
    Which is: 1

/Users/ittehad/Documents/Coding/Python/Turing/Tester_cpp_codebench/tasks/473703/test.cpp:313: Failure
Expected equality of these values:
  mPieces[piece][rotation][x][y]
    Which is: 2
  blockType
    Which is: 1

/Users/ittehad/Documents/Coding/Python/Turing/Tester_cpp_codebench/tasks/473703/test.cpp:313: Failure
Expected equality of these values:
  mPieces[piece][rotation][x][y]
    Which is: 0
  blockType
    Which is: 1

/Users/ittehad/Documents/Coding/Python/Turing/Tester_cpp_codebench/tasks/473703/test.cpp:313: Failure
Expected equality of these values:
  mPieces[piece][rotation][x][y]
    Which is: 0
  blockType
    Which is: 1

/Users/ittehad/Documents/Coding/Python/Turing/Tester_cpp_codebench/tasks/473703/test.cpp:313: Failure
Expected equality of these values:
  mPieces[piece][rotation][x][y]
    Which is: 1
  blockType
    Which is: 0

/Users/ittehad/Documents/Coding/Python/Turing/Tester_cpp_codebench/tasks/473703/test.cpp:313: Failure
Expected equality of these values:
  mPieces[piece][rotation][x][y]
    Which is: 0
  blockType
    Which is: 1

/Users/ittehad/Documents/Coding/Python/Turing/Tester_cpp_codebench/tasks/473703/test.cpp:313: Failure
Expected equality of these values:
  mPieces[piece][rotation][x][y]
    Which is: 0
  blockType
    Which is: 1

/Users/ittehad/Documents/Coding/Python/Turing/Tester_cpp_codebench/tasks/473703/test.cpp:313: Failure
Expected equality of these values:
  mPieces[piece][rotation][x][y]
    Which is: 1
  blockType
    Which is: 0

/Users/ittehad/Documents/Coding/Python/Turing/Tester_cpp_codebench/tasks/473703/test.cpp:313: Failure
Expected equality of these values:
  mPieces[piece][rotation][x][y]
    Which is: 2
  blockType
    Which is: 1

/Users/ittehad/Documents/Coding/Python/Turing/Tester_cpp_codebench/tasks/473703/test.cpp:313: Failure
Expected equality of these values:
  mPieces[piece][rotation][x][y]
    Which is: 1
  blockType
    Which is: 0

/Users/ittehad/Documents/Coding/Python/Turing/Tester_cpp_codebench/tasks/473703/test.cpp:313: Failure
Expected equality of these values:
  mPieces[piece][rotation][x][y]
    Which is: 0
  blockType
    Which is: 1

/Users/ittehad/Documents/Coding/Python/Turing/Tester_cpp_codebench/tasks/473703/test.cpp:313: Failure
Expected equality of these values:
  mPieces[piece][rotation][x][y]
    Which is: 1
  blockType
    Which is: 0

/Users/ittehad/Documents/Coding/Python/Turing/Tester_cpp_codebench/tasks/473703/test.cpp:313: Failure
Expected equality of these values:
  mPieces[piece][rotation][x][y]
    Which is: 0
  blockType
    Which is: 1

/Users/ittehad/Documents/Coding/Python/Turing/Tester_cpp_codebench/tasks/473703/test.cpp:313: Failure
Expected equality of these values:
  mPieces[piece][rotation][x][y]
    Which is: 1
  blockType
    Which is: 0

/Users/ittehad/Documents/Coding/Python/Turing/Tester_cpp_codebench/tasks/473703/test.cpp:313: Failure
Expected equality of these values:
  mPieces[piece][rotation][x][y]
    Which is: 0
  blockType
    Which is: 1

/Users/ittehad/Documents/Coding/Python/Turing/Tester_cpp_codebench/tasks/473703/test.cpp:313: Failure
Expected equality of these values:
  mPieces[piece][rotation][x][y]
    Which is: 2
  blockType
    Which is: 1

/Users/ittehad/Documents/Coding/Python/Turing/Tester_cpp_codebench/tasks/473703/test.cpp:313: Failure
Expected equality of these values:
  mPieces[piece][rotation][x][y]
    Which is: 1
  blockType
    Which is: 0

/Users/ittehad/Documents/Coding/Python/Turing/Tester_cpp_codebench/tasks/473703/test.cpp:313: Failure
Expected equality of these values:
  mPieces[piece][rotation][x][y]
    Which is: 0
  blockType
    Which is: 1

/Users/ittehad/Documents/Coding/Python/Turing/Tester_cpp_codebench/tasks/473703/test.cpp:313: Failure
Expected equality of these values:
  mPieces[piece][rotation][x][y]
    Which is: 1
  blockType
    Which is: 0

/Users/ittehad/Documents/Coding/Python/Turing/Tester_cpp_codebench/tasks/473703/test.cpp:313: Failure
Expected equality of these values:
  mPieces[piece][rotation][x][y]
    Which is: 0
  blockType
    Which is: 1

/Users/ittehad/Documents/Coding/Python/Turing/Tester_cpp_codebench/tasks/473703/test.cpp:313: Failure
Expected equality of these values:
  mPieces[piece][rotation][x][y]
    Which is: 0
  blockType
    Which is: 1

/Users/ittehad/Documents/Coding/Python/Turing/Tester_cpp_codebench/tasks/473703/test.cpp:313: Failure
Expected equality of these values:
  mPieces[piece][rotation][x][y]
    Which is: 1
  blockType
    Which is: 0

/Users/ittehad/Documents/Coding/Python/Turing/Tester_cpp_codebench/tasks/473703/test.cpp:313: Failure
Expected equality of these values:
  mPieces[piece][rotation][x][y]
    Which is: 2
  blockType
    Which is: 1

/Users/ittehad/Documents/Coding/Python/Turing/Tester_cpp_codebench/tasks/473703/test.cpp:313: Failure
Expected equality of these values:
  mPieces[piece][rotation][x][y]
    Which is: 0
  blockType
    Which is: 1

/Users/ittehad/Documents/Coding/Python/Turing/Tester_cpp_codebench/tasks/473703/test.cpp:313: Failure
Expected equality of these values:
  mPieces[piece][rotation][x][y]
    Which is: 1
  blockType
    Which is: 0

/Users/ittehad/Documents/Coding/Python/Turing/Tester_cpp_codebench/tasks/473703/test.cpp:313: Failure
Expected equality of these values:
  mPieces[piece][rotation][x][y]
    Which is: 1
  blockType
    Which is: 0

/Users/ittehad/Documents/Coding/Python/Turing/Tester_cpp_codebench/tasks/473703/test.cpp:313: Failure
Expected equality of these values:
  mPieces[piece][rotation][x][y]
    Which is: 2
  blockType
    Which is: 1

/Users/ittehad/Documents/Coding/Python/Turing/Tester_cpp_codebench/tasks/473703/test.cpp:313: Failure
Expected equality of these values:
  mPieces[piece][rotation][x][y]
    Which is: 2
  blockType
    Which is: 1

/Users/ittehad/Documents/Coding/Python/Turing/Tester_cpp_codebench/tasks/473703/test.cpp:313: Failure
Expected equality of these values:
  mPieces[piece][rotation][x][y]
    Which is: 0
  blockType
    Which is: 1

/Users/ittehad/Documents/Coding/Python/Turing/Tester_cpp_codebench/tasks/473703/test.cpp:313: Failure
Expected equality of these values:
  mPieces[piece][rotation][x][y]
    Which is: 1
  blockType
    Which is: 0

/Users/ittehad/Documents/Coding/Python/Turing/Tester_cpp_codebench/tasks/473703/test.cpp:313: Failure
Expected equality of these values:
  mPieces[piece][rotation][x][y]
    Which is: 0
  blockType
    Which is: 1

/Users/ittehad/Documents/Coding/Python/Turing/Tester_cpp_codebench/tasks/473703/test.cpp:313: Failure
Expected equality of these values:
  mPieces[piece][rotation][x][y]
    Which is: 2
  blockType
    Which is: 1

/Users/ittehad/Documents/Coding/Python/Turing/Tester_cpp_codebench/tasks/473703/test.cpp:313: Failure
Expected equality of these values:
  mPieces[piece][rotation][x][y]
    Which is: 1
  blockType
    Which is: 0

/Users/ittehad/Documents/Coding/Python/Turing/Tester_cpp_codebench/tasks/473703/test.cpp:313: Failure
Expected equality of these values:
  mPieces[piece][rotation][x][y]
    Which is: 0
  blockType
    Which is: 1

/Users/ittehad/Documents/Coding/Python/Turing/Tester_cpp_codebench/tasks/473703/test.cpp:313: Failure
Expected equality of these values:
  mPieces[piece][rotation][x][y]
    Which is: 1
  blockType
    Which is: 0

/Users/ittehad/Documents/Coding/Python/Turing/Tester_cpp_codebench/tasks/473703/test.cpp:313: Failure
Expected equality of these values:
  mPieces[piece][rotation][x][y]
    Which is: 0
  blockType
    Which is: 1

/Users/ittehad/Documents/Coding/Python/Turing/Tester_cpp_codebench/tasks/473703/test.cpp:313: Failure
Expected equality of these values:
  mPieces[piece][rotation][x][y]
    Which is: 0
  blockType
    Which is: 1

/Users/ittehad/Documents/Coding/Python/Turing/Tester_cpp_codebench/tasks/473703/test.cpp:313: Failure
Expected equality of these values:
  mPieces[piece][rotation][x][y]
    Which is: 0
  blockType
    Which is: 1

/Users/ittehad/Documents/Coding/Python/Turing/Tester_cpp_codebench/tasks/473703/test.cpp:313: Failure
Expected equality of these values:
  mPieces[piece][rotation][x][y]
    Which is: 2
  blockType
    Which is: 1

/Users/ittehad/Documents/Coding/Python/Turing/Tester_cpp_codebench/tasks/473703/test.cpp:313: Failure
Expected equality of these values:
  mPieces[piece][rotation][x][y]
    Which is: 1
  blockType
    Which is: 0

/Users/ittehad/Documents/Coding/Python/Turing/Tester_cpp_codebench/tasks/473703/test.cpp:313: Failure
Expected equality of these values:
  mPieces[piece][rotation][x][y]
    Which is: 1
  blockType
    Which is: 0

/Users/ittehad/Documents/Coding/Python/Turing/Tester_cpp_codebench/tasks/473703/test.cpp:313: Failure
Expected equality of these values:
  mPieces[piece][rotation][x][y]
    Which is: 1
  blockType
    Which is: 0

/Users/ittehad/Documents/Coding/Python/Turing/Tester_cpp_codebench/tasks/473703/test.cpp:313: Failure
Expected equality of these values:
  mPieces[piece][rotation][x][y]
    Which is: 2
  blockType
    Which is: 1

/Users/ittehad/Documents/Coding/Python/Turing/Tester_cpp_codebench/tasks/473703/test.cpp:313: Failure
Expected equality of these values:
  mPieces[piece][rotation][x][y]
    Which is: 2
  blockType
    Which is: 1

/Users/ittehad/Documents/Coding/Python/Turing/Tester_cpp_codebench/tasks/473703/test.cpp:313: Failure
Expected equality of these values:
  mPieces[piece][rotation][x][y]
    Which is: 0
  blockType
    Which is: 1

/Users/ittehad/Documents/Coding/Python/Turing/Tester_cpp_codebench/tasks/473703/test.cpp:313: Failure
Expected equality of these values:
  mPieces[piece][rotation][x][y]
    Which is: 2
  blockType
    Which is: 1

/Users/ittehad/Documents/Coding/Python/Turing/Tester_cpp_codebench/tasks/473703/test.cpp:313: Failure
Expected equality of these values:
  mPieces[piece][rotation][x][y]
    Which is: 1
  blockType
    Which is: 0

/Users/ittehad/Documents/Coding/Python/Turing/Tester_cpp_codebench/tasks/473703/test.cpp:313: Failure
Expected equality of these values:
  mPieces[piece][rotation][x][y]
    Which is: 0
  blockType
    Which is: 1

/Users/ittehad/Documents/Coding/Python/Turing/Tester_cpp_codebench/tasks/473703/test.cpp:313: Failure
Expected equality of these values:
  mPieces[piece][rotation][x][y]
    Which is: 0
  blockType
    Which is: 1

/Users/ittehad/Documents/Coding/Python/Turing/Tester_cpp_codebench/tasks/473703/test.cpp:313: Failure
Expected equality of these values:
  mPieces[piece][rotation][x][y]
    Which is: 0
  blockType
    Which is: 1

/Users/ittehad/Documents/Coding/Python/Turing/Tester_cpp_codebench/tasks/473703/test.cpp:313: Failure
Expected equality of these values:
  mPieces[piece][rotation][x][y]
    Which is: 1
  blockType
    Which is: 0

/Users/ittehad/Documents/Coding/Python/Turing/Tester_cpp_codebench/tasks/473703/test.cpp:313: Failure
Expected equality of these values:
  mPieces[piece][rotation][x][y]
    Which is: 2
  blockType
    Which is: 1

/Users/ittehad/Documents/Coding/Python/Turing/Tester_cpp_codebench/tasks/473703/test.cpp:313: Failure
Expected equality of these values:
  mPieces[piece][rotation][x][y]
    Which is: 1
  blockType
    Which is: 0

/Users/ittehad/Documents/Coding/Python/Turing/Tester_cpp_codebench/tasks/473703/test.cpp:313: Failure
Expected equality of these values:
  mPieces[piece][rotation][x][y]
    Which is: 1
  blockType
    Which is: 0

/Users/ittehad/Documents/Coding/Python/Turing/Tester_cpp_codebench/tasks/473703/test.cpp:313: Failure
Expected equality of these values:
  mPieces[piece][rotation][x][y]
    Which is: 0
  blockType
    Which is: 1

/Users/ittehad/Documents/Coding/Python/Turing/Tester_cpp_codebench/tasks/473703/test.cpp:313: Failure
Expected equality of these values:
  mPieces[piece][rotation][x][y]
    Which is: 0
  blockType
    Which is: 1

/Users/ittehad/Documents/Coding/Python/Turing/Tester_cpp_codebench/tasks/473703/test.cpp:313: Failure
Expected equality of these values:
  mPieces[piece][rotation][x][y]
    Which is: 1
  blockType
    Which is: 0

/Users/ittehad/Documents/Coding/Python/Turing/Tester_cpp_codebench/tasks/473703/test.cpp:313: Failure
Expected equality of these values:
  mPieces[piece][rotation][x][y]
    Which is: 2
  blockType
    Which is: 1

/Users/ittehad/Documents/Coding/Python/Turing/Tester_cpp_codebench/tasks/473703/test.cpp:313: Failure
Expected equality of these values:
  mPieces[piece][rotation][x][y]
    Which is: 1
  blockType
    Which is: 0

/Users/ittehad/Documents/Coding/Python/Turing/Tester_cpp_codebench/tasks/473703/test.cpp:313: Failure
Expected equality of these values:
  mPieces[piece][rotation][x][y]
    Which is: 2
  blockType
    Which is: 1

[  FAILED  ] TestrisTest.AllRotationsBlockTypeCorrectness (1 ms)
[ RUN      ] TestrisTest.AllPiecesInitialPositionCorrectness
/Users/ittehad/Documents/Coding/Python/Turing/Tester_cpp_codebench/tasks/473703/test.cpp:350: Failure
Expected equality of these values:
  expected[piece][rotation][1]
    Which is: -2
  yPos
    Which is: -3
Y initial position mismatch for piece=1, rotation=0

/Users/ittehad/Documents/Coding/Python/Turing/Tester_cpp_codebench/tasks/473703/test.cpp:350: Failure
Expected equality of these values:
  expected[piece][rotation][1]
    Which is: -3
  yPos
    Which is: -2
Y initial position mismatch for piece=1, rotation=1

/Users/ittehad/Documents/Coding/Python/Turing/Tester_cpp_codebench/tasks/473703/test.cpp:350: Failure
Expected equality of these values:
  expected[piece][rotation][1]
    Which is: -2
  yPos
    Which is: -3
Y initial position mismatch for piece=1, rotation=2

/Users/ittehad/Documents/Coding/Python/Turing/Tester_cpp_codebench/tasks/473703/test.cpp:350: Failure
Expected equality of these values:
  expected[piece][rotation][1]
    Which is: -3
  yPos
    Which is: -2
Y initial position mismatch for piece=1, rotation=3

/Users/ittehad/Documents/Coding/Python/Turing/Tester_cpp_codebench/tasks/473703/test.cpp:350: Failure
Expected equality of these values:
  expected[piece][rotation][1]
    Which is: -3
  yPos
    Which is: -2
Y initial position mismatch for piece=2, rotation=1

/Users/ittehad/Documents/Coding/Python/Turing/Tester_cpp_codebench/tasks/473703/test.cpp:350: Failure
Expected equality of these values:
  expected[piece][rotation][1]
    Which is: -3
  yPos
    Which is: -2
Y initial position mismatch for piece=3, rotation=3

/Users/ittehad/Documents/Coding/Python/Turing/Tester_cpp_codebench/tasks/473703/test.cpp:350: Failure
Expected equality of these values:
  expected[piece][rotation][1]
    Which is: -3
  yPos
    Which is: -2
Y initial position mismatch for piece=4, rotation=0

/Users/ittehad/Documents/Coding/Python/Turing/Tester_cpp_codebench/tasks/473703/test.cpp:350: Failure
Expected equality of these values:
  expected[piece][rotation][1]
    Which is: -3
  yPos
    Which is: -2
Y initial position mismatch for piece=4, rotation=1

/Users/ittehad/Documents/Coding/Python/Turing/Tester_cpp_codebench/tasks/473703/test.cpp:350: Failure
Expected equality of these values:
  expected[piece][rotation][1]
    Which is: -3
  yPos
    Which is: -2
Y initial position mismatch for piece=4, rotation=2

/Users/ittehad/Documents/Coding/Python/Turing/Tester_cpp_codebench/tasks/473703/test.cpp:350: Failure
Expected equality of these values:
  expected[piece][rotation][1]
    Which is: -3
  yPos
    Which is: -2
Y initial position mismatch for piece=5, rotation=0

/Users/ittehad/Documents/Coding/Python/Turing/Tester_cpp_codebench/tasks/473703/test.cpp:350: Failure
Expected equality of these values:
  expected[piece][rotation][1]
    Which is: -3
  yPos
    Which is: -2
Y initial position mismatch for piece=5, rotation=1

/Users/ittehad/Documents/Coding/Python/Turing/Tester_cpp_codebench/tasks/473703/test.cpp:350: Failure
Expected equality of these values:
  expected[piece][rotation][1]
    Which is: -3
  yPos
    Which is: -2
Y initial position mismatch for piece=5, rotation=2

/Users/ittehad/Documents/Coding/Python/Turing/Tester_cpp_codebench/tasks/473703/test.cpp:350: Failure
Expected equality of these values:
  expected[piece][rotation][1]
    Which is: -3
  yPos
    Which is: -2
Y initial position mismatch for piece=6, rotation=0

/Users/ittehad/Documents/Coding/Python/Turing/Tester_cpp_codebench/tasks/473703/test.cpp:350: Failure
Expected equality of these values:
  expected[piece][rotation][1]
    Which is: -3
  yPos
    Which is: -2
Y initial position mismatch for piece=6, rotation=1

/Users/ittehad/Documents/Coding/Python/Turing/Tester_cpp_codebench/tasks/473703/test.cpp:350: Failure
Expected equality of these values:
  expected[piece][rotation][1]
    Which is: -3
  yPos
    Which is: -2
Y initial position mismatch for piece=6, rotation=2

[  FAILED  ] TestrisTest.AllPiecesInitialPositionCorrectness (0 ms)
[----------] 7 tests from TestrisTest (1 ms total)

[----------] Global test environment tear-down
[==========] 7 tests from 1 test suite ran. (1 ms total)
[  PASSED  ] 3 tests.
[  FAILED  ] 4 tests, listed below:
[  FAILED  ] TestrisTest.BlockTypeCorrectness
[  FAILED  ] TestrisTest.InitialPositionCorrectness
[  FAILED  ] TestrisTest.AllRotationsBlockTypeCorrectness
[  FAILED  ] TestrisTest.AllPiecesInitialPositionCorrectness

 4 FAILED TESTS
<end of output>
Test time =   0.01 sec
----------------------------------------------------------
Test Failed.
"model10_tests" end time: Jan 31 22:26 +06
"model10_tests" time elapsed: 00:00:00
----------------------------------------------------------

4/11 Testing: model2_tests
4/11 Test: model2_tests
Command: "/Users/ittehad/Documents/Coding/Python/Turing/Tester_cpp_codebench/tasks/473703/build/model2_tests"
Directory: /Users/ittehad/Documents/Coding/Python/Turing/Tester_cpp_codebench/tasks/473703/build
"model2_tests" start time: Jan 31 22:26 +06
Output:
----------------------------------------------------------
Running main() from /Users/ittehad/Documents/Coding/Python/Turing/Tester_cpp_codebench/tasks/473703/build/_deps/googletest-src/googletest/src/gtest_main.cc
[==========] Running 7 tests from 1 test suite.
[----------] Global test environment set-up.
[----------] 7 tests from TestrisTest
[ RUN      ] TestrisTest.BlockTypeCorrectness
[       OK ] TestrisTest.BlockTypeCorrectness (0 ms)
[ RUN      ] TestrisTest.InitialPositionCorrectness
[       OK ] TestrisTest.InitialPositionCorrectness (0 ms)
[ RUN      ] TestrisTest.StorePieceTest
[       OK ] TestrisTest.StorePieceTest (0 ms)
[ RUN      ] TestrisTest.PieceStorageBoundaryTest
[       OK ] TestrisTest.PieceStorageBoundaryTest (0 ms)
[ RUN      ] TestrisTest.DeleteLineTest
[       OK ] TestrisTest.DeleteLineTest (0 ms)
[ RUN      ] TestrisTest.AllRotationsBlockTypeCorrectness
[       OK ] TestrisTest.AllRotationsBlockTypeCorrectness (0 ms)
[ RUN      ] TestrisTest.AllPiecesInitialPositionCorrectness
[       OK ] TestrisTest.AllPiecesInitialPositionCorrectness (0 ms)
[----------] 7 tests from TestrisTest (0 ms total)

[----------] Global test environment tear-down
[==========] 7 tests from 1 test suite ran. (0 ms total)
[  PASSED  ] 7 tests.
<end of output>
Test time =   0.00 sec
----------------------------------------------------------
Test Passed.
"model2_tests" end time: Jan 31 22:26 +06
"model2_tests" time elapsed: 00:00:00
----------------------------------------------------------

5/11 Testing: model3_tests
5/11 Test: model3_tests
Command: "/Users/ittehad/Documents/Coding/Python/Turing/Tester_cpp_codebench/tasks/473703/build/model3_tests"
Directory: /Users/ittehad/Documents/Coding/Python/Turing/Tester_cpp_codebench/tasks/473703/build
"model3_tests" start time: Jan 31 22:26 +06
Output:
----------------------------------------------------------
Running main() from /Users/ittehad/Documents/Coding/Python/Turing/Tester_cpp_codebench/tasks/473703/build/_deps/googletest-src/googletest/src/gtest_main.cc
[==========] Running 7 tests from 1 test suite.
[----------] Global test environment set-up.
[----------] 7 tests from TestrisTest
[ RUN      ] TestrisTest.BlockTypeCorrectness
[       OK ] TestrisTest.BlockTypeCorrectness (0 ms)
[ RUN      ] TestrisTest.InitialPositionCorrectness
[       OK ] TestrisTest.InitialPositionCorrectness (0 ms)
[ RUN      ] TestrisTest.StorePieceTest
[       OK ] TestrisTest.StorePieceTest (0 ms)
[ RUN      ] TestrisTest.PieceStorageBoundaryTest
[       OK ] TestrisTest.PieceStorageBoundaryTest (0 ms)
[ RUN      ] TestrisTest.DeleteLineTest
[       OK ] TestrisTest.DeleteLineTest (0 ms)
[ RUN      ] TestrisTest.AllRotationsBlockTypeCorrectness
/Users/ittehad/Documents/Coding/Python/Turing/Tester_cpp_codebench/tasks/473703/test.cpp:313: Failure
Expected equality of these values:
  mPieces[piece][rotation][x][y]
    Which is: 1
  blockType
    Which is: 2

/Users/ittehad/Documents/Coding/Python/Turing/Tester_cpp_codebench/tasks/473703/test.cpp:313: Failure
Expected equality of these values:
  mPieces[piece][rotation][x][y]
    Which is: 2
  blockType
    Which is: 1

[  FAILED  ] TestrisTest.AllRotationsBlockTypeCorrectness (0 ms)
[ RUN      ] TestrisTest.AllPiecesInitialPositionCorrectness
[       OK ] TestrisTest.AllPiecesInitialPositionCorrectness (0 ms)
[----------] 7 tests from TestrisTest (0 ms total)

[----------] Global test environment tear-down
[==========] 7 tests from 1 test suite ran. (0 ms total)
[  PASSED  ] 6 tests.
[  FAILED  ] 1 test, listed below:
[  FAILED  ] TestrisTest.AllRotationsBlockTypeCorrectness

 1 FAILED TEST
<end of output>
Test time =   0.00 sec
----------------------------------------------------------
Test Failed.
"model3_tests" end time: Jan 31 22:26 +06
"model3_tests" time elapsed: 00:00:00
----------------------------------------------------------

6/11 Testing: model4_tests
6/11 Test: model4_tests
Command: "/Users/ittehad/Documents/Coding/Python/Turing/Tester_cpp_codebench/tasks/473703/build/model4_tests"
Directory: /Users/ittehad/Documents/Coding/Python/Turing/Tester_cpp_codebench/tasks/473703/build
"model4_tests" start time: Jan 31 22:26 +06
Output:
----------------------------------------------------------
Running main() from /Users/ittehad/Documents/Coding/Python/Turing/Tester_cpp_codebench/tasks/473703/build/_deps/googletest-src/googletest/src/gtest_main.cc
[==========] Running 7 tests from 1 test suite.
[----------] Global test environment set-up.
[----------] 7 tests from TestrisTest
[ RUN      ] TestrisTest.BlockTypeCorrectness
[       OK ] TestrisTest.BlockTypeCorrectness (0 ms)
[ RUN      ] TestrisTest.InitialPositionCorrectness
[       OK ] TestrisTest.InitialPositionCorrectness (0 ms)
[ RUN      ] TestrisTest.StorePieceTest
[       OK ] TestrisTest.StorePieceTest (0 ms)
[ RUN      ] TestrisTest.PieceStorageBoundaryTest
[       OK ] TestrisTest.PieceStorageBoundaryTest (0 ms)
[ RUN      ] TestrisTest.DeleteLineTest
[       OK ] TestrisTest.DeleteLineTest (0 ms)
[ RUN      ] TestrisTest.AllRotationsBlockTypeCorrectness
/Users/ittehad/Documents/Coding/Python/Turing/Tester_cpp_codebench/tasks/473703/test.cpp:313: Failure
Expected equality of these values:
  mPieces[piece][rotation][x][y]
    Which is: 1
  blockType
    Which is: 2

/Users/ittehad/Documents/Coding/Python/Turing/Tester_cpp_codebench/tasks/473703/test.cpp:313: Failure
Expected equality of these values:
  mPieces[piece][rotation][x][y]
    Which is: 2
  blockType
    Which is: 1

/Users/ittehad/Documents/Coding/Python/Turing/Tester_cpp_codebench/tasks/473703/test.cpp:313: Failure
Expected equality of these values:
  mPieces[piece][rotation][x][y]
    Which is: 1
  blockType
    Which is: 0

/Users/ittehad/Documents/Coding/Python/Turing/Tester_cpp_codebench/tasks/473703/test.cpp:313: Failure
Expected equality of these values:
  mPieces[piece][rotation][x][y]
    Which is: 2
  blockType
    Which is: 0

/Users/ittehad/Documents/Coding/Python/Turing/Tester_cpp_codebench/tasks/473703/test.cpp:313: Failure
Expected equality of these values:
  mPieces[piece][rotation][x][y]
    Which is: 1
  blockType
    Which is: 0

/Users/ittehad/Documents/Coding/Python/Turing/Tester_cpp_codebench/tasks/473703/test.cpp:313: Failure
Expected equality of these values:
  mPieces[piece][rotation][x][y]
    Which is: 1
  blockType
    Which is: 0

/Users/ittehad/Documents/Coding/Python/Turing/Tester_cpp_codebench/tasks/473703/test.cpp:313: Failure
Expected equality of these values:
  mPieces[piece][rotation][x][y]
    Which is: 1
  blockType
    Which is: 0

/Users/ittehad/Documents/Coding/Python/Turing/Tester_cpp_codebench/tasks/473703/test.cpp:313: Failure
Expected equality of these values:
  mPieces[piece][rotation][x][y]
    Which is: 1
  blockType
    Which is: 0

/Users/ittehad/Documents/Coding/Python/Turing/Tester_cpp_codebench/tasks/473703/test.cpp:313: Failure
Expected equality of these values:
  mPieces[piece][rotation][x][y]
    Which is: 2
  blockType
    Which is: 0

/Users/ittehad/Documents/Coding/Python/Turing/Tester_cpp_codebench/tasks/473703/test.cpp:313: Failure
Expected equality of these values:
  mPieces[piece][rotation][x][y]
    Which is: 1
  blockType
    Which is: 0

/Users/ittehad/Documents/Coding/Python/Turing/Tester_cpp_codebench/tasks/473703/test.cpp:313: Failure
Expected equality of these values:
  mPieces[piece][rotation][x][y]
    Which is: 1
  blockType
    Which is: 0

/Users/ittehad/Documents/Coding/Python/Turing/Tester_cpp_codebench/tasks/473703/test.cpp:313: Failure
Expected equality of these values:
  mPieces[piece][rotation][x][y]
    Which is: 1
  blockType
    Which is: 0

/Users/ittehad/Documents/Coding/Python/Turing/Tester_cpp_codebench/tasks/473703/test.cpp:313: Failure
Expected equality of these values:
  mPieces[piece][rotation][x][y]
    Which is: 2
  blockType
    Which is: 0

/Users/ittehad/Documents/Coding/Python/Turing/Tester_cpp_codebench/tasks/473703/test.cpp:313: Failure
Expected equality of these values:
  mPieces[piece][rotation][x][y]
    Which is: 1
  blockType
    Which is: 0

/Users/ittehad/Documents/Coding/Python/Turing/Tester_cpp_codebench/tasks/473703/test.cpp:313: Failure
Expected equality of these values:
  mPieces[piece][rotation][x][y]
    Which is: 1
  blockType
    Which is: 0

/Users/ittehad/Documents/Coding/Python/Turing/Tester_cpp_codebench/tasks/473703/test.cpp:313: Failure
Expected equality of these values:
  mPieces[piece][rotation][x][y]
    Which is: 2
  blockType
    Which is: 0

/Users/ittehad/Documents/Coding/Python/Turing/Tester_cpp_codebench/tasks/473703/test.cpp:313: Failure
Expected equality of these values:
  mPieces[piece][rotation][x][y]
    Which is: 1
  blockType
    Which is: 0

/Users/ittehad/Documents/Coding/Python/Turing/Tester_cpp_codebench/tasks/473703/test.cpp:313: Failure
Expected equality of these values:
  mPieces[piece][rotation][x][y]
    Which is: 1
  blockType
    Which is: 0

/Users/ittehad/Documents/Coding/Python/Turing/Tester_cpp_codebench/tasks/473703/test.cpp:313: Failure
Expected equality of these values:
  mPieces[piece][rotation][x][y]
    Which is: 1
  blockType
    Which is: 0

/Users/ittehad/Documents/Coding/Python/Turing/Tester_cpp_codebench/tasks/473703/test.cpp:313: Failure
Expected equality of these values:
  mPieces[piece][rotation][x][y]
    Which is: 2
  blockType
    Which is: 0

/Users/ittehad/Documents/Coding/Python/Turing/Tester_cpp_codebench/tasks/473703/test.cpp:313: Failure
Expected equality of these values:
  mPieces[piece][rotation][x][y]
    Which is: 1
  blockType
    Which is: 0

/Users/ittehad/Documents/Coding/Python/Turing/Tester_cpp_codebench/tasks/473703/test.cpp:313: Failure
Expected equality of these values:
  mPieces[piece][rotation][x][y]
    Which is: 1
  blockType
    Which is: 0

/Users/ittehad/Documents/Coding/Python/Turing/Tester_cpp_codebench/tasks/473703/test.cpp:313: Failure
Expected equality of these values:
  mPieces[piece][rotation][x][y]
    Which is: 1
  blockType
    Which is: 0

/Users/ittehad/Documents/Coding/Python/Turing/Tester_cpp_codebench/tasks/473703/test.cpp:313: Failure
Expected equality of these values:
  mPieces[piece][rotation][x][y]
    Which is: 2
  blockType
    Which is: 0

/Users/ittehad/Documents/Coding/Python/Turing/Tester_cpp_codebench/tasks/473703/test.cpp:313: Failure
Expected equality of these values:
  mPieces[piece][rotation][x][y]
    Which is: 1
  blockType
    Which is: 0

/Users/ittehad/Documents/Coding/Python/Turing/Tester_cpp_codebench/tasks/473703/test.cpp:313: Failure
Expected equality of these values:
  mPieces[piece][rotation][x][y]
    Which is: 1
  blockType
    Which is: 0

/Users/ittehad/Documents/Coding/Python/Turing/Tester_cpp_codebench/tasks/473703/test.cpp:313: Failure
Expected equality of these values:
  mPieces[piece][rotation][x][y]
    Which is: 1
  blockType
    Which is: 0

/Users/ittehad/Documents/Coding/Python/Turing/Tester_cpp_codebench/tasks/473703/test.cpp:313: Failure
Expected equality of these values:
  mPieces[piece][rotation][x][y]
    Which is: 1
  blockType
    Which is: 0

/Users/ittehad/Documents/Coding/Python/Turing/Tester_cpp_codebench/tasks/473703/test.cpp:313: Failure
Expected equality of these values:
  mPieces[piece][rotation][x][y]
    Which is: 2
  blockType
    Which is: 0

/Users/ittehad/Documents/Coding/Python/Turing/Tester_cpp_codebench/tasks/473703/test.cpp:313: Failure
Expected equality of these values:
  mPieces[piece][rotation][x][y]
    Which is: 1
  blockType
    Which is: 0

/Users/ittehad/Documents/Coding/Python/Turing/Tester_cpp_codebench/tasks/473703/test.cpp:313: Failure
Expected equality of these values:
  mPieces[piece][rotation][x][y]
    Which is: 1
  blockType
    Which is: 0

/Users/ittehad/Documents/Coding/Python/Turing/Tester_cpp_codebench/tasks/473703/test.cpp:313: Failure
Expected equality of these values:
  mPieces[piece][rotation][x][y]
    Which is: 1
  blockType
    Which is: 0

/Users/ittehad/Documents/Coding/Python/Turing/Tester_cpp_codebench/tasks/473703/test.cpp:313: Failure
Expected equality of these values:
  mPieces[piece][rotation][x][y]
    Which is: 2
  blockType
    Which is: 0

/Users/ittehad/Documents/Coding/Python/Turing/Tester_cpp_codebench/tasks/473703/test.cpp:313: Failure
Expected equality of these values:
  mPieces[piece][rotation][x][y]
    Which is: 1
  blockType
    Which is: 0

/Users/ittehad/Documents/Coding/Python/Turing/Tester_cpp_codebench/tasks/473703/test.cpp:313: Failure
Expected equality of these values:
  mPieces[piece][rotation][x][y]
    Which is: 1
  blockType
    Which is: 0

/Users/ittehad/Documents/Coding/Python/Turing/Tester_cpp_codebench/tasks/473703/test.cpp:313: Failure
Expected equality of these values:
  mPieces[piece][rotation][x][y]
    Which is: 2
  blockType
    Which is: 0

/Users/ittehad/Documents/Coding/Python/Turing/Tester_cpp_codebench/tasks/473703/test.cpp:313: Failure
Expected equality of these values:
  mPieces[piece][rotation][x][y]
    Which is: 1
  blockType
    Which is: 0

/Users/ittehad/Documents/Coding/Python/Turing/Tester_cpp_codebench/tasks/473703/test.cpp:313: Failure
Expected equality of these values:
  mPieces[piece][rotation][x][y]
    Which is: 1
  blockType
    Which is: 0

/Users/ittehad/Documents/Coding/Python/Turing/Tester_cpp_codebench/tasks/473703/test.cpp:313: Failure
Expected equality of these values:
  mPieces[piece][rotation][x][y]
    Which is: 2
  blockType
    Which is: 0

/Users/ittehad/Documents/Coding/Python/Turing/Tester_cpp_codebench/tasks/473703/test.cpp:313: Failure
Expected equality of these values:
  mPieces[piece][rotation][x][y]
    Which is: 1
  blockType
    Which is: 0

/Users/ittehad/Documents/Coding/Python/Turing/Tester_cpp_codebench/tasks/473703/test.cpp:313: Failure
Expected equality of these values:
  mPieces[piece][rotation][x][y]
    Which is: 1
  blockType
    Which is: 0

/Users/ittehad/Documents/Coding/Python/Turing/Tester_cpp_codebench/tasks/473703/test.cpp:313: Failure
Expected equality of these values:
  mPieces[piece][rotation][x][y]
    Which is: 1
  blockType
    Which is: 0

/Users/ittehad/Documents/Coding/Python/Turing/Tester_cpp_codebench/tasks/473703/test.cpp:313: Failure
Expected equality of these values:
  mPieces[piece][rotation][x][y]
    Which is: 1
  blockType
    Which is: 0

/Users/ittehad/Documents/Coding/Python/Turing/Tester_cpp_codebench/tasks/473703/test.cpp:313: Failure
Expected equality of these values:
  mPieces[piece][rotation][x][y]
    Which is: 1
  blockType
    Which is: 0

/Users/ittehad/Documents/Coding/Python/Turing/Tester_cpp_codebench/tasks/473703/test.cpp:313: Failure
Expected equality of these values:
  mPieces[piece][rotation][x][y]
    Which is: 2
  blockType
    Which is: 0

/Users/ittehad/Documents/Coding/Python/Turing/Tester_cpp_codebench/tasks/473703/test.cpp:313: Failure
Expected equality of these values:
  mPieces[piece][rotation][x][y]
    Which is: 1
  blockType
    Which is: 0

/Users/ittehad/Documents/Coding/Python/Turing/Tester_cpp_codebench/tasks/473703/test.cpp:313: Failure
Expected equality of these values:
  mPieces[piece][rotation][x][y]
    Which is: 1
  blockType
    Which is: 0

/Users/ittehad/Documents/Coding/Python/Turing/Tester_cpp_codebench/tasks/473703/test.cpp:313: Failure
Expected equality of these values:
  mPieces[piece][rotation][x][y]
    Which is: 1
  blockType
    Which is: 0

/Users/ittehad/Documents/Coding/Python/Turing/Tester_cpp_codebench/tasks/473703/test.cpp:313: Failure
Expected equality of these values:
  mPieces[piece][rotation][x][y]
    Which is: 1
  blockType
    Which is: 0

/Users/ittehad/Documents/Coding/Python/Turing/Tester_cpp_codebench/tasks/473703/test.cpp:313: Failure
Expected equality of these values:
  mPieces[piece][rotation][x][y]
    Which is: 2
  blockType
    Which is: 0

/Users/ittehad/Documents/Coding/Python/Turing/Tester_cpp_codebench/tasks/473703/test.cpp:313: Failure
Expected equality of these values:
  mPieces[piece][rotation][x][y]
    Which is: 1
  blockType
    Which is: 0

/Users/ittehad/Documents/Coding/Python/Turing/Tester_cpp_codebench/tasks/473703/test.cpp:313: Failure
Expected equality of these values:
  mPieces[piece][rotation][x][y]
    Which is: 2
  blockType
    Which is: 0

/Users/ittehad/Documents/Coding/Python/Turing/Tester_cpp_codebench/tasks/473703/test.cpp:313: Failure
Expected equality of these values:
  mPieces[piece][rotation][x][y]
    Which is: 1
  blockType
    Which is: 0

/Users/ittehad/Documents/Coding/Python/Turing/Tester_cpp_codebench/tasks/473703/test.cpp:313: Failure
Expected equality of these values:
  mPieces[piece][rotation][x][y]
    Which is: 1
  blockType
    Which is: 0

/Users/ittehad/Documents/Coding/Python/Turing/Tester_cpp_codebench/tasks/473703/test.cpp:313: Failure
Expected equality of these values:
  mPieces[piece][rotation][x][y]
    Which is: 1
  blockType
    Which is: 0

/Users/ittehad/Documents/Coding/Python/Turing/Tester_cpp_codebench/tasks/473703/test.cpp:313: Failure
Expected equality of these values:
  mPieces[piece][rotation][x][y]
    Which is: 2
  blockType
    Which is: 0

/Users/ittehad/Documents/Coding/Python/Turing/Tester_cpp_codebench/tasks/473703/test.cpp:313: Failure
Expected equality of these values:
  mPieces[piece][rotation][x][y]
    Which is: 1
  blockType
    Which is: 0

/Users/ittehad/Documents/Coding/Python/Turing/Tester_cpp_codebench/tasks/473703/test.cpp:313: Failure
Expected equality of these values:
  mPieces[piece][rotation][x][y]
    Which is: 1
  blockType
    Which is: 0

/Users/ittehad/Documents/Coding/Python/Turing/Tester_cpp_codebench/tasks/473703/test.cpp:313: Failure
Expected equality of these values:
  mPieces[piece][rotation][x][y]
    Which is: 1
  blockType
    Which is: 0

/Users/ittehad/Documents/Coding/Python/Turing/Tester_cpp_codebench/tasks/473703/test.cpp:313: Failure
Expected equality of these values:
  mPieces[piece][rotation][x][y]
    Which is: 1
  blockType
    Which is: 0

/Users/ittehad/Documents/Coding/Python/Turing/Tester_cpp_codebench/tasks/473703/test.cpp:313: Failure
Expected equality of these values:
  mPieces[piece][rotation][x][y]
    Which is: 2
  blockType
    Which is: 0

/Users/ittehad/Documents/Coding/Python/Turing/Tester_cpp_codebench/tasks/473703/test.cpp:313: Failure
Expected equality of these values:
  mPieces[piece][rotation][x][y]
    Which is: 1
  blockType
    Which is: 0

/Users/ittehad/Documents/Coding/Python/Turing/Tester_cpp_codebench/tasks/473703/test.cpp:313: Failure
Expected equality of these values:
  mPieces[piece][rotation][x][y]
    Which is: 1
  blockType
    Which is: 0

/Users/ittehad/Documents/Coding/Python/Turing/Tester_cpp_codebench/tasks/473703/test.cpp:313: Failure
Expected equality of these values:
  mPieces[piece][rotation][x][y]
    Which is: 1
  blockType
    Which is: 0

/Users/ittehad/Documents/Coding/Python/Turing/Tester_cpp_codebench/tasks/473703/test.cpp:313: Failure
Expected equality of these values:
  mPieces[piece][rotation][x][y]
    Which is: 2
  blockType
    Which is: 0

/Users/ittehad/Documents/Coding/Python/Turing/Tester_cpp_codebench/tasks/473703/test.cpp:313: Failure
Expected equality of these values:
  mPieces[piece][rotation][x][y]
    Which is: 1
  blockType
    Which is: 0

[  FAILED  ] TestrisTest.AllRotationsBlockTypeCorrectness (0 ms)
[ RUN      ] TestrisTest.AllPiecesInitialPositionCorrectness
[       OK ] TestrisTest.AllPiecesInitialPositionCorrectness (0 ms)
[----------] 7 tests from TestrisTest (0 ms total)

[----------] Global test environment tear-down
[==========] 7 tests from 1 test suite ran. (0 ms total)
[  PASSED  ] 6 tests.
[  FAILED  ] 1 test, listed below:
[  FAILED  ] TestrisTest.AllRotationsBlockTypeCorrectness

 1 FAILED TEST
<end of output>
Test time =   0.00 sec
----------------------------------------------------------
Test Failed.
"model4_tests" end time: Jan 31 22:26 +06
"model4_tests" time elapsed: 00:00:00
----------------------------------------------------------

7/11 Testing: model5_tests
7/11 Test: model5_tests
Command: "/Users/ittehad/Documents/Coding/Python/Turing/Tester_cpp_codebench/tasks/473703/build/model5_tests"
Directory: /Users/ittehad/Documents/Coding/Python/Turing/Tester_cpp_codebench/tasks/473703/build
"model5_tests" start time: Jan 31 22:26 +06
Output:
----------------------------------------------------------
Running main() from /Users/ittehad/Documents/Coding/Python/Turing/Tester_cpp_codebench/tasks/473703/build/_deps/googletest-src/googletest/src/gtest_main.cc
[==========] Running 7 tests from 1 test suite.
[----------] Global test environment set-up.
[----------] 7 tests from TestrisTest
[ RUN      ] TestrisTest.BlockTypeCorrectness
[       OK ] TestrisTest.BlockTypeCorrectness (0 ms)
[ RUN      ] TestrisTest.InitialPositionCorrectness
/Users/ittehad/Documents/Coding/Python/Turing/Tester_cpp_codebench/tasks/473703/test.cpp:262: Failure
Expected equality of these values:
  -2
  pieces.GetYInitialPosition(5, 3)
    Which is: 0

[  FAILED  ] TestrisTest.InitialPositionCorrectness (0 ms)
[ RUN      ] TestrisTest.StorePieceTest
[       OK ] TestrisTest.StorePieceTest (0 ms)
[ RUN      ] TestrisTest.PieceStorageBoundaryTest
[       OK ] TestrisTest.PieceStorageBoundaryTest (0 ms)
[ RUN      ] TestrisTest.DeleteLineTest
[       OK ] TestrisTest.DeleteLineTest (0 ms)
[ RUN      ] TestrisTest.AllRotationsBlockTypeCorrectness
/Users/ittehad/Documents/Coding/Python/Turing/Tester_cpp_codebench/tasks/473703/test.cpp:313: Failure
Expected equality of these values:
  mPieces[piece][rotation][x][y]
    Which is: 1
  blockType
    Which is: 2

/Users/ittehad/Documents/Coding/Python/Turing/Tester_cpp_codebench/tasks/473703/test.cpp:313: Failure
Expected equality of these values:
  mPieces[piece][rotation][x][y]
    Which is: 2
  blockType
    Which is: 1

/Users/ittehad/Documents/Coding/Python/Turing/Tester_cpp_codebench/tasks/473703/test.cpp:313: Failure
Expected equality of these values:
  mPieces[piece][rotation][x][y]
    Which is: 1
  blockType
    Which is: 2

/Users/ittehad/Documents/Coding/Python/Turing/Tester_cpp_codebench/tasks/473703/test.cpp:313: Failure
Expected equality of these values:
  mPieces[piece][rotation][x][y]
    Which is: 2
  blockType
    Which is: 1

/Users/ittehad/Documents/Coding/Python/Turing/Tester_cpp_codebench/tasks/473703/test.cpp:313: Failure
Expected equality of these values:
  mPieces[piece][rotation][x][y]
    Which is: 2
  blockType
    Which is: 1

/Users/ittehad/Documents/Coding/Python/Turing/Tester_cpp_codebench/tasks/473703/test.cpp:313: Failure
Expected equality of these values:
  mPieces[piece][rotation][x][y]
    Which is: 1
  blockType
    Which is: 2

/Users/ittehad/Documents/Coding/Python/Turing/Tester_cpp_codebench/tasks/473703/test.cpp:313: Failure
Expected equality of these values:
  mPieces[piece][rotation][x][y]
    Which is: 1
  blockType
    Which is: 0

/Users/ittehad/Documents/Coding/Python/Turing/Tester_cpp_codebench/tasks/473703/test.cpp:313: Failure
Expected equality of these values:
  mPieces[piece][rotation][x][y]
    Which is: 2
  blockType
    Which is: 0

/Users/ittehad/Documents/Coding/Python/Turing/Tester_cpp_codebench/tasks/473703/test.cpp:313: Failure
Expected equality of these values:
  mPieces[piece][rotation][x][y]
    Which is: 1
  blockType
    Which is: 0

/Users/ittehad/Documents/Coding/Python/Turing/Tester_cpp_codebench/tasks/473703/test.cpp:313: Failure
Expected equality of these values:
  mPieces[piece][rotation][x][y]
    Which is: 1
  blockType
    Which is: 0

/Users/ittehad/Documents/Coding/Python/Turing/Tester_cpp_codebench/tasks/473703/test.cpp:313: Failure
Expected equality of these values:
  mPieces[piece][rotation][x][y]
    Which is: 1
  blockType
    Which is: 0

/Users/ittehad/Documents/Coding/Python/Turing/Tester_cpp_codebench/tasks/473703/test.cpp:313: Failure
Expected equality of these values:
  mPieces[piece][rotation][x][y]
    Which is: 1
  blockType
    Which is: 0

/Users/ittehad/Documents/Coding/Python/Turing/Tester_cpp_codebench/tasks/473703/test.cpp:313: Failure
Expected equality of these values:
  mPieces[piece][rotation][x][y]
    Which is: 2
  blockType
    Which is: 0

/Users/ittehad/Documents/Coding/Python/Turing/Tester_cpp_codebench/tasks/473703/test.cpp:313: Failure
Expected equality of these values:
  mPieces[piece][rotation][x][y]
    Which is: 1
  blockType
    Which is: 0

/Users/ittehad/Documents/Coding/Python/Turing/Tester_cpp_codebench/tasks/473703/test.cpp:313: Failure
Expected equality of these values:
  mPieces[piece][rotation][x][y]
    Which is: 1
  blockType
    Which is: 0

/Users/ittehad/Documents/Coding/Python/Turing/Tester_cpp_codebench/tasks/473703/test.cpp:313: Failure
Expected equality of these values:
  mPieces[piece][rotation][x][y]
    Which is: 1
  blockType
    Which is: 0

/Users/ittehad/Documents/Coding/Python/Turing/Tester_cpp_codebench/tasks/473703/test.cpp:313: Failure
Expected equality of these values:
  mPieces[piece][rotation][x][y]
    Which is: 2
  blockType
    Which is: 0

/Users/ittehad/Documents/Coding/Python/Turing/Tester_cpp_codebench/tasks/473703/test.cpp:313: Failure
Expected equality of these values:
  mPieces[piece][rotation][x][y]
    Which is: 1
  blockType
    Which is: 0

/Users/ittehad/Documents/Coding/Python/Turing/Tester_cpp_codebench/tasks/473703/test.cpp:313: Failure
Expected equality of these values:
  mPieces[piece][rotation][x][y]
    Which is: 1
  blockType
    Which is: 0

/Users/ittehad/Documents/Coding/Python/Turing/Tester_cpp_codebench/tasks/473703/test.cpp:313: Failure
Expected equality of these values:
  mPieces[piece][rotation][x][y]
    Which is: 2
  blockType
    Which is: 0

/Users/ittehad/Documents/Coding/Python/Turing/Tester_cpp_codebench/tasks/473703/test.cpp:313: Failure
Expected equality of these values:
  mPieces[piece][rotation][x][y]
    Which is: 1
  blockType
    Which is: 0

/Users/ittehad/Documents/Coding/Python/Turing/Tester_cpp_codebench/tasks/473703/test.cpp:313: Failure
Expected equality of these values:
  mPieces[piece][rotation][x][y]
    Which is: 1
  blockType
    Which is: 0

/Users/ittehad/Documents/Coding/Python/Turing/Tester_cpp_codebench/tasks/473703/test.cpp:313: Failure
Expected equality of these values:
  mPieces[piece][rotation][x][y]
    Which is: 1
  blockType
    Which is: 0

/Users/ittehad/Documents/Coding/Python/Turing/Tester_cpp_codebench/tasks/473703/test.cpp:313: Failure
Expected equality of these values:
  mPieces[piece][rotation][x][y]
    Which is: 2
  blockType
    Which is: 0

/Users/ittehad/Documents/Coding/Python/Turing/Tester_cpp_codebench/tasks/473703/test.cpp:313: Failure
Expected equality of these values:
  mPieces[piece][rotation][x][y]
    Which is: 1
  blockType
    Which is: 0

/Users/ittehad/Documents/Coding/Python/Turing/Tester_cpp_codebench/tasks/473703/test.cpp:313: Failure
Expected equality of these values:
  mPieces[piece][rotation][x][y]
    Which is: 1
  blockType
    Which is: 0

/Users/ittehad/Documents/Coding/Python/Turing/Tester_cpp_codebench/tasks/473703/test.cpp:313: Failure
Expected equality of these values:
  mPieces[piece][rotation][x][y]
    Which is: 1
  blockType
    Which is: 0

/Users/ittehad/Documents/Coding/Python/Turing/Tester_cpp_codebench/tasks/473703/test.cpp:313: Failure
Expected equality of these values:
  mPieces[piece][rotation][x][y]
    Which is: 2
  blockType
    Which is: 0

/Users/ittehad/Documents/Coding/Python/Turing/Tester_cpp_codebench/tasks/473703/test.cpp:313: Failure
Expected equality of these values:
  mPieces[piece][rotation][x][y]
    Which is: 1
  blockType
    Which is: 0

/Users/ittehad/Documents/Coding/Python/Turing/Tester_cpp_codebench/tasks/473703/test.cpp:313: Failure
Expected equality of these values:
  mPieces[piece][rotation][x][y]
    Which is: 1
  blockType
    Which is: 0

/Users/ittehad/Documents/Coding/Python/Turing/Tester_cpp_codebench/tasks/473703/test.cpp:313: Failure
Expected equality of these values:
  mPieces[piece][rotation][x][y]
    Which is: 1
  blockType
    Which is: 0

/Users/ittehad/Documents/Coding/Python/Turing/Tester_cpp_codebench/tasks/473703/test.cpp:313: Failure
Expected equality of these values:
  mPieces[piece][rotation][x][y]
    Which is: 1
  blockType
    Which is: 0

/Users/ittehad/Documents/Coding/Python/Turing/Tester_cpp_codebench/tasks/473703/test.cpp:313: Failure
Expected equality of these values:
  mPieces[piece][rotation][x][y]
    Which is: 2
  blockType
    Which is: 0

/Users/ittehad/Documents/Coding/Python/Turing/Tester_cpp_codebench/tasks/473703/test.cpp:313: Failure
Expected equality of these values:
  mPieces[piece][rotation][x][y]
    Which is: 1
  blockType
    Which is: 0

/Users/ittehad/Documents/Coding/Python/Turing/Tester_cpp_codebench/tasks/473703/test.cpp:313: Failure
Expected equality of these values:
  mPieces[piece][rotation][x][y]
    Which is: 1
  blockType
    Which is: 0

/Users/ittehad/Documents/Coding/Python/Turing/Tester_cpp_codebench/tasks/473703/test.cpp:313: Failure
Expected equality of these values:
  mPieces[piece][rotation][x][y]
    Which is: 1
  blockType
    Which is: 0

/Users/ittehad/Documents/Coding/Python/Turing/Tester_cpp_codebench/tasks/473703/test.cpp:313: Failure
Expected equality of these values:
  mPieces[piece][rotation][x][y]
    Which is: 2
  blockType
    Which is: 0

/Users/ittehad/Documents/Coding/Python/Turing/Tester_cpp_codebench/tasks/473703/test.cpp:313: Failure
Expected equality of these values:
  mPieces[piece][rotation][x][y]
    Which is: 1
  blockType
    Which is: 0

/Users/ittehad/Documents/Coding/Python/Turing/Tester_cpp_codebench/tasks/473703/test.cpp:313: Failure
Expected equality of these values:
  mPieces[piece][rotation][x][y]
    Which is: 1
  blockType
    Which is: 0

/Users/ittehad/Documents/Coding/Python/Turing/Tester_cpp_codebench/tasks/473703/test.cpp:313: Failure
Expected equality of these values:
  mPieces[piece][rotation][x][y]
    Which is: 2
  blockType
    Which is: 0

/Users/ittehad/Documents/Coding/Python/Turing/Tester_cpp_codebench/tasks/473703/test.cpp:313: Failure
Expected equality of these values:
  mPieces[piece][rotation][x][y]
    Which is: 1
  blockType
    Which is: 0

/Users/ittehad/Documents/Coding/Python/Turing/Tester_cpp_codebench/tasks/473703/test.cpp:313: Failure
Expected equality of these values:
  mPieces[piece][rotation][x][y]
    Which is: 1
  blockType
    Which is: 0

/Users/ittehad/Documents/Coding/Python/Turing/Tester_cpp_codebench/tasks/473703/test.cpp:313: Failure
Expected equality of these values:
  mPieces[piece][rotation][x][y]
    Which is: 2
  blockType
    Which is: 0

/Users/ittehad/Documents/Coding/Python/Turing/Tester_cpp_codebench/tasks/473703/test.cpp:313: Failure
Expected equality of these values:
  mPieces[piece][rotation][x][y]
    Which is: 1
  blockType
    Which is: 0

/Users/ittehad/Documents/Coding/Python/Turing/Tester_cpp_codebench/tasks/473703/test.cpp:313: Failure
Expected equality of these values:
  mPieces[piece][rotation][x][y]
    Which is: 1
  blockType
    Which is: 0

/Users/ittehad/Documents/Coding/Python/Turing/Tester_cpp_codebench/tasks/473703/test.cpp:313: Failure
Expected equality of these values:
  mPieces[piece][rotation][x][y]
    Which is: 1
  blockType
    Which is: 0

/Users/ittehad/Documents/Coding/Python/Turing/Tester_cpp_codebench/tasks/473703/test.cpp:313: Failure
Expected equality of these values:
  mPieces[piece][rotation][x][y]
    Which is: 1
  blockType
    Which is: 0

/Users/ittehad/Documents/Coding/Python/Turing/Tester_cpp_codebench/tasks/473703/test.cpp:313: Failure
Expected equality of these values:
  mPieces[piece][rotation][x][y]
    Which is: 1
  blockType
    Which is: 0

/Users/ittehad/Documents/Coding/Python/Turing/Tester_cpp_codebench/tasks/473703/test.cpp:313: Failure
Expected equality of these values:
  mPieces[piece][rotation][x][y]
    Which is: 2
  blockType
    Which is: 0

/Users/ittehad/Documents/Coding/Python/Turing/Tester_cpp_codebench/tasks/473703/test.cpp:313: Failure
Expected equality of these values:
  mPieces[piece][rotation][x][y]
    Which is: 1
  blockType
    Which is: 0

/Users/ittehad/Documents/Coding/Python/Turing/Tester_cpp_codebench/tasks/473703/test.cpp:313: Failure
Expected equality of these values:
  mPieces[piece][rotation][x][y]
    Which is: 1
  blockType
    Which is: 0

/Users/ittehad/Documents/Coding/Python/Turing/Tester_cpp_codebench/tasks/473703/test.cpp:313: Failure
Expected equality of these values:
  mPieces[piece][rotation][x][y]
    Which is: 1
  blockType
    Which is: 0

/Users/ittehad/Documents/Coding/Python/Turing/Tester_cpp_codebench/tasks/473703/test.cpp:313: Failure
Expected equality of these values:
  mPieces[piece][rotation][x][y]
    Which is: 1
  blockType
    Which is: 0

/Users/ittehad/Documents/Coding/Python/Turing/Tester_cpp_codebench/tasks/473703/test.cpp:313: Failure
Expected equality of these values:
  mPieces[piece][rotation][x][y]
    Which is: 2
  blockType
    Which is: 0

/Users/ittehad/Documents/Coding/Python/Turing/Tester_cpp_codebench/tasks/473703/test.cpp:313: Failure
Expected equality of these values:
  mPieces[piece][rotation][x][y]
    Which is: 1
  blockType
    Which is: 0

/Users/ittehad/Documents/Coding/Python/Turing/Tester_cpp_codebench/tasks/473703/test.cpp:313: Failure
Expected equality of these values:
  mPieces[piece][rotation][x][y]
    Which is: 2
  blockType
    Which is: 0

/Users/ittehad/Documents/Coding/Python/Turing/Tester_cpp_codebench/tasks/473703/test.cpp:313: Failure
Expected equality of these values:
  mPieces[piece][rotation][x][y]
    Which is: 1
  blockType
    Which is: 0

/Users/ittehad/Documents/Coding/Python/Turing/Tester_cpp_codebench/tasks/473703/test.cpp:313: Failure
Expected equality of these values:
  mPieces[piece][rotation][x][y]
    Which is: 1
  blockType
    Which is: 0

/Users/ittehad/Documents/Coding/Python/Turing/Tester_cpp_codebench/tasks/473703/test.cpp:313: Failure
Expected equality of these values:
  mPieces[piece][rotation][x][y]
    Which is: 1
  blockType
    Which is: 0

/Users/ittehad/Documents/Coding/Python/Turing/Tester_cpp_codebench/tasks/473703/test.cpp:313: Failure
Expected equality of these values:
  mPieces[piece][rotation][x][y]
    Which is: 2
  blockType
    Which is: 0

/Users/ittehad/Documents/Coding/Python/Turing/Tester_cpp_codebench/tasks/473703/test.cpp:313: Failure
Expected equality of these values:
  mPieces[piece][rotation][x][y]
    Which is: 1
  blockType
    Which is: 0

/Users/ittehad/Documents/Coding/Python/Turing/Tester_cpp_codebench/tasks/473703/test.cpp:313: Failure
Expected equality of these values:
  mPieces[piece][rotation][x][y]
    Which is: 1
  blockType
    Which is: 0

/Users/ittehad/Documents/Coding/Python/Turing/Tester_cpp_codebench/tasks/473703/test.cpp:313: Failure
Expected equality of these values:
  mPieces[piece][rotation][x][y]
    Which is: 1
  blockType
    Which is: 0

/Users/ittehad/Documents/Coding/Python/Turing/Tester_cpp_codebench/tasks/473703/test.cpp:313: Failure
Expected equality of these values:
  mPieces[piece][rotation][x][y]
    Which is: 1
  blockType
    Which is: 0

/Users/ittehad/Documents/Coding/Python/Turing/Tester_cpp_codebench/tasks/473703/test.cpp:313: Failure
Expected equality of these values:
  mPieces[piece][rotation][x][y]
    Which is: 2
  blockType
    Which is: 0

/Users/ittehad/Documents/Coding/Python/Turing/Tester_cpp_codebench/tasks/473703/test.cpp:313: Failure
Expected equality of these values:
  mPieces[piece][rotation][x][y]
    Which is: 1
  blockType
    Which is: 0

/Users/ittehad/Documents/Coding/Python/Turing/Tester_cpp_codebench/tasks/473703/test.cpp:313: Failure
Expected equality of these values:
  mPieces[piece][rotation][x][y]
    Which is: 1
  blockType
    Which is: 0

/Users/ittehad/Documents/Coding/Python/Turing/Tester_cpp_codebench/tasks/473703/test.cpp:313: Failure
Expected equality of these values:
  mPieces[piece][rotation][x][y]
    Which is: 1
  blockType
    Which is: 0

/Users/ittehad/Documents/Coding/Python/Turing/Tester_cpp_codebench/tasks/473703/test.cpp:313: Failure
Expected equality of these values:
  mPieces[piece][rotation][x][y]
    Which is: 2
  blockType
    Which is: 0

/Users/ittehad/Documents/Coding/Python/Turing/Tester_cpp_codebench/tasks/473703/test.cpp:313: Failure
Expected equality of these values:
  mPieces[piece][rotation][x][y]
    Which is: 1
  blockType
    Which is: 0

[  FAILED  ] TestrisTest.AllRotationsBlockTypeCorrectness (0 ms)
[ RUN      ] TestrisTest.AllPiecesInitialPositionCorrectness
/Users/ittehad/Documents/Coding/Python/Turing/Tester_cpp_codebench/tasks/473703/test.cpp:347: Failure
Expected equality of these values:
  expected[piece][rotation][0]
    Which is: -2
  xPos
    Which is: 0
X initial position mismatch for piece=3, rotation=0

/Users/ittehad/Documents/Coding/Python/Turing/Tester_cpp_codebench/tasks/473703/test.cpp:350: Failure
Expected equality of these values:
  expected[piece][rotation][1]
    Which is: -3
  yPos
    Which is: 0
Y initial position mismatch for piece=3, rotation=0

/Users/ittehad/Documents/Coding/Python/Turing/Tester_cpp_codebench/tasks/473703/test.cpp:347: Failure
Expected equality of these values:
  expected[piece][rotation][0]
    Which is: -2
  xPos
    Which is: 0
X initial position mismatch for piece=3, rotation=1

/Users/ittehad/Documents/Coding/Python/Turing/Tester_cpp_codebench/tasks/473703/test.cpp:350: Failure
Expected equality of these values:
  expected[piece][rotation][1]
    Which is: -2
  yPos
    Which is: 0
Y initial position mismatch for piece=3, rotation=1

/Users/ittehad/Documents/Coding/Python/Turing/Tester_cpp_codebench/tasks/473703/test.cpp:347: Failure
Expected equality of these values:
  expected[piece][rotation][0]
    Which is: -2
  xPos
    Which is: 0
X initial position mismatch for piece=3, rotation=2

/Users/ittehad/Documents/Coding/Python/Turing/Tester_cpp_codebench/tasks/473703/test.cpp:350: Failure
Expected equality of these values:
  expected[piece][rotation][1]
    Which is: -3
  yPos
    Which is: 0
Y initial position mismatch for piece=3, rotation=2

/Users/ittehad/Documents/Coding/Python/Turing/Tester_cpp_codebench/tasks/473703/test.cpp:347: Failure
Expected equality of these values:
  expected[piece][rotation][0]
    Which is: -2
  xPos
    Which is: 0
X initial position mismatch for piece=3, rotation=3

/Users/ittehad/Documents/Coding/Python/Turing/Tester_cpp_codebench/tasks/473703/test.cpp:350: Failure
Expected equality of these values:
  expected[piece][rotation][1]
    Which is: -3
  yPos
    Which is: 0
Y initial position mismatch for piece=3, rotation=3

/Users/ittehad/Documents/Coding/Python/Turing/Tester_cpp_codebench/tasks/473703/test.cpp:347: Failure
Expected equality of these values:
  expected[piece][rotation][0]
    Which is: -2
  xPos
    Which is: 0
X initial position mismatch for piece=4, rotation=0

/Users/ittehad/Documents/Coding/Python/Turing/Tester_cpp_codebench/tasks/473703/test.cpp:350: Failure
Expected equality of these values:
  expected[piece][rotation][1]
    Which is: -3
  yPos
    Which is: 0
Y initial position mismatch for piece=4, rotation=0

/Users/ittehad/Documents/Coding/Python/Turing/Tester_cpp_codebench/tasks/473703/test.cpp:347: Failure
Expected equality of these values:
  expected[piece][rotation][0]
    Which is: -2
  xPos
    Which is: 0
X initial position mismatch for piece=4, rotation=1

/Users/ittehad/Documents/Coding/Python/Turing/Tester_cpp_codebench/tasks/473703/test.cpp:350: Failure
Expected equality of these values:
  expected[piece][rotation][1]
    Which is: -3
  yPos
    Which is: 0
Y initial position mismatch for piece=4, rotation=1

/Users/ittehad/Documents/Coding/Python/Turing/Tester_cpp_codebench/tasks/473703/test.cpp:347: Failure
Expected equality of these values:
  expected[piece][rotation][0]
    Which is: -2
  xPos
    Which is: 0
X initial position mismatch for piece=4, rotation=2

/Users/ittehad/Documents/Coding/Python/Turing/Tester_cpp_codebench/tasks/473703/test.cpp:350: Failure
Expected equality of these values:
  expected[piece][rotation][1]
    Which is: -3
  yPos
    Which is: 0
Y initial position mismatch for piece=4, rotation=2

/Users/ittehad/Documents/Coding/Python/Turing/Tester_cpp_codebench/tasks/473703/test.cpp:347: Failure
Expected equality of these values:
  expected[piece][rotation][0]
    Which is: -2
  xPos
    Which is: 0
X initial position mismatch for piece=4, rotation=3

/Users/ittehad/Documents/Coding/Python/Turing/Tester_cpp_codebench/tasks/473703/test.cpp:350: Failure
Expected equality of these values:
  expected[piece][rotation][1]
    Which is: -2
  yPos
    Which is: 0
Y initial position mismatch for piece=4, rotation=3

/Users/ittehad/Documents/Coding/Python/Turing/Tester_cpp_codebench/tasks/473703/test.cpp:347: Failure
Expected equality of these values:
  expected[piece][rotation][0]
    Which is: -2
  xPos
    Which is: 0
X initial position mismatch for piece=5, rotation=0

/Users/ittehad/Documents/Coding/Python/Turing/Tester_cpp_codebench/tasks/473703/test.cpp:350: Failure
Expected equality of these values:
  expected[piece][rotation][1]
    Which is: -3
  yPos
    Which is: 0
Y initial position mismatch for piece=5, rotation=0

/Users/ittehad/Documents/Coding/Python/Turing/Tester_cpp_codebench/tasks/473703/test.cpp:347: Failure
Expected equality of these values:
  expected[piece][rotation][0]
    Which is: -2
  xPos
    Which is: 0
X initial position mismatch for piece=5, rotation=1

/Users/ittehad/Documents/Coding/Python/Turing/Tester_cpp_codebench/tasks/473703/test.cpp:350: Failure
Expected equality of these values:
  expected[piece][rotation][1]
    Which is: -3
  yPos
    Which is: 0
Y initial position mismatch for piece=5, rotation=1

/Users/ittehad/Documents/Coding/Python/Turing/Tester_cpp_codebench/tasks/473703/test.cpp:347: Failure
Expected equality of these values:
  expected[piece][rotation][0]
    Which is: -2
  xPos
    Which is: 0
X initial position mismatch for piece=5, rotation=2

/Users/ittehad/Documents/Coding/Python/Turing/Tester_cpp_codebench/tasks/473703/test.cpp:350: Failure
Expected equality of these values:
  expected[piece][rotation][1]
    Which is: -3
  yPos
    Which is: 0
Y initial position mismatch for piece=5, rotation=2

/Users/ittehad/Documents/Coding/Python/Turing/Tester_cpp_codebench/tasks/473703/test.cpp:347: Failure
Expected equality of these values:
  expected[piece][rotation][0]
    Which is: -2
  xPos
    Which is: 0
X initial position mismatch for piece=5, rotation=3

/Users/ittehad/Documents/Coding/Python/Turing/Tester_cpp_codebench/tasks/473703/test.cpp:350: Failure
Expected equality of these values:
  expected[piece][rotation][1]
    Which is: -2
  yPos
    Which is: 0
Y initial position mismatch for piece=5, rotation=3

/Users/ittehad/Documents/Coding/Python/Turing/Tester_cpp_codebench/tasks/473703/test.cpp:347: Failure
Expected equality of these values:
  expected[piece][rotation][0]
    Which is: -2
  xPos
    Which is: 0
X initial position mismatch for piece=6, rotation=0

/Users/ittehad/Documents/Coding/Python/Turing/Tester_cpp_codebench/tasks/473703/test.cpp:350: Failure
Expected equality of these values:
  expected[piece][rotation][1]
    Which is: -3
  yPos
    Which is: 0
Y initial position mismatch for piece=6, rotation=0

/Users/ittehad/Documents/Coding/Python/Turing/Tester_cpp_codebench/tasks/473703/test.cpp:347: Failure
Expected equality of these values:
  expected[piece][rotation][0]
    Which is: -2
  xPos
    Which is: 0
X initial position mismatch for piece=6, rotation=1

/Users/ittehad/Documents/Coding/Python/Turing/Tester_cpp_codebench/tasks/473703/test.cpp:350: Failure
Expected equality of these values:
  expected[piece][rotation][1]
    Which is: -3
  yPos
    Which is: 0
Y initial position mismatch for piece=6, rotation=1

/Users/ittehad/Documents/Coding/Python/Turing/Tester_cpp_codebench/tasks/473703/test.cpp:347: Failure
Expected equality of these values:
  expected[piece][rotation][0]
    Which is: -2
  xPos
    Which is: 0
X initial position mismatch for piece=6, rotation=2

/Users/ittehad/Documents/Coding/Python/Turing/Tester_cpp_codebench/tasks/473703/test.cpp:350: Failure
Expected equality of these values:
  expected[piece][rotation][1]
    Which is: -3
  yPos
    Which is: 0
Y initial position mismatch for piece=6, rotation=2

/Users/ittehad/Documents/Coding/Python/Turing/Tester_cpp_codebench/tasks/473703/test.cpp:347: Failure
Expected equality of these values:
  expected[piece][rotation][0]
    Which is: -2
  xPos
    Which is: 0
X initial position mismatch for piece=6, rotation=3

/Users/ittehad/Documents/Coding/Python/Turing/Tester_cpp_codebench/tasks/473703/test.cpp:350: Failure
Expected equality of these values:
  expected[piece][rotation][1]
    Which is: -2
  yPos
    Which is: 0
Y initial position mismatch for piece=6, rotation=3

[  FAILED  ] TestrisTest.AllPiecesInitialPositionCorrectness (0 ms)
[----------] 7 tests from TestrisTest (1 ms total)

[----------] Global test environment tear-down
[==========] 7 tests from 1 test suite ran. (1 ms total)
[  PASSED  ] 4 tests.
[  FAILED  ] 3 tests, listed below:
[  FAILED  ] TestrisTest.InitialPositionCorrectness
[  FAILED  ] TestrisTest.AllRotationsBlockTypeCorrectness
[  FAILED  ] TestrisTest.AllPiecesInitialPositionCorrectness

 3 FAILED TESTS
<end of output>
Test time =   0.00 sec
----------------------------------------------------------
Test Failed.
"model5_tests" end time: Jan 31 22:26 +06
"model5_tests" time elapsed: 00:00:00
----------------------------------------------------------

8/11 Testing: model6_tests
8/11 Test: model6_tests
Command: "/Users/ittehad/Documents/Coding/Python/Turing/Tester_cpp_codebench/tasks/473703/build/model6_tests"
Directory: /Users/ittehad/Documents/Coding/Python/Turing/Tester_cpp_codebench/tasks/473703/build
"model6_tests" start time: Jan 31 22:26 +06
Output:
----------------------------------------------------------
Running main() from /Users/ittehad/Documents/Coding/Python/Turing/Tester_cpp_codebench/tasks/473703/build/_deps/googletest-src/googletest/src/gtest_main.cc
[==========] Running 7 tests from 1 test suite.
[----------] Global test environment set-up.
[----------] 7 tests from TestrisTest
[ RUN      ] TestrisTest.BlockTypeCorrectness
/Users/ittehad/Documents/Coding/Python/Turing/Tester_cpp_codebench/tasks/473703/test.cpp:250: Failure
Expected equality of these values:
  2
  pieces.GetBlockType(1, 1, 2, 2)
    Which is: 0

[  FAILED  ] TestrisTest.BlockTypeCorrectness (0 ms)
[ RUN      ] TestrisTest.InitialPositionCorrectness
/Users/ittehad/Documents/Coding/Python/Turing/Tester_cpp_codebench/tasks/473703/test.cpp:262: Failure
Expected equality of these values:
  -2
  pieces.GetYInitialPosition(5, 3)
    Which is: -3

[  FAILED  ] TestrisTest.InitialPositionCorrectness (0 ms)
[ RUN      ] TestrisTest.StorePieceTest
[       OK ] TestrisTest.StorePieceTest (0 ms)
[ RUN      ] TestrisTest.PieceStorageBoundaryTest
[       OK ] TestrisTest.PieceStorageBoundaryTest (0 ms)
[ RUN      ] TestrisTest.DeleteLineTest
[       OK ] TestrisTest.DeleteLineTest (0 ms)
[ RUN      ] TestrisTest.AllRotationsBlockTypeCorrectness
/Users/ittehad/Documents/Coding/Python/Turing/Tester_cpp_codebench/tasks/473703/test.cpp:313: Failure
Expected equality of these values:
  mPieces[piece][rotation][x][y]
    Which is: 1
  blockType
    Which is: 0

/Users/ittehad/Documents/Coding/Python/Turing/Tester_cpp_codebench/tasks/473703/test.cpp:313: Failure
Expected equality of these values:
  mPieces[piece][rotation][x][y]
    Which is: 2
  blockType
    Which is: 0

/Users/ittehad/Documents/Coding/Python/Turing/Tester_cpp_codebench/tasks/473703/test.cpp:313: Failure
Expected equality of these values:
  mPieces[piece][rotation][x][y]
    Which is: 1
  blockType
    Which is: 0

/Users/ittehad/Documents/Coding/Python/Turing/Tester_cpp_codebench/tasks/473703/test.cpp:313: Failure
Expected equality of these values:
  mPieces[piece][rotation][x][y]
    Which is: 1
  blockType
    Which is: 0

/Users/ittehad/Documents/Coding/Python/Turing/Tester_cpp_codebench/tasks/473703/test.cpp:313: Failure
Expected equality of these values:
  mPieces[piece][rotation][x][y]
    Which is: 0
  blockType
    Which is: 2

/Users/ittehad/Documents/Coding/Python/Turing/Tester_cpp_codebench/tasks/473703/test.cpp:313: Failure
Expected equality of these values:
  mPieces[piece][rotation][x][y]
    Which is: 0
  blockType
    Which is: 2

/Users/ittehad/Documents/Coding/Python/Turing/Tester_cpp_codebench/tasks/473703/test.cpp:313: Failure
Expected equality of these values:
  mPieces[piece][rotation][x][y]
    Which is: 0
  blockType
    Which is: 2

/Users/ittehad/Documents/Coding/Python/Turing/Tester_cpp_codebench/tasks/473703/test.cpp:313: Failure
Expected equality of these values:
  mPieces[piece][rotation][x][y]
    Which is: 0
  blockType
    Which is: 2

/Users/ittehad/Documents/Coding/Python/Turing/Tester_cpp_codebench/tasks/473703/test.cpp:313: Failure
Expected equality of these values:
  mPieces[piece][rotation][x][y]
    Which is: 0
  blockType
    Which is: 2

/Users/ittehad/Documents/Coding/Python/Turing/Tester_cpp_codebench/tasks/473703/test.cpp:313: Failure
Expected equality of these values:
  mPieces[piece][rotation][x][y]
    Which is: 1
  blockType
    Which is: 0

/Users/ittehad/Documents/Coding/Python/Turing/Tester_cpp_codebench/tasks/473703/test.cpp:313: Failure
Expected equality of these values:
  mPieces[piece][rotation][x][y]
    Which is: 0
  blockType
    Which is: 2

/Users/ittehad/Documents/Coding/Python/Turing/Tester_cpp_codebench/tasks/473703/test.cpp:313: Failure
Expected equality of these values:
  mPieces[piece][rotation][x][y]
    Which is: 2
  blockType
    Which is: 0

/Users/ittehad/Documents/Coding/Python/Turing/Tester_cpp_codebench/tasks/473703/test.cpp:313: Failure
Expected equality of these values:
  mPieces[piece][rotation][x][y]
    Which is: 0
  blockType
    Which is: 2

/Users/ittehad/Documents/Coding/Python/Turing/Tester_cpp_codebench/tasks/473703/test.cpp:313: Failure
Expected equality of these values:
  mPieces[piece][rotation][x][y]
    Which is: 1
  blockType
    Which is: 0

/Users/ittehad/Documents/Coding/Python/Turing/Tester_cpp_codebench/tasks/473703/test.cpp:313: Failure
Expected equality of these values:
  mPieces[piece][rotation][x][y]
    Which is: 0
  blockType
    Which is: 2

/Users/ittehad/Documents/Coding/Python/Turing/Tester_cpp_codebench/tasks/473703/test.cpp:313: Failure
Expected equality of these values:
  mPieces[piece][rotation][x][y]
    Which is: 1
  blockType
    Which is: 0

/Users/ittehad/Documents/Coding/Python/Turing/Tester_cpp_codebench/tasks/473703/test.cpp:313: Failure
Expected equality of these values:
  mPieces[piece][rotation][x][y]
    Which is: 1
  blockType
    Which is: 0

/Users/ittehad/Documents/Coding/Python/Turing/Tester_cpp_codebench/tasks/473703/test.cpp:313: Failure
Expected equality of these values:
  mPieces[piece][rotation][x][y]
    Which is: 1
  blockType
    Which is: 0

/Users/ittehad/Documents/Coding/Python/Turing/Tester_cpp_codebench/tasks/473703/test.cpp:313: Failure
Expected equality of these values:
  mPieces[piece][rotation][x][y]
    Which is: 2
  blockType
    Which is: 0

/Users/ittehad/Documents/Coding/Python/Turing/Tester_cpp_codebench/tasks/473703/test.cpp:313: Failure
Expected equality of these values:
  mPieces[piece][rotation][x][y]
    Which is: 1
  blockType
    Which is: 0

/Users/ittehad/Documents/Coding/Python/Turing/Tester_cpp_codebench/tasks/473703/test.cpp:313: Failure
Expected equality of these values:
  mPieces[piece][rotation][x][y]
    Which is: 0
  blockType
    Which is: 2

/Users/ittehad/Documents/Coding/Python/Turing/Tester_cpp_codebench/tasks/473703/test.cpp:313: Failure
Expected equality of these values:
  mPieces[piece][rotation][x][y]
    Which is: 0
  blockType
    Which is: 2

/Users/ittehad/Documents/Coding/Python/Turing/Tester_cpp_codebench/tasks/473703/test.cpp:313: Failure
Expected equality of these values:
  mPieces[piece][rotation][x][y]
    Which is: 0
  blockType
    Which is: 2

/Users/ittehad/Documents/Coding/Python/Turing/Tester_cpp_codebench/tasks/473703/test.cpp:313: Failure
Expected equality of these values:
  mPieces[piece][rotation][x][y]
    Which is: 0
  blockType
    Which is: 2

/Users/ittehad/Documents/Coding/Python/Turing/Tester_cpp_codebench/tasks/473703/test.cpp:313: Failure
Expected equality of these values:
  mPieces[piece][rotation][x][y]
    Which is: 1
  blockType
    Which is: 0

/Users/ittehad/Documents/Coding/Python/Turing/Tester_cpp_codebench/tasks/473703/test.cpp:313: Failure
Expected equality of these values:
  mPieces[piece][rotation][x][y]
    Which is: 0
  blockType
    Which is: 2

/Users/ittehad/Documents/Coding/Python/Turing/Tester_cpp_codebench/tasks/473703/test.cpp:313: Failure
Expected equality of these values:
  mPieces[piece][rotation][x][y]
    Which is: 1
  blockType
    Which is: 0

/Users/ittehad/Documents/Coding/Python/Turing/Tester_cpp_codebench/tasks/473703/test.cpp:313: Failure
Expected equality of these values:
  mPieces[piece][rotation][x][y]
    Which is: 0
  blockType
    Which is: 2

/Users/ittehad/Documents/Coding/Python/Turing/Tester_cpp_codebench/tasks/473703/test.cpp:313: Failure
Expected equality of these values:
  mPieces[piece][rotation][x][y]
    Which is: 2
  blockType
    Which is: 0

/Users/ittehad/Documents/Coding/Python/Turing/Tester_cpp_codebench/tasks/473703/test.cpp:313: Failure
Expected equality of these values:
  mPieces[piece][rotation][x][y]
    Which is: 0
  blockType
    Which is: 2

/Users/ittehad/Documents/Coding/Python/Turing/Tester_cpp_codebench/tasks/473703/test.cpp:313: Failure
Expected equality of these values:
  mPieces[piece][rotation][x][y]
    Which is: 1
  blockType
    Which is: 0

/Users/ittehad/Documents/Coding/Python/Turing/Tester_cpp_codebench/tasks/473703/test.cpp:313: Failure
Expected equality of these values:
  mPieces[piece][rotation][x][y]
    Which is: 0
  blockType
    Which is: 2

/Users/ittehad/Documents/Coding/Python/Turing/Tester_cpp_codebench/tasks/473703/test.cpp:313: Failure
Expected equality of these values:
  mPieces[piece][rotation][x][y]
    Which is: 1
  blockType
    Which is: 0

/Users/ittehad/Documents/Coding/Python/Turing/Tester_cpp_codebench/tasks/473703/test.cpp:313: Failure
Expected equality of these values:
  mPieces[piece][rotation][x][y]
    Which is: 0
  blockType
    Which is: 2

/Users/ittehad/Documents/Coding/Python/Turing/Tester_cpp_codebench/tasks/473703/test.cpp:313: Failure
Expected equality of these values:
  mPieces[piece][rotation][x][y]
    Which is: 1
  blockType
    Which is: 2

/Users/ittehad/Documents/Coding/Python/Turing/Tester_cpp_codebench/tasks/473703/test.cpp:313: Failure
Expected equality of these values:
  mPieces[piece][rotation][x][y]
    Which is: 1
  blockType
    Which is: 2

/Users/ittehad/Documents/Coding/Python/Turing/Tester_cpp_codebench/tasks/473703/test.cpp:313: Failure
Expected equality of these values:
  mPieces[piece][rotation][x][y]
    Which is: 0
  blockType
    Which is: 2

/Users/ittehad/Documents/Coding/Python/Turing/Tester_cpp_codebench/tasks/473703/test.cpp:313: Failure
Expected equality of these values:
  mPieces[piece][rotation][x][y]
    Which is: 0
  blockType
    Which is: 2

/Users/ittehad/Documents/Coding/Python/Turing/Tester_cpp_codebench/tasks/473703/test.cpp:313: Failure
Expected equality of these values:
  mPieces[piece][rotation][x][y]
    Which is: 1
  blockType
    Which is: 0

/Users/ittehad/Documents/Coding/Python/Turing/Tester_cpp_codebench/tasks/473703/test.cpp:313: Failure
Expected equality of these values:
  mPieces[piece][rotation][x][y]
    Which is: 1
  blockType
    Which is: 0

/Users/ittehad/Documents/Coding/Python/Turing/Tester_cpp_codebench/tasks/473703/test.cpp:313: Failure
Expected equality of these values:
  mPieces[piece][rotation][x][y]
    Which is: 1
  blockType
    Which is: 0

/Users/ittehad/Documents/Coding/Python/Turing/Tester_cpp_codebench/tasks/473703/test.cpp:313: Failure
Expected equality of these values:
  mPieces[piece][rotation][x][y]
    Which is: 0
  blockType
    Which is: 2

/Users/ittehad/Documents/Coding/Python/Turing/Tester_cpp_codebench/tasks/473703/test.cpp:313: Failure
Expected equality of these values:
  mPieces[piece][rotation][x][y]
    Which is: 1
  blockType
    Which is: 2

/Users/ittehad/Documents/Coding/Python/Turing/Tester_cpp_codebench/tasks/473703/test.cpp:313: Failure
Expected equality of these values:
  mPieces[piece][rotation][x][y]
    Which is: 1
  blockType
    Which is: 2

/Users/ittehad/Documents/Coding/Python/Turing/Tester_cpp_codebench/tasks/473703/test.cpp:313: Failure
Expected equality of these values:
  mPieces[piece][rotation][x][y]
    Which is: 0
  blockType
    Which is: 2

/Users/ittehad/Documents/Coding/Python/Turing/Tester_cpp_codebench/tasks/473703/test.cpp:313: Failure
Expected equality of these values:
  mPieces[piece][rotation][x][y]
    Which is: 2
  blockType
    Which is: 0

/Users/ittehad/Documents/Coding/Python/Turing/Tester_cpp_codebench/tasks/473703/test.cpp:313: Failure
Expected equality of these values:
  mPieces[piece][rotation][x][y]
    Which is: 0
  blockType
    Which is: 2

/Users/ittehad/Documents/Coding/Python/Turing/Tester_cpp_codebench/tasks/473703/test.cpp:313: Failure
Expected equality of these values:
  mPieces[piece][rotation][x][y]
    Which is: 1
  blockType
    Which is: 0

/Users/ittehad/Documents/Coding/Python/Turing/Tester_cpp_codebench/tasks/473703/test.cpp:313: Failure
Expected equality of these values:
  mPieces[piece][rotation][x][y]
    Which is: 0
  blockType
    Which is: 2

/Users/ittehad/Documents/Coding/Python/Turing/Tester_cpp_codebench/tasks/473703/test.cpp:313: Failure
Expected equality of these values:
  mPieces[piece][rotation][x][y]
    Which is: 0
  blockType
    Which is: 2

/Users/ittehad/Documents/Coding/Python/Turing/Tester_cpp_codebench/tasks/473703/test.cpp:313: Failure
Expected equality of these values:
  mPieces[piece][rotation][x][y]
    Which is: 1
  blockType
    Which is: 0

/Users/ittehad/Documents/Coding/Python/Turing/Tester_cpp_codebench/tasks/473703/test.cpp:313: Failure
Expected equality of these values:
  mPieces[piece][rotation][x][y]
    Which is: 1
  blockType
    Which is: 2

/Users/ittehad/Documents/Coding/Python/Turing/Tester_cpp_codebench/tasks/473703/test.cpp:313: Failure
Expected equality of these values:
  mPieces[piece][rotation][x][y]
    Which is: 1
  blockType
    Which is: 0

/Users/ittehad/Documents/Coding/Python/Turing/Tester_cpp_codebench/tasks/473703/test.cpp:313: Failure
Expected equality of these values:
  mPieces[piece][rotation][x][y]
    Which is: 1
  blockType
    Which is: 0

/Users/ittehad/Documents/Coding/Python/Turing/Tester_cpp_codebench/tasks/473703/test.cpp:313: Failure
Expected equality of these values:
  mPieces[piece][rotation][x][y]
    Which is: 2
  blockType
    Which is: 0

/Users/ittehad/Documents/Coding/Python/Turing/Tester_cpp_codebench/tasks/473703/test.cpp:313: Failure
Expected equality of these values:
  mPieces[piece][rotation][x][y]
    Which is: 0
  blockType
    Which is: 2

/Users/ittehad/Documents/Coding/Python/Turing/Tester_cpp_codebench/tasks/473703/test.cpp:313: Failure
Expected equality of these values:
  mPieces[piece][rotation][x][y]
    Which is: 1
  blockType
    Which is: 2

/Users/ittehad/Documents/Coding/Python/Turing/Tester_cpp_codebench/tasks/473703/test.cpp:313: Failure
Expected equality of these values:
  mPieces[piece][rotation][x][y]
    Which is: 1
  blockType
    Which is: 2

/Users/ittehad/Documents/Coding/Python/Turing/Tester_cpp_codebench/tasks/473703/test.cpp:313: Failure
Expected equality of these values:
  mPieces[piece][rotation][x][y]
    Which is: 0
  blockType
    Which is: 2

/Users/ittehad/Documents/Coding/Python/Turing/Tester_cpp_codebench/tasks/473703/test.cpp:313: Failure
Expected equality of these values:
  mPieces[piece][rotation][x][y]
    Which is: 1
  blockType
    Which is: 0

/Users/ittehad/Documents/Coding/Python/Turing/Tester_cpp_codebench/tasks/473703/test.cpp:313: Failure
Expected equality of these values:
  mPieces[piece][rotation][x][y]
    Which is: 0
  blockType
    Which is: 2

/Users/ittehad/Documents/Coding/Python/Turing/Tester_cpp_codebench/tasks/473703/test.cpp:313: Failure
Expected equality of these values:
  mPieces[piece][rotation][x][y]
    Which is: 0
  blockType
    Which is: 2

/Users/ittehad/Documents/Coding/Python/Turing/Tester_cpp_codebench/tasks/473703/test.cpp:313: Failure
Expected equality of these values:
  mPieces[piece][rotation][x][y]
    Which is: 1
  blockType
    Which is: 0

/Users/ittehad/Documents/Coding/Python/Turing/Tester_cpp_codebench/tasks/473703/test.cpp:313: Failure
Expected equality of these values:
  mPieces[piece][rotation][x][y]
    Which is: 1
  blockType
    Which is: 0

/Users/ittehad/Documents/Coding/Python/Turing/Tester_cpp_codebench/tasks/473703/test.cpp:313: Failure
Expected equality of these values:
  mPieces[piece][rotation][x][y]
    Which is: 0
  blockType
    Which is: 2

/Users/ittehad/Documents/Coding/Python/Turing/Tester_cpp_codebench/tasks/473703/test.cpp:313: Failure
Expected equality of these values:
  mPieces[piece][rotation][x][y]
    Which is: 0
  blockType
    Which is: 2

/Users/ittehad/Documents/Coding/Python/Turing/Tester_cpp_codebench/tasks/473703/test.cpp:313: Failure
Expected equality of these values:
  mPieces[piece][rotation][x][y]
    Which is: 1
  blockType
    Which is: 2

/Users/ittehad/Documents/Coding/Python/Turing/Tester_cpp_codebench/tasks/473703/test.cpp:313: Failure
Expected equality of these values:
  mPieces[piece][rotation][x][y]
    Which is: 1
  blockType
    Which is: 2

/Users/ittehad/Documents/Coding/Python/Turing/Tester_cpp_codebench/tasks/473703/test.cpp:313: Failure
Expected equality of these values:
  mPieces[piece][rotation][x][y]
    Which is: 0
  blockType
    Which is: 2

/Users/ittehad/Documents/Coding/Python/Turing/Tester_cpp_codebench/tasks/473703/test.cpp:313: Failure
Expected equality of these values:
  mPieces[piece][rotation][x][y]
    Which is: 2
  blockType
    Which is: 0

/Users/ittehad/Documents/Coding/Python/Turing/Tester_cpp_codebench/tasks/473703/test.cpp:313: Failure
Expected equality of these values:
  mPieces[piece][rotation][x][y]
    Which is: 1
  blockType
    Which is: 0

/Users/ittehad/Documents/Coding/Python/Turing/Tester_cpp_codebench/tasks/473703/test.cpp:313: Failure
Expected equality of these values:
  mPieces[piece][rotation][x][y]
    Which is: 0
  blockType
    Which is: 2

/Users/ittehad/Documents/Coding/Python/Turing/Tester_cpp_codebench/tasks/473703/test.cpp:313: Failure
Expected equality of these values:
  mPieces[piece][rotation][x][y]
    Which is: 0
  blockType
    Which is: 2

/Users/ittehad/Documents/Coding/Python/Turing/Tester_cpp_codebench/tasks/473703/test.cpp:313: Failure
Expected equality of these values:
  mPieces[piece][rotation][x][y]
    Which is: 1
  blockType
    Which is: 0

/Users/ittehad/Documents/Coding/Python/Turing/Tester_cpp_codebench/tasks/473703/test.cpp:313: Failure
Expected equality of these values:
  mPieces[piece][rotation][x][y]
    Which is: 1
  blockType
    Which is: 2

/Users/ittehad/Documents/Coding/Python/Turing/Tester_cpp_codebench/tasks/473703/test.cpp:313: Failure
Expected equality of these values:
  mPieces[piece][rotation][x][y]
    Which is: 1
  blockType
    Which is: 0

/Users/ittehad/Documents/Coding/Python/Turing/Tester_cpp_codebench/tasks/473703/test.cpp:313: Failure
Expected equality of these values:
  mPieces[piece][rotation][x][y]
    Which is: 1
  blockType
    Which is: 0

/Users/ittehad/Documents/Coding/Python/Turing/Tester_cpp_codebench/tasks/473703/test.cpp:313: Failure
Expected equality of these values:
  mPieces[piece][rotation][x][y]
    Which is: 0
  blockType
    Which is: 2

/Users/ittehad/Documents/Coding/Python/Turing/Tester_cpp_codebench/tasks/473703/test.cpp:313: Failure
Expected equality of these values:
  mPieces[piece][rotation][x][y]
    Which is: 1
  blockType
    Which is: 0

/Users/ittehad/Documents/Coding/Python/Turing/Tester_cpp_codebench/tasks/473703/test.cpp:313: Failure
Expected equality of these values:
  mPieces[piece][rotation][x][y]
    Which is: 1
  blockType
    Which is: 2

/Users/ittehad/Documents/Coding/Python/Turing/Tester_cpp_codebench/tasks/473703/test.cpp:313: Failure
Expected equality of these values:
  mPieces[piece][rotation][x][y]
    Which is: 0
  blockType
    Which is: 2

/Users/ittehad/Documents/Coding/Python/Turing/Tester_cpp_codebench/tasks/473703/test.cpp:313: Failure
Expected equality of these values:
  mPieces[piece][rotation][x][y]
    Which is: 0
  blockType
    Which is: 2

/Users/ittehad/Documents/Coding/Python/Turing/Tester_cpp_codebench/tasks/473703/test.cpp:313: Failure
Expected equality of these values:
  mPieces[piece][rotation][x][y]
    Which is: 1
  blockType
    Which is: 0

/Users/ittehad/Documents/Coding/Python/Turing/Tester_cpp_codebench/tasks/473703/test.cpp:313: Failure
Expected equality of these values:
  mPieces[piece][rotation][x][y]
    Which is: 0
  blockType
    Which is: 2

/Users/ittehad/Documents/Coding/Python/Turing/Tester_cpp_codebench/tasks/473703/test.cpp:313: Failure
Expected equality of these values:
  mPieces[piece][rotation][x][y]
    Which is: 1
  blockType
    Which is: 0

/Users/ittehad/Documents/Coding/Python/Turing/Tester_cpp_codebench/tasks/473703/test.cpp:313: Failure
Expected equality of these values:
  mPieces[piece][rotation][x][y]
    Which is: 1
  blockType
    Which is: 2

/Users/ittehad/Documents/Coding/Python/Turing/Tester_cpp_codebench/tasks/473703/test.cpp:313: Failure
Expected equality of these values:
  mPieces[piece][rotation][x][y]
    Which is: 1
  blockType
    Which is: 0

/Users/ittehad/Documents/Coding/Python/Turing/Tester_cpp_codebench/tasks/473703/test.cpp:313: Failure
Expected equality of these values:
  mPieces[piece][rotation][x][y]
    Which is: 1
  blockType
    Which is: 2

/Users/ittehad/Documents/Coding/Python/Turing/Tester_cpp_codebench/tasks/473703/test.cpp:313: Failure
Expected equality of these values:
  mPieces[piece][rotation][x][y]
    Which is: 1
  blockType
    Which is: 0

/Users/ittehad/Documents/Coding/Python/Turing/Tester_cpp_codebench/tasks/473703/test.cpp:313: Failure
Expected equality of these values:
  mPieces[piece][rotation][x][y]
    Which is: 0
  blockType
    Which is: 2

/Users/ittehad/Documents/Coding/Python/Turing/Tester_cpp_codebench/tasks/473703/test.cpp:313: Failure
Expected equality of these values:
  mPieces[piece][rotation][x][y]
    Which is: 0
  blockType
    Which is: 2

/Users/ittehad/Documents/Coding/Python/Turing/Tester_cpp_codebench/tasks/473703/test.cpp:313: Failure
Expected equality of these values:
  mPieces[piece][rotation][x][y]
    Which is: 1
  blockType
    Which is: 0

/Users/ittehad/Documents/Coding/Python/Turing/Tester_cpp_codebench/tasks/473703/test.cpp:313: Failure
Expected equality of these values:
  mPieces[piece][rotation][x][y]
    Which is: 1
  blockType
    Which is: 2

/Users/ittehad/Documents/Coding/Python/Turing/Tester_cpp_codebench/tasks/473703/test.cpp:313: Failure
Expected equality of these values:
  mPieces[piece][rotation][x][y]
    Which is: 1
  blockType
    Which is: 2

/Users/ittehad/Documents/Coding/Python/Turing/Tester_cpp_codebench/tasks/473703/test.cpp:313: Failure
Expected equality of these values:
  mPieces[piece][rotation][x][y]
    Which is: 0
  blockType
    Which is: 2

/Users/ittehad/Documents/Coding/Python/Turing/Tester_cpp_codebench/tasks/473703/test.cpp:313: Failure
Expected equality of these values:
  mPieces[piece][rotation][x][y]
    Which is: 1
  blockType
    Which is: 0

/Users/ittehad/Documents/Coding/Python/Turing/Tester_cpp_codebench/tasks/473703/test.cpp:313: Failure
Expected equality of these values:
  mPieces[piece][rotation][x][y]
    Which is: 1
  blockType
    Which is: 2

/Users/ittehad/Documents/Coding/Python/Turing/Tester_cpp_codebench/tasks/473703/test.cpp:313: Failure
Expected equality of these values:
  mPieces[piece][rotation][x][y]
    Which is: 0
  blockType
    Which is: 2

/Users/ittehad/Documents/Coding/Python/Turing/Tester_cpp_codebench/tasks/473703/test.cpp:313: Failure
Expected equality of these values:
  mPieces[piece][rotation][x][y]
    Which is: 0
  blockType
    Which is: 2

/Users/ittehad/Documents/Coding/Python/Turing/Tester_cpp_codebench/tasks/473703/test.cpp:313: Failure
Expected equality of these values:
  mPieces[piece][rotation][x][y]
    Which is: 1
  blockType
    Which is: 0

/Users/ittehad/Documents/Coding/Python/Turing/Tester_cpp_codebench/tasks/473703/test.cpp:313: Failure
Expected equality of these values:
  mPieces[piece][rotation][x][y]
    Which is: 0
  blockType
    Which is: 2

/Users/ittehad/Documents/Coding/Python/Turing/Tester_cpp_codebench/tasks/473703/test.cpp:313: Failure
Expected equality of these values:
  mPieces[piece][rotation][x][y]
    Which is: 1
  blockType
    Which is: 2

/Users/ittehad/Documents/Coding/Python/Turing/Tester_cpp_codebench/tasks/473703/test.cpp:313: Failure
Expected equality of these values:
  mPieces[piece][rotation][x][y]
    Which is: 1
  blockType
    Which is: 0

/Users/ittehad/Documents/Coding/Python/Turing/Tester_cpp_codebench/tasks/473703/test.cpp:313: Failure
Expected equality of these values:
  mPieces[piece][rotation][x][y]
    Which is: 1
  blockType
    Which is: 2

/Users/ittehad/Documents/Coding/Python/Turing/Tester_cpp_codebench/tasks/473703/test.cpp:313: Failure
Expected equality of these values:
  mPieces[piece][rotation][x][y]
    Which is: 1
  blockType
    Which is: 0

/Users/ittehad/Documents/Coding/Python/Turing/Tester_cpp_codebench/tasks/473703/test.cpp:313: Failure
Expected equality of these values:
  mPieces[piece][rotation][x][y]
    Which is: 1
  blockType
    Which is: 0

/Users/ittehad/Documents/Coding/Python/Turing/Tester_cpp_codebench/tasks/473703/test.cpp:313: Failure
Expected equality of these values:
  mPieces[piece][rotation][x][y]
    Which is: 0
  blockType
    Which is: 2

/Users/ittehad/Documents/Coding/Python/Turing/Tester_cpp_codebench/tasks/473703/test.cpp:313: Failure
Expected equality of these values:
  mPieces[piece][rotation][x][y]
    Which is: 0
  blockType
    Which is: 2

/Users/ittehad/Documents/Coding/Python/Turing/Tester_cpp_codebench/tasks/473703/test.cpp:313: Failure
Expected equality of these values:
  mPieces[piece][rotation][x][y]
    Which is: 1
  blockType
    Which is: 2

/Users/ittehad/Documents/Coding/Python/Turing/Tester_cpp_codebench/tasks/473703/test.cpp:313: Failure
Expected equality of these values:
  mPieces[piece][rotation][x][y]
    Which is: 1
  blockType
    Which is: 0

/Users/ittehad/Documents/Coding/Python/Turing/Tester_cpp_codebench/tasks/473703/test.cpp:313: Failure
Expected equality of these values:
  mPieces[piece][rotation][x][y]
    Which is: 1
  blockType
    Which is: 2

/Users/ittehad/Documents/Coding/Python/Turing/Tester_cpp_codebench/tasks/473703/test.cpp:313: Failure
Expected equality of these values:
  mPieces[piece][rotation][x][y]
    Which is: 1
  blockType
    Which is: 0

/Users/ittehad/Documents/Coding/Python/Turing/Tester_cpp_codebench/tasks/473703/test.cpp:313: Failure
Expected equality of these values:
  mPieces[piece][rotation][x][y]
    Which is: 0
  blockType
    Which is: 2

/Users/ittehad/Documents/Coding/Python/Turing/Tester_cpp_codebench/tasks/473703/test.cpp:313: Failure
Expected equality of these values:
  mPieces[piece][rotation][x][y]
    Which is: 0
  blockType
    Which is: 2

/Users/ittehad/Documents/Coding/Python/Turing/Tester_cpp_codebench/tasks/473703/test.cpp:313: Failure
Expected equality of these values:
  mPieces[piece][rotation][x][y]
    Which is: 1
  blockType
    Which is: 0

/Users/ittehad/Documents/Coding/Python/Turing/Tester_cpp_codebench/tasks/473703/test.cpp:313: Failure
Expected equality of these values:
  mPieces[piece][rotation][x][y]
    Which is: 0
  blockType
    Which is: 2

/Users/ittehad/Documents/Coding/Python/Turing/Tester_cpp_codebench/tasks/473703/test.cpp:313: Failure
Expected equality of these values:
  mPieces[piece][rotation][x][y]
    Which is: 1
  blockType
    Which is: 2

/Users/ittehad/Documents/Coding/Python/Turing/Tester_cpp_codebench/tasks/473703/test.cpp:313: Failure
Expected equality of these values:
  mPieces[piece][rotation][x][y]
    Which is: 1
  blockType
    Which is: 2

/Users/ittehad/Documents/Coding/Python/Turing/Tester_cpp_codebench/tasks/473703/test.cpp:313: Failure
Expected equality of these values:
  mPieces[piece][rotation][x][y]
    Which is: 0
  blockType
    Which is: 2

/Users/ittehad/Documents/Coding/Python/Turing/Tester_cpp_codebench/tasks/473703/test.cpp:313: Failure
Expected equality of these values:
  mPieces[piece][rotation][x][y]
    Which is: 1
  blockType
    Which is: 2

/Users/ittehad/Documents/Coding/Python/Turing/Tester_cpp_codebench/tasks/473703/test.cpp:313: Failure
Expected equality of these values:
  mPieces[piece][rotation][x][y]
    Which is: 1
  blockType
    Which is: 0

/Users/ittehad/Documents/Coding/Python/Turing/Tester_cpp_codebench/tasks/473703/test.cpp:313: Failure
Expected equality of these values:
  mPieces[piece][rotation][x][y]
    Which is: 1
  blockType
    Which is: 2

/Users/ittehad/Documents/Coding/Python/Turing/Tester_cpp_codebench/tasks/473703/test.cpp:313: Failure
Expected equality of these values:
  mPieces[piece][rotation][x][y]
    Which is: 1
  blockType
    Which is: 2

/Users/ittehad/Documents/Coding/Python/Turing/Tester_cpp_codebench/tasks/473703/test.cpp:313: Failure
Expected equality of these values:
  mPieces[piece][rotation][x][y]
    Which is: 1
  blockType
    Which is: 2

/Users/ittehad/Documents/Coding/Python/Turing/Tester_cpp_codebench/tasks/473703/test.cpp:313: Failure
Expected equality of these values:
  mPieces[piece][rotation][x][y]
    Which is: 0
  blockType
    Which is: 2

/Users/ittehad/Documents/Coding/Python/Turing/Tester_cpp_codebench/tasks/473703/test.cpp:313: Failure
Expected equality of these values:
  mPieces[piece][rotation][x][y]
    Which is: 1
  blockType
    Which is: 0

/Users/ittehad/Documents/Coding/Python/Turing/Tester_cpp_codebench/tasks/473703/test.cpp:313: Failure
Expected equality of these values:
  mPieces[piece][rotation][x][y]
    Which is: 1
  blockType
    Which is: 2

/Users/ittehad/Documents/Coding/Python/Turing/Tester_cpp_codebench/tasks/473703/test.cpp:313: Failure
Expected equality of these values:
  mPieces[piece][rotation][x][y]
    Which is: 1
  blockType
    Which is: 0

/Users/ittehad/Documents/Coding/Python/Turing/Tester_cpp_codebench/tasks/473703/test.cpp:313: Failure
Expected equality of these values:
  mPieces[piece][rotation][x][y]
    Which is: 1
  blockType
    Which is: 2

/Users/ittehad/Documents/Coding/Python/Turing/Tester_cpp_codebench/tasks/473703/test.cpp:313: Failure
Expected equality of these values:
  mPieces[piece][rotation][x][y]
    Which is: 0
  blockType
    Which is: 2

[  FAILED  ] TestrisTest.AllRotationsBlockTypeCorrectness (1 ms)
[ RUN      ] TestrisTest.AllPiecesInitialPositionCorrectness
/Users/ittehad/Documents/Coding/Python/Turing/Tester_cpp_codebench/tasks/473703/test.cpp:347: Failure
Expected equality of these values:
  expected[piece][rotation][0]
    Which is: -2
  xPos
    Which is: -3
X initial position mismatch for piece=1, rotation=0

/Users/ittehad/Documents/Coding/Python/Turing/Tester_cpp_codebench/tasks/473703/test.cpp:350: Failure
Expected equality of these values:
  expected[piece][rotation][1]
    Which is: -2
  yPos
    Which is: -4
Y initial position mismatch for piece=1, rotation=0

/Users/ittehad/Documents/Coding/Python/Turing/Tester_cpp_codebench/tasks/473703/test.cpp:347: Failure
Expected equality of these values:
  expected[piece][rotation][0]
    Which is: -2
  xPos
    Which is: -3
X initial position mismatch for piece=1, rotation=2

/Users/ittehad/Documents/Coding/Python/Turing/Tester_cpp_codebench/tasks/473703/test.cpp:350: Failure
Expected equality of these values:
  expected[piece][rotation][1]
    Which is: -2
  yPos
    Which is: -4
Y initial position mismatch for piece=1, rotation=2

/Users/ittehad/Documents/Coding/Python/Turing/Tester_cpp_codebench/tasks/473703/test.cpp:350: Failure
Expected equality of these values:
  expected[piece][rotation][1]
    Which is: -2
  yPos
    Which is: -3
Y initial position mismatch for piece=2, rotation=3

/Users/ittehad/Documents/Coding/Python/Turing/Tester_cpp_codebench/tasks/473703/test.cpp:350: Failure
Expected equality of these values:
  expected[piece][rotation][1]
    Which is: -2
  yPos
    Which is: -3
Y initial position mismatch for piece=3, rotation=1

/Users/ittehad/Documents/Coding/Python/Turing/Tester_cpp_codebench/tasks/473703/test.cpp:350: Failure
Expected equality of these values:
  expected[piece][rotation][1]
    Which is: -2
  yPos
    Which is: -3
Y initial position mismatch for piece=4, rotation=3

/Users/ittehad/Documents/Coding/Python/Turing/Tester_cpp_codebench/tasks/473703/test.cpp:350: Failure
Expected equality of these values:
  expected[piece][rotation][1]
    Which is: -2
  yPos
    Which is: -3
Y initial position mismatch for piece=5, rotation=3

/Users/ittehad/Documents/Coding/Python/Turing/Tester_cpp_codebench/tasks/473703/test.cpp:350: Failure
Expected equality of these values:
  expected[piece][rotation][1]
    Which is: -2
  yPos
    Which is: -3
Y initial position mismatch for piece=6, rotation=3

[  FAILED  ] TestrisTest.AllPiecesInitialPositionCorrectness (0 ms)
[----------] 7 tests from TestrisTest (1 ms total)

[----------] Global test environment tear-down
[==========] 7 tests from 1 test suite ran. (1 ms total)
[  PASSED  ] 3 tests.
[  FAILED  ] 4 tests, listed below:
[  FAILED  ] TestrisTest.BlockTypeCorrectness
[  FAILED  ] TestrisTest.InitialPositionCorrectness
[  FAILED  ] TestrisTest.AllRotationsBlockTypeCorrectness
[  FAILED  ] TestrisTest.AllPiecesInitialPositionCorrectness

 4 FAILED TESTS
<end of output>
Test time =   0.01 sec
----------------------------------------------------------
Test Failed.
"model6_tests" end time: Jan 31 22:26 +06
"model6_tests" time elapsed: 00:00:00
----------------------------------------------------------

9/11 Testing: model7_tests
9/11 Test: model7_tests
Command: "/Users/ittehad/Documents/Coding/Python/Turing/Tester_cpp_codebench/tasks/473703/build/model7_tests"
Directory: /Users/ittehad/Documents/Coding/Python/Turing/Tester_cpp_codebench/tasks/473703/build
"model7_tests" start time: Jan 31 22:26 +06
Output:
----------------------------------------------------------
Running main() from /Users/ittehad/Documents/Coding/Python/Turing/Tester_cpp_codebench/tasks/473703/build/_deps/googletest-src/googletest/src/gtest_main.cc
[==========] Running 7 tests from 1 test suite.
[----------] Global test environment set-up.
[----------] 7 tests from TestrisTest
[ RUN      ] TestrisTest.BlockTypeCorrectness
/Users/ittehad/Documents/Coding/Python/Turing/Tester_cpp_codebench/tasks/473703/test.cpp:250: Failure
Expected equality of these values:
  2
  pieces.GetBlockType(1, 1, 2, 2)
    Which is: 1

[  FAILED  ] TestrisTest.BlockTypeCorrectness (0 ms)
[ RUN      ] TestrisTest.InitialPositionCorrectness
/Users/ittehad/Documents/Coding/Python/Turing/Tester_cpp_codebench/tasks/473703/test.cpp:259: Failure
Expected equality of these values:
  -3
  pieces.GetYInitialPosition(1, 3)
    Which is: -2

/Users/ittehad/Documents/Coding/Python/Turing/Tester_cpp_codebench/tasks/473703/test.cpp:268: Failure
Expected equality of these values:
  -2
  pieces.GetXInitialPosition(1, 1)
    Which is: -3

[  FAILED  ] TestrisTest.InitialPositionCorrectness (0 ms)
[ RUN      ] TestrisTest.StorePieceTest
[       OK ] TestrisTest.StorePieceTest (0 ms)
[ RUN      ] TestrisTest.PieceStorageBoundaryTest
[       OK ] TestrisTest.PieceStorageBoundaryTest (0 ms)
[ RUN      ] TestrisTest.DeleteLineTest
[       OK ] TestrisTest.DeleteLineTest (0 ms)
[ RUN      ] TestrisTest.AllRotationsBlockTypeCorrectness
/Users/ittehad/Documents/Coding/Python/Turing/Tester_cpp_codebench/tasks/473703/test.cpp:313: Failure
Expected equality of these values:
  mPieces[piece][rotation][x][y]
    Which is: 0
  blockType
    Which is: 1

/Users/ittehad/Documents/Coding/Python/Turing/Tester_cpp_codebench/tasks/473703/test.cpp:313: Failure
Expected equality of these values:
  mPieces[piece][rotation][x][y]
    Which is: 1
  blockType
    Which is: 0

/Users/ittehad/Documents/Coding/Python/Turing/Tester_cpp_codebench/tasks/473703/test.cpp:313: Failure
Expected equality of these values:
  mPieces[piece][rotation][x][y]
    Which is: 2
  blockType
    Which is: 1

/Users/ittehad/Documents/Coding/Python/Turing/Tester_cpp_codebench/tasks/473703/test.cpp:313: Failure
Expected equality of these values:
  mPieces[piece][rotation][x][y]
    Which is: 1
  blockType
    Which is: 0

/Users/ittehad/Documents/Coding/Python/Turing/Tester_cpp_codebench/tasks/473703/test.cpp:313: Failure
Expected equality of these values:
  mPieces[piece][rotation][x][y]
    Which is: 1
  blockType
    Which is: 0

/Users/ittehad/Documents/Coding/Python/Turing/Tester_cpp_codebench/tasks/473703/test.cpp:313: Failure
Expected equality of these values:
  mPieces[piece][rotation][x][y]
    Which is: 0
  blockType
    Which is: 1

/Users/ittehad/Documents/Coding/Python/Turing/Tester_cpp_codebench/tasks/473703/test.cpp:313: Failure
Expected equality of these values:
  mPieces[piece][rotation][x][y]
    Which is: 0
  blockType
    Which is: 1

/Users/ittehad/Documents/Coding/Python/Turing/Tester_cpp_codebench/tasks/473703/test.cpp:313: Failure
Expected equality of these values:
  mPieces[piece][rotation][x][y]
    Which is: 1
  blockType
    Which is: 0

/Users/ittehad/Documents/Coding/Python/Turing/Tester_cpp_codebench/tasks/473703/test.cpp:313: Failure
Expected equality of these values:
  mPieces[piece][rotation][x][y]
    Which is: 0
  blockType
    Which is: 1

/Users/ittehad/Documents/Coding/Python/Turing/Tester_cpp_codebench/tasks/473703/test.cpp:313: Failure
Expected equality of these values:
  mPieces[piece][rotation][x][y]
    Which is: 2
  blockType
    Which is: 1

/Users/ittehad/Documents/Coding/Python/Turing/Tester_cpp_codebench/tasks/473703/test.cpp:313: Failure
Expected equality of these values:
  mPieces[piece][rotation][x][y]
    Which is: 0
  blockType
    Which is: 1

/Users/ittehad/Documents/Coding/Python/Turing/Tester_cpp_codebench/tasks/473703/test.cpp:313: Failure
Expected equality of these values:
  mPieces[piece][rotation][x][y]
    Which is: 0
  blockType
    Which is: 1

/Users/ittehad/Documents/Coding/Python/Turing/Tester_cpp_codebench/tasks/473703/test.cpp:313: Failure
Expected equality of these values:
  mPieces[piece][rotation][x][y]
    Which is: 1
  blockType
    Which is: 0

/Users/ittehad/Documents/Coding/Python/Turing/Tester_cpp_codebench/tasks/473703/test.cpp:313: Failure
Expected equality of these values:
  mPieces[piece][rotation][x][y]
    Which is: 1
  blockType
    Which is: 0

/Users/ittehad/Documents/Coding/Python/Turing/Tester_cpp_codebench/tasks/473703/test.cpp:313: Failure
Expected equality of these values:
  mPieces[piece][rotation][x][y]
    Which is: 0
  blockType
    Which is: 1

/Users/ittehad/Documents/Coding/Python/Turing/Tester_cpp_codebench/tasks/473703/test.cpp:313: Failure
Expected equality of these values:
  mPieces[piece][rotation][x][y]
    Which is: 0
  blockType
    Which is: 1

/Users/ittehad/Documents/Coding/Python/Turing/Tester_cpp_codebench/tasks/473703/test.cpp:313: Failure
Expected equality of these values:
  mPieces[piece][rotation][x][y]
    Which is: 1
  blockType
    Which is: 0

/Users/ittehad/Documents/Coding/Python/Turing/Tester_cpp_codebench/tasks/473703/test.cpp:313: Failure
Expected equality of these values:
  mPieces[piece][rotation][x][y]
    Which is: 1
  blockType
    Which is: 0

/Users/ittehad/Documents/Coding/Python/Turing/Tester_cpp_codebench/tasks/473703/test.cpp:313: Failure
Expected equality of these values:
  mPieces[piece][rotation][x][y]
    Which is: 2
  blockType
    Which is: 1

/Users/ittehad/Documents/Coding/Python/Turing/Tester_cpp_codebench/tasks/473703/test.cpp:313: Failure
Expected equality of these values:
  mPieces[piece][rotation][x][y]
    Which is: 1
  blockType
    Which is: 0

/Users/ittehad/Documents/Coding/Python/Turing/Tester_cpp_codebench/tasks/473703/test.cpp:313: Failure
Expected equality of these values:
  mPieces[piece][rotation][x][y]
    Which is: 0
  blockType
    Which is: 1

/Users/ittehad/Documents/Coding/Python/Turing/Tester_cpp_codebench/tasks/473703/test.cpp:313: Failure
Expected equality of these values:
  mPieces[piece][rotation][x][y]
    Which is: 1
  blockType
    Which is: 0

/Users/ittehad/Documents/Coding/Python/Turing/Tester_cpp_codebench/tasks/473703/test.cpp:313: Failure
Expected equality of these values:
  mPieces[piece][rotation][x][y]
    Which is: 1
  blockType
    Which is: 0

/Users/ittehad/Documents/Coding/Python/Turing/Tester_cpp_codebench/tasks/473703/test.cpp:313: Failure
Expected equality of these values:
  mPieces[piece][rotation][x][y]
    Which is: 0
  blockType
    Which is: 1

/Users/ittehad/Documents/Coding/Python/Turing/Tester_cpp_codebench/tasks/473703/test.cpp:313: Failure
Expected equality of these values:
  mPieces[piece][rotation][x][y]
    Which is: 2
  blockType
    Which is: 1

/Users/ittehad/Documents/Coding/Python/Turing/Tester_cpp_codebench/tasks/473703/test.cpp:313: Failure
Expected equality of these values:
  mPieces[piece][rotation][x][y]
    Which is: 0
  blockType
    Which is: 1

/Users/ittehad/Documents/Coding/Python/Turing/Tester_cpp_codebench/tasks/473703/test.cpp:313: Failure
Expected equality of these values:
  mPieces[piece][rotation][x][y]
    Which is: 0
  blockType
    Which is: 1

/Users/ittehad/Documents/Coding/Python/Turing/Tester_cpp_codebench/tasks/473703/test.cpp:313: Failure
Expected equality of these values:
  mPieces[piece][rotation][x][y]
    Which is: 1
  blockType
    Which is: 0

/Users/ittehad/Documents/Coding/Python/Turing/Tester_cpp_codebench/tasks/473703/test.cpp:313: Failure
Expected equality of these values:
  mPieces[piece][rotation][x][y]
    Which is: 1
  blockType
    Which is: 0

/Users/ittehad/Documents/Coding/Python/Turing/Tester_cpp_codebench/tasks/473703/test.cpp:313: Failure
Expected equality of these values:
  mPieces[piece][rotation][x][y]
    Which is: 0
  blockType
    Which is: 2

/Users/ittehad/Documents/Coding/Python/Turing/Tester_cpp_codebench/tasks/473703/test.cpp:313: Failure
Expected equality of these values:
  mPieces[piece][rotation][x][y]
    Which is: 0
  blockType
    Which is: 2

/Users/ittehad/Documents/Coding/Python/Turing/Tester_cpp_codebench/tasks/473703/test.cpp:313: Failure
Expected equality of these values:
  mPieces[piece][rotation][x][y]
    Which is: 1
  blockType
    Which is: 0

/Users/ittehad/Documents/Coding/Python/Turing/Tester_cpp_codebench/tasks/473703/test.cpp:313: Failure
Expected equality of these values:
  mPieces[piece][rotation][x][y]
    Which is: 1
  blockType
    Which is: 2

/Users/ittehad/Documents/Coding/Python/Turing/Tester_cpp_codebench/tasks/473703/test.cpp:313: Failure
Expected equality of these values:
  mPieces[piece][rotation][x][y]
    Which is: 1
  blockType
    Which is: 2

/Users/ittehad/Documents/Coding/Python/Turing/Tester_cpp_codebench/tasks/473703/test.cpp:313: Failure
Expected equality of these values:
  mPieces[piece][rotation][x][y]
    Which is: 1
  blockType
    Which is: 2

/Users/ittehad/Documents/Coding/Python/Turing/Tester_cpp_codebench/tasks/473703/test.cpp:313: Failure
Expected equality of these values:
  mPieces[piece][rotation][x][y]
    Which is: 1
  blockType
    Which is: 2

/Users/ittehad/Documents/Coding/Python/Turing/Tester_cpp_codebench/tasks/473703/test.cpp:313: Failure
Expected equality of these values:
  mPieces[piece][rotation][x][y]
    Which is: 1
  blockType
    Which is: 0

/Users/ittehad/Documents/Coding/Python/Turing/Tester_cpp_codebench/tasks/473703/test.cpp:313: Failure
Expected equality of these values:
  mPieces[piece][rotation][x][y]
    Which is: 1
  blockType
    Which is: 2

/Users/ittehad/Documents/Coding/Python/Turing/Tester_cpp_codebench/tasks/473703/test.cpp:313: Failure
Expected equality of these values:
  mPieces[piece][rotation][x][y]
    Which is: 1
  blockType
    Which is: 2

/Users/ittehad/Documents/Coding/Python/Turing/Tester_cpp_codebench/tasks/473703/test.cpp:313: Failure
Expected equality of these values:
  mPieces[piece][rotation][x][y]
    Which is: 0
  blockType
    Which is: 2

/Users/ittehad/Documents/Coding/Python/Turing/Tester_cpp_codebench/tasks/473703/test.cpp:313: Failure
Expected equality of these values:
  mPieces[piece][rotation][x][y]
    Which is: 1
  blockType
    Which is: 2

/Users/ittehad/Documents/Coding/Python/Turing/Tester_cpp_codebench/tasks/473703/test.cpp:313: Failure
Expected equality of these values:
  mPieces[piece][rotation][x][y]
    Which is: 1
  blockType
    Which is: 2

/Users/ittehad/Documents/Coding/Python/Turing/Tester_cpp_codebench/tasks/473703/test.cpp:313: Failure
Expected equality of these values:
  mPieces[piece][rotation][x][y]
    Which is: 1
  blockType
    Which is: 2

/Users/ittehad/Documents/Coding/Python/Turing/Tester_cpp_codebench/tasks/473703/test.cpp:313: Failure
Expected equality of these values:
  mPieces[piece][rotation][x][y]
    Which is: 1
  blockType
    Which is: 2

/Users/ittehad/Documents/Coding/Python/Turing/Tester_cpp_codebench/tasks/473703/test.cpp:313: Failure
Expected equality of these values:
  mPieces[piece][rotation][x][y]
    Which is: 0
  blockType
    Which is: 2

/Users/ittehad/Documents/Coding/Python/Turing/Tester_cpp_codebench/tasks/473703/test.cpp:313: Failure
Expected equality of these values:
  mPieces[piece][rotation][x][y]
    Which is: 1
  blockType
    Which is: 0

/Users/ittehad/Documents/Coding/Python/Turing/Tester_cpp_codebench/tasks/473703/test.cpp:313: Failure
Expected equality of these values:
  mPieces[piece][rotation][x][y]
    Which is: 1
  blockType
    Which is: 2

/Users/ittehad/Documents/Coding/Python/Turing/Tester_cpp_codebench/tasks/473703/test.cpp:313: Failure
Expected equality of these values:
  mPieces[piece][rotation][x][y]
    Which is: 1
  blockType
    Which is: 0

/Users/ittehad/Documents/Coding/Python/Turing/Tester_cpp_codebench/tasks/473703/test.cpp:313: Failure
Expected equality of these values:
  mPieces[piece][rotation][x][y]
    Which is: 1
  blockType
    Which is: 2

/Users/ittehad/Documents/Coding/Python/Turing/Tester_cpp_codebench/tasks/473703/test.cpp:313: Failure
Expected equality of these values:
  mPieces[piece][rotation][x][y]
    Which is: 1
  blockType
    Which is: 2

/Users/ittehad/Documents/Coding/Python/Turing/Tester_cpp_codebench/tasks/473703/test.cpp:313: Failure
Expected equality of these values:
  mPieces[piece][rotation][x][y]
    Which is: 0
  blockType
    Which is: 2

/Users/ittehad/Documents/Coding/Python/Turing/Tester_cpp_codebench/tasks/473703/test.cpp:313: Failure
Expected equality of these values:
  mPieces[piece][rotation][x][y]
    Which is: 1
  blockType
    Which is: 0

/Users/ittehad/Documents/Coding/Python/Turing/Tester_cpp_codebench/tasks/473703/test.cpp:313: Failure
Expected equality of these values:
  mPieces[piece][rotation][x][y]
    Which is: 1
  blockType
    Which is: 2

/Users/ittehad/Documents/Coding/Python/Turing/Tester_cpp_codebench/tasks/473703/test.cpp:313: Failure
Expected equality of these values:
  mPieces[piece][rotation][x][y]
    Which is: 2
  blockType
    Which is: 0

/Users/ittehad/Documents/Coding/Python/Turing/Tester_cpp_codebench/tasks/473703/test.cpp:313: Failure
Expected equality of these values:
  mPieces[piece][rotation][x][y]
    Which is: 0
  blockType
    Which is: 2

/Users/ittehad/Documents/Coding/Python/Turing/Tester_cpp_codebench/tasks/473703/test.cpp:313: Failure
Expected equality of these values:
  mPieces[piece][rotation][x][y]
    Which is: 1
  blockType
    Which is: 2

/Users/ittehad/Documents/Coding/Python/Turing/Tester_cpp_codebench/tasks/473703/test.cpp:313: Failure
Expected equality of these values:
  mPieces[piece][rotation][x][y]
    Which is: 0
  blockType
    Which is: 2

/Users/ittehad/Documents/Coding/Python/Turing/Tester_cpp_codebench/tasks/473703/test.cpp:313: Failure
Expected equality of these values:
  mPieces[piece][rotation][x][y]
    Which is: 0
  blockType
    Which is: 2

/Users/ittehad/Documents/Coding/Python/Turing/Tester_cpp_codebench/tasks/473703/test.cpp:313: Failure
Expected equality of these values:
  mPieces[piece][rotation][x][y]
    Which is: 1
  blockType
    Which is: 2

/Users/ittehad/Documents/Coding/Python/Turing/Tester_cpp_codebench/tasks/473703/test.cpp:313: Failure
Expected equality of these values:
  mPieces[piece][rotation][x][y]
    Which is: 1
  blockType
    Which is: 2

/Users/ittehad/Documents/Coding/Python/Turing/Tester_cpp_codebench/tasks/473703/test.cpp:313: Failure
Expected equality of these values:
  mPieces[piece][rotation][x][y]
    Which is: 1
  blockType
    Which is: 0

/Users/ittehad/Documents/Coding/Python/Turing/Tester_cpp_codebench/tasks/473703/test.cpp:313: Failure
Expected equality of these values:
  mPieces[piece][rotation][x][y]
    Which is: 0
  blockType
    Which is: 2

/Users/ittehad/Documents/Coding/Python/Turing/Tester_cpp_codebench/tasks/473703/test.cpp:313: Failure
Expected equality of these values:
  mPieces[piece][rotation][x][y]
    Which is: 1
  blockType
    Which is: 0

/Users/ittehad/Documents/Coding/Python/Turing/Tester_cpp_codebench/tasks/473703/test.cpp:313: Failure
Expected equality of these values:
  mPieces[piece][rotation][x][y]
    Which is: 1
  blockType
    Which is: 2

/Users/ittehad/Documents/Coding/Python/Turing/Tester_cpp_codebench/tasks/473703/test.cpp:313: Failure
Expected equality of these values:
  mPieces[piece][rotation][x][y]
    Which is: 1
  blockType
    Which is: 0

/Users/ittehad/Documents/Coding/Python/Turing/Tester_cpp_codebench/tasks/473703/test.cpp:313: Failure
Expected equality of these values:
  mPieces[piece][rotation][x][y]
    Which is: 0
  blockType
    Which is: 2

/Users/ittehad/Documents/Coding/Python/Turing/Tester_cpp_codebench/tasks/473703/test.cpp:313: Failure
Expected equality of these values:
  mPieces[piece][rotation][x][y]
    Which is: 0
  blockType
    Which is: 2

/Users/ittehad/Documents/Coding/Python/Turing/Tester_cpp_codebench/tasks/473703/test.cpp:313: Failure
Expected equality of these values:
  mPieces[piece][rotation][x][y]
    Which is: 0
  blockType
    Which is: 2

/Users/ittehad/Documents/Coding/Python/Turing/Tester_cpp_codebench/tasks/473703/test.cpp:313: Failure
Expected equality of these values:
  mPieces[piece][rotation][x][y]
    Which is: 1
  blockType
    Which is: 2

/Users/ittehad/Documents/Coding/Python/Turing/Tester_cpp_codebench/tasks/473703/test.cpp:313: Failure
Expected equality of these values:
  mPieces[piece][rotation][x][y]
    Which is: 1
  blockType
    Which is: 0

/Users/ittehad/Documents/Coding/Python/Turing/Tester_cpp_codebench/tasks/473703/test.cpp:313: Failure
Expected equality of these values:
  mPieces[piece][rotation][x][y]
    Which is: 1
  blockType
    Which is: 0

/Users/ittehad/Documents/Coding/Python/Turing/Tester_cpp_codebench/tasks/473703/test.cpp:313: Failure
Expected equality of these values:
  mPieces[piece][rotation][x][y]
    Which is: 1
  blockType
    Which is: 2

/Users/ittehad/Documents/Coding/Python/Turing/Tester_cpp_codebench/tasks/473703/test.cpp:313: Failure
Expected equality of these values:
  mPieces[piece][rotation][x][y]
    Which is: 0
  blockType
    Which is: 2

/Users/ittehad/Documents/Coding/Python/Turing/Tester_cpp_codebench/tasks/473703/test.cpp:313: Failure
Expected equality of these values:
  mPieces[piece][rotation][x][y]
    Which is: 1
  blockType
    Which is: 0

/Users/ittehad/Documents/Coding/Python/Turing/Tester_cpp_codebench/tasks/473703/test.cpp:313: Failure
Expected equality of these values:
  mPieces[piece][rotation][x][y]
    Which is: 0
  blockType
    Which is: 2

/Users/ittehad/Documents/Coding/Python/Turing/Tester_cpp_codebench/tasks/473703/test.cpp:313: Failure
Expected equality of these values:
  mPieces[piece][rotation][x][y]
    Which is: 1
  blockType
    Which is: 0

/Users/ittehad/Documents/Coding/Python/Turing/Tester_cpp_codebench/tasks/473703/test.cpp:313: Failure
Expected equality of these values:
  mPieces[piece][rotation][x][y]
    Which is: 1
  blockType
    Which is: 0

/Users/ittehad/Documents/Coding/Python/Turing/Tester_cpp_codebench/tasks/473703/test.cpp:313: Failure
Expected equality of these values:
  mPieces[piece][rotation][x][y]
    Which is: 1
  blockType
    Which is: 0

/Users/ittehad/Documents/Coding/Python/Turing/Tester_cpp_codebench/tasks/473703/test.cpp:313: Failure
Expected equality of these values:
  mPieces[piece][rotation][x][y]
    Which is: 0
  blockType
    Which is: 2

/Users/ittehad/Documents/Coding/Python/Turing/Tester_cpp_codebench/tasks/473703/test.cpp:313: Failure
Expected equality of these values:
  mPieces[piece][rotation][x][y]
    Which is: 1
  blockType
    Which is: 0

/Users/ittehad/Documents/Coding/Python/Turing/Tester_cpp_codebench/tasks/473703/test.cpp:313: Failure
Expected equality of these values:
  mPieces[piece][rotation][x][y]
    Which is: 0
  blockType
    Which is: 2

/Users/ittehad/Documents/Coding/Python/Turing/Tester_cpp_codebench/tasks/473703/test.cpp:313: Failure
Expected equality of these values:
  mPieces[piece][rotation][x][y]
    Which is: 0
  blockType
    Which is: 2

/Users/ittehad/Documents/Coding/Python/Turing/Tester_cpp_codebench/tasks/473703/test.cpp:313: Failure
Expected equality of these values:
  mPieces[piece][rotation][x][y]
    Which is: 1
  blockType
    Which is: 2

/Users/ittehad/Documents/Coding/Python/Turing/Tester_cpp_codebench/tasks/473703/test.cpp:313: Failure
Expected equality of these values:
  mPieces[piece][rotation][x][y]
    Which is: 0
  blockType
    Which is: 2

/Users/ittehad/Documents/Coding/Python/Turing/Tester_cpp_codebench/tasks/473703/test.cpp:313: Failure
Expected equality of these values:
  mPieces[piece][rotation][x][y]
    Which is: 1
  blockType
    Which is: 0

/Users/ittehad/Documents/Coding/Python/Turing/Tester_cpp_codebench/tasks/473703/test.cpp:313: Failure
Expected equality of these values:
  mPieces[piece][rotation][x][y]
    Which is: 1
  blockType
    Which is: 2

/Users/ittehad/Documents/Coding/Python/Turing/Tester_cpp_codebench/tasks/473703/test.cpp:313: Failure
Expected equality of these values:
  mPieces[piece][rotation][x][y]
    Which is: 0
  blockType
    Which is: 2

/Users/ittehad/Documents/Coding/Python/Turing/Tester_cpp_codebench/tasks/473703/test.cpp:313: Failure
Expected equality of these values:
  mPieces[piece][rotation][x][y]
    Which is: 1
  blockType
    Which is: 0

/Users/ittehad/Documents/Coding/Python/Turing/Tester_cpp_codebench/tasks/473703/test.cpp:313: Failure
Expected equality of these values:
  mPieces[piece][rotation][x][y]
    Which is: 1
  blockType
    Which is: 0

/Users/ittehad/Documents/Coding/Python/Turing/Tester_cpp_codebench/tasks/473703/test.cpp:313: Failure
Expected equality of these values:
  mPieces[piece][rotation][x][y]
    Which is: 1
  blockType
    Which is: 2

/Users/ittehad/Documents/Coding/Python/Turing/Tester_cpp_codebench/tasks/473703/test.cpp:313: Failure
Expected equality of these values:
  mPieces[piece][rotation][x][y]
    Which is: 0
  blockType
    Which is: 2

/Users/ittehad/Documents/Coding/Python/Turing/Tester_cpp_codebench/tasks/473703/test.cpp:313: Failure
Expected equality of these values:
  mPieces[piece][rotation][x][y]
    Which is: 1
  blockType
    Which is: 0

/Users/ittehad/Documents/Coding/Python/Turing/Tester_cpp_codebench/tasks/473703/test.cpp:313: Failure
Expected equality of these values:
  mPieces[piece][rotation][x][y]
    Which is: 0
  blockType
    Which is: 2

/Users/ittehad/Documents/Coding/Python/Turing/Tester_cpp_codebench/tasks/473703/test.cpp:313: Failure
Expected equality of these values:
  mPieces[piece][rotation][x][y]
    Which is: 1
  blockType
    Which is: 0

/Users/ittehad/Documents/Coding/Python/Turing/Tester_cpp_codebench/tasks/473703/test.cpp:313: Failure
Expected equality of these values:
  mPieces[piece][rotation][x][y]
    Which is: 0
  blockType
    Which is: 2

/Users/ittehad/Documents/Coding/Python/Turing/Tester_cpp_codebench/tasks/473703/test.cpp:313: Failure
Expected equality of these values:
  mPieces[piece][rotation][x][y]
    Which is: 1
  blockType
    Which is: 0

/Users/ittehad/Documents/Coding/Python/Turing/Tester_cpp_codebench/tasks/473703/test.cpp:313: Failure
Expected equality of these values:
  mPieces[piece][rotation][x][y]
    Which is: 0
  blockType
    Which is: 2

/Users/ittehad/Documents/Coding/Python/Turing/Tester_cpp_codebench/tasks/473703/test.cpp:313: Failure
Expected equality of these values:
  mPieces[piece][rotation][x][y]
    Which is: 1
  blockType
    Which is: 2

/Users/ittehad/Documents/Coding/Python/Turing/Tester_cpp_codebench/tasks/473703/test.cpp:313: Failure
Expected equality of these values:
  mPieces[piece][rotation][x][y]
    Which is: 1
  blockType
    Which is: 2

/Users/ittehad/Documents/Coding/Python/Turing/Tester_cpp_codebench/tasks/473703/test.cpp:313: Failure
Expected equality of these values:
  mPieces[piece][rotation][x][y]
    Which is: 1
  blockType
    Which is: 2

/Users/ittehad/Documents/Coding/Python/Turing/Tester_cpp_codebench/tasks/473703/test.cpp:313: Failure
Expected equality of these values:
  mPieces[piece][rotation][x][y]
    Which is: 1
  blockType
    Which is: 0

/Users/ittehad/Documents/Coding/Python/Turing/Tester_cpp_codebench/tasks/473703/test.cpp:313: Failure
Expected equality of these values:
  mPieces[piece][rotation][x][y]
    Which is: 0
  blockType
    Which is: 2

/Users/ittehad/Documents/Coding/Python/Turing/Tester_cpp_codebench/tasks/473703/test.cpp:313: Failure
Expected equality of these values:
  mPieces[piece][rotation][x][y]
    Which is: 1
  blockType
    Which is: 2

/Users/ittehad/Documents/Coding/Python/Turing/Tester_cpp_codebench/tasks/473703/test.cpp:313: Failure
Expected equality of these values:
  mPieces[piece][rotation][x][y]
    Which is: 1
  blockType
    Which is: 0

/Users/ittehad/Documents/Coding/Python/Turing/Tester_cpp_codebench/tasks/473703/test.cpp:313: Failure
Expected equality of these values:
  mPieces[piece][rotation][x][y]
    Which is: 0
  blockType
    Which is: 2

/Users/ittehad/Documents/Coding/Python/Turing/Tester_cpp_codebench/tasks/473703/test.cpp:313: Failure
Expected equality of these values:
  mPieces[piece][rotation][x][y]
    Which is: 0
  blockType
    Which is: 2

/Users/ittehad/Documents/Coding/Python/Turing/Tester_cpp_codebench/tasks/473703/test.cpp:313: Failure
Expected equality of these values:
  mPieces[piece][rotation][x][y]
    Which is: 1
  blockType
    Which is: 2

/Users/ittehad/Documents/Coding/Python/Turing/Tester_cpp_codebench/tasks/473703/test.cpp:313: Failure
Expected equality of these values:
  mPieces[piece][rotation][x][y]
    Which is: 1
  blockType
    Which is: 2

/Users/ittehad/Documents/Coding/Python/Turing/Tester_cpp_codebench/tasks/473703/test.cpp:313: Failure
Expected equality of these values:
  mPieces[piece][rotation][x][y]
    Which is: 1
  blockType
    Which is: 0

/Users/ittehad/Documents/Coding/Python/Turing/Tester_cpp_codebench/tasks/473703/test.cpp:313: Failure
Expected equality of these values:
  mPieces[piece][rotation][x][y]
    Which is: 1
  blockType
    Which is: 2

/Users/ittehad/Documents/Coding/Python/Turing/Tester_cpp_codebench/tasks/473703/test.cpp:313: Failure
Expected equality of these values:
  mPieces[piece][rotation][x][y]
    Which is: 1
  blockType
    Which is: 0

/Users/ittehad/Documents/Coding/Python/Turing/Tester_cpp_codebench/tasks/473703/test.cpp:313: Failure
Expected equality of these values:
  mPieces[piece][rotation][x][y]
    Which is: 0
  blockType
    Which is: 2

/Users/ittehad/Documents/Coding/Python/Turing/Tester_cpp_codebench/tasks/473703/test.cpp:313: Failure
Expected equality of these values:
  mPieces[piece][rotation][x][y]
    Which is: 1
  blockType
    Which is: 2

/Users/ittehad/Documents/Coding/Python/Turing/Tester_cpp_codebench/tasks/473703/test.cpp:313: Failure
Expected equality of these values:
  mPieces[piece][rotation][x][y]
    Which is: 1
  blockType
    Which is: 0

/Users/ittehad/Documents/Coding/Python/Turing/Tester_cpp_codebench/tasks/473703/test.cpp:313: Failure
Expected equality of these values:
  mPieces[piece][rotation][x][y]
    Which is: 1
  blockType
    Which is: 2

/Users/ittehad/Documents/Coding/Python/Turing/Tester_cpp_codebench/tasks/473703/test.cpp:313: Failure
Expected equality of these values:
  mPieces[piece][rotation][x][y]
    Which is: 1
  blockType
    Which is: 0

/Users/ittehad/Documents/Coding/Python/Turing/Tester_cpp_codebench/tasks/473703/test.cpp:313: Failure
Expected equality of these values:
  mPieces[piece][rotation][x][y]
    Which is: 0
  blockType
    Which is: 2

/Users/ittehad/Documents/Coding/Python/Turing/Tester_cpp_codebench/tasks/473703/test.cpp:313: Failure
Expected equality of these values:
  mPieces[piece][rotation][x][y]
    Which is: 0
  blockType
    Which is: 2

[  FAILED  ] TestrisTest.AllRotationsBlockTypeCorrectness (1 ms)
[ RUN      ] TestrisTest.AllPiecesInitialPositionCorrectness
/Users/ittehad/Documents/Coding/Python/Turing/Tester_cpp_codebench/tasks/473703/test.cpp:350: Failure
Expected equality of these values:
  expected[piece][rotation][1]
    Which is: -2
  yPos
    Which is: -1
Y initial position mismatch for piece=1, rotation=0

/Users/ittehad/Documents/Coding/Python/Turing/Tester_cpp_codebench/tasks/473703/test.cpp:347: Failure
Expected equality of these values:
  expected[piece][rotation][0]
    Which is: -2
  xPos
    Which is: -3
X initial position mismatch for piece=1, rotation=1

/Users/ittehad/Documents/Coding/Python/Turing/Tester_cpp_codebench/tasks/473703/test.cpp:350: Failure
Expected equality of these values:
  expected[piece][rotation][1]
    Which is: -3
  yPos
    Which is: -2
Y initial position mismatch for piece=1, rotation=1

/Users/ittehad/Documents/Coding/Python/Turing/Tester_cpp_codebench/tasks/473703/test.cpp:350: Failure
Expected equality of these values:
  expected[piece][rotation][1]
    Which is: -2
  yPos
    Which is: -1
Y initial position mismatch for piece=1, rotation=2

/Users/ittehad/Documents/Coding/Python/Turing/Tester_cpp_codebench/tasks/473703/test.cpp:347: Failure
Expected equality of these values:
  expected[piece][rotation][0]
    Which is: -2
  xPos
    Which is: -3
X initial position mismatch for piece=1, rotation=3

/Users/ittehad/Documents/Coding/Python/Turing/Tester_cpp_codebench/tasks/473703/test.cpp:350: Failure
Expected equality of these values:
  expected[piece][rotation][1]
    Which is: -3
  yPos
    Which is: -2
Y initial position mismatch for piece=1, rotation=3

/Users/ittehad/Documents/Coding/Python/Turing/Tester_cpp_codebench/tasks/473703/test.cpp:350: Failure
Expected equality of these values:
  expected[piece][rotation][1]
    Which is: -3
  yPos
    Which is: -1
Y initial position mismatch for piece=2, rotation=0

/Users/ittehad/Documents/Coding/Python/Turing/Tester_cpp_codebench/tasks/473703/test.cpp:347: Failure
Expected equality of these values:
  expected[piece][rotation][0]
    Which is: -2
  xPos
    Which is: -3
X initial position mismatch for piece=2, rotation=1

/Users/ittehad/Documents/Coding/Python/Turing/Tester_cpp_codebench/tasks/473703/test.cpp:350: Failure
Expected equality of these values:
  expected[piece][rotation][1]
    Which is: -3
  yPos
    Which is: -2
Y initial position mismatch for piece=2, rotation=1

/Users/ittehad/Documents/Coding/Python/Turing/Tester_cpp_codebench/tasks/473703/test.cpp:350: Failure
Expected equality of these values:
  expected[piece][rotation][1]
    Which is: -3
  yPos
    Which is: -1
Y initial position mismatch for piece=2, rotation=2

/Users/ittehad/Documents/Coding/Python/Turing/Tester_cpp_codebench/tasks/473703/test.cpp:347: Failure
Expected equality of these values:
  expected[piece][rotation][0]
    Which is: -2
  xPos
    Which is: -3
X initial position mismatch for piece=2, rotation=3

/Users/ittehad/Documents/Coding/Python/Turing/Tester_cpp_codebench/tasks/473703/test.cpp:350: Failure
Expected equality of these values:
  expected[piece][rotation][1]
    Which is: -3
  yPos
    Which is: -1
Y initial position mismatch for piece=3, rotation=0

/Users/ittehad/Documents/Coding/Python/Turing/Tester_cpp_codebench/tasks/473703/test.cpp:347: Failure
Expected equality of these values:
  expected[piece][rotation][0]
    Which is: -2
  xPos
    Which is: -3
X initial position mismatch for piece=3, rotation=1

/Users/ittehad/Documents/Coding/Python/Turing/Tester_cpp_codebench/tasks/473703/test.cpp:350: Failure
Expected equality of these values:
  expected[piece][rotation][1]
    Which is: -3
  yPos
    Which is: -1
Y initial position mismatch for piece=3, rotation=2

/Users/ittehad/Documents/Coding/Python/Turing/Tester_cpp_codebench/tasks/473703/test.cpp:347: Failure
Expected equality of these values:
  expected[piece][rotation][0]
    Which is: -2
  xPos
    Which is: -3
X initial position mismatch for piece=3, rotation=3

/Users/ittehad/Documents/Coding/Python/Turing/Tester_cpp_codebench/tasks/473703/test.cpp:350: Failure
Expected equality of these values:
  expected[piece][rotation][1]
    Which is: -3
  yPos
    Which is: -2
Y initial position mismatch for piece=3, rotation=3

/Users/ittehad/Documents/Coding/Python/Turing/Tester_cpp_codebench/tasks/473703/test.cpp:350: Failure
Expected equality of these values:
  expected[piece][rotation][1]
    Which is: -3
  yPos
    Which is: -1
Y initial position mismatch for piece=4, rotation=0

/Users/ittehad/Documents/Coding/Python/Turing/Tester_cpp_codebench/tasks/473703/test.cpp:347: Failure
Expected equality of these values:
  expected[piece][rotation][0]
    Which is: -2
  xPos
    Which is: -3
X initial position mismatch for piece=4, rotation=1

/Users/ittehad/Documents/Coding/Python/Turing/Tester_cpp_codebench/tasks/473703/test.cpp:350: Failure
Expected equality of these values:
  expected[piece][rotation][1]
    Which is: -3
  yPos
    Which is: -2
Y initial position mismatch for piece=4, rotation=1

/Users/ittehad/Documents/Coding/Python/Turing/Tester_cpp_codebench/tasks/473703/test.cpp:350: Failure
Expected equality of these values:
  expected[piece][rotation][1]
    Which is: -3
  yPos
    Which is: -1
Y initial position mismatch for piece=4, rotation=2

/Users/ittehad/Documents/Coding/Python/Turing/Tester_cpp_codebench/tasks/473703/test.cpp:347: Failure
Expected equality of these values:
  expected[piece][rotation][0]
    Which is: -2
  xPos
    Which is: -3
X initial position mismatch for piece=4, rotation=3

/Users/ittehad/Documents/Coding/Python/Turing/Tester_cpp_codebench/tasks/473703/test.cpp:350: Failure
Expected equality of these values:
  expected[piece][rotation][1]
    Which is: -3
  yPos
    Which is: -1
Y initial position mismatch for piece=5, rotation=0

/Users/ittehad/Documents/Coding/Python/Turing/Tester_cpp_codebench/tasks/473703/test.cpp:347: Failure
Expected equality of these values:
  expected[piece][rotation][0]
    Which is: -2
  xPos
    Which is: -3
X initial position mismatch for piece=5, rotation=1

/Users/ittehad/Documents/Coding/Python/Turing/Tester_cpp_codebench/tasks/473703/test.cpp:350: Failure
Expected equality of these values:
  expected[piece][rotation][1]
    Which is: -3
  yPos
    Which is: -2
Y initial position mismatch for piece=5, rotation=1

/Users/ittehad/Documents/Coding/Python/Turing/Tester_cpp_codebench/tasks/473703/test.cpp:350: Failure
Expected equality of these values:
  expected[piece][rotation][1]
    Which is: -3
  yPos
    Which is: -1
Y initial position mismatch for piece=5, rotation=2

/Users/ittehad/Documents/Coding/Python/Turing/Tester_cpp_codebench/tasks/473703/test.cpp:347: Failure
Expected equality of these values:
  expected[piece][rotation][0]
    Which is: -2
  xPos
    Which is: -3
X initial position mismatch for piece=5, rotation=3

/Users/ittehad/Documents/Coding/Python/Turing/Tester_cpp_codebench/tasks/473703/test.cpp:350: Failure
Expected equality of these values:
  expected[piece][rotation][1]
    Which is: -3
  yPos
    Which is: -1
Y initial position mismatch for piece=6, rotation=0

/Users/ittehad/Documents/Coding/Python/Turing/Tester_cpp_codebench/tasks/473703/test.cpp:347: Failure
Expected equality of these values:
  expected[piece][rotation][0]
    Which is: -2
  xPos
    Which is: -3
X initial position mismatch for piece=6, rotation=1

/Users/ittehad/Documents/Coding/Python/Turing/Tester_cpp_codebench/tasks/473703/test.cpp:350: Failure
Expected equality of these values:
  expected[piece][rotation][1]
    Which is: -3
  yPos
    Which is: -2
Y initial position mismatch for piece=6, rotation=1

/Users/ittehad/Documents/Coding/Python/Turing/Tester_cpp_codebench/tasks/473703/test.cpp:350: Failure
Expected equality of these values:
  expected[piece][rotation][1]
    Which is: -3
  yPos
    Which is: -1
Y initial position mismatch for piece=6, rotation=2

/Users/ittehad/Documents/Coding/Python/Turing/Tester_cpp_codebench/tasks/473703/test.cpp:347: Failure
Expected equality of these values:
  expected[piece][rotation][0]
    Which is: -2
  xPos
    Which is: -3
X initial position mismatch for piece=6, rotation=3

[  FAILED  ] TestrisTest.AllPiecesInitialPositionCorrectness (0 ms)
[----------] 7 tests from TestrisTest (1 ms total)

[----------] Global test environment tear-down
[==========] 7 tests from 1 test suite ran. (1 ms total)
[  PASSED  ] 3 tests.
[  FAILED  ] 4 tests, listed below:
[  FAILED  ] TestrisTest.BlockTypeCorrectness
[  FAILED  ] TestrisTest.InitialPositionCorrectness
[  FAILED  ] TestrisTest.AllRotationsBlockTypeCorrectness
[  FAILED  ] TestrisTest.AllPiecesInitialPositionCorrectness

 4 FAILED TESTS
<end of output>
Test time =   0.01 sec
----------------------------------------------------------
Test Failed.
"model7_tests" end time: Jan 31 22:26 +06
"model7_tests" time elapsed: 00:00:00
----------------------------------------------------------

10/11 Testing: model8_tests
10/11 Test: model8_tests
Command: "/Users/ittehad/Documents/Coding/Python/Turing/Tester_cpp_codebench/tasks/473703/build/model8_tests"
Directory: /Users/ittehad/Documents/Coding/Python/Turing/Tester_cpp_codebench/tasks/473703/build
"model8_tests" start time: Jan 31 22:26 +06
Output:
----------------------------------------------------------
Running main() from /Users/ittehad/Documents/Coding/Python/Turing/Tester_cpp_codebench/tasks/473703/build/_deps/googletest-src/googletest/src/gtest_main.cc
[==========] Running 7 tests from 1 test suite.
[----------] Global test environment set-up.
[----------] 7 tests from TestrisTest
[ RUN      ] TestrisTest.BlockTypeCorrectness
/Users/ittehad/Documents/Coding/Python/Turing/Tester_cpp_codebench/tasks/473703/test.cpp:250: Failure
Expected equality of these values:
  2
  pieces.GetBlockType(1, 1, 2, 2)
    Which is: 0

[  FAILED  ] TestrisTest.BlockTypeCorrectness (0 ms)
[ RUN      ] TestrisTest.InitialPositionCorrectness
/Users/ittehad/Documents/Coding/Python/Turing/Tester_cpp_codebench/tasks/473703/test.cpp:259: Failure
Expected equality of these values:
  -3
  pieces.GetYInitialPosition(1, 3)
    Which is: -4

/Users/ittehad/Documents/Coding/Python/Turing/Tester_cpp_codebench/tasks/473703/test.cpp:262: Failure
Expected equality of these values:
  -2
  pieces.GetYInitialPosition(5, 3)
    Which is: -4

/Users/ittehad/Documents/Coding/Python/Turing/Tester_cpp_codebench/tasks/473703/test.cpp:268: Failure
Expected equality of these values:
  -2
  pieces.GetXInitialPosition(1, 1)
    Which is: -3

[  FAILED  ] TestrisTest.InitialPositionCorrectness (0 ms)
[ RUN      ] TestrisTest.StorePieceTest
[       OK ] TestrisTest.StorePieceTest (0 ms)
[ RUN      ] TestrisTest.PieceStorageBoundaryTest
[       OK ] TestrisTest.PieceStorageBoundaryTest (0 ms)
[ RUN      ] TestrisTest.DeleteLineTest
[       OK ] TestrisTest.DeleteLineTest (0 ms)
[ RUN      ] TestrisTest.AllRotationsBlockTypeCorrectness
/Users/ittehad/Documents/Coding/Python/Turing/Tester_cpp_codebench/tasks/473703/test.cpp:313: Failure
Expected equality of these values:
  mPieces[piece][rotation][x][y]
    Which is: 0
  blockType
    Which is: 1

/Users/ittehad/Documents/Coding/Python/Turing/Tester_cpp_codebench/tasks/473703/test.cpp:313: Failure
Expected equality of these values:
  mPieces[piece][rotation][x][y]
    Which is: 1
  blockType
    Which is: 0

/Users/ittehad/Documents/Coding/Python/Turing/Tester_cpp_codebench/tasks/473703/test.cpp:313: Failure
Expected equality of these values:
  mPieces[piece][rotation][x][y]
    Which is: 2
  blockType
    Which is: 1

/Users/ittehad/Documents/Coding/Python/Turing/Tester_cpp_codebench/tasks/473703/test.cpp:313: Failure
Expected equality of these values:
  mPieces[piece][rotation][x][y]
    Which is: 1
  blockType
    Which is: 0

/Users/ittehad/Documents/Coding/Python/Turing/Tester_cpp_codebench/tasks/473703/test.cpp:313: Failure
Expected equality of these values:
  mPieces[piece][rotation][x][y]
    Which is: 1
  blockType
    Which is: 0

/Users/ittehad/Documents/Coding/Python/Turing/Tester_cpp_codebench/tasks/473703/test.cpp:313: Failure
Expected equality of these values:
  mPieces[piece][rotation][x][y]
    Which is: 0
  blockType
    Which is: 1

/Users/ittehad/Documents/Coding/Python/Turing/Tester_cpp_codebench/tasks/473703/test.cpp:313: Failure
Expected equality of these values:
  mPieces[piece][rotation][x][y]
    Which is: 0
  blockType
    Which is: 1

/Users/ittehad/Documents/Coding/Python/Turing/Tester_cpp_codebench/tasks/473703/test.cpp:313: Failure
Expected equality of these values:
  mPieces[piece][rotation][x][y]
    Which is: 1
  blockType
    Which is: 0

/Users/ittehad/Documents/Coding/Python/Turing/Tester_cpp_codebench/tasks/473703/test.cpp:313: Failure
Expected equality of these values:
  mPieces[piece][rotation][x][y]
    Which is: 2
  blockType
    Which is: 0

/Users/ittehad/Documents/Coding/Python/Turing/Tester_cpp_codebench/tasks/473703/test.cpp:313: Failure
Expected equality of these values:
  mPieces[piece][rotation][x][y]
    Which is: 0
  blockType
    Which is: 1

/Users/ittehad/Documents/Coding/Python/Turing/Tester_cpp_codebench/tasks/473703/test.cpp:313: Failure
Expected equality of these values:
  mPieces[piece][rotation][x][y]
    Which is: 0
  blockType
    Which is: 1

/Users/ittehad/Documents/Coding/Python/Turing/Tester_cpp_codebench/tasks/473703/test.cpp:313: Failure
Expected equality of these values:
  mPieces[piece][rotation][x][y]
    Which is: 0
  blockType
    Which is: 1

/Users/ittehad/Documents/Coding/Python/Turing/Tester_cpp_codebench/tasks/473703/test.cpp:313: Failure
Expected equality of these values:
  mPieces[piece][rotation][x][y]
    Which is: 1
  blockType
    Which is: 0

/Users/ittehad/Documents/Coding/Python/Turing/Tester_cpp_codebench/tasks/473703/test.cpp:313: Failure
Expected equality of these values:
  mPieces[piece][rotation][x][y]
    Which is: 0
  blockType
    Which is: 1

/Users/ittehad/Documents/Coding/Python/Turing/Tester_cpp_codebench/tasks/473703/test.cpp:313: Failure
Expected equality of these values:
  mPieces[piece][rotation][x][y]
    Which is: 0
  blockType
    Which is: 1

/Users/ittehad/Documents/Coding/Python/Turing/Tester_cpp_codebench/tasks/473703/test.cpp:313: Failure
Expected equality of these values:
  mPieces[piece][rotation][x][y]
    Which is: 1
  blockType
    Which is: 0

/Users/ittehad/Documents/Coding/Python/Turing/Tester_cpp_codebench/tasks/473703/test.cpp:313: Failure
Expected equality of these values:
  mPieces[piece][rotation][x][y]
    Which is: 1
  blockType
    Which is: 0

/Users/ittehad/Documents/Coding/Python/Turing/Tester_cpp_codebench/tasks/473703/test.cpp:313: Failure
Expected equality of these values:
  mPieces[piece][rotation][x][y]
    Which is: 2
  blockType
    Which is: 1

/Users/ittehad/Documents/Coding/Python/Turing/Tester_cpp_codebench/tasks/473703/test.cpp:313: Failure
Expected equality of these values:
  mPieces[piece][rotation][x][y]
    Which is: 1
  blockType
    Which is: 0

/Users/ittehad/Documents/Coding/Python/Turing/Tester_cpp_codebench/tasks/473703/test.cpp:313: Failure
Expected equality of these values:
  mPieces[piece][rotation][x][y]
    Which is: 0
  blockType
    Which is: 1

/Users/ittehad/Documents/Coding/Python/Turing/Tester_cpp_codebench/tasks/473703/test.cpp:313: Failure
Expected equality of these values:
  mPieces[piece][rotation][x][y]
    Which is: 1
  blockType
    Which is: 0

/Users/ittehad/Documents/Coding/Python/Turing/Tester_cpp_codebench/tasks/473703/test.cpp:313: Failure
Expected equality of these values:
  mPieces[piece][rotation][x][y]
    Which is: 0
  blockType
    Which is: 1

/Users/ittehad/Documents/Coding/Python/Turing/Tester_cpp_codebench/tasks/473703/test.cpp:313: Failure
Expected equality of these values:
  mPieces[piece][rotation][x][y]
    Which is: 0
  blockType
    Which is: 1

/Users/ittehad/Documents/Coding/Python/Turing/Tester_cpp_codebench/tasks/473703/test.cpp:313: Failure
Expected equality of these values:
  mPieces[piece][rotation][x][y]
    Which is: 0
  blockType
    Which is: 1

/Users/ittehad/Documents/Coding/Python/Turing/Tester_cpp_codebench/tasks/473703/test.cpp:313: Failure
Expected equality of these values:
  mPieces[piece][rotation][x][y]
    Which is: 2
  blockType
    Which is: 0

/Users/ittehad/Documents/Coding/Python/Turing/Tester_cpp_codebench/tasks/473703/test.cpp:313: Failure
Expected equality of these values:
  mPieces[piece][rotation][x][y]
    Which is: 1
  blockType
    Which is: 0

/Users/ittehad/Documents/Coding/Python/Turing/Tester_cpp_codebench/tasks/473703/test.cpp:313: Failure
Expected equality of these values:
  mPieces[piece][rotation][x][y]
    Which is: 1
  blockType
    Which is: 0

/Users/ittehad/Documents/Coding/Python/Turing/Tester_cpp_codebench/tasks/473703/test.cpp:313: Failure
Expected equality of these values:
  mPieces[piece][rotation][x][y]
    Which is: 0
  blockType
    Which is: 2

/Users/ittehad/Documents/Coding/Python/Turing/Tester_cpp_codebench/tasks/473703/test.cpp:313: Failure
Expected equality of these values:
  mPieces[piece][rotation][x][y]
    Which is: 0
  blockType
    Which is: 2

/Users/ittehad/Documents/Coding/Python/Turing/Tester_cpp_codebench/tasks/473703/test.cpp:313: Failure
Expected equality of these values:
  mPieces[piece][rotation][x][y]
    Which is: 1
  blockType
    Which is: 0

/Users/ittehad/Documents/Coding/Python/Turing/Tester_cpp_codebench/tasks/473703/test.cpp:313: Failure
Expected equality of these values:
  mPieces[piece][rotation][x][y]
    Which is: 0
  blockType
    Which is: 1

/Users/ittehad/Documents/Coding/Python/Turing/Tester_cpp_codebench/tasks/473703/test.cpp:313: Failure
Expected equality of these values:
  mPieces[piece][rotation][x][y]
    Which is: 1
  blockType
    Which is: 0

/Users/ittehad/Documents/Coding/Python/Turing/Tester_cpp_codebench/tasks/473703/test.cpp:313: Failure
Expected equality of these values:
  mPieces[piece][rotation][x][y]
    Which is: 1
  blockType
    Which is: 0

/Users/ittehad/Documents/Coding/Python/Turing/Tester_cpp_codebench/tasks/473703/test.cpp:313: Failure
Expected equality of these values:
  mPieces[piece][rotation][x][y]
    Which is: 1
  blockType
    Which is: 0

/Users/ittehad/Documents/Coding/Python/Turing/Tester_cpp_codebench/tasks/473703/test.cpp:313: Failure
Expected equality of these values:
  mPieces[piece][rotation][x][y]
    Which is: 0
  blockType
    Which is: 2

/Users/ittehad/Documents/Coding/Python/Turing/Tester_cpp_codebench/tasks/473703/test.cpp:313: Failure
Expected equality of these values:
  mPieces[piece][rotation][x][y]
    Which is: 0
  blockType
    Which is: 2

/Users/ittehad/Documents/Coding/Python/Turing/Tester_cpp_codebench/tasks/473703/test.cpp:313: Failure
Expected equality of these values:
  mPieces[piece][rotation][x][y]
    Which is: 1
  blockType
    Which is: 0

/Users/ittehad/Documents/Coding/Python/Turing/Tester_cpp_codebench/tasks/473703/test.cpp:313: Failure
Expected equality of these values:
  mPieces[piece][rotation][x][y]
    Which is: 0
  blockType
    Which is: 2

/Users/ittehad/Documents/Coding/Python/Turing/Tester_cpp_codebench/tasks/473703/test.cpp:313: Failure
Expected equality of these values:
  mPieces[piece][rotation][x][y]
    Which is: 0
  blockType
    Which is: 2

/Users/ittehad/Documents/Coding/Python/Turing/Tester_cpp_codebench/tasks/473703/test.cpp:313: Failure
Expected equality of these values:
  mPieces[piece][rotation][x][y]
    Which is: 1
  blockType
    Which is: 0

/Users/ittehad/Documents/Coding/Python/Turing/Tester_cpp_codebench/tasks/473703/test.cpp:313: Failure
Expected equality of these values:
  mPieces[piece][rotation][x][y]
    Which is: 0
  blockType
    Which is: 2

/Users/ittehad/Documents/Coding/Python/Turing/Tester_cpp_codebench/tasks/473703/test.cpp:313: Failure
Expected equality of these values:
  mPieces[piece][rotation][x][y]
    Which is: 0
  blockType
    Which is: 2

/Users/ittehad/Documents/Coding/Python/Turing/Tester_cpp_codebench/tasks/473703/test.cpp:313: Failure
Expected equality of these values:
  mPieces[piece][rotation][x][y]
    Which is: 1
  blockType
    Which is: 0

/Users/ittehad/Documents/Coding/Python/Turing/Tester_cpp_codebench/tasks/473703/test.cpp:313: Failure
Expected equality of these values:
  mPieces[piece][rotation][x][y]
    Which is: 1
  blockType
    Which is: 0

/Users/ittehad/Documents/Coding/Python/Turing/Tester_cpp_codebench/tasks/473703/test.cpp:313: Failure
Expected equality of these values:
  mPieces[piece][rotation][x][y]
    Which is: 1
  blockType
    Which is: 0

/Users/ittehad/Documents/Coding/Python/Turing/Tester_cpp_codebench/tasks/473703/test.cpp:313: Failure
Expected equality of these values:
  mPieces[piece][rotation][x][y]
    Which is: 0
  blockType
    Which is: 1

/Users/ittehad/Documents/Coding/Python/Turing/Tester_cpp_codebench/tasks/473703/test.cpp:313: Failure
Expected equality of these values:
  mPieces[piece][rotation][x][y]
    Which is: 1
  blockType
    Which is: 0

/Users/ittehad/Documents/Coding/Python/Turing/Tester_cpp_codebench/tasks/473703/test.cpp:313: Failure
Expected equality of these values:
  mPieces[piece][rotation][x][y]
    Which is: 0
  blockType
    Which is: 1

/Users/ittehad/Documents/Coding/Python/Turing/Tester_cpp_codebench/tasks/473703/test.cpp:313: Failure
Expected equality of these values:
  mPieces[piece][rotation][x][y]
    Which is: 2
  blockType
    Which is: 0

/Users/ittehad/Documents/Coding/Python/Turing/Tester_cpp_codebench/tasks/473703/test.cpp:313: Failure
Expected equality of these values:
  mPieces[piece][rotation][x][y]
    Which is: 0
  blockType
    Which is: 2

/Users/ittehad/Documents/Coding/Python/Turing/Tester_cpp_codebench/tasks/473703/test.cpp:313: Failure
Expected equality of these values:
  mPieces[piece][rotation][x][y]
    Which is: 1
  blockType
    Which is: 2

/Users/ittehad/Documents/Coding/Python/Turing/Tester_cpp_codebench/tasks/473703/test.cpp:313: Failure
Expected equality of these values:
  mPieces[piece][rotation][x][y]
    Which is: 1
  blockType
    Which is: 2

/Users/ittehad/Documents/Coding/Python/Turing/Tester_cpp_codebench/tasks/473703/test.cpp:313: Failure
Expected equality of these values:
  mPieces[piece][rotation][x][y]
    Which is: 0
  blockType
    Which is: 2

/Users/ittehad/Documents/Coding/Python/Turing/Tester_cpp_codebench/tasks/473703/test.cpp:313: Failure
Expected equality of these values:
  mPieces[piece][rotation][x][y]
    Which is: 0
  blockType
    Which is: 2

/Users/ittehad/Documents/Coding/Python/Turing/Tester_cpp_codebench/tasks/473703/test.cpp:313: Failure
Expected equality of these values:
  mPieces[piece][rotation][x][y]
    Which is: 1
  blockType
    Which is: 0

/Users/ittehad/Documents/Coding/Python/Turing/Tester_cpp_codebench/tasks/473703/test.cpp:313: Failure
Expected equality of these values:
  mPieces[piece][rotation][x][y]
    Which is: 0
  blockType
    Which is: 2

/Users/ittehad/Documents/Coding/Python/Turing/Tester_cpp_codebench/tasks/473703/test.cpp:313: Failure
Expected equality of these values:
  mPieces[piece][rotation][x][y]
    Which is: 1
  blockType
    Which is: 0

/Users/ittehad/Documents/Coding/Python/Turing/Tester_cpp_codebench/tasks/473703/test.cpp:313: Failure
Expected equality of these values:
  mPieces[piece][rotation][x][y]
    Which is: 1
  blockType
    Which is: 0

/Users/ittehad/Documents/Coding/Python/Turing/Tester_cpp_codebench/tasks/473703/test.cpp:313: Failure
Expected equality of these values:
  mPieces[piece][rotation][x][y]
    Which is: 0
  blockType
    Which is: 1

/Users/ittehad/Documents/Coding/Python/Turing/Tester_cpp_codebench/tasks/473703/test.cpp:313: Failure
Expected equality of these values:
  mPieces[piece][rotation][x][y]
    Which is: 1
  blockType
    Which is: 0

/Users/ittehad/Documents/Coding/Python/Turing/Tester_cpp_codebench/tasks/473703/test.cpp:313: Failure
Expected equality of these values:
  mPieces[piece][rotation][x][y]
    Which is: 1
  blockType
    Which is: 0

/Users/ittehad/Documents/Coding/Python/Turing/Tester_cpp_codebench/tasks/473703/test.cpp:313: Failure
Expected equality of these values:
  mPieces[piece][rotation][x][y]
    Which is: 0
  blockType
    Which is: 2

/Users/ittehad/Documents/Coding/Python/Turing/Tester_cpp_codebench/tasks/473703/test.cpp:313: Failure
Expected equality of these values:
  mPieces[piece][rotation][x][y]
    Which is: 0
  blockType
    Which is: 2

/Users/ittehad/Documents/Coding/Python/Turing/Tester_cpp_codebench/tasks/473703/test.cpp:313: Failure
Expected equality of these values:
  mPieces[piece][rotation][x][y]
    Which is: 0
  blockType
    Which is: 1

/Users/ittehad/Documents/Coding/Python/Turing/Tester_cpp_codebench/tasks/473703/test.cpp:313: Failure
Expected equality of these values:
  mPieces[piece][rotation][x][y]
    Which is: 1
  blockType
    Which is: 0

/Users/ittehad/Documents/Coding/Python/Turing/Tester_cpp_codebench/tasks/473703/test.cpp:313: Failure
Expected equality of these values:
  mPieces[piece][rotation][x][y]
    Which is: 0
  blockType
    Which is: 1

/Users/ittehad/Documents/Coding/Python/Turing/Tester_cpp_codebench/tasks/473703/test.cpp:313: Failure
Expected equality of these values:
  mPieces[piece][rotation][x][y]
    Which is: 0
  blockType
    Which is: 2

/Users/ittehad/Documents/Coding/Python/Turing/Tester_cpp_codebench/tasks/473703/test.cpp:313: Failure
Expected equality of these values:
  mPieces[piece][rotation][x][y]
    Which is: 1
  blockType
    Which is: 0

/Users/ittehad/Documents/Coding/Python/Turing/Tester_cpp_codebench/tasks/473703/test.cpp:313: Failure
Expected equality of these values:
  mPieces[piece][rotation][x][y]
    Which is: 1
  blockType
    Which is: 0

/Users/ittehad/Documents/Coding/Python/Turing/Tester_cpp_codebench/tasks/473703/test.cpp:313: Failure
Expected equality of these values:
  mPieces[piece][rotation][x][y]
    Which is: 0
  blockType
    Which is: 2

/Users/ittehad/Documents/Coding/Python/Turing/Tester_cpp_codebench/tasks/473703/test.cpp:313: Failure
Expected equality of these values:
  mPieces[piece][rotation][x][y]
    Which is: 1
  blockType
    Which is: 0

/Users/ittehad/Documents/Coding/Python/Turing/Tester_cpp_codebench/tasks/473703/test.cpp:313: Failure
Expected equality of these values:
  mPieces[piece][rotation][x][y]
    Which is: 1
  blockType
    Which is: 0

/Users/ittehad/Documents/Coding/Python/Turing/Tester_cpp_codebench/tasks/473703/test.cpp:313: Failure
Expected equality of these values:
  mPieces[piece][rotation][x][y]
    Which is: 1
  blockType
    Which is: 0

/Users/ittehad/Documents/Coding/Python/Turing/Tester_cpp_codebench/tasks/473703/test.cpp:313: Failure
Expected equality of these values:
  mPieces[piece][rotation][x][y]
    Which is: 0
  blockType
    Which is: 1

/Users/ittehad/Documents/Coding/Python/Turing/Tester_cpp_codebench/tasks/473703/test.cpp:313: Failure
Expected equality of these values:
  mPieces[piece][rotation][x][y]
    Which is: 0
  blockType
    Which is: 1

/Users/ittehad/Documents/Coding/Python/Turing/Tester_cpp_codebench/tasks/473703/test.cpp:313: Failure
Expected equality of these values:
  mPieces[piece][rotation][x][y]
    Which is: 0
  blockType
    Which is: 1

/Users/ittehad/Documents/Coding/Python/Turing/Tester_cpp_codebench/tasks/473703/test.cpp:313: Failure
Expected equality of these values:
  mPieces[piece][rotation][x][y]
    Which is: 0
  blockType
    Which is: 1

/Users/ittehad/Documents/Coding/Python/Turing/Tester_cpp_codebench/tasks/473703/test.cpp:313: Failure
Expected equality of these values:
  mPieces[piece][rotation][x][y]
    Which is: 1
  blockType
    Which is: 0

/Users/ittehad/Documents/Coding/Python/Turing/Tester_cpp_codebench/tasks/473703/test.cpp:313: Failure
Expected equality of these values:
  mPieces[piece][rotation][x][y]
    Which is: 2
  blockType
    Which is: 1

/Users/ittehad/Documents/Coding/Python/Turing/Tester_cpp_codebench/tasks/473703/test.cpp:313: Failure
Expected equality of these values:
  mPieces[piece][rotation][x][y]
    Which is: 1
  blockType
    Which is: 0

/Users/ittehad/Documents/Coding/Python/Turing/Tester_cpp_codebench/tasks/473703/test.cpp:313: Failure
Expected equality of these values:
  mPieces[piece][rotation][x][y]
    Which is: 0
  blockType
    Which is: 1

/Users/ittehad/Documents/Coding/Python/Turing/Tester_cpp_codebench/tasks/473703/test.cpp:313: Failure
Expected equality of these values:
  mPieces[piece][rotation][x][y]
    Which is: 0
  blockType
    Which is: 1

/Users/ittehad/Documents/Coding/Python/Turing/Tester_cpp_codebench/tasks/473703/test.cpp:313: Failure
Expected equality of these values:
  mPieces[piece][rotation][x][y]
    Which is: 1
  blockType
    Which is: 0

/Users/ittehad/Documents/Coding/Python/Turing/Tester_cpp_codebench/tasks/473703/test.cpp:313: Failure
Expected equality of these values:
  mPieces[piece][rotation][x][y]
    Which is: 1
  blockType
    Which is: 0

/Users/ittehad/Documents/Coding/Python/Turing/Tester_cpp_codebench/tasks/473703/test.cpp:313: Failure
Expected equality of these values:
  mPieces[piece][rotation][x][y]
    Which is: 1
  blockType
    Which is: 0

/Users/ittehad/Documents/Coding/Python/Turing/Tester_cpp_codebench/tasks/473703/test.cpp:313: Failure
Expected equality of these values:
  mPieces[piece][rotation][x][y]
    Which is: 1
  blockType
    Which is: 0

/Users/ittehad/Documents/Coding/Python/Turing/Tester_cpp_codebench/tasks/473703/test.cpp:313: Failure
Expected equality of these values:
  mPieces[piece][rotation][x][y]
    Which is: 0
  blockType
    Which is: 1

/Users/ittehad/Documents/Coding/Python/Turing/Tester_cpp_codebench/tasks/473703/test.cpp:313: Failure
Expected equality of these values:
  mPieces[piece][rotation][x][y]
    Which is: 2
  blockType
    Which is: 0

/Users/ittehad/Documents/Coding/Python/Turing/Tester_cpp_codebench/tasks/473703/test.cpp:313: Failure
Expected equality of these values:
  mPieces[piece][rotation][x][y]
    Which is: 0
  blockType
    Which is: 1

/Users/ittehad/Documents/Coding/Python/Turing/Tester_cpp_codebench/tasks/473703/test.cpp:313: Failure
Expected equality of these values:
  mPieces[piece][rotation][x][y]
    Which is: 0
  blockType
    Which is: 1

/Users/ittehad/Documents/Coding/Python/Turing/Tester_cpp_codebench/tasks/473703/test.cpp:313: Failure
Expected equality of these values:
  mPieces[piece][rotation][x][y]
    Which is: 0
  blockType
    Which is: 1

/Users/ittehad/Documents/Coding/Python/Turing/Tester_cpp_codebench/tasks/473703/test.cpp:313: Failure
Expected equality of these values:
  mPieces[piece][rotation][x][y]
    Which is: 0
  blockType
    Which is: 1

/Users/ittehad/Documents/Coding/Python/Turing/Tester_cpp_codebench/tasks/473703/test.cpp:313: Failure
Expected equality of these values:
  mPieces[piece][rotation][x][y]
    Which is: 0
  blockType
    Which is: 1

/Users/ittehad/Documents/Coding/Python/Turing/Tester_cpp_codebench/tasks/473703/test.cpp:313: Failure
Expected equality of these values:
  mPieces[piece][rotation][x][y]
    Which is: 1
  blockType
    Which is: 0

/Users/ittehad/Documents/Coding/Python/Turing/Tester_cpp_codebench/tasks/473703/test.cpp:313: Failure
Expected equality of these values:
  mPieces[piece][rotation][x][y]
    Which is: 1
  blockType
    Which is: 0

/Users/ittehad/Documents/Coding/Python/Turing/Tester_cpp_codebench/tasks/473703/test.cpp:313: Failure
Expected equality of these values:
  mPieces[piece][rotation][x][y]
    Which is: 0
  blockType
    Which is: 1

/Users/ittehad/Documents/Coding/Python/Turing/Tester_cpp_codebench/tasks/473703/test.cpp:313: Failure
Expected equality of these values:
  mPieces[piece][rotation][x][y]
    Which is: 2
  blockType
    Which is: 0

/Users/ittehad/Documents/Coding/Python/Turing/Tester_cpp_codebench/tasks/473703/test.cpp:313: Failure
Expected equality of these values:
  mPieces[piece][rotation][x][y]
    Which is: 1
  blockType
    Which is: 0

/Users/ittehad/Documents/Coding/Python/Turing/Tester_cpp_codebench/tasks/473703/test.cpp:313: Failure
Expected equality of these values:
  mPieces[piece][rotation][x][y]
    Which is: 0
  blockType
    Which is: 1

/Users/ittehad/Documents/Coding/Python/Turing/Tester_cpp_codebench/tasks/473703/test.cpp:313: Failure
Expected equality of these values:
  mPieces[piece][rotation][x][y]
    Which is: 0
  blockType
    Which is: 1

/Users/ittehad/Documents/Coding/Python/Turing/Tester_cpp_codebench/tasks/473703/test.cpp:313: Failure
Expected equality of these values:
  mPieces[piece][rotation][x][y]
    Which is: 1
  blockType
    Which is: 0

/Users/ittehad/Documents/Coding/Python/Turing/Tester_cpp_codebench/tasks/473703/test.cpp:313: Failure
Expected equality of these values:
  mPieces[piece][rotation][x][y]
    Which is: 1
  blockType
    Which is: 0

/Users/ittehad/Documents/Coding/Python/Turing/Tester_cpp_codebench/tasks/473703/test.cpp:313: Failure
Expected equality of these values:
  mPieces[piece][rotation][x][y]
    Which is: 0
  blockType
    Which is: 1

/Users/ittehad/Documents/Coding/Python/Turing/Tester_cpp_codebench/tasks/473703/test.cpp:313: Failure
Expected equality of these values:
  mPieces[piece][rotation][x][y]
    Which is: 0
  blockType
    Which is: 1

/Users/ittehad/Documents/Coding/Python/Turing/Tester_cpp_codebench/tasks/473703/test.cpp:313: Failure
Expected equality of these values:
  mPieces[piece][rotation][x][y]
    Which is: 1
  blockType
    Which is: 0

/Users/ittehad/Documents/Coding/Python/Turing/Tester_cpp_codebench/tasks/473703/test.cpp:313: Failure
Expected equality of these values:
  mPieces[piece][rotation][x][y]
    Which is: 2
  blockType
    Which is: 1

/Users/ittehad/Documents/Coding/Python/Turing/Tester_cpp_codebench/tasks/473703/test.cpp:313: Failure
Expected equality of these values:
  mPieces[piece][rotation][x][y]
    Which is: 0
  blockType
    Which is: 1

/Users/ittehad/Documents/Coding/Python/Turing/Tester_cpp_codebench/tasks/473703/test.cpp:313: Failure
Expected equality of these values:
  mPieces[piece][rotation][x][y]
    Which is: 2
  blockType
    Which is: 1

/Users/ittehad/Documents/Coding/Python/Turing/Tester_cpp_codebench/tasks/473703/test.cpp:313: Failure
Expected equality of these values:
  mPieces[piece][rotation][x][y]
    Which is: 2
  blockType
    Which is: 1

[  FAILED  ] TestrisTest.AllRotationsBlockTypeCorrectness (1 ms)
[ RUN      ] TestrisTest.AllPiecesInitialPositionCorrectness
/Users/ittehad/Documents/Coding/Python/Turing/Tester_cpp_codebench/tasks/473703/test.cpp:350: Failure
Expected equality of these values:
  expected[piece][rotation][1]
    Which is: -2
  yPos
    Which is: -4
Y initial position mismatch for piece=1, rotation=0

/Users/ittehad/Documents/Coding/Python/Turing/Tester_cpp_codebench/tasks/473703/test.cpp:347: Failure
Expected equality of these values:
  expected[piece][rotation][0]
    Which is: -2
  xPos
    Which is: -3
X initial position mismatch for piece=1, rotation=1

/Users/ittehad/Documents/Coding/Python/Turing/Tester_cpp_codebench/tasks/473703/test.cpp:350: Failure
Expected equality of these values:
  expected[piece][rotation][1]
    Which is: -2
  yPos
    Which is: -3
Y initial position mismatch for piece=1, rotation=2

/Users/ittehad/Documents/Coding/Python/Turing/Tester_cpp_codebench/tasks/473703/test.cpp:347: Failure
Expected equality of these values:
  expected[piece][rotation][0]
    Which is: -2
  xPos
    Which is: -3
X initial position mismatch for piece=1, rotation=3

/Users/ittehad/Documents/Coding/Python/Turing/Tester_cpp_codebench/tasks/473703/test.cpp:350: Failure
Expected equality of these values:
  expected[piece][rotation][1]
    Which is: -3
  yPos
    Which is: -4
Y initial position mismatch for piece=1, rotation=3

/Users/ittehad/Documents/Coding/Python/Turing/Tester_cpp_codebench/tasks/473703/test.cpp:350: Failure
Expected equality of these values:
  expected[piece][rotation][1]
    Which is: -3
  yPos
    Which is: -4
Y initial position mismatch for piece=2, rotation=0

/Users/ittehad/Documents/Coding/Python/Turing/Tester_cpp_codebench/tasks/473703/test.cpp:347: Failure
Expected equality of these values:
  expected[piece][rotation][0]
    Which is: -2
  xPos
    Which is: -3
X initial position mismatch for piece=2, rotation=1

/Users/ittehad/Documents/Coding/Python/Turing/Tester_cpp_codebench/tasks/473703/test.cpp:347: Failure
Expected equality of these values:
  expected[piece][rotation][0]
    Which is: -2
  xPos
    Which is: -3
X initial position mismatch for piece=2, rotation=3

/Users/ittehad/Documents/Coding/Python/Turing/Tester_cpp_codebench/tasks/473703/test.cpp:350: Failure
Expected equality of these values:
  expected[piece][rotation][1]
    Which is: -2
  yPos
    Which is: -4
Y initial position mismatch for piece=2, rotation=3

/Users/ittehad/Documents/Coding/Python/Turing/Tester_cpp_codebench/tasks/473703/test.cpp:350: Failure
Expected equality of these values:
  expected[piece][rotation][1]
    Which is: -3
  yPos
    Which is: -4
Y initial position mismatch for piece=3, rotation=0

/Users/ittehad/Documents/Coding/Python/Turing/Tester_cpp_codebench/tasks/473703/test.cpp:347: Failure
Expected equality of these values:
  expected[piece][rotation][0]
    Which is: -2
  xPos
    Which is: -3
X initial position mismatch for piece=3, rotation=1

/Users/ittehad/Documents/Coding/Python/Turing/Tester_cpp_codebench/tasks/473703/test.cpp:350: Failure
Expected equality of these values:
  expected[piece][rotation][1]
    Which is: -2
  yPos
    Which is: -3
Y initial position mismatch for piece=3, rotation=1

/Users/ittehad/Documents/Coding/Python/Turing/Tester_cpp_codebench/tasks/473703/test.cpp:347: Failure
Expected equality of these values:
  expected[piece][rotation][0]
    Which is: -2
  xPos
    Which is: -3
X initial position mismatch for piece=3, rotation=3

/Users/ittehad/Documents/Coding/Python/Turing/Tester_cpp_codebench/tasks/473703/test.cpp:350: Failure
Expected equality of these values:
  expected[piece][rotation][1]
    Which is: -3
  yPos
    Which is: -4
Y initial position mismatch for piece=3, rotation=3

/Users/ittehad/Documents/Coding/Python/Turing/Tester_cpp_codebench/tasks/473703/test.cpp:350: Failure
Expected equality of these values:
  expected[piece][rotation][1]
    Which is: -3
  yPos
    Which is: -4
Y initial position mismatch for piece=4, rotation=0

/Users/ittehad/Documents/Coding/Python/Turing/Tester_cpp_codebench/tasks/473703/test.cpp:347: Failure
Expected equality of these values:
  expected[piece][rotation][0]
    Which is: -2
  xPos
    Which is: -3
X initial position mismatch for piece=4, rotation=1

/Users/ittehad/Documents/Coding/Python/Turing/Tester_cpp_codebench/tasks/473703/test.cpp:347: Failure
Expected equality of these values:
  expected[piece][rotation][0]
    Which is: -2
  xPos
    Which is: -3
X initial position mismatch for piece=4, rotation=3

/Users/ittehad/Documents/Coding/Python/Turing/Tester_cpp_codebench/tasks/473703/test.cpp:350: Failure
Expected equality of these values:
  expected[piece][rotation][1]
    Which is: -2
  yPos
    Which is: -4
Y initial position mismatch for piece=4, rotation=3

/Users/ittehad/Documents/Coding/Python/Turing/Tester_cpp_codebench/tasks/473703/test.cpp:350: Failure
Expected equality of these values:
  expected[piece][rotation][1]
    Which is: -3
  yPos
    Which is: -4
Y initial position mismatch for piece=5, rotation=0

/Users/ittehad/Documents/Coding/Python/Turing/Tester_cpp_codebench/tasks/473703/test.cpp:347: Failure
Expected equality of these values:
  expected[piece][rotation][0]
    Which is: -2
  xPos
    Which is: -3
X initial position mismatch for piece=5, rotation=1

/Users/ittehad/Documents/Coding/Python/Turing/Tester_cpp_codebench/tasks/473703/test.cpp:347: Failure
Expected equality of these values:
  expected[piece][rotation][0]
    Which is: -2
  xPos
    Which is: -3
X initial position mismatch for piece=5, rotation=3

/Users/ittehad/Documents/Coding/Python/Turing/Tester_cpp_codebench/tasks/473703/test.cpp:350: Failure
Expected equality of these values:
  expected[piece][rotation][1]
    Which is: -2
  yPos
    Which is: -4
Y initial position mismatch for piece=5, rotation=3

/Users/ittehad/Documents/Coding/Python/Turing/Tester_cpp_codebench/tasks/473703/test.cpp:350: Failure
Expected equality of these values:
  expected[piece][rotation][1]
    Which is: -3
  yPos
    Which is: -4
Y initial position mismatch for piece=6, rotation=0

/Users/ittehad/Documents/Coding/Python/Turing/Tester_cpp_codebench/tasks/473703/test.cpp:347: Failure
Expected equality of these values:
  expected[piece][rotation][0]
    Which is: -2
  xPos
    Which is: -3
X initial position mismatch for piece=6, rotation=1

/Users/ittehad/Documents/Coding/Python/Turing/Tester_cpp_codebench/tasks/473703/test.cpp:347: Failure
Expected equality of these values:
  expected[piece][rotation][0]
    Which is: -2
  xPos
    Which is: -3
X initial position mismatch for piece=6, rotation=3

/Users/ittehad/Documents/Coding/Python/Turing/Tester_cpp_codebench/tasks/473703/test.cpp:350: Failure
Expected equality of these values:
  expected[piece][rotation][1]
    Which is: -2
  yPos
    Which is: -4
Y initial position mismatch for piece=6, rotation=3

[  FAILED  ] TestrisTest.AllPiecesInitialPositionCorrectness (0 ms)
[----------] 7 tests from TestrisTest (1 ms total)

[----------] Global test environment tear-down
[==========] 7 tests from 1 test suite ran. (1 ms total)
[  PASSED  ] 3 tests.
[  FAILED  ] 4 tests, listed below:
[  FAILED  ] TestrisTest.BlockTypeCorrectness
[  FAILED  ] TestrisTest.InitialPositionCorrectness
[  FAILED  ] TestrisTest.AllRotationsBlockTypeCorrectness
[  FAILED  ] TestrisTest.AllPiecesInitialPositionCorrectness

 4 FAILED TESTS
<end of output>
Test time =   0.00 sec
----------------------------------------------------------
Test Failed.
"model8_tests" end time: Jan 31 22:26 +06
"model8_tests" time elapsed: 00:00:00
----------------------------------------------------------

11/11 Testing: model9_tests
11/11 Test: model9_tests
Command: "/Users/ittehad/Documents/Coding/Python/Turing/Tester_cpp_codebench/tasks/473703/build/model9_tests"
Directory: /Users/ittehad/Documents/Coding/Python/Turing/Tester_cpp_codebench/tasks/473703/build
"model9_tests" start time: Jan 31 22:26 +06
Output:
----------------------------------------------------------
Running main() from /Users/ittehad/Documents/Coding/Python/Turing/Tester_cpp_codebench/tasks/473703/build/_deps/googletest-src/googletest/src/gtest_main.cc
[==========] Running 7 tests from 1 test suite.
[----------] Global test environment set-up.
[----------] 7 tests from TestrisTest
[ RUN      ] TestrisTest.BlockTypeCorrectness
/Users/ittehad/Documents/Coding/Python/Turing/Tester_cpp_codebench/tasks/473703/test.cpp:250: Failure
Expected equality of these values:
  2
  pieces.GetBlockType(1, 1, 2, 2)
    Which is: 0

[  FAILED  ] TestrisTest.BlockTypeCorrectness (0 ms)
[ RUN      ] TestrisTest.InitialPositionCorrectness
/Users/ittehad/Documents/Coding/Python/Turing/Tester_cpp_codebench/tasks/473703/test.cpp:259: Failure
Expected equality of these values:
  -3
  pieces.GetYInitialPosition(1, 3)
    Which is: -2

/Users/ittehad/Documents/Coding/Python/Turing/Tester_cpp_codebench/tasks/473703/test.cpp:268: Failure
Expected equality of these values:
  -2
  pieces.GetXInitialPosition(1, 1)
    Which is: -3

[  FAILED  ] TestrisTest.InitialPositionCorrectness (0 ms)
[ RUN      ] TestrisTest.StorePieceTest
[       OK ] TestrisTest.StorePieceTest (0 ms)
[ RUN      ] TestrisTest.PieceStorageBoundaryTest
[       OK ] TestrisTest.PieceStorageBoundaryTest (0 ms)
[ RUN      ] TestrisTest.DeleteLineTest
[       OK ] TestrisTest.DeleteLineTest (0 ms)
[ RUN      ] TestrisTest.AllRotationsBlockTypeCorrectness
/Users/ittehad/Documents/Coding/Python/Turing/Tester_cpp_codebench/tasks/473703/test.cpp:313: Failure
Expected equality of these values:
  mPieces[piece][rotation][x][y]
    Which is: 0
  blockType
    Which is: 1

/Users/ittehad/Documents/Coding/Python/Turing/Tester_cpp_codebench/tasks/473703/test.cpp:313: Failure
Expected equality of these values:
  mPieces[piece][rotation][x][y]
    Which is: 1
  blockType
    Which is: 0

/Users/ittehad/Documents/Coding/Python/Turing/Tester_cpp_codebench/tasks/473703/test.cpp:313: Failure
Expected equality of these values:
  mPieces[piece][rotation][x][y]
    Which is: 2
  blockType
    Which is: 1

/Users/ittehad/Documents/Coding/Python/Turing/Tester_cpp_codebench/tasks/473703/test.cpp:313: Failure
Expected equality of these values:
  mPieces[piece][rotation][x][y]
    Which is: 1
  blockType
    Which is: 0

/Users/ittehad/Documents/Coding/Python/Turing/Tester_cpp_codebench/tasks/473703/test.cpp:313: Failure
Expected equality of these values:
  mPieces[piece][rotation][x][y]
    Which is: 1
  blockType
    Which is: 0

/Users/ittehad/Documents/Coding/Python/Turing/Tester_cpp_codebench/tasks/473703/test.cpp:313: Failure
Expected equality of these values:
  mPieces[piece][rotation][x][y]
    Which is: 0
  blockType
    Which is: 1

/Users/ittehad/Documents/Coding/Python/Turing/Tester_cpp_codebench/tasks/473703/test.cpp:313: Failure
Expected equality of these values:
  mPieces[piece][rotation][x][y]
    Which is: 0
  blockType
    Which is: 1

/Users/ittehad/Documents/Coding/Python/Turing/Tester_cpp_codebench/tasks/473703/test.cpp:313: Failure
Expected equality of these values:
  mPieces[piece][rotation][x][y]
    Which is: 1
  blockType
    Which is: 0

/Users/ittehad/Documents/Coding/Python/Turing/Tester_cpp_codebench/tasks/473703/test.cpp:313: Failure
Expected equality of these values:
  mPieces[piece][rotation][x][y]
    Which is: 2
  blockType
    Which is: 0

/Users/ittehad/Documents/Coding/Python/Turing/Tester_cpp_codebench/tasks/473703/test.cpp:313: Failure
Expected equality of these values:
  mPieces[piece][rotation][x][y]
    Which is: 0
  blockType
    Which is: 1

/Users/ittehad/Documents/Coding/Python/Turing/Tester_cpp_codebench/tasks/473703/test.cpp:313: Failure
Expected equality of these values:
  mPieces[piece][rotation][x][y]
    Which is: 0
  blockType
    Which is: 1

/Users/ittehad/Documents/Coding/Python/Turing/Tester_cpp_codebench/tasks/473703/test.cpp:313: Failure
Expected equality of these values:
  mPieces[piece][rotation][x][y]
    Which is: 0
  blockType
    Which is: 1

/Users/ittehad/Documents/Coding/Python/Turing/Tester_cpp_codebench/tasks/473703/test.cpp:313: Failure
Expected equality of these values:
  mPieces[piece][rotation][x][y]
    Which is: 1
  blockType
    Which is: 0

/Users/ittehad/Documents/Coding/Python/Turing/Tester_cpp_codebench/tasks/473703/test.cpp:313: Failure
Expected equality of these values:
  mPieces[piece][rotation][x][y]
    Which is: 0
  blockType
    Which is: 1

/Users/ittehad/Documents/Coding/Python/Turing/Tester_cpp_codebench/tasks/473703/test.cpp:313: Failure
Expected equality of these values:
  mPieces[piece][rotation][x][y]
    Which is: 0
  blockType
    Which is: 1

/Users/ittehad/Documents/Coding/Python/Turing/Tester_cpp_codebench/tasks/473703/test.cpp:313: Failure
Expected equality of these values:
  mPieces[piece][rotation][x][y]
    Which is: 1
  blockType
    Which is: 0

/Users/ittehad/Documents/Coding/Python/Turing/Tester_cpp_codebench/tasks/473703/test.cpp:313: Failure
Expected equality of these values:
  mPieces[piece][rotation][x][y]
    Which is: 1
  blockType
    Which is: 0

/Users/ittehad/Documents/Coding/Python/Turing/Tester_cpp_codebench/tasks/473703/test.cpp:313: Failure
Expected equality of these values:
  mPieces[piece][rotation][x][y]
    Which is: 2
  blockType
    Which is: 1

/Users/ittehad/Documents/Coding/Python/Turing/Tester_cpp_codebench/tasks/473703/test.cpp:313: Failure
Expected equality of these values:
  mPieces[piece][rotation][x][y]
    Which is: 1
  blockType
    Which is: 0

/Users/ittehad/Documents/Coding/Python/Turing/Tester_cpp_codebench/tasks/473703/test.cpp:313: Failure
Expected equality of these values:
  mPieces[piece][rotation][x][y]
    Which is: 0
  blockType
    Which is: 1

/Users/ittehad/Documents/Coding/Python/Turing/Tester_cpp_codebench/tasks/473703/test.cpp:313: Failure
Expected equality of these values:
  mPieces[piece][rotation][x][y]
    Which is: 1
  blockType
    Which is: 0

/Users/ittehad/Documents/Coding/Python/Turing/Tester_cpp_codebench/tasks/473703/test.cpp:313: Failure
Expected equality of these values:
  mPieces[piece][rotation][x][y]
    Which is: 0
  blockType
    Which is: 1

/Users/ittehad/Documents/Coding/Python/Turing/Tester_cpp_codebench/tasks/473703/test.cpp:313: Failure
Expected equality of these values:
  mPieces[piece][rotation][x][y]
    Which is: 0
  blockType
    Which is: 1

/Users/ittehad/Documents/Coding/Python/Turing/Tester_cpp_codebench/tasks/473703/test.cpp:313: Failure
Expected equality of these values:
  mPieces[piece][rotation][x][y]
    Which is: 0
  blockType
    Which is: 1

/Users/ittehad/Documents/Coding/Python/Turing/Tester_cpp_codebench/tasks/473703/test.cpp:313: Failure
Expected equality of these values:
  mPieces[piece][rotation][x][y]
    Which is: 2
  blockType
    Which is: 0

/Users/ittehad/Documents/Coding/Python/Turing/Tester_cpp_codebench/tasks/473703/test.cpp:313: Failure
Expected equality of these values:
  mPieces[piece][rotation][x][y]
    Which is: 1
  blockType
    Which is: 0

/Users/ittehad/Documents/Coding/Python/Turing/Tester_cpp_codebench/tasks/473703/test.cpp:313: Failure
Expected equality of these values:
  mPieces[piece][rotation][x][y]
    Which is: 1
  blockType
    Which is: 0

/Users/ittehad/Documents/Coding/Python/Turing/Tester_cpp_codebench/tasks/473703/test.cpp:313: Failure
Expected equality of these values:
  mPieces[piece][rotation][x][y]
    Which is: 0
  blockType
    Which is: 2

/Users/ittehad/Documents/Coding/Python/Turing/Tester_cpp_codebench/tasks/473703/test.cpp:313: Failure
Expected equality of these values:
  mPieces[piece][rotation][x][y]
    Which is: 0
  blockType
    Which is: 2

/Users/ittehad/Documents/Coding/Python/Turing/Tester_cpp_codebench/tasks/473703/test.cpp:313: Failure
Expected equality of these values:
  mPieces[piece][rotation][x][y]
    Which is: 1
  blockType
    Which is: 0

/Users/ittehad/Documents/Coding/Python/Turing/Tester_cpp_codebench/tasks/473703/test.cpp:313: Failure
Expected equality of these values:
  mPieces[piece][rotation][x][y]
    Which is: 0
  blockType
    Which is: 2

/Users/ittehad/Documents/Coding/Python/Turing/Tester_cpp_codebench/tasks/473703/test.cpp:313: Failure
Expected equality of these values:
  mPieces[piece][rotation][x][y]
    Which is: 0
  blockType
    Which is: 2

/Users/ittehad/Documents/Coding/Python/Turing/Tester_cpp_codebench/tasks/473703/test.cpp:313: Failure
Expected equality of these values:
  mPieces[piece][rotation][x][y]
    Which is: 1
  blockType
    Which is: 0

/Users/ittehad/Documents/Coding/Python/Turing/Tester_cpp_codebench/tasks/473703/test.cpp:313: Failure
Expected equality of these values:
  mPieces[piece][rotation][x][y]
    Which is: 1
  blockType
    Which is: 0

/Users/ittehad/Documents/Coding/Python/Turing/Tester_cpp_codebench/tasks/473703/test.cpp:313: Failure
Expected equality of these values:
  mPieces[piece][rotation][x][y]
    Which is: 1
  blockType
    Which is: 0

/Users/ittehad/Documents/Coding/Python/Turing/Tester_cpp_codebench/tasks/473703/test.cpp:313: Failure
Expected equality of these values:
  mPieces[piece][rotation][x][y]
    Which is: 0
  blockType
    Which is: 2

/Users/ittehad/Documents/Coding/Python/Turing/Tester_cpp_codebench/tasks/473703/test.cpp:313: Failure
Expected equality of these values:
  mPieces[piece][rotation][x][y]
    Which is: 1
  blockType
    Which is: 0

/Users/ittehad/Documents/Coding/Python/Turing/Tester_cpp_codebench/tasks/473703/test.cpp:313: Failure
Expected equality of these values:
  mPieces[piece][rotation][x][y]
    Which is: 0
  blockType
    Which is: 2

/Users/ittehad/Documents/Coding/Python/Turing/Tester_cpp_codebench/tasks/473703/test.cpp:313: Failure
Expected equality of these values:
  mPieces[piece][rotation][x][y]
    Which is: 0
  blockType
    Which is: 2

/Users/ittehad/Documents/Coding/Python/Turing/Tester_cpp_codebench/tasks/473703/test.cpp:313: Failure
Expected equality of these values:
  mPieces[piece][rotation][x][y]
    Which is: 1
  blockType
    Which is: 0

/Users/ittehad/Documents/Coding/Python/Turing/Tester_cpp_codebench/tasks/473703/test.cpp:313: Failure
Expected equality of these values:
  mPieces[piece][rotation][x][y]
    Which is: 0
  blockType
    Which is: 2

/Users/ittehad/Documents/Coding/Python/Turing/Tester_cpp_codebench/tasks/473703/test.cpp:313: Failure
Expected equality of these values:
  mPieces[piece][rotation][x][y]
    Which is: 1
  blockType
    Which is: 0

/Users/ittehad/Documents/Coding/Python/Turing/Tester_cpp_codebench/tasks/473703/test.cpp:313: Failure
Expected equality of these values:
  mPieces[piece][rotation][x][y]
    Which is: 1
  blockType
    Which is: 0

/Users/ittehad/Documents/Coding/Python/Turing/Tester_cpp_codebench/tasks/473703/test.cpp:313: Failure
Expected equality of these values:
  mPieces[piece][rotation][x][y]
    Which is: 1
  blockType
    Which is: 0

/Users/ittehad/Documents/Coding/Python/Turing/Tester_cpp_codebench/tasks/473703/test.cpp:313: Failure
Expected equality of these values:
  mPieces[piece][rotation][x][y]
    Which is: 0
  blockType
    Which is: 2

/Users/ittehad/Documents/Coding/Python/Turing/Tester_cpp_codebench/tasks/473703/test.cpp:313: Failure
Expected equality of these values:
  mPieces[piece][rotation][x][y]
    Which is: 0
  blockType
    Which is: 2

/Users/ittehad/Documents/Coding/Python/Turing/Tester_cpp_codebench/tasks/473703/test.cpp:313: Failure
Expected equality of these values:
  mPieces[piece][rotation][x][y]
    Which is: 1
  blockType
    Which is: 0

/Users/ittehad/Documents/Coding/Python/Turing/Tester_cpp_codebench/tasks/473703/test.cpp:313: Failure
Expected equality of these values:
  mPieces[piece][rotation][x][y]
    Which is: 0
  blockType
    Which is: 1

/Users/ittehad/Documents/Coding/Python/Turing/Tester_cpp_codebench/tasks/473703/test.cpp:313: Failure
Expected equality of these values:
  mPieces[piece][rotation][x][y]
    Which is: 2
  blockType
    Which is: 0

/Users/ittehad/Documents/Coding/Python/Turing/Tester_cpp_codebench/tasks/473703/test.cpp:313: Failure
Expected equality of these values:
  mPieces[piece][rotation][x][y]
    Which is: 0
  blockType
    Which is: 2

/Users/ittehad/Documents/Coding/Python/Turing/Tester_cpp_codebench/tasks/473703/test.cpp:313: Failure
Expected equality of these values:
  mPieces[piece][rotation][x][y]
    Which is: 1
  blockType
    Which is: 2

/Users/ittehad/Documents/Coding/Python/Turing/Tester_cpp_codebench/tasks/473703/test.cpp:313: Failure
Expected equality of these values:
  mPieces[piece][rotation][x][y]
    Which is: 1
  blockType
    Which is: 2

/Users/ittehad/Documents/Coding/Python/Turing/Tester_cpp_codebench/tasks/473703/test.cpp:313: Failure
Expected equality of these values:
  mPieces[piece][rotation][x][y]
    Which is: 0
  blockType
    Which is: 2

/Users/ittehad/Documents/Coding/Python/Turing/Tester_cpp_codebench/tasks/473703/test.cpp:313: Failure
Expected equality of these values:
  mPieces[piece][rotation][x][y]
    Which is: 1
  blockType
    Which is: 2

/Users/ittehad/Documents/Coding/Python/Turing/Tester_cpp_codebench/tasks/473703/test.cpp:313: Failure
Expected equality of these values:
  mPieces[piece][rotation][x][y]
    Which is: 0
  blockType
    Which is: 2

/Users/ittehad/Documents/Coding/Python/Turing/Tester_cpp_codebench/tasks/473703/test.cpp:313: Failure
Expected equality of these values:
  mPieces[piece][rotation][x][y]
    Which is: 1
  blockType
    Which is: 0

/Users/ittehad/Documents/Coding/Python/Turing/Tester_cpp_codebench/tasks/473703/test.cpp:313: Failure
Expected equality of these values:
  mPieces[piece][rotation][x][y]
    Which is: 1
  blockType
    Which is: 0

/Users/ittehad/Documents/Coding/Python/Turing/Tester_cpp_codebench/tasks/473703/test.cpp:313: Failure
Expected equality of these values:
  mPieces[piece][rotation][x][y]
    Which is: 0
  blockType
    Which is: 2

/Users/ittehad/Documents/Coding/Python/Turing/Tester_cpp_codebench/tasks/473703/test.cpp:313: Failure
Expected equality of these values:
  mPieces[piece][rotation][x][y]
    Which is: 1
  blockType
    Which is: 0

/Users/ittehad/Documents/Coding/Python/Turing/Tester_cpp_codebench/tasks/473703/test.cpp:313: Failure
Expected equality of these values:
  mPieces[piece][rotation][x][y]
    Which is: 1
  blockType
    Which is: 0

/Users/ittehad/Documents/Coding/Python/Turing/Tester_cpp_codebench/tasks/473703/test.cpp:313: Failure
Expected equality of these values:
  mPieces[piece][rotation][x][y]
    Which is: 0
  blockType
    Which is: 2

/Users/ittehad/Documents/Coding/Python/Turing/Tester_cpp_codebench/tasks/473703/test.cpp:313: Failure
Expected equality of these values:
  mPieces[piece][rotation][x][y]
    Which is: 0
  blockType
    Which is: 2

/Users/ittehad/Documents/Coding/Python/Turing/Tester_cpp_codebench/tasks/473703/test.cpp:313: Failure
Expected equality of these values:
  mPieces[piece][rotation][x][y]
    Which is: 0
  blockType
    Which is: 1

/Users/ittehad/Documents/Coding/Python/Turing/Tester_cpp_codebench/tasks/473703/test.cpp:313: Failure
Expected equality of these values:
  mPieces[piece][rotation][x][y]
    Which is: 1
  blockType
    Which is: 0

/Users/ittehad/Documents/Coding/Python/Turing/Tester_cpp_codebench/tasks/473703/test.cpp:313: Failure
Expected equality of these values:
  mPieces[piece][rotation][x][y]
    Which is: 0
  blockType
    Which is: 2

/Users/ittehad/Documents/Coding/Python/Turing/Tester_cpp_codebench/tasks/473703/test.cpp:313: Failure
Expected equality of these values:
  mPieces[piece][rotation][x][y]
    Which is: 1
  blockType
    Which is: 0

/Users/ittehad/Documents/Coding/Python/Turing/Tester_cpp_codebench/tasks/473703/test.cpp:313: Failure
Expected equality of these values:
  mPieces[piece][rotation][x][y]
    Which is: 1
  blockType
    Which is: 0

/Users/ittehad/Documents/Coding/Python/Turing/Tester_cpp_codebench/tasks/473703/test.cpp:313: Failure
Expected equality of these values:
  mPieces[piece][rotation][x][y]
    Which is: 0
  blockType
    Which is: 2

/Users/ittehad/Documents/Coding/Python/Turing/Tester_cpp_codebench/tasks/473703/test.cpp:313: Failure
Expected equality of these values:
  mPieces[piece][rotation][x][y]
    Which is: 1
  blockType
    Which is: 2

/Users/ittehad/Documents/Coding/Python/Turing/Tester_cpp_codebench/tasks/473703/test.cpp:313: Failure
Expected equality of these values:
  mPieces[piece][rotation][x][y]
    Which is: 1
  blockType
    Which is: 0

/Users/ittehad/Documents/Coding/Python/Turing/Tester_cpp_codebench/tasks/473703/test.cpp:313: Failure
Expected equality of these values:
  mPieces[piece][rotation][x][y]
    Which is: 1
  blockType
    Which is: 2

/Users/ittehad/Documents/Coding/Python/Turing/Tester_cpp_codebench/tasks/473703/test.cpp:313: Failure
Expected equality of these values:
  mPieces[piece][rotation][x][y]
    Which is: 0
  blockType
    Which is: 1

/Users/ittehad/Documents/Coding/Python/Turing/Tester_cpp_codebench/tasks/473703/test.cpp:313: Failure
Expected equality of these values:
  mPieces[piece][rotation][x][y]
    Which is: 0
  blockType
    Which is: 2

/Users/ittehad/Documents/Coding/Python/Turing/Tester_cpp_codebench/tasks/473703/test.cpp:313: Failure
Expected equality of these values:
  mPieces[piece][rotation][x][y]
    Which is: 1
  blockType
    Which is: 0

/Users/ittehad/Documents/Coding/Python/Turing/Tester_cpp_codebench/tasks/473703/test.cpp:313: Failure
Expected equality of these values:
  mPieces[piece][rotation][x][y]
    Which is: 0
  blockType
    Which is: 2

/Users/ittehad/Documents/Coding/Python/Turing/Tester_cpp_codebench/tasks/473703/test.cpp:313: Failure
Expected equality of these values:
  mPieces[piece][rotation][x][y]
    Which is: 1
  blockType
    Which is: 0

/Users/ittehad/Documents/Coding/Python/Turing/Tester_cpp_codebench/tasks/473703/test.cpp:313: Failure
Expected equality of these values:
  mPieces[piece][rotation][x][y]
    Which is: 1
  blockType
    Which is: 2

/Users/ittehad/Documents/Coding/Python/Turing/Tester_cpp_codebench/tasks/473703/test.cpp:313: Failure
Expected equality of these values:
  mPieces[piece][rotation][x][y]
    Which is: 0
  blockType
    Which is: 1

/Users/ittehad/Documents/Coding/Python/Turing/Tester_cpp_codebench/tasks/473703/test.cpp:313: Failure
Expected equality of these values:
  mPieces[piece][rotation][x][y]
    Which is: 1
  blockType
    Which is: 2

/Users/ittehad/Documents/Coding/Python/Turing/Tester_cpp_codebench/tasks/473703/test.cpp:313: Failure
Expected equality of these values:
  mPieces[piece][rotation][x][y]
    Which is: 2
  blockType
    Which is: 1

/Users/ittehad/Documents/Coding/Python/Turing/Tester_cpp_codebench/tasks/473703/test.cpp:313: Failure
Expected equality of these values:
  mPieces[piece][rotation][x][y]
    Which is: 1
  blockType
    Which is: 0

/Users/ittehad/Documents/Coding/Python/Turing/Tester_cpp_codebench/tasks/473703/test.cpp:313: Failure
Expected equality of these values:
  mPieces[piece][rotation][x][y]
    Which is: 1
  blockType
    Which is: 0

/Users/ittehad/Documents/Coding/Python/Turing/Tester_cpp_codebench/tasks/473703/test.cpp:313: Failure
Expected equality of these values:
  mPieces[piece][rotation][x][y]
    Which is: 0
  blockType
    Which is: 2

/Users/ittehad/Documents/Coding/Python/Turing/Tester_cpp_codebench/tasks/473703/test.cpp:313: Failure
Expected equality of these values:
  mPieces[piece][rotation][x][y]
    Which is: 1
  blockType
    Which is: 0

/Users/ittehad/Documents/Coding/Python/Turing/Tester_cpp_codebench/tasks/473703/test.cpp:313: Failure
Expected equality of these values:
  mPieces[piece][rotation][x][y]
    Which is: 0
  blockType
    Which is: 2

/Users/ittehad/Documents/Coding/Python/Turing/Tester_cpp_codebench/tasks/473703/test.cpp:313: Failure
Expected equality of these values:
  mPieces[piece][rotation][x][y]
    Which is: 0
  blockType
    Which is: 1

/Users/ittehad/Documents/Coding/Python/Turing/Tester_cpp_codebench/tasks/473703/test.cpp:313: Failure
Expected equality of these values:
  mPieces[piece][rotation][x][y]
    Which is: 1
  blockType
    Which is: 2

/Users/ittehad/Documents/Coding/Python/Turing/Tester_cpp_codebench/tasks/473703/test.cpp:313: Failure
Expected equality of these values:
  mPieces[piece][rotation][x][y]
    Which is: 1
  blockType
    Which is: 0

/Users/ittehad/Documents/Coding/Python/Turing/Tester_cpp_codebench/tasks/473703/test.cpp:313: Failure
Expected equality of these values:
  mPieces[piece][rotation][x][y]
    Which is: 0
  blockType
    Which is: 1

/Users/ittehad/Documents/Coding/Python/Turing/Tester_cpp_codebench/tasks/473703/test.cpp:313: Failure
Expected equality of these values:
  mPieces[piece][rotation][x][y]
    Which is: 1
  blockType
    Which is: 2

/Users/ittehad/Documents/Coding/Python/Turing/Tester_cpp_codebench/tasks/473703/test.cpp:313: Failure
Expected equality of these values:
  mPieces[piece][rotation][x][y]
    Which is: 1
  blockType
    Which is: 0

/Users/ittehad/Documents/Coding/Python/Turing/Tester_cpp_codebench/tasks/473703/test.cpp:313: Failure
Expected equality of these values:
  mPieces[piece][rotation][x][y]
    Which is: 1
  blockType
    Which is: 2

/Users/ittehad/Documents/Coding/Python/Turing/Tester_cpp_codebench/tasks/473703/test.cpp:313: Failure
Expected equality of these values:
  mPieces[piece][rotation][x][y]
    Which is: 1
  blockType
    Which is: 0

/Users/ittehad/Documents/Coding/Python/Turing/Tester_cpp_codebench/tasks/473703/test.cpp:313: Failure
Expected equality of these values:
  mPieces[piece][rotation][x][y]
    Which is: 1
  blockType
    Which is: 0

/Users/ittehad/Documents/Coding/Python/Turing/Tester_cpp_codebench/tasks/473703/test.cpp:313: Failure
Expected equality of these values:
  mPieces[piece][rotation][x][y]
    Which is: 2
  blockType
    Which is: 1

/Users/ittehad/Documents/Coding/Python/Turing/Tester_cpp_codebench/tasks/473703/test.cpp:313: Failure
Expected equality of these values:
  mPieces[piece][rotation][x][y]
    Which is: 0
  blockType
    Which is: 1

/Users/ittehad/Documents/Coding/Python/Turing/Tester_cpp_codebench/tasks/473703/test.cpp:313: Failure
Expected equality of these values:
  mPieces[piece][rotation][x][y]
    Which is: 0
  blockType
    Which is: 2

/Users/ittehad/Documents/Coding/Python/Turing/Tester_cpp_codebench/tasks/473703/test.cpp:313: Failure
Expected equality of these values:
  mPieces[piece][rotation][x][y]
    Which is: 1
  blockType
    Which is: 2

/Users/ittehad/Documents/Coding/Python/Turing/Tester_cpp_codebench/tasks/473703/test.cpp:313: Failure
Expected equality of these values:
  mPieces[piece][rotation][x][y]
    Which is: 1
  blockType
    Which is: 2

/Users/ittehad/Documents/Coding/Python/Turing/Tester_cpp_codebench/tasks/473703/test.cpp:313: Failure
Expected equality of these values:
  mPieces[piece][rotation][x][y]
    Which is: 1
  blockType
    Which is: 0

/Users/ittehad/Documents/Coding/Python/Turing/Tester_cpp_codebench/tasks/473703/test.cpp:313: Failure
Expected equality of these values:
  mPieces[piece][rotation][x][y]
    Which is: 1
  blockType
    Which is: 2

/Users/ittehad/Documents/Coding/Python/Turing/Tester_cpp_codebench/tasks/473703/test.cpp:313: Failure
Expected equality of these values:
  mPieces[piece][rotation][x][y]
    Which is: 0
  blockType
    Which is: 1

/Users/ittehad/Documents/Coding/Python/Turing/Tester_cpp_codebench/tasks/473703/test.cpp:313: Failure
Expected equality of these values:
  mPieces[piece][rotation][x][y]
    Which is: 2
  blockType
    Which is: 1

/Users/ittehad/Documents/Coding/Python/Turing/Tester_cpp_codebench/tasks/473703/test.cpp:313: Failure
Expected equality of these values:
  mPieces[piece][rotation][x][y]
    Which is: 1
  blockType
    Which is: 2

/Users/ittehad/Documents/Coding/Python/Turing/Tester_cpp_codebench/tasks/473703/test.cpp:313: Failure
Expected equality of these values:
  mPieces[piece][rotation][x][y]
    Which is: 1
  blockType
    Which is: 0

/Users/ittehad/Documents/Coding/Python/Turing/Tester_cpp_codebench/tasks/473703/test.cpp:313: Failure
Expected equality of these values:
  mPieces[piece][rotation][x][y]
    Which is: 0
  blockType
    Which is: 1

/Users/ittehad/Documents/Coding/Python/Turing/Tester_cpp_codebench/tasks/473703/test.cpp:313: Failure
Expected equality of these values:
  mPieces[piece][rotation][x][y]
    Which is: 1
  blockType
    Which is: 2

/Users/ittehad/Documents/Coding/Python/Turing/Tester_cpp_codebench/tasks/473703/test.cpp:313: Failure
Expected equality of these values:
  mPieces[piece][rotation][x][y]
    Which is: 2
  blockType
    Which is: 1

/Users/ittehad/Documents/Coding/Python/Turing/Tester_cpp_codebench/tasks/473703/test.cpp:313: Failure
Expected equality of these values:
  mPieces[piece][rotation][x][y]
    Which is: 0
  blockType
    Which is: 1

/Users/ittehad/Documents/Coding/Python/Turing/Tester_cpp_codebench/tasks/473703/test.cpp:313: Failure
Expected equality of these values:
  mPieces[piece][rotation][x][y]
    Which is: 0
  blockType
    Which is: 1

/Users/ittehad/Documents/Coding/Python/Turing/Tester_cpp_codebench/tasks/473703/test.cpp:313: Failure
Expected equality of these values:
  mPieces[piece][rotation][x][y]
    Which is: 1
  blockType
    Which is: 0

/Users/ittehad/Documents/Coding/Python/Turing/Tester_cpp_codebench/tasks/473703/test.cpp:313: Failure
Expected equality of these values:
  mPieces[piece][rotation][x][y]
    Which is: 1
  blockType
    Which is: 0

[  FAILED  ] TestrisTest.AllRotationsBlockTypeCorrectness (1 ms)
[ RUN      ] TestrisTest.AllPiecesInitialPositionCorrectness
/Users/ittehad/Documents/Coding/Python/Turing/Tester_cpp_codebench/tasks/473703/test.cpp:350: Failure
Expected equality of these values:
  expected[piece][rotation][1]
    Which is: -2
  yPos
    Which is: -3
Y initial position mismatch for piece=1, rotation=0

/Users/ittehad/Documents/Coding/Python/Turing/Tester_cpp_codebench/tasks/473703/test.cpp:347: Failure
Expected equality of these values:
  expected[piece][rotation][0]
    Which is: -2
  xPos
    Which is: -3
X initial position mismatch for piece=1, rotation=1

/Users/ittehad/Documents/Coding/Python/Turing/Tester_cpp_codebench/tasks/473703/test.cpp:350: Failure
Expected equality of these values:
  expected[piece][rotation][1]
    Which is: -3
  yPos
    Which is: -2
Y initial position mismatch for piece=1, rotation=1

/Users/ittehad/Documents/Coding/Python/Turing/Tester_cpp_codebench/tasks/473703/test.cpp:350: Failure
Expected equality of these values:
  expected[piece][rotation][1]
    Which is: -2
  yPos
    Which is: -3
Y initial position mismatch for piece=1, rotation=2

/Users/ittehad/Documents/Coding/Python/Turing/Tester_cpp_codebench/tasks/473703/test.cpp:347: Failure
Expected equality of these values:
  expected[piece][rotation][0]
    Which is: -2
  xPos
    Which is: -3
X initial position mismatch for piece=1, rotation=3

/Users/ittehad/Documents/Coding/Python/Turing/Tester_cpp_codebench/tasks/473703/test.cpp:350: Failure
Expected equality of these values:
  expected[piece][rotation][1]
    Which is: -3
  yPos
    Which is: -2
Y initial position mismatch for piece=1, rotation=3

/Users/ittehad/Documents/Coding/Python/Turing/Tester_cpp_codebench/tasks/473703/test.cpp:350: Failure
Expected equality of these values:
  expected[piece][rotation][1]
    Which is: -3
  yPos
    Which is: -2
Y initial position mismatch for piece=2, rotation=1

/Users/ittehad/Documents/Coding/Python/Turing/Tester_cpp_codebench/tasks/473703/test.cpp:347: Failure
Expected equality of these values:
  expected[piece][rotation][0]
    Which is: -2
  xPos
    Which is: -3
X initial position mismatch for piece=2, rotation=3

/Users/ittehad/Documents/Coding/Python/Turing/Tester_cpp_codebench/tasks/473703/test.cpp:347: Failure
Expected equality of these values:
  expected[piece][rotation][0]
    Which is: -2
  xPos
    Which is: -3
X initial position mismatch for piece=3, rotation=1

/Users/ittehad/Documents/Coding/Python/Turing/Tester_cpp_codebench/tasks/473703/test.cpp:350: Failure
Expected equality of these values:
  expected[piece][rotation][1]
    Which is: -3
  yPos
    Which is: -2
Y initial position mismatch for piece=3, rotation=3

/Users/ittehad/Documents/Coding/Python/Turing/Tester_cpp_codebench/tasks/473703/test.cpp:347: Failure
Expected equality of these values:
  expected[piece][rotation][0]
    Which is: -2
  xPos
    Which is: -3
X initial position mismatch for piece=4, rotation=1

/Users/ittehad/Documents/Coding/Python/Turing/Tester_cpp_codebench/tasks/473703/test.cpp:350: Failure
Expected equality of these values:
  expected[piece][rotation][1]
    Which is: -3
  yPos
    Which is: -2
Y initial position mismatch for piece=4, rotation=1

/Users/ittehad/Documents/Coding/Python/Turing/Tester_cpp_codebench/tasks/473703/test.cpp:350: Failure
Expected equality of these values:
  expected[piece][rotation][1]
    Which is: -3
  yPos
    Which is: -2
Y initial position mismatch for piece=5, rotation=1

/Users/ittehad/Documents/Coding/Python/Turing/Tester_cpp_codebench/tasks/473703/test.cpp:347: Failure
Expected equality of these values:
  expected[piece][rotation][0]
    Which is: -2
  xPos
    Which is: -3
X initial position mismatch for piece=5, rotation=3

/Users/ittehad/Documents/Coding/Python/Turing/Tester_cpp_codebench/tasks/473703/test.cpp:350: Failure
Expected equality of these values:
  expected[piece][rotation][1]
    Which is: -3
  yPos
    Which is: -2
Y initial position mismatch for piece=6, rotation=1

[  FAILED  ] TestrisTest.AllPiecesInitialPositionCorrectness (0 ms)
[----------] 7 tests from TestrisTest (1 ms total)

[----------] Global test environment tear-down
[==========] 7 tests from 1 test suite ran. (1 ms total)
[  PASSED  ] 3 tests.
[  FAILED  ] 4 tests, listed below:
[  FAILED  ] TestrisTest.BlockTypeCorrectness
[  FAILED  ] TestrisTest.InitialPositionCorrectness
[  FAILED  ] TestrisTest.AllRotationsBlockTypeCorrectness
[  FAILED  ] TestrisTest.AllPiecesInitialPositionCorrectness

 4 FAILED TESTS
<end of output>
Test time =   0.00 sec
----------------------------------------------------------
Test Failed.
"model9_tests" end time: Jan 31 22:26 +06
"model9_tests" time elapsed: 00:00:00
----------------------------------------------------------

End testing: Jan 31 22:26 +06
