Start testing: Jan 31 22:40 +06
----------------------------------------------------------
1/11 Testing: incorrect_solution_tests
1/11 Test: incorrect_solution_tests
Command: "/Users/ittehad/Documents/Coding/Python/Turing/Tester_cpp_codebench/tasks/621209/build/incorrect_solution_tests"
Directory: /Users/ittehad/Documents/Coding/Python/Turing/Tester_cpp_codebench/tasks/621209/build
"incorrect_solution_tests" start time: Jan 31 22:40 +06
Output:
----------------------------------------------------------
Running main() from /Users/ittehad/Documents/Coding/Python/Turing/Tester_cpp_codebench/tasks/621209/build/_deps/googletest-src/googletest/src/gtest_main.cc
[==========] Running 12 tests from 1 test suite.
[----------] Global test environment set-up.
[----------] 12 tests from SolutionTest
[ RUN      ] SolutionTest.TestSingleDay
<end of output>
Test time =   0.02 sec
----------------------------------------------------------
Test Failed.
"incorrect_solution_tests" end time: Jan 31 22:40 +06
"incorrect_solution_tests" time elapsed: 00:00:00
----------------------------------------------------------

2/11 Testing: model1_tests
2/11 Test: model1_tests
Command: "/Users/ittehad/Documents/Coding/Python/Turing/Tester_cpp_codebench/tasks/621209/build/model1_tests"
Directory: /Users/ittehad/Documents/Coding/Python/Turing/Tester_cpp_codebench/tasks/621209/build
"model1_tests" start time: Jan 31 22:40 +06
Output:
----------------------------------------------------------
Running main() from /Users/ittehad/Documents/Coding/Python/Turing/Tester_cpp_codebench/tasks/621209/build/_deps/googletest-src/googletest/src/gtest_main.cc
[==========] Running 12 tests from 1 test suite.
[----------] Global test environment set-up.
[----------] 12 tests from SolutionTest
[ RUN      ] SolutionTest.TestSingleDay
[       OK ] SolutionTest.TestSingleDay (0 ms)
[ RUN      ] SolutionTest.TestSingleMeetingExactDays
[       OK ] SolutionTest.TestSingleMeetingExactDays (0 ms)
[ RUN      ] SolutionTest.TestMeetingsCoverPartialDays
[       OK ] SolutionTest.TestMeetingsCoverPartialDays (0 ms)
[ RUN      ] SolutionTest.TestOverlappingMeetings
[       OK ] SolutionTest.TestOverlappingMeetings (0 ms)
[ RUN      ] SolutionTest.TestNonOverlappingMeetings
[       OK ] SolutionTest.TestNonOverlappingMeetings (0 ms)
[ RUN      ] SolutionTest.TestAllDaysFree
[       OK ] SolutionTest.TestAllDaysFree (0 ms)
[ RUN      ] SolutionTest.TestAllDaysMeeting
[       OK ] SolutionTest.TestAllDaysMeeting (0 ms)
[ RUN      ] SolutionTest.TestSingleDayMeeting
[       OK ] SolutionTest.TestSingleDayMeeting (0 ms)
[ RUN      ] SolutionTest.TestMultipleOverlappingMeetings
[       OK ] SolutionTest.TestMultipleOverlappingMeetings (0 ms)
[ RUN      ] SolutionTest.TestEdgeDaysMeetings
[       OK ] SolutionTest.TestEdgeDaysMeetings (0 ms)
[ RUN      ] SolutionTest.TestEmptyInputZeroDays
[       OK ] SolutionTest.TestEmptyInputZeroDays (0 ms)
[ RUN      ] SolutionTest.TestLargeDaysSingleMeeting
[       OK ] SolutionTest.TestLargeDaysSingleMeeting (0 ms)
[----------] 12 tests from SolutionTest (0 ms total)

[----------] Global test environment tear-down
[==========] 12 tests from 1 test suite ran. (0 ms total)
[  PASSED  ] 12 tests.
<end of output>
Test time =   0.00 sec
----------------------------------------------------------
Test Passed.
"model1_tests" end time: Jan 31 22:40 +06
"model1_tests" time elapsed: 00:00:00
----------------------------------------------------------

3/11 Testing: model10_tests
3/11 Test: model10_tests
Command: "/Users/ittehad/Documents/Coding/Python/Turing/Tester_cpp_codebench/tasks/621209/build/model10_tests"
Directory: /Users/ittehad/Documents/Coding/Python/Turing/Tester_cpp_codebench/tasks/621209/build
"model10_tests" start time: Jan 31 22:40 +06
Output:
----------------------------------------------------------
Running main() from /Users/ittehad/Documents/Coding/Python/Turing/Tester_cpp_codebench/tasks/621209/build/_deps/googletest-src/googletest/src/gtest_main.cc
[==========] Running 12 tests from 1 test suite.
[----------] Global test environment set-up.
[----------] 12 tests from SolutionTest
[ RUN      ] SolutionTest.TestSingleDay
<end of output>
Test time =   0.01 sec
----------------------------------------------------------
Test Failed.
"model10_tests" end time: Jan 31 22:40 +06
"model10_tests" time elapsed: 00:00:00
----------------------------------------------------------

4/11 Testing: model2_tests
4/11 Test: model2_tests
Command: "/Users/ittehad/Documents/Coding/Python/Turing/Tester_cpp_codebench/tasks/621209/build/model2_tests"
Directory: /Users/ittehad/Documents/Coding/Python/Turing/Tester_cpp_codebench/tasks/621209/build
"model2_tests" start time: Jan 31 22:40 +06
Output:
----------------------------------------------------------
Running main() from /Users/ittehad/Documents/Coding/Python/Turing/Tester_cpp_codebench/tasks/621209/build/_deps/googletest-src/googletest/src/gtest_main.cc
[==========] Running 12 tests from 1 test suite.
[----------] Global test environment set-up.
[----------] 12 tests from SolutionTest
[ RUN      ] SolutionTest.TestSingleDay
[       OK ] SolutionTest.TestSingleDay (0 ms)
[ RUN      ] SolutionTest.TestSingleMeetingExactDays
[       OK ] SolutionTest.TestSingleMeetingExactDays (0 ms)
[ RUN      ] SolutionTest.TestMeetingsCoverPartialDays
[       OK ] SolutionTest.TestMeetingsCoverPartialDays (0 ms)
[ RUN      ] SolutionTest.TestOverlappingMeetings
[       OK ] SolutionTest.TestOverlappingMeetings (0 ms)
[ RUN      ] SolutionTest.TestNonOverlappingMeetings
[       OK ] SolutionTest.TestNonOverlappingMeetings (0 ms)
[ RUN      ] SolutionTest.TestAllDaysFree
[       OK ] SolutionTest.TestAllDaysFree (0 ms)
[ RUN      ] SolutionTest.TestAllDaysMeeting
[       OK ] SolutionTest.TestAllDaysMeeting (0 ms)
[ RUN      ] SolutionTest.TestSingleDayMeeting
[       OK ] SolutionTest.TestSingleDayMeeting (0 ms)
[ RUN      ] SolutionTest.TestMultipleOverlappingMeetings
[       OK ] SolutionTest.TestMultipleOverlappingMeetings (0 ms)
[ RUN      ] SolutionTest.TestEdgeDaysMeetings
[       OK ] SolutionTest.TestEdgeDaysMeetings (0 ms)
[ RUN      ] SolutionTest.TestEmptyInputZeroDays
[       OK ] SolutionTest.TestEmptyInputZeroDays (0 ms)
[ RUN      ] SolutionTest.TestLargeDaysSingleMeeting
[       OK ] SolutionTest.TestLargeDaysSingleMeeting (0 ms)
[----------] 12 tests from SolutionTest (0 ms total)

[----------] Global test environment tear-down
[==========] 12 tests from 1 test suite ran. (0 ms total)
[  PASSED  ] 12 tests.
<end of output>
Test time =   0.00 sec
----------------------------------------------------------
Test Passed.
"model2_tests" end time: Jan 31 22:40 +06
"model2_tests" time elapsed: 00:00:00
----------------------------------------------------------

5/11 Testing: model3_tests
5/11 Test: model3_tests
Command: "/Users/ittehad/Documents/Coding/Python/Turing/Tester_cpp_codebench/tasks/621209/build/model3_tests"
Directory: /Users/ittehad/Documents/Coding/Python/Turing/Tester_cpp_codebench/tasks/621209/build
"model3_tests" start time: Jan 31 22:40 +06
Output:
----------------------------------------------------------
Running main() from /Users/ittehad/Documents/Coding/Python/Turing/Tester_cpp_codebench/tasks/621209/build/_deps/googletest-src/googletest/src/gtest_main.cc
[==========] Running 12 tests from 1 test suite.
[----------] Global test environment set-up.
[----------] 12 tests from SolutionTest
[ RUN      ] SolutionTest.TestSingleDay
[       OK ] SolutionTest.TestSingleDay (0 ms)
[ RUN      ] SolutionTest.TestSingleMeetingExactDays
[       OK ] SolutionTest.TestSingleMeetingExactDays (0 ms)
[ RUN      ] SolutionTest.TestMeetingsCoverPartialDays
[       OK ] SolutionTest.TestMeetingsCoverPartialDays (0 ms)
[ RUN      ] SolutionTest.TestOverlappingMeetings
[       OK ] SolutionTest.TestOverlappingMeetings (0 ms)
[ RUN      ] SolutionTest.TestNonOverlappingMeetings
[       OK ] SolutionTest.TestNonOverlappingMeetings (0 ms)
[ RUN      ] SolutionTest.TestAllDaysFree
[       OK ] SolutionTest.TestAllDaysFree (0 ms)
[ RUN      ] SolutionTest.TestAllDaysMeeting
[       OK ] SolutionTest.TestAllDaysMeeting (0 ms)
[ RUN      ] SolutionTest.TestSingleDayMeeting
[       OK ] SolutionTest.TestSingleDayMeeting (0 ms)
[ RUN      ] SolutionTest.TestMultipleOverlappingMeetings
[       OK ] SolutionTest.TestMultipleOverlappingMeetings (0 ms)
[ RUN      ] SolutionTest.TestEdgeDaysMeetings
[       OK ] SolutionTest.TestEdgeDaysMeetings (0 ms)
[ RUN      ] SolutionTest.TestEmptyInputZeroDays
[       OK ] SolutionTest.TestEmptyInputZeroDays (0 ms)
[ RUN      ] SolutionTest.TestLargeDaysSingleMeeting
[       OK ] SolutionTest.TestLargeDaysSingleMeeting (0 ms)
[----------] 12 tests from SolutionTest (0 ms total)

[----------] Global test environment tear-down
[==========] 12 tests from 1 test suite ran. (0 ms total)
[  PASSED  ] 12 tests.
<end of output>
Test time =   0.00 sec
----------------------------------------------------------
Test Passed.
"model3_tests" end time: Jan 31 22:40 +06
"model3_tests" time elapsed: 00:00:00
----------------------------------------------------------

6/11 Testing: model4_tests
6/11 Test: model4_tests
Command: "/Users/ittehad/Documents/Coding/Python/Turing/Tester_cpp_codebench/tasks/621209/build/model4_tests"
Directory: /Users/ittehad/Documents/Coding/Python/Turing/Tester_cpp_codebench/tasks/621209/build
"model4_tests" start time: Jan 31 22:40 +06
Output:
----------------------------------------------------------
Running main() from /Users/ittehad/Documents/Coding/Python/Turing/Tester_cpp_codebench/tasks/621209/build/_deps/googletest-src/googletest/src/gtest_main.cc
[==========] Running 12 tests from 1 test suite.
[----------] Global test environment set-up.
[----------] 12 tests from SolutionTest
[ RUN      ] SolutionTest.TestSingleDay
/Users/ittehad/Documents/Coding/Python/Turing/Tester_cpp_codebench/tasks/621209/test.cpp:9: Failure
Expected equality of these values:
  countDays(days, meetings)
    Which is: 0
  1

[  FAILED  ] SolutionTest.TestSingleDay (0 ms)
[ RUN      ] SolutionTest.TestSingleMeetingExactDays
[       OK ] SolutionTest.TestSingleMeetingExactDays (0 ms)
[ RUN      ] SolutionTest.TestMeetingsCoverPartialDays
[       OK ] SolutionTest.TestMeetingsCoverPartialDays (0 ms)
[ RUN      ] SolutionTest.TestOverlappingMeetings
[       OK ] SolutionTest.TestOverlappingMeetings (0 ms)
[ RUN      ] SolutionTest.TestNonOverlappingMeetings
[       OK ] SolutionTest.TestNonOverlappingMeetings (0 ms)
[ RUN      ] SolutionTest.TestAllDaysFree
/Users/ittehad/Documents/Coding/Python/Turing/Tester_cpp_codebench/tasks/621209/test.cpp:39: Failure
Expected equality of these values:
  countDays(days, meetings)
    Which is: 0
  10

[  FAILED  ] SolutionTest.TestAllDaysFree (0 ms)
[ RUN      ] SolutionTest.TestAllDaysMeeting
[       OK ] SolutionTest.TestAllDaysMeeting (0 ms)
[ RUN      ] SolutionTest.TestSingleDayMeeting
[       OK ] SolutionTest.TestSingleDayMeeting (0 ms)
[ RUN      ] SolutionTest.TestMultipleOverlappingMeetings
[       OK ] SolutionTest.TestMultipleOverlappingMeetings (0 ms)
[ RUN      ] SolutionTest.TestEdgeDaysMeetings
[       OK ] SolutionTest.TestEdgeDaysMeetings (0 ms)
[ RUN      ] SolutionTest.TestEmptyInputZeroDays
[       OK ] SolutionTest.TestEmptyInputZeroDays (0 ms)
[ RUN      ] SolutionTest.TestLargeDaysSingleMeeting
[       OK ] SolutionTest.TestLargeDaysSingleMeeting (0 ms)
[----------] 12 tests from SolutionTest (0 ms total)

[----------] Global test environment tear-down
[==========] 12 tests from 1 test suite ran. (0 ms total)
[  PASSED  ] 10 tests.
[  FAILED  ] 2 tests, listed below:
[  FAILED  ] SolutionTest.TestSingleDay
[  FAILED  ] SolutionTest.TestAllDaysFree

 2 FAILED TESTS
<end of output>
Test time =   0.00 sec
----------------------------------------------------------
Test Failed.
"model4_tests" end time: Jan 31 22:40 +06
"model4_tests" time elapsed: 00:00:00
----------------------------------------------------------

7/11 Testing: model5_tests
7/11 Test: model5_tests
Command: "/Users/ittehad/Documents/Coding/Python/Turing/Tester_cpp_codebench/tasks/621209/build/model5_tests"
Directory: /Users/ittehad/Documents/Coding/Python/Turing/Tester_cpp_codebench/tasks/621209/build
"model5_tests" start time: Jan 31 22:40 +06
Output:
----------------------------------------------------------
Running main() from /Users/ittehad/Documents/Coding/Python/Turing/Tester_cpp_codebench/tasks/621209/build/_deps/googletest-src/googletest/src/gtest_main.cc
[==========] Running 12 tests from 1 test suite.
[----------] Global test environment set-up.
[----------] 12 tests from SolutionTest
[ RUN      ] SolutionTest.TestSingleDay
[       OK ] SolutionTest.TestSingleDay (0 ms)
[ RUN      ] SolutionTest.TestSingleMeetingExactDays
[       OK ] SolutionTest.TestSingleMeetingExactDays (0 ms)
[ RUN      ] SolutionTest.TestMeetingsCoverPartialDays
[       OK ] SolutionTest.TestMeetingsCoverPartialDays (0 ms)
[ RUN      ] SolutionTest.TestOverlappingMeetings
[       OK ] SolutionTest.TestOverlappingMeetings (0 ms)
[ RUN      ] SolutionTest.TestNonOverlappingMeetings
[       OK ] SolutionTest.TestNonOverlappingMeetings (0 ms)
[ RUN      ] SolutionTest.TestAllDaysFree
[       OK ] SolutionTest.TestAllDaysFree (0 ms)
[ RUN      ] SolutionTest.TestAllDaysMeeting
[       OK ] SolutionTest.TestAllDaysMeeting (0 ms)
[ RUN      ] SolutionTest.TestSingleDayMeeting
[       OK ] SolutionTest.TestSingleDayMeeting (0 ms)
[ RUN      ] SolutionTest.TestMultipleOverlappingMeetings
[       OK ] SolutionTest.TestMultipleOverlappingMeetings (0 ms)
[ RUN      ] SolutionTest.TestEdgeDaysMeetings
[       OK ] SolutionTest.TestEdgeDaysMeetings (0 ms)
[ RUN      ] SolutionTest.TestEmptyInputZeroDays
[       OK ] SolutionTest.TestEmptyInputZeroDays (0 ms)
[ RUN      ] SolutionTest.TestLargeDaysSingleMeeting
[       OK ] SolutionTest.TestLargeDaysSingleMeeting (0 ms)
[----------] 12 tests from SolutionTest (0 ms total)

[----------] Global test environment tear-down
[==========] 12 tests from 1 test suite ran. (0 ms total)
[  PASSED  ] 12 tests.
<end of output>
Test time =   0.00 sec
----------------------------------------------------------
Test Passed.
"model5_tests" end time: Jan 31 22:40 +06
"model5_tests" time elapsed: 00:00:00
----------------------------------------------------------

8/11 Testing: model6_tests
8/11 Test: model6_tests
Command: "/Users/ittehad/Documents/Coding/Python/Turing/Tester_cpp_codebench/tasks/621209/build/model6_tests"
Directory: /Users/ittehad/Documents/Coding/Python/Turing/Tester_cpp_codebench/tasks/621209/build
"model6_tests" start time: Jan 31 22:40 +06
Output:
----------------------------------------------------------
Running main() from /Users/ittehad/Documents/Coding/Python/Turing/Tester_cpp_codebench/tasks/621209/build/_deps/googletest-src/googletest/src/gtest_main.cc
[==========] Running 12 tests from 1 test suite.
[----------] Global test environment set-up.
[----------] 12 tests from SolutionTest
[ RUN      ] SolutionTest.TestSingleDay
[       OK ] SolutionTest.TestSingleDay (0 ms)
[ RUN      ] SolutionTest.TestSingleMeetingExactDays
[       OK ] SolutionTest.TestSingleMeetingExactDays (0 ms)
[ RUN      ] SolutionTest.TestMeetingsCoverPartialDays
[       OK ] SolutionTest.TestMeetingsCoverPartialDays (0 ms)
[ RUN      ] SolutionTest.TestOverlappingMeetings
[       OK ] SolutionTest.TestOverlappingMeetings (0 ms)
[ RUN      ] SolutionTest.TestNonOverlappingMeetings
[       OK ] SolutionTest.TestNonOverlappingMeetings (0 ms)
[ RUN      ] SolutionTest.TestAllDaysFree
[       OK ] SolutionTest.TestAllDaysFree (0 ms)
[ RUN      ] SolutionTest.TestAllDaysMeeting
[       OK ] SolutionTest.TestAllDaysMeeting (0 ms)
[ RUN      ] SolutionTest.TestSingleDayMeeting
[       OK ] SolutionTest.TestSingleDayMeeting (0 ms)
[ RUN      ] SolutionTest.TestMultipleOverlappingMeetings
[       OK ] SolutionTest.TestMultipleOverlappingMeetings (0 ms)
[ RUN      ] SolutionTest.TestEdgeDaysMeetings
[       OK ] SolutionTest.TestEdgeDaysMeetings (0 ms)
[ RUN      ] SolutionTest.TestEmptyInputZeroDays
[       OK ] SolutionTest.TestEmptyInputZeroDays (0 ms)
[ RUN      ] SolutionTest.TestLargeDaysSingleMeeting
[       OK ] SolutionTest.TestLargeDaysSingleMeeting (0 ms)
[----------] 12 tests from SolutionTest (0 ms total)

[----------] Global test environment tear-down
[==========] 12 tests from 1 test suite ran. (0 ms total)
[  PASSED  ] 12 tests.
<end of output>
Test time =   0.00 sec
----------------------------------------------------------
Test Passed.
"model6_tests" end time: Jan 31 22:40 +06
"model6_tests" time elapsed: 00:00:00
----------------------------------------------------------

9/11 Testing: model7_tests
9/11 Test: model7_tests
Command: "/Users/ittehad/Documents/Coding/Python/Turing/Tester_cpp_codebench/tasks/621209/build/model7_tests"
Directory: /Users/ittehad/Documents/Coding/Python/Turing/Tester_cpp_codebench/tasks/621209/build
"model7_tests" start time: Jan 31 22:40 +06
Output:
----------------------------------------------------------
Running main() from /Users/ittehad/Documents/Coding/Python/Turing/Tester_cpp_codebench/tasks/621209/build/_deps/googletest-src/googletest/src/gtest_main.cc
[==========] Running 12 tests from 1 test suite.
[----------] Global test environment set-up.
[----------] 12 tests from SolutionTest
[ RUN      ] SolutionTest.TestSingleDay
[       OK ] SolutionTest.TestSingleDay (0 ms)
[ RUN      ] SolutionTest.TestSingleMeetingExactDays
[       OK ] SolutionTest.TestSingleMeetingExactDays (0 ms)
[ RUN      ] SolutionTest.TestMeetingsCoverPartialDays
/Users/ittehad/Documents/Coding/Python/Turing/Tester_cpp_codebench/tasks/621209/test.cpp:21: Failure
Expected equality of these values:
  countDays(days, meetings)
    Which is: 3
  4

[  FAILED  ] SolutionTest.TestMeetingsCoverPartialDays (0 ms)
[ RUN      ] SolutionTest.TestOverlappingMeetings
[       OK ] SolutionTest.TestOverlappingMeetings (0 ms)
[ RUN      ] SolutionTest.TestNonOverlappingMeetings
[       OK ] SolutionTest.TestNonOverlappingMeetings (0 ms)
[ RUN      ] SolutionTest.TestAllDaysFree
[       OK ] SolutionTest.TestAllDaysFree (0 ms)
[ RUN      ] SolutionTest.TestAllDaysMeeting
[       OK ] SolutionTest.TestAllDaysMeeting (0 ms)
[ RUN      ] SolutionTest.TestSingleDayMeeting
/Users/ittehad/Documents/Coding/Python/Turing/Tester_cpp_codebench/tasks/621209/test.cpp:51: Failure
Expected equality of these values:
  countDays(days, meetings)
    Which is: 5
  9

[  FAILED  ] SolutionTest.TestSingleDayMeeting (0 ms)
[ RUN      ] SolutionTest.TestMultipleOverlappingMeetings
[       OK ] SolutionTest.TestMultipleOverlappingMeetings (0 ms)
[ RUN      ] SolutionTest.TestEdgeDaysMeetings
[       OK ] SolutionTest.TestEdgeDaysMeetings (0 ms)
[ RUN      ] SolutionTest.TestEmptyInputZeroDays
[       OK ] SolutionTest.TestEmptyInputZeroDays (0 ms)
[ RUN      ] SolutionTest.TestLargeDaysSingleMeeting
[       OK ] SolutionTest.TestLargeDaysSingleMeeting (0 ms)
[----------] 12 tests from SolutionTest (0 ms total)

[----------] Global test environment tear-down
[==========] 12 tests from 1 test suite ran. (0 ms total)
[  PASSED  ] 10 tests.
[  FAILED  ] 2 tests, listed below:
[  FAILED  ] SolutionTest.TestMeetingsCoverPartialDays
[  FAILED  ] SolutionTest.TestSingleDayMeeting

 2 FAILED TESTS
<end of output>
Test time =   0.00 sec
----------------------------------------------------------
Test Failed.
"model7_tests" end time: Jan 31 22:40 +06
"model7_tests" time elapsed: 00:00:00
----------------------------------------------------------

10/11 Testing: model8_tests
10/11 Test: model8_tests
Command: "/Users/ittehad/Documents/Coding/Python/Turing/Tester_cpp_codebench/tasks/621209/build/model8_tests"
Directory: /Users/ittehad/Documents/Coding/Python/Turing/Tester_cpp_codebench/tasks/621209/build
"model8_tests" start time: Jan 31 22:40 +06
Output:
----------------------------------------------------------
Running main() from /Users/ittehad/Documents/Coding/Python/Turing/Tester_cpp_codebench/tasks/621209/build/_deps/googletest-src/googletest/src/gtest_main.cc
[==========] Running 12 tests from 1 test suite.
[----------] Global test environment set-up.
[----------] 12 tests from SolutionTest
[ RUN      ] SolutionTest.TestSingleDay
<end of output>
Test time =   0.01 sec
----------------------------------------------------------
Test Failed.
"model8_tests" end time: Jan 31 22:40 +06
"model8_tests" time elapsed: 00:00:00
----------------------------------------------------------

11/11 Testing: model9_tests
11/11 Test: model9_tests
Command: "/Users/ittehad/Documents/Coding/Python/Turing/Tester_cpp_codebench/tasks/621209/build/model9_tests"
Directory: /Users/ittehad/Documents/Coding/Python/Turing/Tester_cpp_codebench/tasks/621209/build
"model9_tests" start time: Jan 31 22:40 +06
Output:
----------------------------------------------------------
Running main() from /Users/ittehad/Documents/Coding/Python/Turing/Tester_cpp_codebench/tasks/621209/build/_deps/googletest-src/googletest/src/gtest_main.cc
[==========] Running 12 tests from 1 test suite.
[----------] Global test environment set-up.
[----------] 12 tests from SolutionTest
[ RUN      ] SolutionTest.TestSingleDay
[       OK ] SolutionTest.TestSingleDay (0 ms)
[ RUN      ] SolutionTest.TestSingleMeetingExactDays
[       OK ] SolutionTest.TestSingleMeetingExactDays (0 ms)
[ RUN      ] SolutionTest.TestMeetingsCoverPartialDays
[       OK ] SolutionTest.TestMeetingsCoverPartialDays (0 ms)
[ RUN      ] SolutionTest.TestOverlappingMeetings
[       OK ] SolutionTest.TestOverlappingMeetings (0 ms)
[ RUN      ] SolutionTest.TestNonOverlappingMeetings
[       OK ] SolutionTest.TestNonOverlappingMeetings (0 ms)
[ RUN      ] SolutionTest.TestAllDaysFree
[       OK ] SolutionTest.TestAllDaysFree (0 ms)
[ RUN      ] SolutionTest.TestAllDaysMeeting
[       OK ] SolutionTest.TestAllDaysMeeting (0 ms)
[ RUN      ] SolutionTest.TestSingleDayMeeting
[       OK ] SolutionTest.TestSingleDayMeeting (0 ms)
[ RUN      ] SolutionTest.TestMultipleOverlappingMeetings
[       OK ] SolutionTest.TestMultipleOverlappingMeetings (0 ms)
[ RUN      ] SolutionTest.TestEdgeDaysMeetings
[       OK ] SolutionTest.TestEdgeDaysMeetings (0 ms)
[ RUN      ] SolutionTest.TestEmptyInputZeroDays
[       OK ] SolutionTest.TestEmptyInputZeroDays (0 ms)
[ RUN      ] SolutionTest.TestLargeDaysSingleMeeting
[       OK ] SolutionTest.TestLargeDaysSingleMeeting (0 ms)
[----------] 12 tests from SolutionTest (0 ms total)

[----------] Global test environment tear-down
[==========] 12 tests from 1 test suite ran. (0 ms total)
[  PASSED  ] 12 tests.
<end of output>
Test time =   0.00 sec
----------------------------------------------------------
Test Passed.
"model9_tests" end time: Jan 31 22:40 +06
"model9_tests" time elapsed: 00:00:00
----------------------------------------------------------

End testing: Jan 31 22:40 +06
