Start testing: Jan 31 22:24 +06
----------------------------------------------------------
1/11 Testing: incorrect_solution_tests
1/11 Test: incorrect_solution_tests
Command: "/Users/ittehad/Documents/Coding/Python/Turing/Tester_cpp_codebench/tasks/473677/build/incorrect_solution_tests"
Directory: /Users/ittehad/Documents/Coding/Python/Turing/Tester_cpp_codebench/tasks/473677/build
"incorrect_solution_tests" start time: Jan 31 22:24 +06
Output:
----------------------------------------------------------
[==========] Running 10 tests from 1 test suite.
[----------] Global test environment set-up.
[----------] 10 tests from CalculateMaxChannelQualityTest
[ RUN      ] CalculateMaxChannelQualityTest.BasicTests
/Users/ittehad/Documents/Coding/Python/Turing/Tester_cpp_codebench/tasks/473677/test.cpp:10: Failure
Expected equality of these values:
  calculateMaxChannelQuality(packetSizes_1, numChannels_1)
    Which is: 6
  8

/Users/ittehad/Documents/Coding/Python/Turing/Tester_cpp_codebench/tasks/473677/test.cpp:14: Failure
Expected equality of these values:
  calculateMaxChannelQuality(packetSizes_2, numChannels_2)
    Which is: 5
  7

[  FAILED  ] CalculateMaxChannelQualityTest.BasicTests (0 ms)
[ RUN      ] CalculateMaxChannelQualityTest.SingleChannel
[       OK ] CalculateMaxChannelQualityTest.SingleChannel (0 ms)
[ RUN      ] CalculateMaxChannelQualityTest.EqualPacketAndChannels
[       OK ] CalculateMaxChannelQualityTest.EqualPacketAndChannels (0 ms)
[ RUN      ] CalculateMaxChannelQualityTest.FewPacketsAndManyChannels
[       OK ] CalculateMaxChannelQualityTest.FewPacketsAndManyChannels (0 ms)
[ RUN      ] CalculateMaxChannelQualityTest.LargePacketSizes
/Users/ittehad/Documents/Coding/Python/Turing/Tester_cpp_codebench/tasks/473677/test.cpp:42: Failure
Expected equality of these values:
  calculateMaxChannelQuality(packetSizes, numChannels)
    Which is: 9000000
  11000000

[  FAILED  ] CalculateMaxChannelQualityTest.LargePacketSizes (0 ms)
[ RUN      ] CalculateMaxChannelQualityTest.OnePacketOneChannel
[       OK ] CalculateMaxChannelQualityTest.OnePacketOneChannel (0 ms)
[ RUN      ] CalculateMaxChannelQualityTest.OnePacketManyChannels
[       OK ] CalculateMaxChannelQualityTest.OnePacketManyChannels (0 ms)
[ RUN      ] CalculateMaxChannelQualityTest.ZeroChannels
[       OK ] CalculateMaxChannelQualityTest.ZeroChannels (0 ms)
[ RUN      ] CalculateMaxChannelQualityTest.EmptyPacketSizes
[       OK ] CalculateMaxChannelQualityTest.EmptyPacketSizes (0 ms)
[ RUN      ] CalculateMaxChannelQualityTest.PacketsLessThanChannels
[       OK ] CalculateMaxChannelQualityTest.PacketsLessThanChannels (0 ms)
[----------] 10 tests from CalculateMaxChannelQualityTest (0 ms total)

[----------] Global test environment tear-down
[==========] 10 tests from 1 test suite ran. (0 ms total)
[  PASSED  ] 8 tests.
[  FAILED  ] 2 tests, listed below:
[  FAILED  ] CalculateMaxChannelQualityTest.BasicTests
[  FAILED  ] CalculateMaxChannelQualityTest.LargePacketSizes

 2 FAILED TESTS
<end of output>
Test time =   0.01 sec
----------------------------------------------------------
Test Failed.
"incorrect_solution_tests" end time: Jan 31 22:24 +06
"incorrect_solution_tests" time elapsed: 00:00:00
----------------------------------------------------------

2/11 Testing: model1_tests
2/11 Test: model1_tests
Command: "/Users/ittehad/Documents/Coding/Python/Turing/Tester_cpp_codebench/tasks/473677/build/model1_tests"
Directory: /Users/ittehad/Documents/Coding/Python/Turing/Tester_cpp_codebench/tasks/473677/build
"model1_tests" start time: Jan 31 22:24 +06
Output:
----------------------------------------------------------
[==========] Running 10 tests from 1 test suite.
[----------] Global test environment set-up.
[----------] 10 tests from CalculateMaxChannelQualityTest
[ RUN      ] CalculateMaxChannelQualityTest.BasicTests
/Users/ittehad/Documents/Coding/Python/Turing/Tester_cpp_codebench/tasks/473677/test.cpp:10: Failure
Expected equality of these values:
  calculateMaxChannelQuality(packetSizes_1, numChannels_1)
    Which is: 6
  8

/Users/ittehad/Documents/Coding/Python/Turing/Tester_cpp_codebench/tasks/473677/test.cpp:14: Failure
Expected equality of these values:
  calculateMaxChannelQuality(packetSizes_2, numChannels_2)
    Which is: 5
  7

[  FAILED  ] CalculateMaxChannelQualityTest.BasicTests (0 ms)
[ RUN      ] CalculateMaxChannelQualityTest.SingleChannel
[       OK ] CalculateMaxChannelQualityTest.SingleChannel (0 ms)
[ RUN      ] CalculateMaxChannelQualityTest.EqualPacketAndChannels
[       OK ] CalculateMaxChannelQualityTest.EqualPacketAndChannels (0 ms)
[ RUN      ] CalculateMaxChannelQualityTest.FewPacketsAndManyChannels
[       OK ] CalculateMaxChannelQualityTest.FewPacketsAndManyChannels (0 ms)
[ RUN      ] CalculateMaxChannelQualityTest.LargePacketSizes
/Users/ittehad/Documents/Coding/Python/Turing/Tester_cpp_codebench/tasks/473677/test.cpp:42: Failure
Expected equality of these values:
  calculateMaxChannelQuality(packetSizes, numChannels)
    Which is: 9000000
  11000000

[  FAILED  ] CalculateMaxChannelQualityTest.LargePacketSizes (0 ms)
[ RUN      ] CalculateMaxChannelQualityTest.OnePacketOneChannel
[       OK ] CalculateMaxChannelQualityTest.OnePacketOneChannel (0 ms)
[ RUN      ] CalculateMaxChannelQualityTest.OnePacketManyChannels
[       OK ] CalculateMaxChannelQualityTest.OnePacketManyChannels (0 ms)
[ RUN      ] CalculateMaxChannelQualityTest.ZeroChannels
[       OK ] CalculateMaxChannelQualityTest.ZeroChannels (0 ms)
[ RUN      ] CalculateMaxChannelQualityTest.EmptyPacketSizes
[       OK ] CalculateMaxChannelQualityTest.EmptyPacketSizes (0 ms)
[ RUN      ] CalculateMaxChannelQualityTest.PacketsLessThanChannels
[       OK ] CalculateMaxChannelQualityTest.PacketsLessThanChannels (0 ms)
[----------] 10 tests from CalculateMaxChannelQualityTest (0 ms total)

[----------] Global test environment tear-down
[==========] 10 tests from 1 test suite ran. (0 ms total)
[  PASSED  ] 8 tests.
[  FAILED  ] 2 tests, listed below:
[  FAILED  ] CalculateMaxChannelQualityTest.BasicTests
[  FAILED  ] CalculateMaxChannelQualityTest.LargePacketSizes

 2 FAILED TESTS
<end of output>
Test time =   0.01 sec
----------------------------------------------------------
Test Failed.
"model1_tests" end time: Jan 31 22:24 +06
"model1_tests" time elapsed: 00:00:00
----------------------------------------------------------

Unable to find executable: /Users/ittehad/Documents/Coding/Python/Turing/Tester_cpp_codebench/tasks/473677/build/model10_tests
3/11 Testing: model10_tests
3/11 Test: model10_tests
Command: ""
Directory: /Users/ittehad/Documents/Coding/Python/Turing/Tester_cpp_codebench/tasks/473677/build
"model10_tests" start time: 
Output:
----------------------------------------------------------
<end of output>
Test time =   0.00 sec
----------------------------------------------------------
Test Passed.
"model10_tests" end time: Jan 31 22:24 +06
"model10_tests" time elapsed: 00:00:00
----------------------------------------------------------

4/11 Testing: model2_tests
4/11 Test: model2_tests
Command: "/Users/ittehad/Documents/Coding/Python/Turing/Tester_cpp_codebench/tasks/473677/build/model2_tests"
Directory: /Users/ittehad/Documents/Coding/Python/Turing/Tester_cpp_codebench/tasks/473677/build
"model2_tests" start time: Jan 31 22:24 +06
Output:
----------------------------------------------------------
[==========] Running 10 tests from 1 test suite.
[----------] Global test environment set-up.
[----------] 10 tests from CalculateMaxChannelQualityTest
[ RUN      ] CalculateMaxChannelQualityTest.BasicTests
/Users/ittehad/Documents/Coding/Python/Turing/Tester_cpp_codebench/tasks/473677/test.cpp:10: Failure
Expected equality of these values:
  calculateMaxChannelQuality(packetSizes_1, numChannels_1)
    Which is: 6
  8

/Users/ittehad/Documents/Coding/Python/Turing/Tester_cpp_codebench/tasks/473677/test.cpp:14: Failure
Expected equality of these values:
  calculateMaxChannelQuality(packetSizes_2, numChannels_2)
    Which is: 5
  7

[  FAILED  ] CalculateMaxChannelQualityTest.BasicTests (0 ms)
[ RUN      ] CalculateMaxChannelQualityTest.SingleChannel
[       OK ] CalculateMaxChannelQualityTest.SingleChannel (0 ms)
[ RUN      ] CalculateMaxChannelQualityTest.EqualPacketAndChannels
[       OK ] CalculateMaxChannelQualityTest.EqualPacketAndChannels (0 ms)
[ RUN      ] CalculateMaxChannelQualityTest.FewPacketsAndManyChannels
[       OK ] CalculateMaxChannelQualityTest.FewPacketsAndManyChannels (0 ms)
[ RUN      ] CalculateMaxChannelQualityTest.LargePacketSizes
/Users/ittehad/Documents/Coding/Python/Turing/Tester_cpp_codebench/tasks/473677/test.cpp:42: Failure
Expected equality of these values:
  calculateMaxChannelQuality(packetSizes, numChannels)
    Which is: 9000000
  11000000

[  FAILED  ] CalculateMaxChannelQualityTest.LargePacketSizes (0 ms)
[ RUN      ] CalculateMaxChannelQualityTest.OnePacketOneChannel
[       OK ] CalculateMaxChannelQualityTest.OnePacketOneChannel (0 ms)
[ RUN      ] CalculateMaxChannelQualityTest.OnePacketManyChannels
[       OK ] CalculateMaxChannelQualityTest.OnePacketManyChannels (0 ms)
[ RUN      ] CalculateMaxChannelQualityTest.ZeroChannels
[       OK ] CalculateMaxChannelQualityTest.ZeroChannels (0 ms)
[ RUN      ] CalculateMaxChannelQualityTest.EmptyPacketSizes
[       OK ] CalculateMaxChannelQualityTest.EmptyPacketSizes (0 ms)
[ RUN      ] CalculateMaxChannelQualityTest.PacketsLessThanChannels
[       OK ] CalculateMaxChannelQualityTest.PacketsLessThanChannels (0 ms)
[----------] 10 tests from CalculateMaxChannelQualityTest (0 ms total)

[----------] Global test environment tear-down
[==========] 10 tests from 1 test suite ran. (0 ms total)
[  PASSED  ] 8 tests.
[  FAILED  ] 2 tests, listed below:
[  FAILED  ] CalculateMaxChannelQualityTest.BasicTests
[  FAILED  ] CalculateMaxChannelQualityTest.LargePacketSizes

 2 FAILED TESTS
<end of output>
Test time =   0.01 sec
----------------------------------------------------------
Test Failed.
"model2_tests" end time: Jan 31 22:24 +06
"model2_tests" time elapsed: 00:00:00
----------------------------------------------------------

5/11 Testing: model3_tests
5/11 Test: model3_tests
Command: "/Users/ittehad/Documents/Coding/Python/Turing/Tester_cpp_codebench/tasks/473677/build/model3_tests"
Directory: /Users/ittehad/Documents/Coding/Python/Turing/Tester_cpp_codebench/tasks/473677/build
"model3_tests" start time: Jan 31 22:24 +06
Output:
----------------------------------------------------------
[==========] Running 10 tests from 1 test suite.
[----------] Global test environment set-up.
[----------] 10 tests from CalculateMaxChannelQualityTest
[ RUN      ] CalculateMaxChannelQualityTest.BasicTests
/Users/ittehad/Documents/Coding/Python/Turing/Tester_cpp_codebench/tasks/473677/test.cpp:10: Failure
Expected equality of these values:
  calculateMaxChannelQuality(packetSizes_1, numChannels_1)
    Which is: 6
  8

/Users/ittehad/Documents/Coding/Python/Turing/Tester_cpp_codebench/tasks/473677/test.cpp:14: Failure
Expected equality of these values:
  calculateMaxChannelQuality(packetSizes_2, numChannels_2)
    Which is: 5
  7

[  FAILED  ] CalculateMaxChannelQualityTest.BasicTests (0 ms)
[ RUN      ] CalculateMaxChannelQualityTest.SingleChannel
[       OK ] CalculateMaxChannelQualityTest.SingleChannel (0 ms)
[ RUN      ] CalculateMaxChannelQualityTest.EqualPacketAndChannels
[       OK ] CalculateMaxChannelQualityTest.EqualPacketAndChannels (0 ms)
[ RUN      ] CalculateMaxChannelQualityTest.FewPacketsAndManyChannels
[       OK ] CalculateMaxChannelQualityTest.FewPacketsAndManyChannels (0 ms)
[ RUN      ] CalculateMaxChannelQualityTest.LargePacketSizes
/Users/ittehad/Documents/Coding/Python/Turing/Tester_cpp_codebench/tasks/473677/test.cpp:42: Failure
Expected equality of these values:
  calculateMaxChannelQuality(packetSizes, numChannels)
    Which is: 9000000
  11000000

[  FAILED  ] CalculateMaxChannelQualityTest.LargePacketSizes (0 ms)
[ RUN      ] CalculateMaxChannelQualityTest.OnePacketOneChannel
[       OK ] CalculateMaxChannelQualityTest.OnePacketOneChannel (0 ms)
[ RUN      ] CalculateMaxChannelQualityTest.OnePacketManyChannels
[       OK ] CalculateMaxChannelQualityTest.OnePacketManyChannels (0 ms)
[ RUN      ] CalculateMaxChannelQualityTest.ZeroChannels
[       OK ] CalculateMaxChannelQualityTest.ZeroChannels (0 ms)
[ RUN      ] CalculateMaxChannelQualityTest.EmptyPacketSizes
[       OK ] CalculateMaxChannelQualityTest.EmptyPacketSizes (0 ms)
[ RUN      ] CalculateMaxChannelQualityTest.PacketsLessThanChannels
[       OK ] CalculateMaxChannelQualityTest.PacketsLessThanChannels (0 ms)
[----------] 10 tests from CalculateMaxChannelQualityTest (0 ms total)

[----------] Global test environment tear-down
[==========] 10 tests from 1 test suite ran. (0 ms total)
[  PASSED  ] 8 tests.
[  FAILED  ] 2 tests, listed below:
[  FAILED  ] CalculateMaxChannelQualityTest.BasicTests
[  FAILED  ] CalculateMaxChannelQualityTest.LargePacketSizes

 2 FAILED TESTS
<end of output>
Test time =   0.01 sec
----------------------------------------------------------
Test Failed.
"model3_tests" end time: Jan 31 22:24 +06
"model3_tests" time elapsed: 00:00:00
----------------------------------------------------------

6/11 Testing: model4_tests
6/11 Test: model4_tests
Command: "/Users/ittehad/Documents/Coding/Python/Turing/Tester_cpp_codebench/tasks/473677/build/model4_tests"
Directory: /Users/ittehad/Documents/Coding/Python/Turing/Tester_cpp_codebench/tasks/473677/build
"model4_tests" start time: Jan 31 22:24 +06
Output:
----------------------------------------------------------
[==========] Running 10 tests from 1 test suite.
[----------] Global test environment set-up.
[----------] 10 tests from CalculateMaxChannelQualityTest
[ RUN      ] CalculateMaxChannelQualityTest.BasicTests
/Users/ittehad/Documents/Coding/Python/Turing/Tester_cpp_codebench/tasks/473677/test.cpp:10: Failure
Expected equality of these values:
  calculateMaxChannelQuality(packetSizes_1, numChannels_1)
    Which is: 6
  8

/Users/ittehad/Documents/Coding/Python/Turing/Tester_cpp_codebench/tasks/473677/test.cpp:14: Failure
Expected equality of these values:
  calculateMaxChannelQuality(packetSizes_2, numChannels_2)
    Which is: 5
  7

[  FAILED  ] CalculateMaxChannelQualityTest.BasicTests (0 ms)
[ RUN      ] CalculateMaxChannelQualityTest.SingleChannel
[       OK ] CalculateMaxChannelQualityTest.SingleChannel (0 ms)
[ RUN      ] CalculateMaxChannelQualityTest.EqualPacketAndChannels
[       OK ] CalculateMaxChannelQualityTest.EqualPacketAndChannels (0 ms)
[ RUN      ] CalculateMaxChannelQualityTest.FewPacketsAndManyChannels
[       OK ] CalculateMaxChannelQualityTest.FewPacketsAndManyChannels (0 ms)
[ RUN      ] CalculateMaxChannelQualityTest.LargePacketSizes
/Users/ittehad/Documents/Coding/Python/Turing/Tester_cpp_codebench/tasks/473677/test.cpp:42: Failure
Expected equality of these values:
  calculateMaxChannelQuality(packetSizes, numChannels)
    Which is: 9000000
  11000000

[  FAILED  ] CalculateMaxChannelQualityTest.LargePacketSizes (0 ms)
[ RUN      ] CalculateMaxChannelQualityTest.OnePacketOneChannel
[       OK ] CalculateMaxChannelQualityTest.OnePacketOneChannel (0 ms)
[ RUN      ] CalculateMaxChannelQualityTest.OnePacketManyChannels
[       OK ] CalculateMaxChannelQualityTest.OnePacketManyChannels (0 ms)
[ RUN      ] CalculateMaxChannelQualityTest.ZeroChannels
[       OK ] CalculateMaxChannelQualityTest.ZeroChannels (0 ms)
[ RUN      ] CalculateMaxChannelQualityTest.EmptyPacketSizes
[       OK ] CalculateMaxChannelQualityTest.EmptyPacketSizes (0 ms)
[ RUN      ] CalculateMaxChannelQualityTest.PacketsLessThanChannels
[       OK ] CalculateMaxChannelQualityTest.PacketsLessThanChannels (0 ms)
[----------] 10 tests from CalculateMaxChannelQualityTest (0 ms total)

[----------] Global test environment tear-down
[==========] 10 tests from 1 test suite ran. (0 ms total)
[  PASSED  ] 8 tests.
[  FAILED  ] 2 tests, listed below:
[  FAILED  ] CalculateMaxChannelQualityTest.BasicTests
[  FAILED  ] CalculateMaxChannelQualityTest.LargePacketSizes

 2 FAILED TESTS
<end of output>
Test time =   0.00 sec
----------------------------------------------------------
Test Failed.
"model4_tests" end time: Jan 31 22:24 +06
"model4_tests" time elapsed: 00:00:00
----------------------------------------------------------

7/11 Testing: model5_tests
7/11 Test: model5_tests
Command: "/Users/ittehad/Documents/Coding/Python/Turing/Tester_cpp_codebench/tasks/473677/build/model5_tests"
Directory: /Users/ittehad/Documents/Coding/Python/Turing/Tester_cpp_codebench/tasks/473677/build
"model5_tests" start time: Jan 31 22:24 +06
Output:
----------------------------------------------------------
[==========] Running 10 tests from 1 test suite.
[----------] Global test environment set-up.
[----------] 10 tests from CalculateMaxChannelQualityTest
[ RUN      ] CalculateMaxChannelQualityTest.BasicTests
/Users/ittehad/Documents/Coding/Python/Turing/Tester_cpp_codebench/tasks/473677/test.cpp:10: Failure
Expected equality of these values:
  calculateMaxChannelQuality(packetSizes_1, numChannels_1)
    Which is: 6
  8

/Users/ittehad/Documents/Coding/Python/Turing/Tester_cpp_codebench/tasks/473677/test.cpp:14: Failure
Expected equality of these values:
  calculateMaxChannelQuality(packetSizes_2, numChannels_2)
    Which is: 5
  7

[  FAILED  ] CalculateMaxChannelQualityTest.BasicTests (0 ms)
[ RUN      ] CalculateMaxChannelQualityTest.SingleChannel
[       OK ] CalculateMaxChannelQualityTest.SingleChannel (0 ms)
[ RUN      ] CalculateMaxChannelQualityTest.EqualPacketAndChannels
[       OK ] CalculateMaxChannelQualityTest.EqualPacketAndChannels (0 ms)
[ RUN      ] CalculateMaxChannelQualityTest.FewPacketsAndManyChannels
[       OK ] CalculateMaxChannelQualityTest.FewPacketsAndManyChannels (0 ms)
[ RUN      ] CalculateMaxChannelQualityTest.LargePacketSizes
/Users/ittehad/Documents/Coding/Python/Turing/Tester_cpp_codebench/tasks/473677/test.cpp:42: Failure
Expected equality of these values:
  calculateMaxChannelQuality(packetSizes, numChannels)
    Which is: 9000000
  11000000

[  FAILED  ] CalculateMaxChannelQualityTest.LargePacketSizes (0 ms)
[ RUN      ] CalculateMaxChannelQualityTest.OnePacketOneChannel
[       OK ] CalculateMaxChannelQualityTest.OnePacketOneChannel (0 ms)
[ RUN      ] CalculateMaxChannelQualityTest.OnePacketManyChannels
[       OK ] CalculateMaxChannelQualityTest.OnePacketManyChannels (0 ms)
[ RUN      ] CalculateMaxChannelQualityTest.ZeroChannels
[       OK ] CalculateMaxChannelQualityTest.ZeroChannels (0 ms)
[ RUN      ] CalculateMaxChannelQualityTest.EmptyPacketSizes
[       OK ] CalculateMaxChannelQualityTest.EmptyPacketSizes (0 ms)
[ RUN      ] CalculateMaxChannelQualityTest.PacketsLessThanChannels
[       OK ] CalculateMaxChannelQualityTest.PacketsLessThanChannels (0 ms)
[----------] 10 tests from CalculateMaxChannelQualityTest (0 ms total)

[----------] Global test environment tear-down
[==========] 10 tests from 1 test suite ran. (0 ms total)
[  PASSED  ] 8 tests.
[  FAILED  ] 2 tests, listed below:
[  FAILED  ] CalculateMaxChannelQualityTest.BasicTests
[  FAILED  ] CalculateMaxChannelQualityTest.LargePacketSizes

 2 FAILED TESTS
<end of output>
Test time =   0.00 sec
----------------------------------------------------------
Test Failed.
"model5_tests" end time: Jan 31 22:24 +06
"model5_tests" time elapsed: 00:00:00
----------------------------------------------------------

8/11 Testing: model6_tests
8/11 Test: model6_tests
Command: "/Users/ittehad/Documents/Coding/Python/Turing/Tester_cpp_codebench/tasks/473677/build/model6_tests"
Directory: /Users/ittehad/Documents/Coding/Python/Turing/Tester_cpp_codebench/tasks/473677/build
"model6_tests" start time: Jan 31 22:24 +06
Output:
----------------------------------------------------------
[==========] Running 10 tests from 1 test suite.
[----------] Global test environment set-up.
[----------] 10 tests from CalculateMaxChannelQualityTest
[ RUN      ] CalculateMaxChannelQualityTest.BasicTests
/Users/ittehad/Documents/Coding/Python/Turing/Tester_cpp_codebench/tasks/473677/test.cpp:10: Failure
Expected equality of these values:
  calculateMaxChannelQuality(packetSizes_1, numChannels_1)
    Which is: 4
  8

/Users/ittehad/Documents/Coding/Python/Turing/Tester_cpp_codebench/tasks/473677/test.cpp:14: Failure
Expected equality of these values:
  calculateMaxChannelQuality(packetSizes_2, numChannels_2)
    Which is: 5
  7

[  FAILED  ] CalculateMaxChannelQualityTest.BasicTests (0 ms)
[ RUN      ] CalculateMaxChannelQualityTest.SingleChannel
/Users/ittehad/Documents/Coding/Python/Turing/Tester_cpp_codebench/tasks/473677/test.cpp:21: Failure
Expected equality of these values:
  calculateMaxChannelQuality(packetSizes, numChannels)
    Which is: 25
  30

[  FAILED  ] CalculateMaxChannelQualityTest.SingleChannel (0 ms)
[ RUN      ] CalculateMaxChannelQualityTest.EqualPacketAndChannels
[       OK ] CalculateMaxChannelQualityTest.EqualPacketAndChannels (0 ms)
[ RUN      ] CalculateMaxChannelQualityTest.FewPacketsAndManyChannels
[       OK ] CalculateMaxChannelQualityTest.FewPacketsAndManyChannels (0 ms)
[ RUN      ] CalculateMaxChannelQualityTest.LargePacketSizes
/Users/ittehad/Documents/Coding/Python/Turing/Tester_cpp_codebench/tasks/473677/test.cpp:42: Failure
Expected equality of these values:
  calculateMaxChannelQuality(packetSizes, numChannels)
    Which is: 8000000
  11000000

[  FAILED  ] CalculateMaxChannelQualityTest.LargePacketSizes (0 ms)
[ RUN      ] CalculateMaxChannelQualityTest.OnePacketOneChannel
[       OK ] CalculateMaxChannelQualityTest.OnePacketOneChannel (0 ms)
[ RUN      ] CalculateMaxChannelQualityTest.OnePacketManyChannels
[       OK ] CalculateMaxChannelQualityTest.OnePacketManyChannels (0 ms)
[ RUN      ] CalculateMaxChannelQualityTest.ZeroChannels
[       OK ] CalculateMaxChannelQualityTest.ZeroChannels (0 ms)
[ RUN      ] CalculateMaxChannelQualityTest.EmptyPacketSizes
[       OK ] CalculateMaxChannelQualityTest.EmptyPacketSizes (0 ms)
[ RUN      ] CalculateMaxChannelQualityTest.PacketsLessThanChannels
[       OK ] CalculateMaxChannelQualityTest.PacketsLessThanChannels (0 ms)
[----------] 10 tests from CalculateMaxChannelQualityTest (0 ms total)

[----------] Global test environment tear-down
[==========] 10 tests from 1 test suite ran. (0 ms total)
[  PASSED  ] 7 tests.
[  FAILED  ] 3 tests, listed below:
[  FAILED  ] CalculateMaxChannelQualityTest.BasicTests
[  FAILED  ] CalculateMaxChannelQualityTest.SingleChannel
[  FAILED  ] CalculateMaxChannelQualityTest.LargePacketSizes

 3 FAILED TESTS
<end of output>
Test time =   0.00 sec
----------------------------------------------------------
Test Failed.
"model6_tests" end time: Jan 31 22:24 +06
"model6_tests" time elapsed: 00:00:00
----------------------------------------------------------

9/11 Testing: model7_tests
9/11 Test: model7_tests
Command: "/Users/ittehad/Documents/Coding/Python/Turing/Tester_cpp_codebench/tasks/473677/build/model7_tests"
Directory: /Users/ittehad/Documents/Coding/Python/Turing/Tester_cpp_codebench/tasks/473677/build
"model7_tests" start time: Jan 31 22:24 +06
Output:
----------------------------------------------------------
[==========] Running 10 tests from 1 test suite.
[----------] Global test environment set-up.
[----------] 10 tests from CalculateMaxChannelQualityTest
[ RUN      ] CalculateMaxChannelQualityTest.BasicTests
/Users/ittehad/Documents/Coding/Python/Turing/Tester_cpp_codebench/tasks/473677/test.cpp:10: Failure
Expected equality of these values:
  calculateMaxChannelQuality(packetSizes_1, numChannels_1)
    Which is: 7
  8

[  FAILED  ] CalculateMaxChannelQualityTest.BasicTests (0 ms)
[ RUN      ] CalculateMaxChannelQualityTest.SingleChannel
[       OK ] CalculateMaxChannelQualityTest.SingleChannel (0 ms)
[ RUN      ] CalculateMaxChannelQualityTest.EqualPacketAndChannels
[       OK ] CalculateMaxChannelQualityTest.EqualPacketAndChannels (0 ms)
[ RUN      ] CalculateMaxChannelQualityTest.FewPacketsAndManyChannels
[       OK ] CalculateMaxChannelQualityTest.FewPacketsAndManyChannels (0 ms)
[ RUN      ] CalculateMaxChannelQualityTest.LargePacketSizes
[       OK ] CalculateMaxChannelQualityTest.LargePacketSizes (0 ms)
[ RUN      ] CalculateMaxChannelQualityTest.OnePacketOneChannel
[       OK ] CalculateMaxChannelQualityTest.OnePacketOneChannel (0 ms)
[ RUN      ] CalculateMaxChannelQualityTest.OnePacketManyChannels
[       OK ] CalculateMaxChannelQualityTest.OnePacketManyChannels (0 ms)
[ RUN      ] CalculateMaxChannelQualityTest.ZeroChannels
[       OK ] CalculateMaxChannelQualityTest.ZeroChannels (0 ms)
[ RUN      ] CalculateMaxChannelQualityTest.EmptyPacketSizes
unknown file: Failure
C++ exception with description "Number of packets is less than the number of channels" thrown in the test body.

[  FAILED  ] CalculateMaxChannelQualityTest.EmptyPacketSizes (0 ms)
[ RUN      ] CalculateMaxChannelQualityTest.PacketsLessThanChannels
[       OK ] CalculateMaxChannelQualityTest.PacketsLessThanChannels (0 ms)
[----------] 10 tests from CalculateMaxChannelQualityTest (0 ms total)

[----------] Global test environment tear-down
[==========] 10 tests from 1 test suite ran. (0 ms total)
[  PASSED  ] 8 tests.
[  FAILED  ] 2 tests, listed below:
[  FAILED  ] CalculateMaxChannelQualityTest.BasicTests
[  FAILED  ] CalculateMaxChannelQualityTest.EmptyPacketSizes

 2 FAILED TESTS
<end of output>
Test time =   0.00 sec
----------------------------------------------------------
Test Failed.
"model7_tests" end time: Jan 31 22:24 +06
"model7_tests" time elapsed: 00:00:00
----------------------------------------------------------

10/11 Testing: model8_tests
10/11 Test: model8_tests
Command: "/Users/ittehad/Documents/Coding/Python/Turing/Tester_cpp_codebench/tasks/473677/build/model8_tests"
Directory: /Users/ittehad/Documents/Coding/Python/Turing/Tester_cpp_codebench/tasks/473677/build
"model8_tests" start time: Jan 31 22:24 +06
Output:
----------------------------------------------------------
[==========] Running 10 tests from 1 test suite.
[----------] Global test environment set-up.
[----------] 10 tests from CalculateMaxChannelQualityTest
[ RUN      ] CalculateMaxChannelQualityTest.BasicTests
/Users/ittehad/Documents/Coding/Python/Turing/Tester_cpp_codebench/tasks/473677/test.cpp:10: Failure
Expected equality of these values:
  calculateMaxChannelQuality(packetSizes_1, numChannels_1)
    Which is: 6
  8

[  FAILED  ] CalculateMaxChannelQualityTest.BasicTests (0 ms)
[ RUN      ] CalculateMaxChannelQualityTest.SingleChannel
[       OK ] CalculateMaxChannelQualityTest.SingleChannel (0 ms)
[ RUN      ] CalculateMaxChannelQualityTest.EqualPacketAndChannels
[       OK ] CalculateMaxChannelQualityTest.EqualPacketAndChannels (0 ms)
[ RUN      ] CalculateMaxChannelQualityTest.FewPacketsAndManyChannels
[       OK ] CalculateMaxChannelQualityTest.FewPacketsAndManyChannels (0 ms)
[ RUN      ] CalculateMaxChannelQualityTest.LargePacketSizes
/Users/ittehad/Documents/Coding/Python/Turing/Tester_cpp_codebench/tasks/473677/test.cpp:42: Failure
Expected equality of these values:
  calculateMaxChannelQuality(packetSizes, numChannels)
    Which is: 8000000
  11000000

[  FAILED  ] CalculateMaxChannelQualityTest.LargePacketSizes (0 ms)
[ RUN      ] CalculateMaxChannelQualityTest.OnePacketOneChannel
[       OK ] CalculateMaxChannelQualityTest.OnePacketOneChannel (0 ms)
[ RUN      ] CalculateMaxChannelQualityTest.OnePacketManyChannels
[       OK ] CalculateMaxChannelQualityTest.OnePacketManyChannels (0 ms)
[ RUN      ] CalculateMaxChannelQualityTest.ZeroChannels
[       OK ] CalculateMaxChannelQualityTest.ZeroChannels (0 ms)
[ RUN      ] CalculateMaxChannelQualityTest.EmptyPacketSizes
[       OK ] CalculateMaxChannelQualityTest.EmptyPacketSizes (0 ms)
[ RUN      ] CalculateMaxChannelQualityTest.PacketsLessThanChannels
[       OK ] CalculateMaxChannelQualityTest.PacketsLessThanChannels (0 ms)
[----------] 10 tests from CalculateMaxChannelQualityTest (0 ms total)

[----------] Global test environment tear-down
[==========] 10 tests from 1 test suite ran. (0 ms total)
[  PASSED  ] 8 tests.
[  FAILED  ] 2 tests, listed below:
[  FAILED  ] CalculateMaxChannelQualityTest.BasicTests
[  FAILED  ] CalculateMaxChannelQualityTest.LargePacketSizes

 2 FAILED TESTS
<end of output>
Test time =   0.00 sec
----------------------------------------------------------
Test Failed.
"model8_tests" end time: Jan 31 22:24 +06
"model8_tests" time elapsed: 00:00:00
----------------------------------------------------------

11/11 Testing: model9_tests
11/11 Test: model9_tests
Command: "/Users/ittehad/Documents/Coding/Python/Turing/Tester_cpp_codebench/tasks/473677/build/model9_tests"
Directory: /Users/ittehad/Documents/Coding/Python/Turing/Tester_cpp_codebench/tasks/473677/build
"model9_tests" start time: Jan 31 22:24 +06
Output:
----------------------------------------------------------
[==========] Running 10 tests from 1 test suite.
[----------] Global test environment set-up.
[----------] 10 tests from CalculateMaxChannelQualityTest
[ RUN      ] CalculateMaxChannelQualityTest.BasicTests
/Users/ittehad/Documents/Coding/Python/Turing/Tester_cpp_codebench/tasks/473677/test.cpp:10: Failure
Expected equality of these values:
  calculateMaxChannelQuality(packetSizes_1, numChannels_1)
    Which is: 6
  8

[  FAILED  ] CalculateMaxChannelQualityTest.BasicTests (0 ms)
[ RUN      ] CalculateMaxChannelQualityTest.SingleChannel
[       OK ] CalculateMaxChannelQualityTest.SingleChannel (0 ms)
[ RUN      ] CalculateMaxChannelQualityTest.EqualPacketAndChannels
[       OK ] CalculateMaxChannelQualityTest.EqualPacketAndChannels (0 ms)
[ RUN      ] CalculateMaxChannelQualityTest.FewPacketsAndManyChannels
[       OK ] CalculateMaxChannelQualityTest.FewPacketsAndManyChannels (0 ms)
[ RUN      ] CalculateMaxChannelQualityTest.LargePacketSizes
/Users/ittehad/Documents/Coding/Python/Turing/Tester_cpp_codebench/tasks/473677/test.cpp:42: Failure
Expected equality of these values:
  calculateMaxChannelQuality(packetSizes, numChannels)
    Which is: 7000000
  11000000

[  FAILED  ] CalculateMaxChannelQualityTest.LargePacketSizes (0 ms)
[ RUN      ] CalculateMaxChannelQualityTest.OnePacketOneChannel
[       OK ] CalculateMaxChannelQualityTest.OnePacketOneChannel (0 ms)
[ RUN      ] CalculateMaxChannelQualityTest.OnePacketManyChannels
[       OK ] CalculateMaxChannelQualityTest.OnePacketManyChannels (0 ms)
[ RUN      ] CalculateMaxChannelQualityTest.ZeroChannels
[       OK ] CalculateMaxChannelQualityTest.ZeroChannels (0 ms)
[ RUN      ] CalculateMaxChannelQualityTest.EmptyPacketSizes
[       OK ] CalculateMaxChannelQualityTest.EmptyPacketSizes (0 ms)
[ RUN      ] CalculateMaxChannelQualityTest.PacketsLessThanChannels
[       OK ] CalculateMaxChannelQualityTest.PacketsLessThanChannels (0 ms)
[----------] 10 tests from CalculateMaxChannelQualityTest (0 ms total)

[----------] Global test environment tear-down
[==========] 10 tests from 1 test suite ran. (0 ms total)
[  PASSED  ] 8 tests.
[  FAILED  ] 2 tests, listed below:
[  FAILED  ] CalculateMaxChannelQualityTest.BasicTests
[  FAILED  ] CalculateMaxChannelQualityTest.LargePacketSizes

 2 FAILED TESTS
<end of output>
Test time =   0.00 sec
----------------------------------------------------------
Test Failed.
"model9_tests" end time: Jan 31 22:24 +06
"model9_tests" time elapsed: 00:00:00
----------------------------------------------------------

End testing: Jan 31 22:24 +06
