Start testing: Jan 31 22:29 +06
----------------------------------------------------------
Unable to find executable: /Users/ittehad/Documents/Coding/Python/Turing/Tester_cpp_codebench/tasks/621286/build/incorrect_solution_tests
1/11 Testing: incorrect_solution_tests
1/11 Test: incorrect_solution_tests
Command: ""
Directory: /Users/ittehad/Documents/Coding/Python/Turing/Tester_cpp_codebench/tasks/621286/build
"incorrect_solution_tests" start time: 
Output:
----------------------------------------------------------
<end of output>
Test time =   0.00 sec
----------------------------------------------------------
Test Passed.
"incorrect_solution_tests" end time: Jan 31 22:29 +06
"incorrect_solution_tests" time elapsed: 00:00:00
----------------------------------------------------------

2/11 Testing: model1_tests
2/11 Test: model1_tests
Command: "/Users/ittehad/Documents/Coding/Python/Turing/Tester_cpp_codebench/tasks/621286/build/model1_tests"
Directory: /Users/ittehad/Documents/Coding/Python/Turing/Tester_cpp_codebench/tasks/621286/build
"model1_tests" start time: Jan 31 22:29 +06
Output:
----------------------------------------------------------
[==========] Running 7 tests from 1 test suite.
[----------] Global test environment set-up.
[----------] 7 tests from DijkstraTestDijkstraTest
[ RUN      ] DijkstraTestDijkstraTest.MixedGraphTest
/Users/ittehad/Documents/Coding/Python/Turing/Tester_cpp_codebench/tasks/621286/test.cpp:26: Failure
Expected equality of these values:
  distances[1]
    Which is: -52
  2

/Users/ittehad/Documents/Coding/Python/Turing/Tester_cpp_codebench/tasks/621286/test.cpp:27: Failure
Expected equality of these values:
  distances[2]
    Which is: -50
  4

/Users/ittehad/Documents/Coding/Python/Turing/Tester_cpp_codebench/tasks/621286/test.cpp:28: Failure
Expected equality of these values:
  distances[3]
    Which is: -58
  1

/Users/ittehad/Documents/Coding/Python/Turing/Tester_cpp_codebench/tasks/621286/test.cpp:29: Failure
Expected equality of these values:
  distances[4]
    Which is: -40
  14

/Users/ittehad/Documents/Coding/Python/Turing/Tester_cpp_codebench/tasks/621286/test.cpp:30: Failure
Expected equality of these values:
  distances[5]
    Which is: -52
  7

[  FAILED  ] DijkstraTestDijkstraTest.MixedGraphTest (0 ms)
[ RUN      ] DijkstraTestDijkstraTest.PositiveGraphTest
[       OK ] DijkstraTestDijkstraTest.PositiveGraphTest (0 ms)
[ RUN      ] DijkstraTestDijkstraTest.HandlesPositiveEdges
[       OK ] DijkstraTestDijkstraTest.HandlesPositiveEdges (0 ms)
[ RUN      ] DijkstraTestDijkstraTest.HandlesNegativeEdgesClosestToZero
/Users/ittehad/Documents/Coding/Python/Turing/Tester_cpp_codebench/tasks/621286/test.cpp:90: Failure
Expected equality of these values:
  distances[2]
    Which is: -6
  3

/Users/ittehad/Documents/Coding/Python/Turing/Tester_cpp_codebench/tasks/621286/test.cpp:91: Failure
Expected equality of these values:
  distances[3]
    Which is: -5
  3

[  FAILED  ] DijkstraTestDijkstraTest.HandlesNegativeEdgesClosestToZero (0 ms)
[ RUN      ] DijkstraTestDijkstraTest.HandlesDisconnectedGraph
/Users/ittehad/Documents/Coding/Python/Turing/Tester_cpp_codebench/tasks/621286/test.cpp:105: Failure
Expected equality of these values:
  distances[3]
    Which is: -1
  numeric_limits<int>::max()
    Which is: 2147483647

/Users/ittehad/Documents/Coding/Python/Turing/Tester_cpp_codebench/tasks/621286/test.cpp:106: Failure
Expected equality of these values:
  distances[4]
    Which is: -1
  numeric_limits<int>::max()
    Which is: 2147483647

[  FAILED  ] DijkstraTestDijkstraTest.HandlesDisconnectedGraph (0 ms)
[ RUN      ] DijkstraTestDijkstraTest.HandlesNegativeCyclePrevention
/Users/ittehad/Documents/Coding/Python/Turing/Tester_cpp_codebench/tasks/621286/test.cpp:118: Failure
Expected equality of these values:
  distances[0]
    Which is: -18
  0

/Users/ittehad/Documents/Coding/Python/Turing/Tester_cpp_codebench/tasks/621286/test.cpp:119: Failure
Expected equality of these values:
  distances[1]
    Which is: -16
  -1

/Users/ittehad/Documents/Coding/Python/Turing/Tester_cpp_codebench/tasks/621286/test.cpp:120: Failure
Expected equality of these values:
  distances[2]
    Which is: -17
  -2

[  FAILED  ] DijkstraTestDijkstraTest.HandlesNegativeCyclePrevention (0 ms)
[ RUN      ] DijkstraTestDijkstraTest.EmptyGraphTest
<end of output>
Test time =   0.01 sec
----------------------------------------------------------
Test Failed.
"model1_tests" end time: Jan 31 22:29 +06
"model1_tests" time elapsed: 00:00:00
----------------------------------------------------------

3/11 Testing: model10_tests
3/11 Test: model10_tests
Command: "/Users/ittehad/Documents/Coding/Python/Turing/Tester_cpp_codebench/tasks/621286/build/model10_tests"
Directory: /Users/ittehad/Documents/Coding/Python/Turing/Tester_cpp_codebench/tasks/621286/build
"model10_tests" start time: Jan 31 22:29 +06
Output:
----------------------------------------------------------
[==========] Running 7 tests from 1 test suite.
[----------] Global test environment set-up.
[----------] 7 tests from DijkstraTestDijkstraTest
[ RUN      ] DijkstraTestDijkstraTest.MixedGraphTest
/Users/ittehad/Documents/Coding/Python/Turing/Tester_cpp_codebench/tasks/621286/test.cpp:26: Failure
Expected equality of these values:
  distances[1]
    Which is: -12
  2

/Users/ittehad/Documents/Coding/Python/Turing/Tester_cpp_codebench/tasks/621286/test.cpp:27: Failure
Expected equality of these values:
  distances[2]
    Which is: -10
  4

/Users/ittehad/Documents/Coding/Python/Turing/Tester_cpp_codebench/tasks/621286/test.cpp:28: Failure
Expected equality of these values:
  distances[3]
    Which is: -18
  1

/Users/ittehad/Documents/Coding/Python/Turing/Tester_cpp_codebench/tasks/621286/test.cpp:29: Failure
Expected equality of these values:
  distances[4]
    Which is: 0
  14

/Users/ittehad/Documents/Coding/Python/Turing/Tester_cpp_codebench/tasks/621286/test.cpp:30: Failure
Expected equality of these values:
  distances[5]
    Which is: -12
  7

[  FAILED  ] DijkstraTestDijkstraTest.MixedGraphTest (0 ms)
[ RUN      ] DijkstraTestDijkstraTest.PositiveGraphTest
[       OK ] DijkstraTestDijkstraTest.PositiveGraphTest (0 ms)
[ RUN      ] DijkstraTestDijkstraTest.HandlesPositiveEdges
[       OK ] DijkstraTestDijkstraTest.HandlesPositiveEdges (0 ms)
[ RUN      ] DijkstraTestDijkstraTest.HandlesNegativeEdgesClosestToZero
/Users/ittehad/Documents/Coding/Python/Turing/Tester_cpp_codebench/tasks/621286/test.cpp:90: Failure
Expected equality of these values:
  distances[2]
    Which is: -6
  3

/Users/ittehad/Documents/Coding/Python/Turing/Tester_cpp_codebench/tasks/621286/test.cpp:91: Failure
Expected equality of these values:
  distances[3]
    Which is: -5
  3

[  FAILED  ] DijkstraTestDijkstraTest.HandlesNegativeEdgesClosestToZero (0 ms)
[ RUN      ] DijkstraTestDijkstraTest.HandlesDisconnectedGraph
[       OK ] DijkstraTestDijkstraTest.HandlesDisconnectedGraph (0 ms)
[ RUN      ] DijkstraTestDijkstraTest.HandlesNegativeCyclePrevention
/Users/ittehad/Documents/Coding/Python/Turing/Tester_cpp_codebench/tasks/621286/test.cpp:118: Failure
Expected equality of these values:
  distances[0]
    Which is: -6
  0

/Users/ittehad/Documents/Coding/Python/Turing/Tester_cpp_codebench/tasks/621286/test.cpp:119: Failure
Expected equality of these values:
  distances[1]
    Which is: -4
  -1

/Users/ittehad/Documents/Coding/Python/Turing/Tester_cpp_codebench/tasks/621286/test.cpp:120: Failure
Expected equality of these values:
  distances[2]
    Which is: -5
  -2

[  FAILED  ] DijkstraTestDijkstraTest.HandlesNegativeCyclePrevention (0 ms)
[ RUN      ] DijkstraTestDijkstraTest.EmptyGraphTest
<end of output>
Test time =   0.01 sec
----------------------------------------------------------
Test Failed.
"model10_tests" end time: Jan 31 22:29 +06
"model10_tests" time elapsed: 00:00:00
----------------------------------------------------------

4/11 Testing: model2_tests
4/11 Test: model2_tests
Command: "/Users/ittehad/Documents/Coding/Python/Turing/Tester_cpp_codebench/tasks/621286/build/model2_tests"
Directory: /Users/ittehad/Documents/Coding/Python/Turing/Tester_cpp_codebench/tasks/621286/build
"model2_tests" start time: Jan 31 22:29 +06
Output:
----------------------------------------------------------
[==========] Running 7 tests from 1 test suite.
[----------] Global test environment set-up.
[----------] 7 tests from DijkstraTestDijkstraTest
[ RUN      ] DijkstraTestDijkstraTest.MixedGraphTest
/Users/ittehad/Documents/Coding/Python/Turing/Tester_cpp_codebench/tasks/621286/test.cpp:26: Failure
Expected equality of these values:
  distances[1]
    Which is: -4
  2

/Users/ittehad/Documents/Coding/Python/Turing/Tester_cpp_codebench/tasks/621286/test.cpp:29: Failure
Expected equality of these values:
  distances[4]
    Which is: 0
  14

/Users/ittehad/Documents/Coding/Python/Turing/Tester_cpp_codebench/tasks/621286/test.cpp:30: Failure
Expected equality of these values:
  distances[5]
    Which is: -8
  7

[  FAILED  ] DijkstraTestDijkstraTest.MixedGraphTest (0 ms)
[ RUN      ] DijkstraTestDijkstraTest.PositiveGraphTest
[       OK ] DijkstraTestDijkstraTest.PositiveGraphTest (0 ms)
[ RUN      ] DijkstraTestDijkstraTest.HandlesPositiveEdges
[       OK ] DijkstraTestDijkstraTest.HandlesPositiveEdges (0 ms)
[ RUN      ] DijkstraTestDijkstraTest.HandlesNegativeEdgesClosestToZero
[       OK ] DijkstraTestDijkstraTest.HandlesNegativeEdgesClosestToZero (0 ms)
[ RUN      ] DijkstraTestDijkstraTest.HandlesDisconnectedGraph
[       OK ] DijkstraTestDijkstraTest.HandlesDisconnectedGraph (0 ms)
[ RUN      ] DijkstraTestDijkstraTest.HandlesNegativeCyclePrevention
[       OK ] DijkstraTestDijkstraTest.HandlesNegativeCyclePrevention (0 ms)
[ RUN      ] DijkstraTestDijkstraTest.EmptyGraphTest
<end of output>
Test time =   0.01 sec
----------------------------------------------------------
Test Failed.
"model2_tests" end time: Jan 31 22:29 +06
"model2_tests" time elapsed: 00:00:00
----------------------------------------------------------

5/11 Testing: model3_tests
5/11 Test: model3_tests
Command: "/Users/ittehad/Documents/Coding/Python/Turing/Tester_cpp_codebench/tasks/621286/build/model3_tests"
Directory: /Users/ittehad/Documents/Coding/Python/Turing/Tester_cpp_codebench/tasks/621286/build
"model3_tests" start time: Jan 31 22:29 +06
Output:
----------------------------------------------------------
[==========] Running 7 tests from 1 test suite.
[----------] Global test environment set-up.
[----------] 7 tests from DijkstraTestDijkstraTest
[ RUN      ] DijkstraTestDijkstraTest.MixedGraphTest
/Users/ittehad/Documents/Coding/Python/Turing/Tester_cpp_codebench/tasks/621286/test.cpp:26: Failure
Expected equality of these values:
  distances[1]
    Which is: 0
  2

/Users/ittehad/Documents/Coding/Python/Turing/Tester_cpp_codebench/tasks/621286/test.cpp:27: Failure
Expected equality of these values:
  distances[2]
    Which is: 0
  4

/Users/ittehad/Documents/Coding/Python/Turing/Tester_cpp_codebench/tasks/621286/test.cpp:28: Failure
Expected equality of these values:
  distances[3]
    Which is: 0
  1

/Users/ittehad/Documents/Coding/Python/Turing/Tester_cpp_codebench/tasks/621286/test.cpp:29: Failure
Expected equality of these values:
  distances[4]
    Which is: 10
  14

/Users/ittehad/Documents/Coding/Python/Turing/Tester_cpp_codebench/tasks/621286/test.cpp:30: Failure
Expected equality of these values:
  distances[5]
    Which is: 6
  7

[  FAILED  ] DijkstraTestDijkstraTest.MixedGraphTest (0 ms)
[ RUN      ] DijkstraTestDijkstraTest.PositiveGraphTest
[       OK ] DijkstraTestDijkstraTest.PositiveGraphTest (0 ms)
[ RUN      ] DijkstraTestDijkstraTest.HandlesPositiveEdges
[       OK ] DijkstraTestDijkstraTest.HandlesPositiveEdges (0 ms)
[ RUN      ] DijkstraTestDijkstraTest.HandlesNegativeEdgesClosestToZero
/Users/ittehad/Documents/Coding/Python/Turing/Tester_cpp_codebench/tasks/621286/test.cpp:89: Failure
Expected equality of these values:
  distances[1]
    Which is: 0
  -4

/Users/ittehad/Documents/Coding/Python/Turing/Tester_cpp_codebench/tasks/621286/test.cpp:90: Failure
Expected equality of these values:
  distances[2]
    Which is: 0
  3

/Users/ittehad/Documents/Coding/Python/Turing/Tester_cpp_codebench/tasks/621286/test.cpp:91: Failure
Expected equality of these values:
  distances[3]
    Which is: 1
  3

[  FAILED  ] DijkstraTestDijkstraTest.HandlesNegativeEdgesClosestToZero (0 ms)
[ RUN      ] DijkstraTestDijkstraTest.HandlesDisconnectedGraph
/Users/ittehad/Documents/Coding/Python/Turing/Tester_cpp_codebench/tasks/621286/test.cpp:105: Failure
Expected equality of these values:
  distances[3]
    Which is: -1
  numeric_limits<int>::max()
    Which is: 2147483647

/Users/ittehad/Documents/Coding/Python/Turing/Tester_cpp_codebench/tasks/621286/test.cpp:106: Failure
Expected equality of these values:
  distances[4]
    Which is: -1
  numeric_limits<int>::max()
    Which is: 2147483647

[  FAILED  ] DijkstraTestDijkstraTest.HandlesDisconnectedGraph (0 ms)
[ RUN      ] DijkstraTestDijkstraTest.HandlesNegativeCyclePrevention
/Users/ittehad/Documents/Coding/Python/Turing/Tester_cpp_codebench/tasks/621286/test.cpp:119: Failure
Expected equality of these values:
  distances[1]
    Which is: 0
  -1

/Users/ittehad/Documents/Coding/Python/Turing/Tester_cpp_codebench/tasks/621286/test.cpp:120: Failure
Expected equality of these values:
  distances[2]
    Which is: 0
  -2

[  FAILED  ] DijkstraTestDijkstraTest.HandlesNegativeCyclePrevention (0 ms)
[ RUN      ] DijkstraTestDijkstraTest.EmptyGraphTest
<end of output>
Test time =   0.01 sec
----------------------------------------------------------
Test Failed.
"model3_tests" end time: Jan 31 22:29 +06
"model3_tests" time elapsed: 00:00:00
----------------------------------------------------------

6/11 Testing: model4_tests
6/11 Test: model4_tests
Command: "/Users/ittehad/Documents/Coding/Python/Turing/Tester_cpp_codebench/tasks/621286/build/model4_tests"
Directory: /Users/ittehad/Documents/Coding/Python/Turing/Tester_cpp_codebench/tasks/621286/build
"model4_tests" start time: Jan 31 22:29 +06
Output:
----------------------------------------------------------
[==========] Running 7 tests from 1 test suite.
[----------] Global test environment set-up.
[----------] 7 tests from DijkstraTestDijkstraTest
[ RUN      ] DijkstraTestDijkstraTest.MixedGraphTest
/Users/ittehad/Documents/Coding/Python/Turing/Tester_cpp_codebench/tasks/621286/test.cpp:26: Failure
Expected equality of these values:
  distances[1]
    Which is: -52
  2

/Users/ittehad/Documents/Coding/Python/Turing/Tester_cpp_codebench/tasks/621286/test.cpp:27: Failure
Expected equality of these values:
  distances[2]
    Which is: -50
  4

/Users/ittehad/Documents/Coding/Python/Turing/Tester_cpp_codebench/tasks/621286/test.cpp:28: Failure
Expected equality of these values:
  distances[3]
    Which is: -58
  1

/Users/ittehad/Documents/Coding/Python/Turing/Tester_cpp_codebench/tasks/621286/test.cpp:29: Failure
Expected equality of these values:
  distances[4]
    Which is: -40
  14

/Users/ittehad/Documents/Coding/Python/Turing/Tester_cpp_codebench/tasks/621286/test.cpp:30: Failure
Expected equality of these values:
  distances[5]
    Which is: -52
  7

[  FAILED  ] DijkstraTestDijkstraTest.MixedGraphTest (0 ms)
[ RUN      ] DijkstraTestDijkstraTest.PositiveGraphTest
[       OK ] DijkstraTestDijkstraTest.PositiveGraphTest (0 ms)
[ RUN      ] DijkstraTestDijkstraTest.HandlesPositiveEdges
[       OK ] DijkstraTestDijkstraTest.HandlesPositiveEdges (0 ms)
[ RUN      ] DijkstraTestDijkstraTest.HandlesNegativeEdgesClosestToZero
/Users/ittehad/Documents/Coding/Python/Turing/Tester_cpp_codebench/tasks/621286/test.cpp:90: Failure
Expected equality of these values:
  distances[2]
    Which is: -6
  3

/Users/ittehad/Documents/Coding/Python/Turing/Tester_cpp_codebench/tasks/621286/test.cpp:91: Failure
Expected equality of these values:
  distances[3]
    Which is: -5
  3

[  FAILED  ] DijkstraTestDijkstraTest.HandlesNegativeEdgesClosestToZero (0 ms)
[ RUN      ] DijkstraTestDijkstraTest.HandlesDisconnectedGraph
[       OK ] DijkstraTestDijkstraTest.HandlesDisconnectedGraph (0 ms)
[ RUN      ] DijkstraTestDijkstraTest.HandlesNegativeCyclePrevention
/Users/ittehad/Documents/Coding/Python/Turing/Tester_cpp_codebench/tasks/621286/test.cpp:118: Failure
Expected equality of these values:
  distances[0]
    Which is: -18
  0

/Users/ittehad/Documents/Coding/Python/Turing/Tester_cpp_codebench/tasks/621286/test.cpp:119: Failure
Expected equality of these values:
  distances[1]
    Which is: -16
  -1

/Users/ittehad/Documents/Coding/Python/Turing/Tester_cpp_codebench/tasks/621286/test.cpp:120: Failure
Expected equality of these values:
  distances[2]
    Which is: -17
  -2

[  FAILED  ] DijkstraTestDijkstraTest.HandlesNegativeCyclePrevention (0 ms)
[ RUN      ] DijkstraTestDijkstraTest.EmptyGraphTest
<end of output>
Test time =   0.01 sec
----------------------------------------------------------
Test Failed.
"model4_tests" end time: Jan 31 22:29 +06
"model4_tests" time elapsed: 00:00:00
----------------------------------------------------------

7/11 Testing: model5_tests
7/11 Test: model5_tests
Command: "/Users/ittehad/Documents/Coding/Python/Turing/Tester_cpp_codebench/tasks/621286/build/model5_tests"
Directory: /Users/ittehad/Documents/Coding/Python/Turing/Tester_cpp_codebench/tasks/621286/build
"model5_tests" start time: Jan 31 22:29 +06
Output:
----------------------------------------------------------
[==========] Running 7 tests from 1 test suite.
[----------] Global test environment set-up.
[----------] 7 tests from DijkstraTestDijkstraTest
[ RUN      ] DijkstraTestDijkstraTest.MixedGraphTest
/Users/ittehad/Documents/Coding/Python/Turing/Tester_cpp_codebench/tasks/621286/test.cpp:26: Failure
Expected equality of these values:
  distances[1]
    Which is: -48
  2

/Users/ittehad/Documents/Coding/Python/Turing/Tester_cpp_codebench/tasks/621286/test.cpp:27: Failure
Expected equality of these values:
  distances[2]
    Which is: -50
  4

/Users/ittehad/Documents/Coding/Python/Turing/Tester_cpp_codebench/tasks/621286/test.cpp:28: Failure
Expected equality of these values:
  distances[3]
    Which is: -58
  1

/Users/ittehad/Documents/Coding/Python/Turing/Tester_cpp_codebench/tasks/621286/test.cpp:29: Failure
Expected equality of these values:
  distances[4]
    Which is: -40
  14

/Users/ittehad/Documents/Coding/Python/Turing/Tester_cpp_codebench/tasks/621286/test.cpp:30: Failure
Expected equality of these values:
  distances[5]
    Which is: -52
  7

[  FAILED  ] DijkstraTestDijkstraTest.MixedGraphTest (0 ms)
[ RUN      ] DijkstraTestDijkstraTest.PositiveGraphTest
[       OK ] DijkstraTestDijkstraTest.PositiveGraphTest (0 ms)
[ RUN      ] DijkstraTestDijkstraTest.HandlesPositiveEdges
[       OK ] DijkstraTestDijkstraTest.HandlesPositiveEdges (0 ms)
[ RUN      ] DijkstraTestDijkstraTest.HandlesNegativeEdgesClosestToZero
/Users/ittehad/Documents/Coding/Python/Turing/Tester_cpp_codebench/tasks/621286/test.cpp:90: Failure
Expected equality of these values:
  distances[2]
    Which is: -6
  3

/Users/ittehad/Documents/Coding/Python/Turing/Tester_cpp_codebench/tasks/621286/test.cpp:91: Failure
Expected equality of these values:
  distances[3]
    Which is: -5
  3

[  FAILED  ] DijkstraTestDijkstraTest.HandlesNegativeEdgesClosestToZero (0 ms)
[ RUN      ] DijkstraTestDijkstraTest.HandlesDisconnectedGraph
/Users/ittehad/Documents/Coding/Python/Turing/Tester_cpp_codebench/tasks/621286/test.cpp:105: Failure
Expected equality of these values:
  distances[3]
    Which is: -1
  numeric_limits<int>::max()
    Which is: 2147483647

/Users/ittehad/Documents/Coding/Python/Turing/Tester_cpp_codebench/tasks/621286/test.cpp:106: Failure
Expected equality of these values:
  distances[4]
    Which is: -1
  numeric_limits<int>::max()
    Which is: 2147483647

[  FAILED  ] DijkstraTestDijkstraTest.HandlesDisconnectedGraph (0 ms)
[ RUN      ] DijkstraTestDijkstraTest.HandlesNegativeCyclePrevention
/Users/ittehad/Documents/Coding/Python/Turing/Tester_cpp_codebench/tasks/621286/test.cpp:118: Failure
Expected equality of these values:
  distances[0]
    Which is: -15
  0

/Users/ittehad/Documents/Coding/Python/Turing/Tester_cpp_codebench/tasks/621286/test.cpp:119: Failure
Expected equality of these values:
  distances[1]
    Which is: -16
  -1

/Users/ittehad/Documents/Coding/Python/Turing/Tester_cpp_codebench/tasks/621286/test.cpp:120: Failure
Expected equality of these values:
  distances[2]
    Which is: -17
  -2

[  FAILED  ] DijkstraTestDijkstraTest.HandlesNegativeCyclePrevention (0 ms)
[ RUN      ] DijkstraTestDijkstraTest.EmptyGraphTest
<end of output>
Test time =   0.01 sec
----------------------------------------------------------
Test Failed.
"model5_tests" end time: Jan 31 22:29 +06
"model5_tests" time elapsed: 00:00:00
----------------------------------------------------------

8/11 Testing: model6_tests
8/11 Test: model6_tests
Command: "/Users/ittehad/Documents/Coding/Python/Turing/Tester_cpp_codebench/tasks/621286/build/model6_tests"
Directory: /Users/ittehad/Documents/Coding/Python/Turing/Tester_cpp_codebench/tasks/621286/build
"model6_tests" start time: Jan 31 22:29 +06
Output:
----------------------------------------------------------
[==========] Running 7 tests from 1 test suite.
[----------] Global test environment set-up.
[----------] 7 tests from DijkstraTestDijkstraTest
[ RUN      ] DijkstraTestDijkstraTest.MixedGraphTest
/Users/ittehad/Documents/Coding/Python/Turing/Tester_cpp_codebench/tasks/621286/test.cpp:26: Failure
Expected equality of these values:
  distances[1]
    Which is: 0
  2

/Users/ittehad/Documents/Coding/Python/Turing/Tester_cpp_codebench/tasks/621286/test.cpp:28: Failure
Expected equality of these values:
  distances[3]
    Which is: 0
  1

/Users/ittehad/Documents/Coding/Python/Turing/Tester_cpp_codebench/tasks/621286/test.cpp:30: Failure
Expected equality of these values:
  distances[5]
    Which is: 0
  7

[  FAILED  ] DijkstraTestDijkstraTest.MixedGraphTest (0 ms)
[ RUN      ] DijkstraTestDijkstraTest.PositiveGraphTest
[       OK ] DijkstraTestDijkstraTest.PositiveGraphTest (0 ms)
[ RUN      ] DijkstraTestDijkstraTest.HandlesPositiveEdges
[       OK ] DijkstraTestDijkstraTest.HandlesPositiveEdges (0 ms)
[ RUN      ] DijkstraTestDijkstraTest.HandlesNegativeEdgesClosestToZero
/Users/ittehad/Documents/Coding/Python/Turing/Tester_cpp_codebench/tasks/621286/test.cpp:89: Failure
Expected equality of these values:
  distances[1]
    Which is: 0
  -4

/Users/ittehad/Documents/Coding/Python/Turing/Tester_cpp_codebench/tasks/621286/test.cpp:91: Failure
Expected equality of these values:
  distances[3]
    Which is: 4
  3

[  FAILED  ] DijkstraTestDijkstraTest.HandlesNegativeEdgesClosestToZero (0 ms)
[ RUN      ] DijkstraTestDijkstraTest.HandlesDisconnectedGraph
[       OK ] DijkstraTestDijkstraTest.HandlesDisconnectedGraph (0 ms)
[ RUN      ] DijkstraTestDijkstraTest.HandlesNegativeCyclePrevention
/Users/ittehad/Documents/Coding/Python/Turing/Tester_cpp_codebench/tasks/621286/test.cpp:119: Failure
Expected equality of these values:
  distances[1]
    Which is: 0
  -1

/Users/ittehad/Documents/Coding/Python/Turing/Tester_cpp_codebench/tasks/621286/test.cpp:120: Failure
Expected equality of these values:
  distances[2]
    Which is: 2147483647
  -2

[  FAILED  ] DijkstraTestDijkstraTest.HandlesNegativeCyclePrevention (0 ms)
[ RUN      ] DijkstraTestDijkstraTest.EmptyGraphTest
<end of output>
Test time =   0.01 sec
----------------------------------------------------------
Test Failed.
"model6_tests" end time: Jan 31 22:29 +06
"model6_tests" time elapsed: 00:00:00
----------------------------------------------------------

9/11 Testing: model7_tests
9/11 Test: model7_tests
Command: "/Users/ittehad/Documents/Coding/Python/Turing/Tester_cpp_codebench/tasks/621286/build/model7_tests"
Directory: /Users/ittehad/Documents/Coding/Python/Turing/Tester_cpp_codebench/tasks/621286/build
"model7_tests" start time: Jan 31 22:29 +06
Output:
----------------------------------------------------------
[==========] Running 7 tests from 1 test suite.
[----------] Global test environment set-up.
[----------] 7 tests from DijkstraTestDijkstraTest
[ RUN      ] DijkstraTestDijkstraTest.MixedGraphTest
/Users/ittehad/Documents/Coding/Python/Turing/Tester_cpp_codebench/tasks/621286/test.cpp:26: Failure
Expected equality of these values:
  distances[1]
    Which is: -2147483648
  2

/Users/ittehad/Documents/Coding/Python/Turing/Tester_cpp_codebench/tasks/621286/test.cpp:28: Failure
Expected equality of these values:
  distances[3]
    Which is: -2147483648
  1

/Users/ittehad/Documents/Coding/Python/Turing/Tester_cpp_codebench/tasks/621286/test.cpp:30: Failure
Expected equality of these values:
  distances[5]
    Which is: -2147483648
  7

[  FAILED  ] DijkstraTestDijkstraTest.MixedGraphTest (0 ms)
[ RUN      ] DijkstraTestDijkstraTest.PositiveGraphTest
[       OK ] DijkstraTestDijkstraTest.PositiveGraphTest (0 ms)
[ RUN      ] DijkstraTestDijkstraTest.HandlesPositiveEdges
[       OK ] DijkstraTestDijkstraTest.HandlesPositiveEdges (0 ms)
[ RUN      ] DijkstraTestDijkstraTest.HandlesNegativeEdgesClosestToZero
/Users/ittehad/Documents/Coding/Python/Turing/Tester_cpp_codebench/tasks/621286/test.cpp:89: Failure
Expected equality of these values:
  distances[1]
    Which is: -2147483648
  -4

/Users/ittehad/Documents/Coding/Python/Turing/Tester_cpp_codebench/tasks/621286/test.cpp:91: Failure
Expected equality of these values:
  distances[3]
    Which is: 4
  3

[  FAILED  ] DijkstraTestDijkstraTest.HandlesNegativeEdgesClosestToZero (0 ms)
[ RUN      ] DijkstraTestDijkstraTest.HandlesDisconnectedGraph
[       OK ] DijkstraTestDijkstraTest.HandlesDisconnectedGraph (0 ms)
[ RUN      ] DijkstraTestDijkstraTest.HandlesNegativeCyclePrevention
/Users/ittehad/Documents/Coding/Python/Turing/Tester_cpp_codebench/tasks/621286/test.cpp:119: Failure
Expected equality of these values:
  distances[1]
    Which is: -2147483648
  -1

/Users/ittehad/Documents/Coding/Python/Turing/Tester_cpp_codebench/tasks/621286/test.cpp:120: Failure
Expected equality of these values:
  distances[2]
    Which is: 2147483647
  -2

[  FAILED  ] DijkstraTestDijkstraTest.HandlesNegativeCyclePrevention (0 ms)
[ RUN      ] DijkstraTestDijkstraTest.EmptyGraphTest
<end of output>
Test time =   0.01 sec
----------------------------------------------------------
Test Failed.
"model7_tests" end time: Jan 31 22:29 +06
"model7_tests" time elapsed: 00:00:00
----------------------------------------------------------

10/11 Testing: model8_tests
10/11 Test: model8_tests
Command: "/Users/ittehad/Documents/Coding/Python/Turing/Tester_cpp_codebench/tasks/621286/build/model8_tests"
Directory: /Users/ittehad/Documents/Coding/Python/Turing/Tester_cpp_codebench/tasks/621286/build
"model8_tests" start time: Jan 31 22:29 +06
Output:
----------------------------------------------------------
[==========] Running 7 tests from 1 test suite.
[----------] Global test environment set-up.
[----------] 7 tests from DijkstraTestDijkstraTest
[ RUN      ] DijkstraTestDijkstraTest.MixedGraphTest
/Users/ittehad/Documents/Coding/Python/Turing/Tester_cpp_codebench/tasks/621286/test.cpp:26: Failure
Expected equality of these values:
  distances[1]
    Which is: 2147483647
  2

/Users/ittehad/Documents/Coding/Python/Turing/Tester_cpp_codebench/tasks/621286/test.cpp:28: Failure
Expected equality of these values:
  distances[3]
    Which is: 2147483647
  1

/Users/ittehad/Documents/Coding/Python/Turing/Tester_cpp_codebench/tasks/621286/test.cpp:30: Failure
Expected equality of these values:
  distances[5]
    Which is: 2147483647
  7

[  FAILED  ] DijkstraTestDijkstraTest.MixedGraphTest (0 ms)
[ RUN      ] DijkstraTestDijkstraTest.PositiveGraphTest
[       OK ] DijkstraTestDijkstraTest.PositiveGraphTest (0 ms)
[ RUN      ] DijkstraTestDijkstraTest.HandlesPositiveEdges
[       OK ] DijkstraTestDijkstraTest.HandlesPositiveEdges (0 ms)
[ RUN      ] DijkstraTestDijkstraTest.HandlesNegativeEdgesClosestToZero
/Users/ittehad/Documents/Coding/Python/Turing/Tester_cpp_codebench/tasks/621286/test.cpp:89: Failure
Expected equality of these values:
  distances[1]
    Which is: 2147483647
  -4

/Users/ittehad/Documents/Coding/Python/Turing/Tester_cpp_codebench/tasks/621286/test.cpp:91: Failure
Expected equality of these values:
  distances[3]
    Which is: 4
  3

[  FAILED  ] DijkstraTestDijkstraTest.HandlesNegativeEdgesClosestToZero (0 ms)
[ RUN      ] DijkstraTestDijkstraTest.HandlesDisconnectedGraph
[       OK ] DijkstraTestDijkstraTest.HandlesDisconnectedGraph (0 ms)
[ RUN      ] DijkstraTestDijkstraTest.HandlesNegativeCyclePrevention
/Users/ittehad/Documents/Coding/Python/Turing/Tester_cpp_codebench/tasks/621286/test.cpp:119: Failure
Expected equality of these values:
  distances[1]
    Which is: 2147483647
  -1

/Users/ittehad/Documents/Coding/Python/Turing/Tester_cpp_codebench/tasks/621286/test.cpp:120: Failure
Expected equality of these values:
  distances[2]
    Which is: 2147483647
  -2

[  FAILED  ] DijkstraTestDijkstraTest.HandlesNegativeCyclePrevention (0 ms)
[ RUN      ] DijkstraTestDijkstraTest.EmptyGraphTest
<end of output>
Test time =   0.01 sec
----------------------------------------------------------
Test Failed.
"model8_tests" end time: Jan 31 22:29 +06
"model8_tests" time elapsed: 00:00:00
----------------------------------------------------------

11/11 Testing: model9_tests
11/11 Test: model9_tests
Command: "/Users/ittehad/Documents/Coding/Python/Turing/Tester_cpp_codebench/tasks/621286/build/model9_tests"
Directory: /Users/ittehad/Documents/Coding/Python/Turing/Tester_cpp_codebench/tasks/621286/build
"model9_tests" start time: Jan 31 22:29 +06
Output:
----------------------------------------------------------
[==========] Running 7 tests from 1 test suite.
[----------] Global test environment set-up.
[----------] 7 tests from DijkstraTestDijkstraTest
[ RUN      ] DijkstraTestDijkstraTest.MixedGraphTest
/Users/ittehad/Documents/Coding/Python/Turing/Tester_cpp_codebench/tasks/621286/test.cpp:25: Failure
Expected equality of these values:
  distances[0]
    Which is: 14
  0

/Users/ittehad/Documents/Coding/Python/Turing/Tester_cpp_codebench/tasks/621286/test.cpp:26: Failure
Expected equality of these values:
  distances[1]
    Which is: 6
  2

/Users/ittehad/Documents/Coding/Python/Turing/Tester_cpp_codebench/tasks/621286/test.cpp:27: Failure
Expected equality of these values:
  distances[2]
    Which is: 8
  4

/Users/ittehad/Documents/Coding/Python/Turing/Tester_cpp_codebench/tasks/621286/test.cpp:28: Failure
Expected equality of these values:
  distances[3]
    Which is: 0
  1

/Users/ittehad/Documents/Coding/Python/Turing/Tester_cpp_codebench/tasks/621286/test.cpp:29: Failure
Expected equality of these values:
  distances[4]
    Which is: 18
  14

/Users/ittehad/Documents/Coding/Python/Turing/Tester_cpp_codebench/tasks/621286/test.cpp:30: Failure
Expected equality of these values:
  distances[5]
    Which is: 6
  7

[  FAILED  ] DijkstraTestDijkstraTest.MixedGraphTest (0 ms)
[ RUN      ] DijkstraTestDijkstraTest.PositiveGraphTest
[       OK ] DijkstraTestDijkstraTest.PositiveGraphTest (0 ms)
[ RUN      ] DijkstraTestDijkstraTest.HandlesPositiveEdges
[       OK ] DijkstraTestDijkstraTest.HandlesPositiveEdges (0 ms)
[ RUN      ] DijkstraTestDijkstraTest.HandlesNegativeEdgesClosestToZero
/Users/ittehad/Documents/Coding/Python/Turing/Tester_cpp_codebench/tasks/621286/test.cpp:88: Failure
Expected equality of these values:
  distances[0]
    Which is: 6
  0

/Users/ittehad/Documents/Coding/Python/Turing/Tester_cpp_codebench/tasks/621286/test.cpp:89: Failure
Expected equality of these values:
  distances[1]
    Which is: 2
  -4

/Users/ittehad/Documents/Coding/Python/Turing/Tester_cpp_codebench/tasks/621286/test.cpp:90: Failure
Expected equality of these values:
  distances[2]
    Which is: 0
  3

/Users/ittehad/Documents/Coding/Python/Turing/Tester_cpp_codebench/tasks/621286/test.cpp:91: Failure
Expected equality of these values:
  distances[3]
    Which is: 1
  3

[  FAILED  ] DijkstraTestDijkstraTest.HandlesNegativeEdgesClosestToZero (0 ms)
[ RUN      ] DijkstraTestDijkstraTest.HandlesDisconnectedGraph
[       OK ] DijkstraTestDijkstraTest.HandlesDisconnectedGraph (0 ms)
[ RUN      ] DijkstraTestDijkstraTest.HandlesNegativeCyclePrevention
/Users/ittehad/Documents/Coding/Python/Turing/Tester_cpp_codebench/tasks/621286/test.cpp:119: Failure
Expected equality of these values:
  distances[1]
    Which is: 2
  -1

/Users/ittehad/Documents/Coding/Python/Turing/Tester_cpp_codebench/tasks/621286/test.cpp:120: Failure
Expected equality of these values:
  distances[2]
    Which is: 1
  -2

[  FAILED  ] DijkstraTestDijkstraTest.HandlesNegativeCyclePrevention (0 ms)
[ RUN      ] DijkstraTestDijkstraTest.EmptyGraphTest
<end of output>
Test time =   0.01 sec
----------------------------------------------------------
Test Failed.
"model9_tests" end time: Jan 31 22:29 +06
"model9_tests" time elapsed: 00:00:00
----------------------------------------------------------

End testing: Jan 31 22:29 +06
