UpdateCTestConfiguration  from :/Users/ittehad/Documents/Coding/Python/Turing/Tester_cpp_codebench/tasks/621291/build/DartConfiguration.tcl
UpdateCTestConfiguration  from :/Users/ittehad/Documents/Coding/Python/Turing/Tester_cpp_codebench/tasks/621291/build/DartConfiguration.tcl
Test project /Users/ittehad/Documents/Coding/Python/Turing/Tester_cpp_codebench/tasks/621291/build
Constructing a list of tests
Done constructing a list of tests
Updating test list for fixtures
Added 0 tests to meet fixture requirements
Checking test dependency graph...
Checking test dependency graph end
test 1
      Start  1: A_tests

1: Test command: /Users/ittehad/Documents/Coding/Python/Turing/Tester_cpp_codebench/tasks/621291/build/A_tests
1: Working Directory: /Users/ittehad/Documents/Coding/Python/Turing/Tester_cpp_codebench/tasks/621291/build
1: Test timeout computed to be: 5
1: [==========] Running 8 tests from 1 test suite.
1: [----------] Global test environment set-up.
1: [----------] 8 tests from DESTest
1: [ RUN      ] DESTest.StandardTest
1: [       OK ] DESTest.StandardTest (0 ms)
1: [ RUN      ] DESTest.AllZerosTest
1: [       OK ] DESTest.AllZerosTest (0 ms)
1: [ RUN      ] DESTest.AllOnesTest
1: [       OK ] DESTest.AllOnesTest (0 ms)
1: [ RUN      ] DESTest.PlaintextEqualsKeyTest
1: [       OK ] DESTest.PlaintextEqualsKeyTest (0 ms)
1: [ RUN      ] DESTest.MinimalKeyTest
1: [       OK ] DESTest.MinimalKeyTest (0 ms)
1: [ RUN      ] DESTest.RandomTest
1: [       OK ] DESTest.RandomTest (0 ms)
1: [ RUN      ] DESTest.EmptyKeyTest
1: [       OK ] DESTest.EmptyKeyTest (0 ms)
1: [ RUN      ] DESTest.SymmetryTest
1: [       OK ] DESTest.SymmetryTest (1 ms)
1: [----------] 8 tests from DESTest (3 ms total)
1: 
1: [----------] Global test environment tear-down
1: [==========] 8 tests from 1 test suite ran. (3 ms total)
1: [  PASSED  ] 8 tests.
 1/11 Test  #1: A_tests ..........................   Passed    0.33 sec
test 2
      Start  2: B_tests

2: Test command: /Users/ittehad/Documents/Coding/Python/Turing/Tester_cpp_codebench/tasks/621291/build/B_tests
2: Working Directory: /Users/ittehad/Documents/Coding/Python/Turing/Tester_cpp_codebench/tasks/621291/build
2: Test timeout computed to be: 5
2: [==========] Running 8 tests from 1 test suite.
2: [----------] Global test environment set-up.
2: [----------] 8 tests from DESTest
2: [ RUN      ] DESTest.StandardTest
2: [       OK ] DESTest.StandardTest (0 ms)
2: [ RUN      ] DESTest.AllZerosTest
2: [       OK ] DESTest.AllZerosTest (0 ms)
2: [ RUN      ] DESTest.AllOnesTest
2: [       OK ] DESTest.AllOnesTest (0 ms)
2: [ RUN      ] DESTest.PlaintextEqualsKeyTest
2: [       OK ] DESTest.PlaintextEqualsKeyTest (0 ms)
2: [ RUN      ] DESTest.MinimalKeyTest
2: [       OK ] DESTest.MinimalKeyTest (0 ms)
2: [ RUN      ] DESTest.RandomTest
2: [       OK ] DESTest.RandomTest (0 ms)
2: [ RUN      ] DESTest.EmptyKeyTest
2: [       OK ] DESTest.EmptyKeyTest (0 ms)
2: [ RUN      ] DESTest.SymmetryTest
2: [       OK ] DESTest.SymmetryTest (0 ms)
2: [----------] 8 tests from DESTest (1 ms total)
2: 
2: [----------] Global test environment tear-down
2: [==========] 8 tests from 1 test suite ran. (1 ms total)
2: [  PASSED  ] 8 tests.
 2/11 Test  #2: B_tests ..........................   Passed    0.32 sec
test 3
      Start  3: C_tests
Could not find executable /Users/ittehad/Documents/Coding/Python/Turing/Tester_cpp_codebench/tasks/621291/build/C_tests
Looked in the following places:
Users/ittehad/Documents/Coding/Python/Turing/Tester_cpp_codebench/tasks/621291/build/C_tests
Users/ittehad/Documents/Coding/Python/Turing/Tester_cpp_codebench/tasks/621291/build/C_tests
Users/ittehad/Documents/Coding/Python/Turing/Tester_cpp_codebench/tasks/621291/build/Release/C_tests
Users/ittehad/Documents/Coding/Python/Turing/Tester_cpp_codebench/tasks/621291/build/Release/C_tests
Users/ittehad/Documents/Coding/Python/Turing/Tester_cpp_codebench/tasks/621291/build/Debug/C_tests
Users/ittehad/Documents/Coding/Python/Turing/Tester_cpp_codebench/tasks/621291/build/Debug/C_tests
Users/ittehad/Documents/Coding/Python/Turing/Unable to find executable: /Users/ittehad/Documents/Coding/Python/Turing/Tester_cpp_codebench/tasks/621291/build/C_tests
Tester_cpp_codebench/tasks/621291/build/MinSizeRel/C_tests
Users/ittehad/Documents/Coding/Python/Turing/Tester_cpp_codebench/tasks/621291/build/MinSizeRel/C_tests
Users/ittehad/Documents/Coding/Python/Turing/Tester_cpp_codebench/tasks/621291/build/RelWithDebInfo/C_tests
Users/ittehad/Documents/Coding/Python/Turing/Tester_cpp_codebench/tasks/621291/build/RelWithDebInfo/C_tests
Users/ittehad/Documents/Coding/Python/Turing/Tester_cpp_codebench/tasks/621291/build/Deployment/C_tests
Users/ittehad/Documents/Coding/Python/Turing/Tester_cpp_codebench/tasks/621291/build/Deployment/C_tests
Users/ittehad/Documents/Coding/Python/Turing/Tester_cpp_codebench/tasks/621291/build/Development/C_tests
Users/ittehad/Documents/Coding/Python/Turing/Tester_cpp_codebench/tasks/621291/build/Development/C_tests

3: Test command: 
3: Working Directory: /Users/ittehad/Documents/Coding/Python/Turing/Tester_cpp_codebench/tasks/621291/build
 3/11 Test  #3: C_tests ..........................***Not Run   0.00 sec
test 4
      Start  4: D_tests

4: Test command: /Users/ittehad/Documents/Coding/Python/Turing/Tester_cpp_codebench/tasks/621291/build/D_tests
4: Working Directory: /Users/ittehad/Documents/Coding/Python/Turing/Tester_cpp_codebench/tasks/621291/build
4: Test timeout computed to be: 5
4: [==========] Running 8 tests from 1 test suite.
4: [----------] Global test environment set-up.
4: [----------] 8 tests from DESTest
4: [ RUN      ] DESTest.StandardTest
4: [       OK ] DESTest.StandardTest (0 ms)
4: [ RUN      ] DESTest.AllZerosTest
4: [       OK ] DESTest.AllZerosTest (0 ms)
4: [ RUN      ] DESTest.AllOnesTest
4: [       OK ] DESTest.AllOnesTest (0 ms)
4: [ RUN      ] DESTest.PlaintextEqualsKeyTest
4: [       OK ] DESTest.PlaintextEqualsKeyTest (0 ms)
4: [ RUN      ] DESTest.MinimalKeyTest
4: [       OK ] DESTest.MinimalKeyTest (0 ms)
4: [ RUN      ] DESTest.RandomTest
4: [       OK ] DESTest.RandomTest (0 ms)
4: [ RUN      ] DESTest.EmptyKeyTest
4: [       OK ] DESTest.EmptyKeyTest (0 ms)
4: [ RUN      ] DESTest.SymmetryTest
4: [       OK ] DESTest.SymmetryTest (0 ms)
4: [----------] 8 tests from DESTest (1 ms total)
4: 
4: [----------] Global test environment tear-down
4: [==========] 8 tests from 1 test suite ran. (1 ms total)
4: [  PASSED  ] 8 tests.
 4/11 Test  #4: D_tests ..........................   Passed    0.32 sec
test 5
      Start  5: E_tests

5: Test command: /Users/ittehad/Documents/Coding/Python/Turing/Tester_cpp_codebench/tasks/621291/build/E_tests
5: Working Directory: /Users/ittehad/Documents/Coding/Python/Turing/Tester_cpp_codebench/tasks/621291/build
5: Test timeout computed to be: 5
5: [==========] Running 8 tests from 1 test suite.
5: [----------] Global test environment set-up.
5: [----------] 8 tests from DESTest
5: [ RUN      ] DESTest.StandardTest
5: [       OK ] DESTest.StandardTest (0 ms)
5: [ RUN      ] DESTest.AllZerosTest
5: [       OK ] DESTest.AllZerosTest (0 ms)
5: [ RUN      ] DESTest.AllOnesTest
5: [       OK ] DESTest.AllOnesTest (0 ms)
5: [ RUN      ] DESTest.PlaintextEqualsKeyTest
5: [       OK ] DESTest.PlaintextEqualsKeyTest (0 ms)
5: [ RUN      ] DESTest.MinimalKeyTest
5: [       OK ] DESTest.MinimalKeyTest (0 ms)
5: [ RUN      ] DESTest.RandomTest
5: [       OK ] DESTest.RandomTest (0 ms)
5: [ RUN      ] DESTest.EmptyKeyTest
5: [       OK ] DESTest.EmptyKeyTest (0 ms)
5: [ RUN      ] DESTest.SymmetryTest
5: [       OK ] DESTest.SymmetryTest (0 ms)
5: [----------] 8 tests from DESTest (2 ms total)
5: 
5: [----------] Global test environment tear-down
5: [==========] 8 tests from 1 test suite ran. (2 ms total)
5: [  PASSED  ] 8 tests.
 5/11 Test  #5: E_tests ..........................   Passed    0.32 sec
test 6
      Start  6: F_tests
Could not find executable /Users/ittehad/Documents/Coding/Python/Turing/Tester_cpp_codebench/tasks/621291/build/F_tests
Looked in the following places:
Users/ittehad/Documents/Coding/Python/Turing/Tester_cpp_codebench/tasks/621291/build/F_tests
Users/ittehad/Documents/Coding/Python/Turing/Tester_cpp_codebench/tasks/621291/build/F_tests
Users/ittehad/Documents/Coding/PythUnable to find executable: /Users/ittehad/Documents/Coding/Python/Turing/Tester_cpp_codebench/tasks/621291/build/F_tests
on/Turing/Tester_cpp_codebench/tasks/621291/build/Release/F_tests
Users/ittehad/Documents/Coding/Python/Turing/Tester_cpp_codebench/tasks/621291/build/Release/F_tests
Users/ittehad/Documents/Coding/Python/Turing/Tester_cpp_codebench/tasks/621291/build/Debug/F_tests
Users/ittehad/Documents/Coding/Python/Turing/Tester_cpp_codebench/tasks/621291/build/Debug/F_tests
Users/ittehad/Documents/Coding/Python/Turing/Tester_cpp_codebench/tasks/621291/build/MinSizeRel/F_tests
Users/ittehad/Documents/Coding/Python/Turing/Tester_cpp_codebench/tasks/621291/build/MinSizeRel/F_tests
Users/ittehad/Documents/Coding/Python/Turing/Tester_cpp_codebench/tasks/621291/build/RelWithDebInfo/F_tests
Users/ittehad/Documents/Coding/Python/Turing/Tester_cpp_codebench/tasks/621291/build/RelWithDebInfo/F_tests
Users/ittehad/Documents/Coding/Python/Turing/Tester_cpp_codebench/tasks/621291/build/Deployment/F_tests
Users/ittehad/Documents/Coding/Python/Turing/Tester_cpp_codebench/tasks/621291/build/Deployment/F_tests
Users/ittehad/Documents/Coding/Python/Turing/Tester_cpp_codebench/tasks/621291/build/Development/F_tests
Users/ittehad/Documents/Coding/Python/Turing/Tester_cpp_codebench/tasks/621291/build/Development/F_tests

6: Test command: 
6: Working Directory: /Users/ittehad/Documents/Coding/Python/Turing/Tester_cpp_codebench/tasks/621291/build
 6/11 Test  #6: F_tests ..........................***Not Run   0.00 sec
test 7
      Start  7: G_tests

7: Test command: /Users/ittehad/Documents/Coding/Python/Turing/Tester_cpp_codebench/tasks/621291/build/G_tests
7: Working Directory: /Users/ittehad/Documents/Coding/Python/Turing/Tester_cpp_codebench/tasks/621291/build
7: Test timeout computed to be: 5
7: [==========] Running 8 tests from 1 test suite.
7: [----------] Global test environment set-up.
7: [----------] 8 tests from DESTest
7: [ RUN      ] DESTest.StandardTest
7: /Users/ittehad/Documents/Coding/Python/Turing/Tester_cpp_codebench/tasks/621291/test.cpp:13: Failure
7: Expected equality of these values:
7:   ciphertext
7:     Which is: 1011000111100010110100110100011001010011101001010100000101001111
7:   expectedCiphertext
7:     Which is: 0111011100101100010000000010110110111111001010111010000100110100
7: 
7: /Users/ittehad/Documents/Coding/Python/Turing/Tester_cpp_codebench/tasks/621291/test.cpp:16: Failure
7: Expected equality of these values:
7:   decryptedText
7:     Which is: 0001100100111101100001101110000011011110001110100111110111110010
7:   plaintext
7:     Which is: 0000000100100011010001010110011110001001101010111100110111101111
7: 
7: [  FAILED  ] DESTest.StandardTest (0 ms)
7: [ RUN      ] DESTest.AllZerosTest
7: /Users/ittehad/Documents/Coding/Python/Turing/Tester_cpp_codebench/tasks/621291/test.cpp:26: Failure
7: Expected equality of these values:
7:   ciphertext
7:     Which is: 1001000101000010001110101000010110110110000100010011000111111100
7:   expectedCiphertext
7:     Which is: 0011101000111011110001100110011111011010000000110011110000100110
7: 
7: /Users/ittehad/Documents/Coding/Python/Turing/Tester_cpp_codebench/tasks/621291/test.cpp:29: Failure
7: Expected equality of these values:
7:   decryptedText
7:     Which is: 0101110111011101000010101001011000000011100111011000011100111111
7:   plaintext
7:     Which is: 0000000000000000000000000000000000000000000000000000000000000000
7: 
7: [  FAILED  ] DESTest.AllZerosTest (0 ms)
7: [ RUN      ] DESTest.AllOnesTest
7: /Users/ittehad/Documents/Coding/Python/Turing/Tester_cpp_codebench/tasks/621291/test.cpp:39: Failure
7: Expected equality of these values:
7:   ciphertext
7:     Which is: 1000111001110101100011101111101001010110000111001101101110101110
7:   expectedCiphertext
7:     Which is: 1100010111000100001110011001100000100101111111001100001111011001
7: 
7: /Users/ittehad/Documents/Coding/Python/Turing/Tester_cpp_codebench/tasks/621291/test.cpp:42: Failure
7: Expected equality of these values:
7:   decryptedText
7:     Which is: 1001001110001000100010010010001010110110111110010010001011100100
7:   plaintext
7:     Which is: 1111111111111111111111111111111111111111111111111111111111111111
7: 
7: [  FAILED  ] DESTest.AllOnesTest (0 ms)
7: [ RUN      ] DESTest.PlaintextEqualsKeyTest
7: /Users/ittehad/Documents/Coding/Python/Turing/Tester_cpp_codebench/tasks/621291/test.cpp:52: Failure
7: Expected equality of these values:
7:   ciphertext
7:     Which is: 1001100010100110001101111000011111100011001011000101100000000111
7:   expectedCiphertext
7:     Which is: 1101100001011111001100011110000110000110100010000011111011101110
7: 
7: /Users/ittehad/Documents/Coding/Python/Turing/Tester_cpp_codebench/tasks/621291/test.cpp:55: Failure
7: Expected equality of these values:
7:   decryptedText
7:     Which is: 0001011111101000101011101011100100110110011111001101000010000000
7:   plaintext
7:     Which is: 0000000100100011010001010110011110001001101010111100110111101111
7: 
7: [  FAILED  ] DESTest.PlaintextEqualsKeyTest (0 ms)
7: [ RUN      ] DESTest.MinimalKeyTest
7: /Users/ittehad/Documents/Coding/Python/Turing/Tester_cpp_codebench/tasks/621291/test.cpp:65: Failure
7: Expected equality of these values:
7:   ciphertext
7:     Which is: 1100001001101101011101110011100111010000000101010011010001000001
7:   expectedCiphertext
7:     Which is: 0010010100010100010100111001101100101000010000111111111010000101
7: 
7: /Users/ittehad/Documents/Coding/Python/Turing/Tester_cpp_codebench/tasks/621291/test.cpp:68: Failure
7: Expected equality of these values:
7:   decryptedText
7:     Which is: 1011000011001111111111011110110110000111000111001100111111111100
7:   plaintext
7:     Which is: 1111111011011100101110101001100001110110010101000011001000010000
7: 
7: [  FAILED  ] DESTest.MinimalKeyTest (0 ms)
7: [ RUN      ] DESTest.RandomTest
7: /Users/ittehad/Documents/Coding/Python/Turing/Tester_cpp_codebench/tasks/621291/test.cpp:78: Failure
7: Expected equality of these values:
7:   ciphertext
7:     Which is: 0001110011100011110101100011000000110100000111000100011100110000
7:   expectedCiphertext
7:     Which is: 0011000100000010000011111000111101110100100101101010110110111100
7: 
7: /Users/ittehad/Documents/Coding/Python/Turing/Tester_cpp_codebench/tasks/621291/test.cpp:81: Failure
7: Expected equality of these values:
7:   decryptedText
7:     Which is: 1110000111001110011011111001000001111001111100000101000100111011
7:   plaintext
7:     Which is: 0110101001101111011001110111000001110000011011000110010101101000
7: 
7: [  FAILED  ] DESTest.RandomTest (0 ms)
7: [ RUN      ] DESTest.EmptyKeyTest
7: /Users/ittehad/Documents/Coding/Python/Turing/Tester_cpp_codebench/tasks/621291/test.cpp:91: Failure
7: Expected equality of these values:
7:   ciphertext
7:     Which is: 1100110100101000101000100111101001010101010010001001001001001011
7:   expectedCiphertext
7:     Which is: 0110000111011111101010111000011111011010000101011110011111111010
7: 
7: /Users/ittehad/Documents/Coding/Python/Turing/Tester_cpp_codebench/tasks/621291/test.cpp:94: Failure
7: Expected equality of these values:
7:   decryptedText
7:     Which is: 1001010010110011111001000110111111011100101001010101111011011010
7:   plaintext
7:     Which is: 1111111111111111111111111111111111111111111111111111111111111110
7: 
7: [  FAILED  ] DESTest.EmptyKeyTest (0 ms)
7: [ RUN      ] DESTest.SymmetryTest
7: /Users/ittehad/Documents/Coding/Python/Turing/Tester_cpp_codebench/tasks/621291/test.cpp:104: Failure
7: Expected equality of these values:
7:   ciphertext
7:     Which is: 0010000100000111000100101100111110100110101111000111110111110100
7:   expectedCiphertext
7:     Which is: 1110101101101010001101101110011001110100100001110001001110110011
7: 
7: /Users/ittehad/Documents/Coding/Python/Turing/Tester_cpp_codebench/tasks/621291/test.cpp:107: Failure
7: Expected equality of these values:
7:   decryptedText
7:     Which is: 1110101110000011100100001101101100001111010110011010101000001000
7:   plaintext
7:     Which is: 0000000100100011010001010110011110001001101010111100110111101111
7: 
7: [  FAILED  ] DESTest.SymmetryTest (0 ms)
7: [----------] 8 tests from DESTest (3 ms total)
7: 
7: [----------] Global test environment tear-down
7: [==========] 8 tests from 1 test suiteUnable to find executable: /Users/ittehad/Documents/Coding/Python/Turing/Tester_cpp_codebench/tasks/621291/build/H_tests
 ran. (3 ms total)
7: [  PASSED  ] 0 tests.
7: [  FAILED  ] 8 tests, listed below:
7: [  FAILED  ] DESTest.StandardTest
7: [  FAILED  ] DESTest.AllZerosTest
7: [  FAILED  ] DESTest.AllOnesTest
7: [  FAILED  ] DESTest.PlaintextEqualsKeyTest
7: [  FAILED  ] DESTest.MinimalKeyTest
7: [  FAILED  ] DESTest.RandomTest
7: [  FAILED  ] DESTest.EmptyKeyTest
7: [  FAILED  ] DESTest.SymmetryTest
7: 
7:  8 FAILED TESTS
 7/11 Test  #7: G_tests ..........................***Failed    0.31 sec
test 8
      Start  8: H_tests
Could not find executable /Users/ittehad/Documents/Coding/Python/Turing/Tester_cpp_codebench/tasks/621291/build/H_tests
Looked in the following places:
Users/ittehad/Documents/Coding/Python/Turing/Tester_cpp_codebench/tasks/621291/build/H_tests
Users/ittehad/Documents/Coding/Python/Turing/Tester_cpp_codebench/tasks/621291/build/H_tests
Users/ittehad/Documents/Coding/Python/Turing/Tester_cpp_codebench/tasks/621291/build/Release/H_tests
Users/ittehad/Documents/Coding/Python/Turing/Tester_cpp_codebench/tasks/621291/build/Release/H_tests
Users/ittehad/Documents/Coding/Python/Turing/Tester_cpp_codebench/tasks/621291/build/Debug/H_tests
Users/ittehad/Documents/Coding/Python/Turing/Tester_cpp_codebench/tasks/621291/build/Debug/H_tests
Users/ittehad/Documents/Coding/Python/Turing/Tester_cpp_codebench/tasks/621291/build/MinSizeRel/H_tests
Users/ittehad/Documents/Coding/Python/Turing/Tester_cpp_codebench/tasks/621291/build/MinSizeRel/H_tests
Users/ittehad/Documents/Coding/Python/Turing/Tester_cpp_codebench/tasks/621291/build/RelWithDebInfo/H_tests
Users/ittehad/Documents/Coding/Python/Turing/Tester_cpp_codebench/tasks/621291/build/RelWithDebInfo/H_tests
Users/ittehad/Documents/Coding/Python/Turing/Tester_cpp_codebench/tasks/621291/build/Deployment/H_tests
Users/ittehad/Documents/Coding/Python/Turing/Tester_cpp_codebench/tasks/621291/build/Deployment/H_tests
Users/ittehad/Documents/Coding/Python/Turing/Tester_cpp_codebench/tasks/621291/build/Development/H_tests
Users/ittehad/Documents/Coding/Python/Turing/Tester_cpp_codebench/tasks/621291/build/Development/H_tests

8: Test command: 
8: Working Directory: /Users/ittehad/Documents/Coding/Python/Turing/Tester_cpp_codebench/tasks/621291/build
 8/11 Test  #8: H_tests ..........................***Not Run   0.00 sec
test 9
      Start  9: I_tests

9: Test command: /Users/ittehad/Documents/Coding/Python/Turing/Tester_cpp_codebench/tasks/621291/build/I_tests
9: Working Directory: /Users/ittehad/Documents/Coding/Python/Turing/Tester_cpp_codebench/tasks/621291/build
9: Test timeout computed to be: 5
9: [==========] Running 8 tests from 1 test suite.
9: [----------] Global test environment set-up.
9: [----------] 8 tests from DESTest
9: [ RUN      ] DESTest.StandardTest
9: /Users/ittehad/Documents/Coding/Python/Turing/Tester_cpp_codebench/tasks/621291/test.cpp:13: Failure
9: Expected equality of these values:
9:   ciphertext
9:     Which is: 1000101100110100100100010110101011110100101001111100100110101010
9:   expectedCiphertext
9:     Which is: 0111011100101100010000000010110110111111001010111010000100110100
9: 
9: /Users/ittehad/Documents/Coding/Python/Turing/Tester_cpp_codebench/tasks/621291/test.cpp:16: Failure
9: Expected equality of these values:
9:   decryptedText
9:     Which is: 0101111110000101101000010000001111100001111110011011110001101000
9:   plaintext
9:     Which is: 0000000100100011010001010110011110001001101010111100110111101111
9: 
9: [  FAILED  ] DESTest.StandardTest (0 ms)
9: [ RUN      ] DESTest.AllZerosTest
9: /Users/ittehad/Documents/Coding/Python/Turing/Tester_cpp_codebench/tasks/621291/test.cpp:26: Failure
9: Expected equality of these values:
9:   ciphertext
9:     Which is: 1100001110100001010001000001110000101010000001011001101001100001
9:   expectedCiphertext
9:     Which is: 0011101000111011110001100110011111011010000000110011110000100110
9: 
9: /Users/ittehad/Documents/Coding/Python/Turing/Tester_cpp_codebench/tasks/621291/test.cpp:29: Failure
9: Expected equality of these values:
9:   decryptedText
9:     Which is: 1011000100110011111111110001000101000000110110101111011001101110
9:   plaintext
9:     Which is: 0000000000000000000000000000000000000000000000000000000000000000
9: 
9: [  FAILED  ] DESTest.AllZerosTest (0 ms)
9: [ RUN      ] DESTest.AllOnesTest
9: /Users/ittehad/Documents/Coding/Python/Turing/Tester_cpp_codebench/tasks/621291/test.cpp:39: Failure
9: Expected equality of these values:
9:   ciphertext
9:     Which is: 0011110001011110101110111110001111010101111110100110010110011110
9:   expectedCiphertext
9:     Which is: 1100010111000100001110011001100000100101111111001100001111011001
9: 
9: /Users/ittehad/Documents/Coding/Python/Turing/Tester_cpp_codebench/tasks/621291/test.cpp:42: Failure
9: Expected equality of these values:
9:   decryptedText
9:     Which is: 0100111011001100000000001110111010111111001001010000100110010001
9:   plaintext
9:     Which is: 1111111111111111111111111111111111111111111111111111111111111111
9: 
9: [  FAILED  ] DESTest.AllOnesTest (0 ms)
9: [ RUN      ] DESTest.PlaintextEqualsKeyTest
9: /Users/ittehad/Documents/Coding/Python/Turing/Tester_cpp_codebench/tasks/621291/test.cpp:52: Failure
9: Expected equality of these values:
9:   ciphertext
9:     Which is: 0101101110011001011101100101011011110110111110111011101110111001
9:   expectedCiphertext
9:     Which is: 1101100001011111001100011110000110000110100010000011111011101110
9: 
9: /Users/ittehad/Documents/Coding/Python/Turing/Tester_cpp_codebench/tasks/621291/test.cpp:55: Failure
9: Expected equality of these values:
9:   decryptedText
9:     Which is: 1100100100100010000001111110111110011010011010100111001111110100
9:   plaintext
9:     Which is: 0000000100100011010001010110011110001001101010111100110111101111
9: 
9: [  FAILED  ] DESTest.PlaintextEqualsKeyTest (0 ms)
9: [ RUN      ] DESTest.MinimalKeyTest
9: /Users/ittehad/Documents/Coding/Python/Turing/Tester_cpp_codebench/tasks/621291/test.cpp:65: Failure
9: Expected equality of these values:
9:   ciphertext
9:     Which is: 0011010100001101100011000011101111111100101011110100101100011011
9:   expectedCiphertext
9:     Which is: 0010010100010100010100111001101100101000010000111111111010000101
9: 
9: /Users/ittehad/Documents/Coding/Python/Turing/Tester_cpp_codebench/tasks/621291/test.cpp:68: Failure
9: Expected equality of these values:
9:   decryptedText
9:     Which is: 0110011101100100101001100100101000011010011111000110111011010101
9:   plaintext
9:     Which is: 1111111011011100101110101001100001110110010101000011001000010000
9: 
9: [  FAILED  ] DESTest.MinimalKeyTest (0 ms)
9: [ RUN      ] DESTest.RandomTest
9: /Users/ittehad/Documents/Coding/Python/Turing/Tester_cpp_codebench/tasks/621291/test.cpp:78: Failure
9: Expected equality of these values:
9:   ciphertext
9:     Which is: 1111111000010011001011000010101001001111111001111111010001100101
9:   expectedCiphertext
9:     Which is: 0011000100000010000011111000111101110100100101101010110110111100
9: 
9: /Users/ittehad/Documents/Coding/Python/Turing/Tester_cpp_codebench/tasks/621291/test.cpp:81: Failure
9: Expected equality of these values:
9:   decryptedText
9:     Which is: 1110101111110111000101011010010101011010000100110100001101111001
9:   plaintext
9:     Which is: 0110101001101111011001110111000001110000011011000110010101101000
9: 
9: [  FAILED  ] DESTest.RandomTest (0 ms)
9: [ RUN      ] DESTest.EmptyKeyTest
9: /Users/ittehad/Documents/Coding/Python/Turing/Tester_cpp_codebench/tasks/621291/test.cpp:91: Failure
9: Expected equality of these values:
9:   ciphertext
9:     Which is: 1101101001110101111001011111101011111011101000011000111100000001
9:   expectedCiphertext
9:     Which is: 0110000111011111101010111000011111011010000101011110011111111010
9: 
9: /Users/ittehad/Documents/Coding/Python/Turing/Tester_cpp_codebench/tasks/621291/test.cpp:94: Failure
9: Expected equality of these values:
9:   decryptedText
9:     Which is: 0101010000111011100001000010111000000011111010000010011000100111
9:   plaintext
9:     Which is: 1111111111111111111111111111111111111111111111111111111111111110
9: 
9: [  FAILED  ] DESTest.EmptyKeyTest (0 ms)
9: [ RUN      ] DESTest.SymmetryTesUnable to find executable: /Users/ittehad/Documents/Coding/Python/Turing/Tester_cpp_codebench/tasks/621291/build/J_tests
t
9: /Users/ittehad/Documents/Coding/Python/Turing/Tester_cpp_codebench/tasks/621291/test.cpp:104: Failure
9: Expected equality of these values:
9:   ciphertext
9:     Which is: 0111000011111001110001100101100101010100001111100011110101101000
9:   expectedCiphertext
9:     Which is: 1110101101101010001101101110011001110100100001110001001110110011
9: 
9: /Users/ittehad/Documents/Coding/Python/Turing/Tester_cpp_codebench/tasks/621291/test.cpp:107: Failure
9: Expected equality of these values:
9:   decryptedText
9:     Which is: 1011111101011110010001001001010000010110001001100011001110010101
9:   plaintext
9:     Which is: 0000000100100011010001010110011110001001101010111100110111101111
9: 
9: [  FAILED  ] DESTest.SymmetryTest (0 ms)
9: [----------] 8 tests from DESTest (2 ms total)
9: 
9: [----------] Global test environment tear-down
9: [==========] 8 tests from 1 test suite ran. (2 ms total)
9: [  PASSED  ] 0 tests.
9: [  FAILED  ] 8 tests, listed below:
9: [  FAILED  ] DESTest.StandardTest
9: [  FAILED  ] DESTest.AllZerosTest
9: [  FAILED  ] DESTest.AllOnesTest
9: [  FAILED  ] DESTest.PlaintextEqualsKeyTest
9: [  FAILED  ] DESTest.MinimalKeyTest
9: [  FAILED  ] DESTest.RandomTest
9: [  FAILED  ] DESTest.EmptyKeyTest
9: [  FAILED  ] DESTest.SymmetryTest
9: 
9:  8 FAILED TESTS
 9/11 Test  #9: I_tests ..........................***Failed    0.50 sec
test 10
      Start 10: J_tests
Could not find executable /Users/ittehad/Documents/Coding/Python/Turing/Tester_cpp_codebench/tasks/621291/build/J_tests
Looked in the following places:
Users/ittehad/Documents/Coding/Python/Turing/Tester_cpp_codebench/tasks/621291/build/J_tests
Users/ittehad/Documents/Coding/Python/Turing/Tester_cpp_codebench/tasks/621291/build/J_tests
Users/ittehad/Documents/Coding/Python/Turing/Tester_cpp_codebench/tasks/621291/build/Release/J_tests
Users/ittehad/Documents/Coding/Python/Turing/Tester_cpp_codebench/tasks/621291/build/Release/J_tests
Users/ittehad/Documents/Coding/Python/Turing/Tester_cpp_codebench/tasks/621291/build/Debug/J_tests
Users/ittehad/Documents/Coding/Python/Turing/Tester_cpp_codebench/tasks/621291/build/Debug/J_tests
Users/ittehad/Documents/Coding/Python/Turing/Tester_cpp_codebench/tasks/621291/build/MinSizeRel/J_tests
Users/ittehad/Documents/Coding/Python/Turing/Tester_cpp_codebench/tasks/621291/build/MinSizeRel/J_tests
Users/ittehad/Documents/Coding/Python/Turing/Tester_cpp_codebench/tasks/621291/build/RelWithDebInfo/J_tests
Users/ittehad/Documents/Coding/Python/Turing/Tester_cpp_codebench/tasks/621291/build/RelWithDebInfo/J_tests
Users/ittehad/Documents/Coding/Python/Turing/Tester_cpp_codebench/tasks/621291/build/Deployment/J_tests
Users/ittehad/Documents/Coding/Python/Turing/Tester_cpp_codebench/tasks/621291/build/Deployment/J_tests
Users/ittehad/Documents/Coding/Python/Turing/Tester_cpp_codebench/tasks/621291/build/Development/J_tests
Users/ittehad/Documents/Coding/Python/Turing/Tester_cpp_codebench/tasks/621291/build/Development/J_tests

10: Test command: 
10: Working Directory: /Users/ittehad/Documents/Coding/Python/Turing/Tester_cpp_codebench/tasks/621291/build
10/11 Test #10: J_tests ..........................***Not Run   0.00 sec
test 11
      Start 11: incorrect_tests
Could not find executable /Users/ittehad/Documents/Coding/Python/Turing/Tester_cpp_codebench/tasks/621291/build/incorrect_tests
Looked in the following places:
Users/ittehad/Documents/Coding/Python/Turing/Tester_cpp_codebench/tasks/621291/build/incorrect_tests
Users/ittehad/Documents/Coding/Python/Turing/Tester_cpp_codebench/tasks/621291/build/incorrect_tests
Users/ittehad/Documents/Coding/Python/Turing/Tester_cpp_codebench/tasks/621291/build/Release/incorrect_tests
Users/ittehad/Documents/Coding/Python/Turing/Tester_cpp_codebench/tasks/621291/build/Release/incorrect_tests
Users/ittehad/Documents/Coding/Python/Turing/Tester_cpp_codebench/tasks/621291/build/Debug/incorrect_tests
Users/ittehad/Documents/Coding/Python/Turing/Tester_cpp_codebench/tasks/621291/build/Debug/incorrect_tests
Users/ittehad/Documents/Coding/Python/Turing/Tester_cpp_codebench/tasks/621291/Unable to find executable: /Users/ittehad/Documents/Coding/Python/Turing/Tester_cpp_codebench/tasks/621291/build/incorrect_tests
Errors while running CTest
Output from these tests are in: /Users/ittehad/Documents/Coding/Python/Turing/Tester_cpp_codebench/tasks/621291/build/Testing/Temporary/LastTest.log
Use "--rerun-failed --output-on-failure" to re-run the failed cases verbosely.
build/MinSizeRel/incorrect_tests
Users/ittehad/Documents/Coding/Python/Turing/Tester_cpp_codebench/tasks/621291/build/MinSizeRel/incorrect_tests
Users/ittehad/Documents/Coding/Python/Turing/Tester_cpp_codebench/tasks/621291/build/RelWithDebInfo/incorrect_tests
Users/ittehad/Documents/Coding/Python/Turing/Tester_cpp_codebench/tasks/621291/build/RelWithDebInfo/incorrect_tests
Users/ittehad/Documents/Coding/Python/Turing/Tester_cpp_codebench/tasks/621291/build/Deployment/incorrect_tests
Users/ittehad/Documents/Coding/Python/Turing/Tester_cpp_codebench/tasks/621291/build/Deployment/incorrect_tests
Users/ittehad/Documents/Coding/Python/Turing/Tester_cpp_codebench/tasks/621291/build/Development/incorrect_tests
Users/ittehad/Documents/Coding/Python/Turing/Tester_cpp_codebench/tasks/621291/build/Development/incorrect_tests

11: Test command: 
11: Working Directory: /Users/ittehad/Documents/Coding/Python/Turing/Tester_cpp_codebench/tasks/621291/build
11/11 Test #11: incorrect_tests ..................***Not Run   0.00 sec

36% tests passed, 7 tests failed out of 11

Total Test time (real) =   2.11 sec

The following tests FAILED:
	  3 - C_tests (Not Run)
	  6 - F_tests (Not Run)
	  7 - G_tests (Failed)
	  8 - H_tests (Not Run)
	  9 - I_tests (Failed)
	 10 - J_tests (Not Run)
	 11 - incorrect_tests (Not Run)
Test project /Users/ittehad/Documents/Coding/Python/Turing/Tester_cpp_codebench/tasks/621291/build
      Start  1: A_tests
 1/11 Test  #1: A_tests ..........................   Passed    0.01 sec
      Start  2: B_tests
 2/11 Test  #2: B_tests ..........................   Passed    0.01 sec
      Start  3: C_tests
Could not find executable /Users/ittehad/Documents/Coding/Python/Turing/Tester_cpp_codebench/tasks/621291/build/C_tests
Looked in the following places:
/Users/ittehad/Documents/Coding/Python/Turing/Tester_cpp_codebench/tasks/621291/build/C_tests
/Users/ittehad/Documents/Coding/Python/Turing/Tester_cpp_codebench/tasks/621291/build/C_tests
/Users/ittehad/Documents/Coding/Python/Turing/Tester_cpp_codebench/tasks/621291/build/Release/C_tests
/Users/ittehad/Documents/Coding/Python/Turing/Tester_cpp_codebench/tasks/621291/build/Release/C_tests
/Users/ittehad/Documents/Coding/Python/Turing/Tester_cpp_codebench/tasks/621291/build/Debug/C_tests
/Users/ittehad/Documents/Coding/Python/Turing/Tester_cpp_codebench/tasks/621291/build/Debug/C_tests
/Users/ittehad/Documents/Coding/Python/Turing/Tester_cpp_codebench/tasks/621291/build/MinSizeRel/C_tests
/Users/ittehad/Documents/Coding/Python/Turing/Tester_cpp_codebench/tasks/621291/build/MinSizeRel/C_tests
/Users/ittehad/Documents/Coding/Python/Turing/Tester_cpp_codebench/tasks/621291/build/RelWithDebInfo/C_tests
/Users/ittehad/Documents/Coding/Python/Turing/Tester_cpp_codebench/tasks/621291/build/RelWithDebInfo/C_tests
/Users/ittehad/Documents/Coding/Python/Turing/Tester_cpp_codebench/tasks/621291/build/Deployment/C_tests
/Users/ittehad/Documents/Coding/Python/Turing/Tester_cpp_codebench/tasks/621291/build/Deployment/C_tests
/Users/ittehad/Documents/Coding/Python/Turing/Tester_cpp_codebench/tasks/621291/build/Development/C_tests
/Users/ittehad/Documents/Coding/Python/Turing/Tester_cpp_codebench/tasks/621291/build/Development/C_tests
Users/ittehad/Documents/Coding/Python/Turing/Tester_cpp_codebench/tasks/621291/build/C_tests
Users/ittehad/Documents/Coding/Python/Turing/Tester_cpp_codebench/tasks/621291/build/C_tests
Users/ittehad/Documents/Coding/Python/Turing/Tester_cpp_codebench/tasks/621291/build/Release/C_tests
Users/ittehad/Documents/Coding/Python/Turing/Tester_cpp_codebench/tasks/621291/build/Release/C_tests
Users/ittehad/Documents/Coding/Python/Turing/Tester_cpp_codebench/tasks/621291/build/Debug/C_tests
Users/ittehad/Documents/Coding/Python/Turing/Tester_cpp_codebench/tasks/621291/build/Debug/C_tests
Users/ittehad/Documents/Coding/Python/Turing/Tester_cpp_codebench/tasks/621291/build/MinSizeRel/C_tests
Users/ittehad/Documents/Coding/Python/Turing/Tester_cpp_codebench/tasks/621291/build/MinSizeRel/C_tests
Users/ittehad/Documents/Coding/Python/Turing/Tester_cpp_codebench/tasks/621291/build/RelWithDebInfo/C_tests
Users/ittehad/Documents/Coding/Python/Turing/Tester_cpp_codebench/tasks/621291/build/RelWithDebInfo/C_tests
Users/ittehad/Documents/Coding/Python/Turing/Tester_cpp_codebench/tasks/621291/build/Deployment/C_tests
Users/ittehad/Documents/Coding/Python/Turing/Tester_cpp_codebench/tasks/621291/build/Deployment/C_tests
Users/ittehad/Documents/Coding/Python/Turing/Tester_cpp_codebench/tasks/621291/build/Development/C_tests
Users/ittehad/Documents/Coding/Python/Turing/Tester_cpp_codebench/tasks/621291/build/Development/C_tests
Unable to find executable: /Users/ittehad/Documents/Coding/Python/Turing/Tester_cpp_codebench/tasks/621291/build/C_tests
 3/11 Test  #3: C_tests ..........................***Not Run   0.00 sec
      Start  4: D_tests
 4/11 Test  #4: D_tests ..........................   Passed    0.00 sec
      Start  5: E_tests
 5/11 Test  #5: E_tests ..........................   Passed    0.00 sec
      Start  6: F_tests
Could not find executable /Users/ittehad/Documents/Coding/Python/Turing/Tester_cpp_codebench/tasks/621291/build/F_tests
Looked in the following places:
/Users/ittehad/Documents/Coding/Python/Turing/Tester_cpp_codebench/tasks/621291/build/F_tests
/Users/ittehad/Documents/Coding/Python/Turing/Tester_cpp_codebench/tasks/621291/build/F_tests
/Users/ittehad/Documents/Coding/Python/Turing/Tester_cpp_codebench/tasks/621291/build/Release/F_tests
/Users/ittehad/Documents/Coding/Python/Turing/Tester_cpp_codebench/tasks/621291/build/Release/F_tests
/Users/ittehad/Documents/Coding/Python/Turing/Tester_cpp_codebench/tasks/621291/build/Debug/F_tests
/Users/ittehad/Documents/Coding/Python/Turing/Tester_cpp_codebench/tasks/621291/build/Debug/F_tests
/Users/ittehad/Documents/Coding/Python/Turing/Tester_cpp_codebench/tasks/621291/build/MinSizeRel/F_tests
/Users/ittehad/Documents/Coding/Python/Turing/Tester_cpp_codebench/tasks/621291/build/MinSizeRel/F_tests
/Users/ittehad/Documents/Coding/Python/Turing/Tester_cpp_codebench/tasks/621291/build/RelWithDebInfo/F_tests
/Users/ittehad/Documents/Coding/Python/Turing/Tester_cpp_codebench/tasks/621291/build/RelWithDebInfo/F_tests
/Users/ittehad/Documents/Coding/Python/Turing/Tester_cpp_codebench/tasks/621291/build/Deployment/F_tests
/Users/ittehad/Documents/Coding/Python/Turing/Tester_cpp_codebench/tasks/621291/build/Deployment/F_tests
/Users/ittehad/Documents/Coding/Python/Turing/Tester_cpp_codebench/tasks/621291/build/Development/F_tests
/Users/ittehad/Documents/Coding/Python/Turing/Tester_cpp_codebench/tasks/621291/build/Development/F_tests
Users/ittehad/Documents/Coding/Python/Turing/Tester_cpp_codebench/tasks/621291/build/F_tests
Users/ittehad/Documents/Coding/Python/Turing/Tester_cpp_codebench/tasks/621291/build/F_tests
Users/ittehad/Documents/Coding/Python/Turing/Tester_cpp_codebench/tasks/621291/build/Release/F_tests
Users/ittehad/Documents/Coding/Python/Turing/Tester_cpp_codebench/tasks/621291/build/Release/F_tests
Users/ittehad/Documents/Coding/Python/Turing/Tester_cpp_codebench/tasks/621291/build/Debug/F_tests
Users/ittehad/Documents/Coding/Python/Turing/Tester_cpp_codebench/tasks/621291/build/Debug/F_tests
Users/ittehad/Documents/Coding/Python/Turing/Tester_cpp_codebench/tasks/621291/build/MinSizeRel/F_tests
Users/ittehad/Documents/Coding/Python/Turing/Tester_cpp_codebench/tasks/621291/build/MinSizeRel/F_tests
Users/ittehad/Documents/Coding/Python/Turing/Tester_cpp_codebench/tasks/621291/build/RelWithDebInfo/F_tests
Users/ittehad/Documents/Coding/Python/Turing/Tester_cpp_codebench/tasks/621291/build/RelWithDebInfo/F_tests
Users/ittehad/Documents/Coding/Python/Turing/Tester_cpp_codebench/tasks/621291/build/Deployment/F_tests
Users/ittehad/Documents/Coding/Python/Turing/Tester_cpp_codebench/tasks/621291/build/Deployment/F_tests
Users/ittehad/Documents/Coding/Python/Turing/Tester_cpp_codebench/tasks/621291/build/Development/F_tests
Users/ittehad/Documents/Coding/Python/Turing/Tester_cpp_codebench/tasks/621291/build/Development/F_tests
Unable to find executable: /Users/ittehad/Documents/Coding/Python/Turing/Tester_cpp_codebench/tasks/621291/build/F_tests
 6/11 Test  #6: F_tests ..........................***Not Run   0.00 sec
      Start  7: G_tests
 7/11 Test  #7: G_tests ..........................***Failed    0.00 sec
      Start  8: H_tests
Could not find executable /Users/ittehad/Documents/Coding/Python/Turing/Tester_cpp_codebench/tasks/621291/build/H_tests
Looked in the following places:
/Users/ittehad/Documents/Coding/Python/Turing/Tester_cpp_codebench/tasks/621291/build/H_tests
/Users/ittehad/Documents/Coding/Python/Turing/Tester_cpp_codebench/tasks/621291/build/H_tests
/Users/ittehad/Documents/Coding/Python/Turing/Tester_cpp_codebench/tasks/621291/build/Release/H_tests
/Users/ittehad/Documents/Coding/Python/Turing/Tester_cpp_codebench/tasks/621291/build/Release/H_tests
/Users/ittehad/Documents/Coding/Python/Turing/Tester_cpp_codebench/tasks/621291/build/Debug/H_tests
/Users/ittehad/Documents/Coding/Python/Turing/Tester_cpp_codebench/tasks/621291/build/Debug/H_tests
/Users/ittehad/Documents/Coding/Python/Turing/Tester_cpp_codebench/tasks/621291/build/MinSizeRel/H_tests
/Users/ittehad/Documents/Coding/Python/Turing/Tester_cpp_codebench/tasks/621291/build/MinSizeRel/H_tests
/Users/ittehad/Documents/Coding/Python/Turing/Tester_cpp_codebench/tasks/621291/build/RelWithDebInfo/H_tests
/Users/ittehad/Documents/Coding/Python/Turing/Tester_cpp_codebench/tasks/621291/build/RelWithDebInfo/H_tests
/Users/ittehad/Documents/Coding/Python/Turing/Tester_cpp_codebench/tasks/621291/build/Deployment/H_tests
/Users/ittehad/Documents/Coding/Python/Turing/Tester_cpp_codebench/tasks/621291/build/Deployment/H_tests
/Users/ittehad/Documents/Coding/Python/Turing/Tester_cpp_codebench/tasks/621291/build/Development/H_tests
/Users/ittehad/Documents/Coding/Python/Turing/Tester_cpp_codebench/tasks/621291/build/Development/H_tests
Users/ittehad/Documents/Coding/Python/Turing/Tester_cpp_codebench/tasks/621291/build/H_tests
Users/ittehad/Documents/Coding/Python/Turing/Tester_cpp_codebench/tasks/621291/build/H_tests
Users/ittehad/Documents/Coding/Python/Turing/Tester_cpp_codebench/tasks/621291/build/Release/H_tests
Users/ittehad/Documents/Coding/Python/Turing/Tester_cpp_codebench/tasks/621291/build/Release/H_tests
Users/ittehad/Documents/Coding/Python/Turing/Tester_cpp_codebench/tasks/621291/build/Debug/H_tests
Users/ittehad/Documents/Coding/Python/Turing/Tester_cpp_codebench/tasks/621291/build/Debug/H_tests
Users/ittehad/Documents/Coding/Python/Turing/Tester_cpp_codebench/tasks/621291/build/MinSizeRel/H_tests
Users/ittehad/Documents/Coding/Python/Turing/Tester_cpp_codebench/tasks/621291/build/MinSizeRel/H_tests
Users/ittehad/Documents/Coding/Python/Turing/Tester_cpp_codebench/tasks/621291/build/RelWithDebInfo/H_tests
Users/ittehad/Documents/Coding/Python/Turing/Tester_cpp_codebench/tasks/621291/build/RelWithDebInfo/H_tests
Users/ittehad/Documents/Coding/Python/Turing/Tester_cpp_codebench/tasks/621291/build/Deployment/H_tests
Users/ittehad/Documents/Coding/Python/Turing/Tester_cpp_codebench/tasks/621291/build/Deployment/H_tests
Users/ittehad/Documents/Coding/Python/Turing/Tester_cpp_codebench/tasks/621291/build/Development/H_tests
Users/ittehad/Documents/Coding/Python/Turing/Tester_cpp_codebench/tasks/621291/build/Development/H_tests
Unable to find executable: /Users/ittehad/Documents/Coding/Python/Turing/Tester_cpp_codebench/tasks/621291/build/H_tests
 8/11 Test  #8: H_tests ..........................***Not Run   0.00 sec
      Start  9: I_tests
 9/11 Test  #9: I_tests ..........................***Failed    0.01 sec
      Start 10: J_tests
Could not find executable /Users/ittehad/Documents/Coding/Python/Turing/Tester_cpp_codebench/tasks/621291/build/J_tests
Looked in the following places:
/Users/ittehad/Documents/Coding/Python/Turing/Tester_cpp_codebench/tasks/621291/build/J_tests
/Users/ittehad/Documents/Coding/Python/Turing/Tester_cpp_codebench/tasks/621291/build/J_tests
/Users/ittehad/Documents/Coding/Python/Turing/Tester_cpp_codebench/tasks/621291/build/Release/J_tests
/Users/ittehad/Documents/Coding/Python/Turing/Tester_cpp_codebench/tasks/621291/build/Release/J_tests
/Users/ittehad/Documents/Coding/Python/Turing/Tester_cpp_codebench/tasks/621291/build/Debug/J_tests
/Users/ittehad/Documents/Coding/Python/Turing/Tester_cpp_codebench/tasks/621291/build/Debug/J_tests
/Users/ittehad/Documents/Coding/Python/Turing/Tester_cpp_codebench/tasks/621291/build/MinSizeRel/J_tests
/Users/ittehad/Documents/Coding/Python/Turing/Tester_cpp_codebench/tasks/621291/build/MinSizeRel/J_tests
/Users/ittehad/Documents/Coding/Python/Turing/Tester_cpp_codebench/tasks/621291/build/RelWithDebInfo/J_tests
/Users/ittehad/Documents/Coding/Python/Turing/Tester_cpp_codebench/tasks/621291/build/RelWithDebInfo/J_tests
/Users/ittehad/Documents/Coding/Python/Turing/Tester_cpp_codebench/tasks/621291/build/Deployment/J_tests
/Users/ittehad/Documents/Coding/Python/Turing/Tester_cpp_codebench/tasks/621291/build/Deployment/J_tests
/Users/ittehad/Documents/Coding/Python/Turing/Tester_cpp_codebench/tasks/621291/build/Development/J_tests
/Users/ittehad/Documents/Coding/Python/Turing/Tester_cpp_codebench/tasks/621291/build/Development/J_tests
Users/ittehad/Documents/Coding/Python/Turing/Tester_cpp_codebench/tasks/621291/build/J_tests
Users/ittehad/Documents/Coding/Python/Turing/Tester_cpp_codebench/tasks/621291/build/J_tests
Users/ittehad/Documents/Coding/Python/Turing/Tester_cpp_codebench/tasks/621291/build/Release/J_tests
Users/ittehad/Documents/Coding/Python/Turing/Tester_cpp_codebench/tasks/621291/build/Release/J_tests
Users/ittehad/Documents/Coding/Python/Turing/Tester_cpp_codebench/tasks/621291/build/Debug/J_tests
Users/ittehad/Documents/Coding/Python/Turing/Tester_cpp_codebench/tasks/621291/build/Debug/J_tests
Users/ittehad/Documents/Coding/Python/Turing/Tester_cpp_codebench/tasks/621291/build/MinSizeRel/J_tests
Users/ittehad/Documents/Coding/Python/Turing/Tester_cpp_codebench/tasks/621291/build/MinSizeRel/J_tests
Users/ittehad/Documents/Coding/Python/Turing/Tester_cpp_codebench/tasks/621291/build/RelWithDebInfo/J_tests
Users/ittehad/Documents/Coding/Python/Turing/Tester_cpp_codebench/tasks/621291/build/RelWithDebInfo/J_tests
Users/ittehad/Documents/Coding/Python/Turing/Tester_cpp_codebench/tasks/621291/build/Deployment/J_tests
Users/ittehad/Documents/Coding/Python/Turing/Tester_cpp_codebench/tasks/621291/build/Deployment/J_tests
Users/ittehad/Documents/Coding/Python/Turing/Tester_cpp_codebench/tasks/621291/build/Development/J_tests
Users/ittehad/Documents/Coding/Python/Turing/Tester_cpp_codebench/tasks/621291/build/Development/J_tests
Unable to find executable: /Users/ittehad/Documents/Coding/Python/Turing/Tester_cpp_codebench/tasks/621291/build/J_tests
10/11 Test #10: J_tests ..........................***Not Run   0.00 sec
      Start 11: incorrect_tests
Could not find executable /Users/ittehad/Documents/Coding/Python/Turing/Tester_cpp_codebench/tasks/621291/build/incorrect_tests
Looked in the following places:
/Users/ittehad/Documents/Coding/Python/Turing/Tester_cpp_codebench/tasks/621291/build/incorrect_tests
/Users/ittehad/Documents/Coding/Python/Turing/Tester_cpp_codebench/tasks/621291/build/incorrect_tests
/Users/ittehad/Documents/Coding/Python/Turing/Tester_cpp_codebench/tasks/621291/build/Release/incorrect_tests
/Users/ittehad/Documents/Coding/Python/Turing/Tester_cpp_codebench/tasks/621291/build/Release/incorrect_tests
/Users/ittehad/Documents/Coding/Python/Turing/Tester_cpp_codebench/tasks/621291/build/Debug/incorrect_tests
/Users/ittehad/Documents/Coding/Python/Turing/Tester_cpp_codebench/tasks/621291/build/Debug/incorrect_tests
/Users/ittehad/Documents/Coding/Python/Turing/Tester_cpp_codebench/tasks/621291/build/MinSizeRel/incorrect_tests
/Users/ittehad/Documents/Coding/Python/Turing/Tester_cpp_codebench/tasks/621291/build/MinSizeRel/incorrect_tests
/Users/ittehad/Documents/Coding/Python/Turing/Tester_cpp_codebench/tasks/621291/build/RelWithDebInfo/incorrect_tests
/Users/ittehad/Documents/Coding/Python/Turing/Tester_cpp_codebench/tasks/621291/build/RelWithDebInfo/incorrect_tests
/Users/ittehad/Documents/Coding/Python/Turing/Tester_cpp_codebench/tasks/621291/build/Deployment/incorrect_tests
/Users/ittehad/Documents/Coding/Python/Turing/Tester_cpp_codebench/tasks/621291/build/Deployment/incorrect_tests
/Users/ittehad/Documents/Coding/Python/Turing/Tester_cpp_codebench/tasks/621291/build/Development/incorrect_tests
/Users/ittehad/Documents/Coding/Python/Turing/Tester_cpp_codebench/tasks/621291/build/Development/incorrect_tests
Users/ittehad/Documents/Coding/Python/Turing/Tester_cpp_codebench/tasks/621291/build/incorrect_tests
Users/ittehad/Documents/Coding/Python/Turing/Tester_cpp_codebench/tasks/621291/build/incorrect_tests
Users/ittehad/Documents/Coding/Python/Turing/Tester_cpp_codebench/tasks/621291/build/Release/incorrect_tests
Users/ittehad/Documents/Coding/Python/Turing/Tester_cpp_codebench/tasks/621291/build/Release/incorrect_tests
Users/ittehad/Documents/Coding/Python/Turing/Tester_cpp_codebench/tasks/621291/build/Debug/incorrect_tests
Users/ittehad/Documents/Coding/Python/Turing/Tester_cpp_codebench/tasks/621291/build/Debug/incorrect_tests
Users/ittehad/Documents/Coding/Python/Turing/Tester_cpp_codebench/tasks/621291/build/MinSizeRel/incorrect_tests
Users/ittehad/Documents/Coding/Python/Turing/Tester_cpp_codebench/tasks/621291/build/MinSizeRel/incorrect_tests
Users/ittehad/Documents/Coding/Python/Turing/Tester_cpp_codebench/tasks/621291/build/RelWithDebInfo/incorrect_tests
Users/ittehad/Documents/Coding/Python/Turing/Tester_cpp_codebench/tasks/621291/build/RelWithDebInfo/incorrect_tests
Users/ittehad/Documents/Coding/Python/Turing/Tester_cpp_codebench/tasks/621291/build/Deployment/incorrect_tests
Users/ittehad/Documents/Coding/Python/Turing/Tester_cpp_codebench/tasks/621291/build/Deployment/incorrect_tests
Users/ittehad/Documents/Coding/Python/Turing/Tester_cpp_codebench/tasks/621291/build/Development/incorrect_tests
Users/ittehad/Documents/Coding/Python/Turing/Tester_cpp_codebench/tasks/621291/build/Development/incorrect_tests
Unable to find executable: /Users/ittehad/Documents/Coding/Python/Turing/Tester_cpp_codebench/tasks/621291/build/incorrect_tests
11/11 Test #11: incorrect_tests ..................***Not Run   0.00 sec

36% tests passed, 7 tests failed out of 11

Total Test time (real) =   0.03 sec

The following tests FAILED:
	  3 - C_tests (Not Run)
	  6 - F_tests (Not Run)
	  7 - G_tests (Failed)
	  8 - H_tests (Not Run)
	  9 - I_tests (Failed)
	 10 - J_tests (Not Run)
	 11 - incorrect_tests (Not Run)
Errors while running CTest
Output from these tests are in: /Users/ittehad/Documents/Coding/Python/Turing/Tester_cpp_codebench/tasks/621291/build/Testing/Temporary/LastTest.log
Use "--rerun-failed --output-on-failure" to re-run the failed cases verbosely.
