Start testing: Feb 07 23:24 +06
----------------------------------------------------------
1/11 Testing: incorrect_solution_tests
1/11 Test: incorrect_solution_tests
Command: "/Users/ittehad/Documents/Coding/Python/Turing/Tester_cpp_codebench/tasks/304016/build/incorrect_solution_tests"
Directory: /Users/ittehad/Documents/Coding/Python/Turing/Tester_cpp_codebench/tasks/304016/build
"incorrect_solution_tests" start time: Feb 07 23:24 +06
Output:
----------------------------------------------------------
[==========] Running 4 tests from 1 test suite.
[----------] Global test environment set-up.
[----------] 4 tests from SudokuSolverTests
[ RUN      ] SudokuSolverTests.SolvableSudoku
[       OK ] SudokuSolverTests.SolvableSudoku (1 ms)
[ RUN      ] SudokuSolverTests.UnsolvableSudoku
[       OK ] SudokuSolverTests.UnsolvableSudoku (2 ms)
[ RUN      ] SudokuSolverTests.AlreadySolvedSudoku
/Users/ittehad/Documents/Coding/Python/Turing/Tester_cpp_codebench/tasks/304016/test.cpp:103: Failure
Value of: solveSudoku(board)
  Actual: false
Expected: true
Should return true for an already solved board.

[  FAILED  ] SudokuSolverTests.AlreadySolvedSudoku (0 ms)
[ RUN      ] SudokuSolverTests.EmptySudoku
[       OK ] SudokuSolverTests.EmptySudoku (0 ms)
[----------] 4 tests from SudokuSolverTests (4 ms total)

[----------] Global test environment tear-down
[==========] 4 tests from 1 test suite ran. (4 ms total)
[  PASSED  ] 3 tests.
[  FAILED  ] 1 test, listed below:
[  FAILED  ] SudokuSolverTests.AlreadySolvedSudoku

 1 FAILED TEST
<end of output>
Test time =   0.03 sec
----------------------------------------------------------
Test Failed.
"incorrect_solution_tests" end time: Feb 07 23:24 +06
"incorrect_solution_tests" time elapsed: 00:00:00
----------------------------------------------------------

2/11 Testing: model1_tests
2/11 Test: model1_tests
Command: "/Users/ittehad/Documents/Coding/Python/Turing/Tester_cpp_codebench/tasks/304016/build/model1_tests"
Directory: /Users/ittehad/Documents/Coding/Python/Turing/Tester_cpp_codebench/tasks/304016/build
"model1_tests" start time: Feb 07 23:24 +06
Output:
----------------------------------------------------------
[==========] Running 4 tests from 1 test suite.
[----------] Global test environment set-up.
[----------] 4 tests from SudokuSolverTests
[ RUN      ] SudokuSolverTests.SolvableSudoku
[       OK ] SudokuSolverTests.SolvableSudoku (1 ms)
[ RUN      ] SudokuSolverTests.UnsolvableSudoku
[       OK ] SudokuSolverTests.UnsolvableSudoku (0 ms)
[ RUN      ] SudokuSolverTests.AlreadySolvedSudoku
/Users/ittehad/Documents/Coding/Python/Turing/Tester_cpp_codebench/tasks/304016/test.cpp:103: Failure
Value of: solveSudoku(board)
  Actual: false
Expected: true
Should return true for an already solved board.

[  FAILED  ] SudokuSolverTests.AlreadySolvedSudoku (0 ms)
[ RUN      ] SudokuSolverTests.EmptySudoku
[       OK ] SudokuSolverTests.EmptySudoku (0 ms)
[----------] 4 tests from SudokuSolverTests (1 ms total)

[----------] Global test environment tear-down
[==========] 4 tests from 1 test suite ran. (1 ms total)
[  PASSED  ] 3 tests.
[  FAILED  ] 1 test, listed below:
[  FAILED  ] SudokuSolverTests.AlreadySolvedSudoku

 1 FAILED TEST
<end of output>
Test time =   0.02 sec
----------------------------------------------------------
Test Failed.
"model1_tests" end time: Feb 07 23:24 +06
"model1_tests" time elapsed: 00:00:00
----------------------------------------------------------

Unable to find executable: /Users/ittehad/Documents/Coding/Python/Turing/Tester_cpp_codebench/tasks/304016/build/model10_tests
3/11 Testing: model10_tests
3/11 Test: model10_tests
Command: ""
Directory: /Users/ittehad/Documents/Coding/Python/Turing/Tester_cpp_codebench/tasks/304016/build
"model10_tests" start time: 
Output:
----------------------------------------------------------
<end of output>
Test time =   0.00 sec
----------------------------------------------------------
Test Passed.
"model10_tests" end time: Feb 07 23:24 +06
"model10_tests" time elapsed: 00:00:00
----------------------------------------------------------

4/11 Testing: model2_tests
4/11 Test: model2_tests
Command: "/Users/ittehad/Documents/Coding/Python/Turing/Tester_cpp_codebench/tasks/304016/build/model2_tests"
Directory: /Users/ittehad/Documents/Coding/Python/Turing/Tester_cpp_codebench/tasks/304016/build
"model2_tests" start time: Feb 07 23:24 +06
Output:
----------------------------------------------------------
[==========] Running 4 tests from 1 test suite.
[----------] Global test environment set-up.
[----------] 4 tests from SudokuSolverTests
[ RUN      ] SudokuSolverTests.SolvableSudoku
[       OK ] SudokuSolverTests.SolvableSudoku (1 ms)
[ RUN      ] SudokuSolverTests.UnsolvableSudoku
[       OK ] SudokuSolverTests.UnsolvableSudoku (2 ms)
[ RUN      ] SudokuSolverTests.AlreadySolvedSudoku
[       OK ] SudokuSolverTests.AlreadySolvedSudoku (0 ms)
[ RUN      ] SudokuSolverTests.EmptySudoku
[       OK ] SudokuSolverTests.EmptySudoku (0 ms)
[----------] 4 tests from SudokuSolverTests (4 ms total)

[----------] Global test environment tear-down
[==========] 4 tests from 1 test suite ran. (4 ms total)
[  PASSED  ] 4 tests.
<end of output>
Test time =   0.02 sec
----------------------------------------------------------
Test Passed.
"model2_tests" end time: Feb 07 23:24 +06
"model2_tests" time elapsed: 00:00:00
----------------------------------------------------------

5/11 Testing: model3_tests
5/11 Test: model3_tests
Command: "/Users/ittehad/Documents/Coding/Python/Turing/Tester_cpp_codebench/tasks/304016/build/model3_tests"
Directory: /Users/ittehad/Documents/Coding/Python/Turing/Tester_cpp_codebench/tasks/304016/build
"model3_tests" start time: Feb 07 23:24 +06
Output:
----------------------------------------------------------
[==========] Running 4 tests from 1 test suite.
[----------] Global test environment set-up.
[----------] 4 tests from SudokuSolverTests
[ RUN      ] SudokuSolverTests.SolvableSudoku
[       OK ] SudokuSolverTests.SolvableSudoku (1 ms)
[ RUN      ] SudokuSolverTests.UnsolvableSudoku
[       OK ] SudokuSolverTests.UnsolvableSudoku (2 ms)
[ RUN      ] SudokuSolverTests.AlreadySolvedSudoku
/Users/ittehad/Documents/Coding/Python/Turing/Tester_cpp_codebench/tasks/304016/test.cpp:103: Failure
Value of: solveSudoku(board)
  Actual: false
Expected: true
Should return true for an already solved board.

[  FAILED  ] SudokuSolverTests.AlreadySolvedSudoku (0 ms)
[ RUN      ] SudokuSolverTests.EmptySudoku
[       OK ] SudokuSolverTests.EmptySudoku (0 ms)
[----------] 4 tests from SudokuSolverTests (4 ms total)

[----------] Global test environment tear-down
[==========] 4 tests from 1 test suite ran. (4 ms total)
[  PASSED  ] 3 tests.
[  FAILED  ] 1 test, listed below:
[  FAILED  ] SudokuSolverTests.AlreadySolvedSudoku

 1 FAILED TEST
<end of output>
Test time =   0.02 sec
----------------------------------------------------------
Test Failed.
"model3_tests" end time: Feb 07 23:24 +06
"model3_tests" time elapsed: 00:00:00
----------------------------------------------------------

6/11 Testing: model4_tests
6/11 Test: model4_tests
Command: "/Users/ittehad/Documents/Coding/Python/Turing/Tester_cpp_codebench/tasks/304016/build/model4_tests"
Directory: /Users/ittehad/Documents/Coding/Python/Turing/Tester_cpp_codebench/tasks/304016/build
"model4_tests" start time: Feb 07 23:24 +06
Output:
----------------------------------------------------------
[==========] Running 4 tests from 1 test suite.
[----------] Global test environment set-up.
[----------] 4 tests from SudokuSolverTests
[ RUN      ] SudokuSolverTests.SolvableSudoku
/Users/ittehad/Documents/Coding/Python/Turing/Tester_cpp_codebench/tasks/304016/test.cpp:65: Failure
Value of: isValidCompletedSudoku(board)
  Actual: false
Expected: true
Solution does not satisfy Sudoku constraints.

[  FAILED  ] SudokuSolverTests.SolvableSudoku (1 ms)
[ RUN      ] SudokuSolverTests.UnsolvableSudoku
[       OK ] SudokuSolverTests.UnsolvableSudoku (2 ms)
[ RUN      ] SudokuSolverTests.AlreadySolvedSudoku
[       OK ] SudokuSolverTests.AlreadySolvedSudoku (0 ms)
[ RUN      ] SudokuSolverTests.EmptySudoku
/Users/ittehad/Documents/Coding/Python/Turing/Tester_cpp_codebench/tasks/304016/test.cpp:111: Failure
Value of: isValidCompletedSudoku(board)
  Actual: false
Expected: true
The filled board doesn't meet Sudoku constraints.

[  FAILED  ] SudokuSolverTests.EmptySudoku (0 ms)
[----------] 4 tests from SudokuSolverTests (3 ms total)

[----------] Global test environment tear-down
[==========] 4 tests from 1 test suite ran. (3 ms total)
[  PASSED  ] 2 tests.
[  FAILED  ] 2 tests, listed below:
[  FAILED  ] SudokuSolverTests.SolvableSudoku
[  FAILED  ] SudokuSolverTests.EmptySudoku

 2 FAILED TESTS
<end of output>
Test time =   0.02 sec
----------------------------------------------------------
Test Failed.
"model4_tests" end time: Feb 07 23:24 +06
"model4_tests" time elapsed: 00:00:00
----------------------------------------------------------

7/11 Testing: model5_tests
7/11 Test: model5_tests
Command: "/Users/ittehad/Documents/Coding/Python/Turing/Tester_cpp_codebench/tasks/304016/build/model5_tests"
Directory: /Users/ittehad/Documents/Coding/Python/Turing/Tester_cpp_codebench/tasks/304016/build
"model5_tests" start time: Feb 07 23:24 +06
Output:
----------------------------------------------------------
[==========] Running 4 tests from 1 test suite.
[----------] Global test environment set-up.
[----------] 4 tests from SudokuSolverTests
[ RUN      ] SudokuSolverTests.SolvableSudoku
[       OK ] SudokuSolverTests.SolvableSudoku (1 ms)
[ RUN      ] SudokuSolverTests.UnsolvableSudoku
[       OK ] SudokuSolverTests.UnsolvableSudoku (2 ms)
[ RUN      ] SudokuSolverTests.AlreadySolvedSudoku
/Users/ittehad/Documents/Coding/Python/Turing/Tester_cpp_codebench/tasks/304016/test.cpp:103: Failure
Value of: solveSudoku(board)
  Actual: false
Expected: true
Should return true for an already solved board.

[  FAILED  ] SudokuSolverTests.AlreadySolvedSudoku (0 ms)
[ RUN      ] SudokuSolverTests.EmptySudoku
[       OK ] SudokuSolverTests.EmptySudoku (0 ms)
[----------] 4 tests from SudokuSolverTests (4 ms total)

[----------] Global test environment tear-down
[==========] 4 tests from 1 test suite ran. (4 ms total)
[  PASSED  ] 3 tests.
[  FAILED  ] 1 test, listed below:
[  FAILED  ] SudokuSolverTests.AlreadySolvedSudoku

 1 FAILED TEST
<end of output>
Test time =   0.02 sec
----------------------------------------------------------
Test Failed.
"model5_tests" end time: Feb 07 23:24 +06
"model5_tests" time elapsed: 00:00:00
----------------------------------------------------------

8/11 Testing: model6_tests
8/11 Test: model6_tests
Command: "/Users/ittehad/Documents/Coding/Python/Turing/Tester_cpp_codebench/tasks/304016/build/model6_tests"
Directory: /Users/ittehad/Documents/Coding/Python/Turing/Tester_cpp_codebench/tasks/304016/build
"model6_tests" start time: Feb 07 23:24 +06
Output:
----------------------------------------------------------
[==========] Running 4 tests from 1 test suite.
[----------] Global test environment set-up.
[----------] 4 tests from SudokuSolverTests
[ RUN      ] SudokuSolverTests.SolvableSudoku
[       OK ] SudokuSolverTests.SolvableSudoku (1 ms)
[ RUN      ] SudokuSolverTests.UnsolvableSudoku
[       OK ] SudokuSolverTests.UnsolvableSudoku (2 ms)
[ RUN      ] SudokuSolverTests.AlreadySolvedSudoku
[       OK ] SudokuSolverTests.AlreadySolvedSudoku (0 ms)
[ RUN      ] SudokuSolverTests.EmptySudoku
[       OK ] SudokuSolverTests.EmptySudoku (0 ms)
[----------] 4 tests from SudokuSolverTests (3 ms total)

[----------] Global test environment tear-down
[==========] 4 tests from 1 test suite ran. (3 ms total)
[  PASSED  ] 4 tests.
<end of output>
Test time =   0.02 sec
----------------------------------------------------------
Test Passed.
"model6_tests" end time: Feb 07 23:24 +06
"model6_tests" time elapsed: 00:00:00
----------------------------------------------------------

9/11 Testing: model7_tests
9/11 Test: model7_tests
Command: "/Users/ittehad/Documents/Coding/Python/Turing/Tester_cpp_codebench/tasks/304016/build/model7_tests"
Directory: /Users/ittehad/Documents/Coding/Python/Turing/Tester_cpp_codebench/tasks/304016/build
"model7_tests" start time: Feb 07 23:24 +06
Output:
----------------------------------------------------------
[==========] Running 4 tests from 1 test suite.
[----------] Global test environment set-up.
[----------] 4 tests from SudokuSolverTests
[ RUN      ] SudokuSolverTests.SolvableSudoku
[       OK ] SudokuSolverTests.SolvableSudoku (1 ms)
[ RUN      ] SudokuSolverTests.UnsolvableSudoku
[       OK ] SudokuSolverTests.UnsolvableSudoku (2 ms)
[ RUN      ] SudokuSolverTests.AlreadySolvedSudoku
[       OK ] SudokuSolverTests.AlreadySolvedSudoku (0 ms)
[ RUN      ] SudokuSolverTests.EmptySudoku
[       OK ] SudokuSolverTests.EmptySudoku (0 ms)
[----------] 4 tests from SudokuSolverTests (3 ms total)

[----------] Global test environment tear-down
[==========] 4 tests from 1 test suite ran. (3 ms total)
[  PASSED  ] 4 tests.
<end of output>
Test time =   0.03 sec
----------------------------------------------------------
Test Passed.
"model7_tests" end time: Feb 07 23:24 +06
"model7_tests" time elapsed: 00:00:00
----------------------------------------------------------

10/11 Testing: model8_tests
10/11 Test: model8_tests
Command: "/Users/ittehad/Documents/Coding/Python/Turing/Tester_cpp_codebench/tasks/304016/build/model8_tests"
Directory: /Users/ittehad/Documents/Coding/Python/Turing/Tester_cpp_codebench/tasks/304016/build
"model8_tests" start time: Feb 07 23:24 +06
Output:
----------------------------------------------------------
[==========] Running 4 tests from 1 test suite.
[----------] Global test environment set-up.
[----------] 4 tests from SudokuSolverTests
[ RUN      ] SudokuSolverTests.SolvableSudoku
<end of output>
Test time =   0.03 sec
----------------------------------------------------------
Test Failed.
"model8_tests" end time: Feb 07 23:24 +06
"model8_tests" time elapsed: 00:00:00
----------------------------------------------------------

11/11 Testing: model9_tests
11/11 Test: model9_tests
Command: "/Users/ittehad/Documents/Coding/Python/Turing/Tester_cpp_codebench/tasks/304016/build/model9_tests"
Directory: /Users/ittehad/Documents/Coding/Python/Turing/Tester_cpp_codebench/tasks/304016/build
"model9_tests" start time: Feb 07 23:24 +06
Output:
----------------------------------------------------------
[==========] Running 4 tests from 1 test suite.
[----------] Global test environment set-up.
[----------] 4 tests from SudokuSolverTests
[ RUN      ] SudokuSolverTests.SolvableSudoku
/Users/ittehad/Documents/Coding/Python/Turing/Tester_cpp_codebench/tasks/304016/test.cpp:65: Failure
Value of: isValidCompletedSudoku(board)
  Actual: false
Expected: true
Solution does not satisfy Sudoku constraints.

[  FAILED  ] SudokuSolverTests.SolvableSudoku (0 ms)
[ RUN      ] SudokuSolverTests.UnsolvableSudoku
/Users/ittehad/Documents/Coding/Python/Turing/Tester_cpp_codebench/tasks/304016/test.cpp:83: Failure
Value of: solveSudoku(board)
  Actual: true
Expected: false
Puzzle should be unsolvable due to conflicts.

[  FAILED  ] SudokuSolverTests.UnsolvableSudoku (0 ms)
[ RUN      ] SudokuSolverTests.AlreadySolvedSudoku
[       OK ] SudokuSolverTests.AlreadySolvedSudoku (0 ms)
[ RUN      ] SudokuSolverTests.EmptySudoku
/Users/ittehad/Documents/Coding/Python/Turing/Tester_cpp_codebench/tasks/304016/test.cpp:111: Failure
Value of: isValidCompletedSudoku(board)
  Actual: false
Expected: true
The filled board doesn't meet Sudoku constraints.

[  FAILED  ] SudokuSolverTests.EmptySudoku (0 ms)
[----------] 4 tests from SudokuSolverTests (0 ms total)

[----------] Global test environment tear-down
[==========] 4 tests from 1 test suite ran. (0 ms total)
[  PASSED  ] 1 test.
[  FAILED  ] 3 tests, listed below:
[  FAILED  ] SudokuSolverTests.SolvableSudoku
[  FAILED  ] SudokuSolverTests.UnsolvableSudoku
[  FAILED  ] SudokuSolverTests.EmptySudoku

 3 FAILED TESTS
<end of output>
Test time =   0.02 sec
----------------------------------------------------------
Test Failed.
"model9_tests" end time: Feb 07 23:24 +06
"model9_tests" time elapsed: 00:00:00
----------------------------------------------------------

End testing: Feb 07 23:24 +06
